#
# A fatal error has been detected by the Java Runtime Environment:
#
#  EXCEPTION_ACCESS_VIOLATION (0xc0000005) at pc=0x00007fff6d953416, pid=9352, tid=8284
#
# JRE version: OpenJDK Runtime Environment (17.0.2+8) (build 17.0.2+8-86)
# Java VM: OpenJDK 64-Bit Server VM (17.0.2+8-86, mixed mode, sharing, tiered, compressed oops, compressed class ptrs, g1 gc, windows-amd64)
# Problematic frame:
# C  [ntdll.dll+0x63416]
#
# No core dump will be written. Minidumps are not enabled by default on client versions of Windows
#
# If you would like to submit a bug report, please visit:
#   https://bugreport.java.com/bugreport/crash.jsp
# The crash happened outside the Java Virtual Machine in native code.
# See problematic frame for where to report the bug.
#

---------------  S U M M A R Y ------------

Command Line: -javaagent:C:\Program Files\JetBrains\IntelliJ IDEA 2021.3.1\lib\idea_rt.jar=53216:C:\Program Files\JetBrains\IntelliJ IDEA 2021.3.1\bin -Dfile.encoding=UTF-8 com.hmaar.sundhed.Runner

Host: Intel(R) Core(TM) i7-8650U CPU @ 1.90GHz, 8 cores, 15G,  Windows 10 , 64 bit Build 19041 (10.0.19041.1741)
Time: Tue Jun 21 04:37:21 2022 Rom, sommertid elapsed time: 93.140737 seconds (0d 0h 1m 33s)

---------------  T H R E A D  ---------------

Current thread (0x00000281955fa660):  JavaThread "Thread-3" [_thread_in_native, id=8284, stack(0x000000dd98700000,0x000000dd98800000)]

Stack: [0x000000dd98700000,0x000000dd98800000],  sp=0x000000dd987fee10,  free space=1019k
Native frames: (J=compiled Java code, j=interpreted, Vv=VM code, C=native code)
C  [ntdll.dll+0x63416]
C  [ntdll.dll+0x2fcb4]
C  [ntdll.dll+0x2fae2]
C  0x00007fff47743cb2

Java frames: (J=compiled Java code, j=interpreted, Vv=VM code)
j  com.fazecast.jSerialComm.SerialPort.closePortNative(J)J+0
j  com.fazecast.jSerialComm.SerialPort.closePort()Z+29
j  com.hmaar.sundhed.model.recorders.SensorRecorder.resetSerialConnection()V+37
J 5851% c1 com.hmaar.sundhed.model.recorders.SensorRecorder.run()V (267 bytes) @ 0x000002818122189c [0x000002818121f820+0x000000000000207c]
j  java.lang.Thread.run()V+11 java.base@17.0.2
v  ~StubRoutines::call_stub

siginfo: EXCEPTION_ACCESS_VIOLATION (0xc0000005), writing address 0x0000000000000024


Register to memory mapping:

RIP=0x00007fff6d953416 ntdll.dll
RAX=0x0 is NULL
RBX=0x00007fff4776fd00 points into unknown readable memory: 0x0000000000000000 | 00 00 00 00 00 00 00 00
RCX=0x00007fff4776fd00 points into unknown readable memory: 0x0000000000000000 | 00 00 00 00 00 00 00 00
RDX=0x00000000fffffffa is an unknown value
RSP=0x000000dd987fee10 is pointing into the stack for thread: 0x00000281955fa660
RBP=0x000000dd987ff000 is pointing into the stack for thread: 0x00000281955fa660
RSI=0x0 is NULL
RDI=0x0 is NULL
R8 =0x0 is NULL
R9 =