#
# A fatal error has been detected by the Java Runtime Environment:
#
#  EXCEPTION_ACCESS_VIOLATION (0xc0000005) at pc=0x00007fff6d953416, pid=2344, tid=5140
#
# JRE version: OpenJDK Runtime Environment (17.0.2+8) (build 17.0.2+8-86)
# Java VM: OpenJDK 64-Bit Server VM (17.0.2+8-86, mixed mode, sharing, tiered, compressed oops, compressed class ptrs, g1 gc, windows-amd64)
# Problematic frame:
# C  [ntdll.dll+0x63416]
#
# No core dump will be written. Minidumps are not enabled by default on client versions of Windows
#
# If you would like to submit a bug report, please visit:
#   https://bugreport.java.com/bugreport/crash.jsp
# The crash happened outside the Java Virtual Machine in native code.
# See problematic frame for where to report the bug.
#

---------------  S U M M A R Y ------------

Command Line: -javaagent:C:\Program Files\JetBrains\IntelliJ IDEA 2021.3.1\lib\idea_rt.jar=53261:C:\Program Files\JetBrains\IntelliJ IDEA 2021.3.1\bin -Dfile.encoding=UTF-8 com.hmaar.sundhed.Runner

Host: Intel(R) Core(TM) i7-8650U CPU @ 1.90GHz, 8 cores, 15G,  Windows 10 , 64 bit Build 19041 (10.0.19041.1741)
Time: Tue Jun 21 04:41:00 2022 Rom, sommertid elapsed time: 36.149861 seconds (0d 0h 0m 36s)

---------------  T H R E A D  ---------------

Current thread (0x000001695a5df160):  JavaThread "Thread-3" [_thread_in_native, id=5140, stack(0x0000000830100000,0x0000000830200000)]

Stack: [0x0000000830100000,0x0000000830200000],  sp=0x00000008301ff1c0,  free space=1020k
Native frames: (J=compiled Java code, j=interpreted, Vv=VM code, C=native code)
C  [ntdll.dll+0x63416]
C  [ntdll.dll+0x2fcb4]
C  [ntdll.dll+0x2fae2]
C  0x00007fff4c6b3cb2

Java frames: (J=compiled Java code, j=interpreted, Vv=VM code)
j  com.fazecast.jSerialComm.SerialPort.closePortNative(J)J+0
j  com.fazecast.jSerialComm.SerialPort.closePort()Z+29
j  com.hmaar.sundhed.model.recorders.SensorRecorder.resetSerialConnection()V+37
J 5549% c1 com.hmaar.sundhed.model.recorders.SensorRecorder.run()V (267 bytes) @ 0x00000169011bc99c [0x00000169011ba920+0x000000000000207c]
j  java.lang.Thread.run()V+11 java.base@17.0.2
v  ~StubRoutines::call_stub

siginfo: EXCEPTION_ACCESS_VIOLATION (0xc0000005), writing address 0x0000000000000024


Register to memory mapping:

RIP=0x00007fff6d953416 ntdll.dll
RAX=0x0 is NULL
RBX=0x00007fff4c6dfd00 points into unknown readable memory: 0x0000000000000000 | 00 00 00 00 00 00 00 00
RCX=0x00007fff4c6dfd00 points into unknown readable memory: 0x0000000000000000 | 00 00 00 00 00 00 00 00
RDX=0x00000000fffffffa is an unknown value
RSP=0x00000008301ff1c0 is pointing into the stack for thread: 0x000001695a5df160
RBP=0x00000008301ff400 is pointing into the stack for thread: 0x000001695a5df160
RSI=0x0 is NULL
RDI=0x0 is NULL
R8 =0x0 is NULL
R9 =0x00007fff4c6dfd00 points into unknown readable memory: 0x0000000000000000 | 00 00 00 00 00 00 00 00
R10=0x0 is NULL
R11=0x0000000000000246 is an unknown value
R12=0x0 is NULL
R13=0x000000082d17b000 points into unknown readable memory: 0x0000000000000000 | 00 00 00 00 00 00 00 00
R14=0x0000000000000001 is an unknown value
R15=0x0 is NULL


Registers:
RAX=0x0000000000000000, RBX=0x00007fff4c6dfd00, RCX=0x00007fff4c6dfd00, RDX=0x00000000fffffffa
RSP=0x00000008301ff1c0, RBP=0x00000008301ff400, RSI=0x0000000000000000, RDI=0x0000000000000000
R8 =0x0000000000000000, R9 =0x00007fff4c6dfd00, R10=0x0000000000000000, R11=0x0000000000000246
R12=0x0000000000000000, R13=0x000000082d17b000, R14=0x0000000000000001, R15=0x0000000000000000
RIP=0x00007fff6d953416, EFLAGS=0x0000000000010213

Top of Stack: (sp=0x00000008301ff1c0)
0x00000008301ff1c0:   ffffffffffffffff 00007fff4c6dfd00
0x00000008301ff1d0:   0000000000000000 0000000000000000
0x00000008301ff1e0:   0000000000000000 0000000000000000
0x00000008301ff1f0:   0000000000000000 0000000000000000
0x00000008301ff200:   0000000000000000 00000000fffffffa
0x00000008301ff210:   000000082d17b000 0000000000000000
0x00000008301ff220:   0000000000000000 0000000000000000
0x00000008301ff230:   0000000000000000 0000000000000000
0x00000008301ff240:   0000000000000000 0000000000000000
0x00000008301ff250:   00001eacd62eaeca 0000000000000000
0x00000008301ff260:   000001695a5df100 0000000000000001
0x00000008301ff270:   0000000000000001 0000000000000001
0x00000008301ff280:   0000000000000000 00007fff4c6dfd00
0x00000008301ff290:   00000008301ff400 00007fff6d91fcb4
0x00000008301ff2a0:   0000000000000000 0000000000000000
0x00000008301ff2b0:   00000000fffffffa 0000000000000000 

Instructions: (pc=0x00007fff6d953416)
0x00007fff6d953316:   20 e9 ed fe ff ff 48 89 41 18 e9 e4 fe ff ff cc
0x00007fff6d953326:   cc cc cc cc cc cc cc cc cc cc 80 3d d1 81 10 00
0x00007fff6d953336:   00 0f 95 c0 c3 cc cc cc cc cc cc cc cc cc cc cc
0x00007fff6d953346:   cc cc cc cc cc cc cc cc cc cc 48 83 ec 38 8b 05
0x00007fff6d953356:   d2 67 10 00 89 44 24 20 e8 41 02 00 00 48 83 c4
0x00007fff6d953366:   38 c3 cc cc cc cc cc cc cc cc 48 89 5c 24 18 55
0x00007fff6d953376:   56 57 41 54 41 55 41 56 41 57 48 81 ec a0 00 00
0x00007fff6d953386:   00 48 8b 05 82 01 12 00 48 33 c4 48 89 84 24 90
0x00007fff6d953396:   00 00 00 65 4c 8b 2c 25 30 00 00 00 48 8d 05 4f
0x00007fff6d9533a6:   21 10 00 40 32 ed 89 54 24 48 33 f6 40 88 6c 24
0x00007fff6d9533b6:   40 4c 89 6c 24 50 48 8b d9 44 8b e6 48 3b c8 0f
0x00007fff6d9533c6:   84 39 01 00 00 40 38 35 36 81 10 00 0f 85 a8 01
0x00007fff6d9533d6:   00 00 39 35 4a 81 10 00 0f 85 6a 01 00 00 40 38
0x00007fff6d9533e6:   35 0d 7c 10 00 48 8d 3d 0e 7c 10 00 48 0f 45 fe
0x00007fff6d9533f6:   48 39 73 18 0f 84 d2 00 00 00 48 8b 03 48 83 f8
0x00007fff6d953406:   ff 0f 84 d2 00 00 00 44 8b fe 48 83 f8 ff 74 03
0x00007fff6d953416:   ff 40 24 4c 8b 73 18 4c 8d 2d d4 20 10 00 bd 22
0x00007fff6d953426:   17 00 00 e8 22 14 fc ff 85 c0 0f 85 be b2 05 00
0x00007fff6d953436:   b9 82 03 fe 7f 80 39 00 0f 85 cc b2 05 00 49 83
0x00007fff6d953446:   fe ff 0f 85 5a b3 05 00 4c 8b cf c7 44 24 20 00
0x00007fff6d953456:   00 00 00 41 b8 04 00 00 00 48 8d 54 24 48 48 8d
0x00007fff6d953466:   4b 08 e8 37 01 00 00 3d 02 01 00 00 0f 84 43 b3
0x00007fff6d953476:   05 00 8b 4b 08 89 4c 24 48 f6 c1 02 75 ca 3d 02
0x00007fff6d953486:   01 00 00 0f 84 2c b3 05 00 0f b6 6c 24 40 4c 8b
0x00007fff6d953496:   6c 24 50 85 c0 0f 88 78 b4 05 00 40 84 ed 75 73
0x00007fff6d9534a6:   48 8b 8c 24 90 00 00 00 48 33 cc e8 7a 8d 02 00
0x00007fff6d9534b6:   48 8b 9c 24 f0 00 00 00 48 81 c4 a0 00 00 00 41
0x00007fff6d9534c6:   5f 41 5e 41 5d 41 5c 5f 5e 5d c3 cc 48 8b cb e8
0x00007fff6d9534d6:   56 05 00 00 e9 21 ff ff ff 8b 4b 20 48 c7 c0 ff
0x00007fff6d9534e6:   ff ff ff 48 0f ba e1 18 0f 82 19 ff ff ff 48 8b
0x00007fff6d9534f6:   cb e8 44 e3 fa ff 48 8b 03 e9 09 ff ff ff c6 44
0x00007fff6d953506:   24 40 01 41 c7 85 60 17 00 00 01 00 00 00 e9 b2 


Stack slot to memory mapping:
stack at sp + 0 slots: 0xffffffffffffffff is an unknown value
stack at sp + 1 slots: 0x00007fff4c6dfd00 points into unknown readable memory: 0x0000000000000000 | 00 00 00 00 00 00 00 00
stack at sp + 2 slots: 0x0 is NULL
stack at sp + 3 slots: 0x0 is NULL
stack at sp + 4 slots: 0x0 is NULL
stack at sp + 5 slots: 0x0 is NULL
stack at sp + 6 slots: 0x0 is NULL
stack at sp + 7 slots: 0x0 is NULL


---------------  P R O C E S S  ---------------

Threads class SMR info:
_java_thread_list=0x000001695b027150, length=23, elements={
0x00000169755bfd10, 0x000001697f36af60, 0x000001697f36dde0, 0x000001697f37f420,
0x000001697f381ee0, 0x000001697f382890, 0x000001697f38b250, 0x000001697f38f8e0,
0x000001697f390380, 0x000001697f39d170, 0x000001695a5dec90, 0x000001695a5dffd0,
0x000001695a5e04a0, 0x000001695a5dde20, 0x000001695a5df630, 0x000001695a5de2f0,
0x000001695a5de7c0, 0x000001695a5e1310, 0x000001695a5e0970, 0x000001695a5e0e40,
0x000001695a5df160, 0x000001695a5e17e0, 0x0000016963ce4d70
}

Java Threads: ( => current thread )
  0x00000169755bfd10 JavaThread "main" [_thread_blocked, id=11476, stack(0x000000082d600000,0x000000082d700000)]
  0x000001697f36af60 JavaThread "Reference Handler" daemon [_thread_blocked, id=10396, stack(0x000000082dd00000,0x000000082de00000)]
  0x000001697f36dde0 JavaThread "Finalizer" daemon [_thread_blocked, id=11656, stack(0x000000082de00000,0x000000082df00000)]
  0x000001697f37f420 JavaThread "Signal Dispatcher" daemon [_thread_blocked, id=10764, stack(0x000000082df00000,0x000000082e000000)]
  0x000001697f381ee0 JavaThread "Attach Listener" daemon [_thread_blocked, id=8352, stack(0x000000082e000000,0x000000082e100000)]
  0x000001697f382890 JavaThread "Service Thread" daemon [_thread_blocked, id=8832, stack(0x000000082e100000,0x000000082e200000)]
  0x000001697f38b250 JavaThread "Monitor Deflation Thread" daemon [_thread_blocked, id=1624, stack(0x000000082e200000,0x000000082e300000)]
  0x000001697f38f8e0 JavaThread "C2 CompilerThread0" daemon [_thread_blocked, id=10784, stack(0x000000082e300000,0x000000082e400000)]
  0x000001697f390380 JavaThread "C1 CompilerThread0" daemon [_thread_blocked, id=9720, stack(0x000000082e400000,0x000000082e500000)]
  0x000001697f39d170 JavaThread "Sweeper thread" daemon [_thread_blocked, id=10744, stack(0x000000082e500000,0x000000082e600000)]
  0x000001695a5dec90 JavaThread "Common-Cleaner" daemon [_thread_blocked, id=10972, stack(0x000000082e600000,0x000000082e700000)]
  0x000001695a5dffd0 JavaThread "Monitor Ctrl-Break" daemon [_thread_in_native, id=5620, stack(0x000000082e700000,0x000000082e800000)]
  0x000001695a5e04a0 JavaThread "Notification Thread" daemon [_thread_blocked, id=8096, stack(0x000000082e800000,0x000000082e900000)]
  0x000001695a5dde20 JavaThread "JavaFX-Launcher" [_thread_blocked, id=6312, stack(0x000000082ea00000,0x000000082eb00000)]
  0x000001695a5df630 JavaThread "InvokeLaterDispatcher" daemon [_thread_blocked, id=10356, stack(0x000000082ec00000,0x000000082ed00000)]
  0x000001695a5de2f0 JavaThread "JavaFX Application Thread" [_thread_in_Java, id=612, stack(0x000000082ed00000,0x000000082ee00000)]
  0x000001695a5de7c0 JavaThread "Thread-2" daemon [_thread_in_native, id=3004, stack(0x000000082f100000,0x000000082f200000)]
  0x000001695a5e1310 JavaThread "mysql-cj-abandoned-connection-cleanup" daemon [_thread_blocked, id=4344, stack(0x000000082fa00000,0x000000082fb00000)]
  0x000001695a5e0970 JavaThread "Prism Font Disposer" daemon [_thread_blocked, id=8816, stack(0x000000082f900000,0x000000082fa00000)]
  0x000001695a5e0e40 JavaThread "Cleaner-0" daemon [_thread_blocked, id=9332, stack(0x000000082ff00000,0x0000000830000000)]
=>0x000001695a5df160 JavaThread "Thread-3" [_thread_in_native, id=5140, stack(0x0000000830100000,0x0000000830200000)]
  0x000001695a5e17e0 JavaThread "Thread-4" [_thread_blocked, id=4016, stack(0x0000000830200000,0x0000000830300000)]
  0x0000016963ce4d70 JavaThread "SIGINT handler" daemon [_thread_blocked, id=7460, stack(0x0000000830300000,0x0000000830400000)]

Other Threads:
  0x000001697f3656a0 VMThread "VM Thread" [stack: 0x000000082dc00000,0x000000082dd00000] [id=7360]
  0x000001695a751370 WatcherThread [stack: 0x000000082e900000,0x000000082ea00000] [id=12228]
  0x000001697560e620 GCTaskThread "GC Thread#0" [stack: 0x000000082d700000,0x000000082d800000] [id=8004]
  0x000001695fc23ca0 GCTaskThread "GC Thread#1" [stack: 0x000000082f200000,0x000000082f300000] [id=6984]
  0x000001695fa7b960 GCTaskThread "GC Thread#2" [stack: 0x000000082f300000,0x000000082f400000] [id=5740]
  0x000001695fa7bc10 GCTaskThread "GC Thread#3" [stack: 0x000000082f400000,0x000000082f500000] [id=7520]
  0x000001695fa6f500 GCTaskThread "GC Thread#4" [stack: 0x000000082f500000,0x000000082f600000] [id=8664]
  0x000001695fa6f7b0 GCTaskThread "GC Thread#5" [stack: 0x000000082f600000,0x000000082f700000] [id=1788]
  0x000001695faa8cb0 GCTaskThread "GC Thread#6" [stack: 0x000000082f700000,0x000000082f800000] [id=8176]
  0x000001695faa8f60 GCTaskThread "GC Thread#7" [stack: 0x000000082f800000,0x000000082f900000] [id=8972]
  0x0000016975621840 ConcurrentGCThread "G1 Main Marker" [stack: 0x000000082d800000,0x000000082d900000] [id=12136]
  0x0000016975622250 ConcurrentGCThread "G1 Conc#0" [stack: 0x000000082d900000,0x000000082da00000] [id=11572]
  0x000001696385b350 ConcurrentGCThread "G1 Conc#1" [stack: 0x000000082fe00000,0x000000082ff00000] [id=9712]
  0x000001697f2224c0 ConcurrentGCThread "G1 Refine#0" [stack: 0x000000082da00000,0x000000082db00000] [id=1356]
  0x00000169629de310 ConcurrentGCThread "G1 Refine#1" [stack: 0x0000000830900000,0x0000000830a00000] [id=9972]
  0x00000169629debb0 ConcurrentGCThread "G1 Refine#2" [stack: 0x0000000830a00000,0x0000000830b00000] [id=6280]
  0x000001697f222ee0 ConcurrentGCThread "G1 Service" [stack: 0x000000082db00000,0x000000082dc00000] [id=9276]

Threads with active compile tasks:

VM state: not at safepoint (normal execution)

VM Mutex/Monitor currently owned by a thread: None

Heap address: 0x0000000701400000, size: 4076 MB, Compressed Oops mode: Zero based, Oop shift amount: 3

CDS archive(s) mapped at: [0x0000016919000000-0x0000016919bc0000-0x0000016919bc0000), size 12320768, SharedBaseAddress: 0x0000016919000000, ArchiveRelocationMode: 0.
Compressed class space mapped at: 0x0000016919c00000-0x0000016959c00000, reserved size: 1073741824
Narrow klass base: 0x0000016919000000, Narrow klass shift: 0, Narrow klass range: 0x100000000

GC Precious Log:
 CPUs: 8 total, 8 available
 Memory: 16301M
 Large Page Support: Disabled
 NUMA Support: Disabled
 Compressed Oops: Enabled (Zero based)
 Heap Region Size: 2M
 Heap Min Capacity: 8M
 Heap Initial Capacity: 256M
 Heap Max Capacity: 4076M
 Pre-touch: Disabled
 Parallel Workers: 8
 Concurrent Workers: 2
 Concurrent Refinement Workers: 8
 Periodic GC: Disabled

Heap:
 garbage-first heap   total 389120K, used 218073K [0x0000000701400000, 0x0000000800000000)
  region size 2048K, 45 young (92160K), 4 survivors (8192K)
 Metaspace       used 29750K, committed 30016K, reserved 1081344K
  class space    used 3972K, committed 4096K, reserved 1048576K

Heap Regions: E=young(eden), S=young(survivor), O=old, HS=humongous(starts), HC=humongous(continues), CS=collection set, F=free, OA=open archive, CA=closed archive, TAMS=top-at-mark-start (previous, next)
|   0|0x0000000701400000, 0x0000000701600000, 0x0000000701600000|100%| O|  |TAMS 0x0000000701600000, 0x0000000701400000| Untracked 
|   1|0x0000000701600000, 0x0000000701800000, 0x0000000701800000|100%| O|  |TAMS 0x0000000701800000, 0x0000000701600000| Untracked 
|   2|0x0000000701800000, 0x0000000701a00000, 0x0000000701a00000|100%|HS|  |TAMS 0x0000000701a00000, 0x0000000701800000| Complete 
|   3|0x0000000701a00000, 0x0000000701c00000, 0x0000000701c00000|100%| O|  |TAMS 0x0000000701a00000, 0x0000000701a00000| Untracked 
|   4|0x0000000701c00000, 0x0000000701e00000, 0x0000000701e00000|100%| O|  |TAMS 0x0000000701e00000, 0x0000000701c00000| Untracked 
|   5|0x0000000701e00000, 0x0000000702000000, 0x0000000702000000|100%|HS|  |TAMS 0x0000000702000000, 0x0000000701e00000| Complete 
|   6|0x0000000702000000, 0x0000000702200000, 0x0000000702200000|100%|HC|  |TAMS 0x0000000702200000, 0x0000000702000000| Complete 
|   7|0x0000000702200000, 0x0000000702400000, 0x0000000702400000|100%| O|  |TAMS 0x0000000702400000, 0x0000000702200000| Untracked 
|   8|0x0000000702400000, 0x0000000702600000, 0x0000000702600000|100%| O|  |TAMS 0x0000000702600000, 0x0000000702400000| Untracked 
|   9|0x0000000702600000, 0x0000000702800000, 0x0000000702800000|100%| O|  |TAMS 0x0000000702800000, 0x0000000702600000| Untracked 
|  10|0x0000000702800000, 0x0000000702a00000, 0x0000000702a00000|100%| O|  |TAMS 0x0000000702800000, 0x0000000702800000| Untracked 
|  11|0x0000000702a00000, 0x0000000702c00000, 0x0000000702c00000|100%|HS|  |TAMS 0x0000000702c00000, 0x0000000702a00000| Complete 
|  12|0x0000000702c00000, 0x0000000702e00000, 0x0000000702e00000|100%| O|  |TAMS 0x0000000702e00000, 0x0000000702c00000| Untracked 
|  13|0x0000000702e00000, 0x0000000703000000, 0x0000000703000000|100%| O|  |TAMS 0x0000000702f29a00, 0x0000000702e00000| Untracked 
|  14|0x0000000703000000, 0x0000000703200000, 0x0000000703200000|100%| O|  |TAMS 0x0000000703000000, 0x0000000703000000| Untracked 
|  15|0x0000000703200000, 0x0000000703400000, 0x0000000703400000|100%| O|  |TAMS 0x0000000703200000, 0x0000000703200000| Untracked 
|  16|0x0000000703400000, 0x0000000703600000, 0x0000000703600000|100%| O|  |TAMS 0x0000000703400000, 0x0000000703400000| Untracked 
|  17|0x0000000703600000, 0x0000000703800000, 0x0000000703800000|100%| O|  |TAMS 0x0000000703600000, 0x0000000703600000| Untracked 
|  18|0x0000000703800000, 0x0000000703a00000, 0x0000000703a00000|100%| O|  |TAMS 0x0000000703800000, 0x0000000703800000| Untracked 
|  19|0x0000000703a00000, 0x0000000703c00000, 0x0000000703c00000|100%| O|  |TAMS 0x0000000703a00000, 0x0000000703a00000| Untracked 
|  20|0x0000000703c00000, 0x0000000703e00000, 0x0000000703e00000|100%| O|  |TAMS 0x0000000703c00000, 0x0000000703c00000| Untracked 
|  21|0x0000000703e00000, 0x0000000704000000, 0x0000000704000000|100%| O|  |TAMS 0x0000000703e00000, 0x0000000703e00000| Untracked 
|  22|0x0000000704000000, 0x0000000704200000, 0x0000000704200000|100%| O|  |TAMS 0x0000000704000000, 0x0000000704000000| Untracked 
|  23|0x0000000704200000, 0x0000000704400000, 0x0000000704400000|100%| O|  |TAMS 0x0000000704200000, 0x0000000704200000| Untracked 
|  24|0x0000000704400000, 0x0000000704600000, 0x0000000704600000|100%| O|  |TAMS 0x0000000704400000, 0x0000000704400000| Untracked 
|  25|0x0000000704600000, 0x0000000704800000, 0x0000000704800000|100%| O|  |TAMS 0x0000000704600000, 0x0000000704600000| Untracked 
|  26|0x0000000704800000, 0x0000000704a00000, 0x0000000704a00000|100%| O|  |TAMS 0x0000000704800000, 0x0000000704800000| Untracked 
|  27|0x0000000704a00000, 0x0000000704c00000, 0x0000000704c00000|100%| O|  |TAMS 0x0000000704a00000, 0x0000000704a00000| Untracked 
|  28|0x0000000704c00000, 0x0000000704e00000, 0x0000000704e00000|100%| O|  |TAMS 0x0000000704c00000, 0x0000000704c00000| Untracked 
|  29|0x0000000704e00000, 0x0000000705000000, 0x0000000705000000|100%| O|  |TAMS 0x0000000704e00000, 0x0000000704e00000| Untracked 
|  30|0x0000000705000000, 0x0000000705200000, 0x0000000705200000|100%| O|  |TAMS 0x0000000705000000, 0x0000000705000000| Untracked 
|  31|0x0000000705200000, 0x0000000705400000, 0x0000000705400000|100%| O|  |TAMS 0x0000000705200000, 0x0000000705200000| Untracked 
|  32|0x0000000705400000, 0x0000000705600000, 0x0000000705600000|100%| O|  |TAMS 0x0000000705400000, 0x0000000705400000| Untracked 
|  33|0x0000000705600000, 0x0000000705800000, 0x0000000705800000|100%| O|  |TAMS 0x0000000705600000, 0x0000000705600000| Untracked 
|  34|0x0000000705800000, 0x0000000705a00000, 0x0000000705a00000|100%| O|  |TAMS 0x0000000705800000, 0x0000000705800000| Untracked 
|  35|0x0000000705a00000, 0x0000000705c00000, 0x0000000705c00000|100%| O|  |TAMS 0x0000000705a00000, 0x0000000705a00000| Untracked 
|  36|0x0000000705c00000, 0x0000000705e00000, 0x0000000705e00000|100%| O|  |TAMS 0x0000000705c00000, 0x0000000705c00000| Untracked 
|  37|0x0000000705e00000, 0x0000000706000000, 0x0000000706000000|100%| O|  |TAMS 0x0000000705e00000, 0x0000000705e00000| Untracked 
|  38|0x0000000706000000, 0x0000000706200000, 0x0000000706200000|100%| O|  |TAMS 0x0000000706000000, 0x0000000706000000| Untracked 
|  39|0x0000000706200000, 0x0000000706400000, 0x0000000706400000|100%| O|  |TAMS 0x0000000706200000, 0x0000000706200000| Untracked 
|  40|0x0000000706400000, 0x0000000706600000, 0x0000000706600000|100%| O|  |TAMS 0x0000000706400000, 0x0000000706400000| Untracked 
|  41|0x0000000706600000, 0x0000000706800000, 0x0000000706800000|100%| O|  |TAMS 0x0000000706600000, 0x0000000706600000| Untracked 
|  42|0x0000000706800000, 0x0000000706a00000, 0x0000000706a00000|100%| O|  |TAMS 0x0000000706800000, 0x0000000706800000| Untracked 
|  43|0x0000000706a00000, 0x0000000706c00000, 0x0000000706c00000|100%| O|  |TAMS 0x0000000706a00000, 0x0000000706a00000| Untracked 
|  44|0x0000000706c00000, 0x0000000706e00000, 0x0000000706e00000|100%| O|  |TAMS 0x0000000706c00000, 0x0000000706c00000| Untracked 
|  45|0x0000000706e00000, 0x0000000707000000, 0x0000000707000000|100%| O|  |TAMS 0x0000000706e00000, 0x0000000706e00000| Untracked 
|  46|0x0000000707000000, 0x0000000707200000, 0x0000000707200000|100%| O|  |TAMS 0x0000000707000000, 0x0000000707000000| Untracked 
|  47|0x0000000707200000, 0x0000000707400000, 0x0000000707400000|100%| O|  |TAMS 0x0000000707200000, 0x0000000707200000| Untracked 
|  48|0x0000000707400000, 0x0000000707600000, 0x0000000707600000|100%| O|  |TAMS 0x0000000707400000, 0x0000000707400000| Untracked 
|  49|0x0000000707600000, 0x0000000707800000, 0x0000000707800000|100%| O|  |TAMS 0x0000000707600000, 0x0000000707600000| Untracked 
|  50|0x0000000707800000, 0x0000000707a00000, 0x0000000707a00000|100%| O|  |TAMS 0x0000000707800000, 0x0000000707800000| Untracked 
|  51|0x0000000707a00000, 0x0000000707c00000, 0x0000000707c00000|100%| O|  |TAMS 0x0000000707a00000, 0x0000000707a00000| Untracked 
|  52|0x0000000707c00000, 0x0000000707e00000, 0x0000000707e00000|100%| O|  |TAMS 0x0000000707c00000, 0x0000000707c00000| Untracked 
|  53|0x0000000707e00000, 0x0000000708000000, 0x0000000708000000|100%| O|  |TAMS 0x0000000707e00000, 0x0000000707e00000| Untracked 
|  54|0x0000000708000000, 0x0000000708200000, 0x0000000708200000|100%| O|  |TAMS 0x0000000708000000, 0x0000000708000000| Untracked 
|  55|0x0000000708200000, 0x0000000708400000, 0x0000000708400000|100%| O|  |TAMS 0x0000000708200000, 0x0000000708200000| Untracked 
|  56|0x0000000708400000, 0x0000000708600000, 0x0000000708600000|100%| O|  |TAMS 0x0000000708400000, 0x0000000708400000| Untracked 
|  57|0x0000000708600000, 0x0000000708800000, 0x0000000708800000|100%| O|  |TAMS 0x0000000708600000, 0x0000000708600000| Untracked 
|  58|0x0000000708800000, 0x0000000708a00000, 0x0000000708a00000|100%| O|  |TAMS 0x0000000708800000, 0x0000000708800000| Untracked 
|  59|0x0000000708a00000, 0x0000000708c00000, 0x0000000708c00000|100%| O|  |TAMS 0x0000000708a00000, 0x0000000708a00000| Untracked 
|  60|0x0000000708c00000, 0x0000000708e00000, 0x0000000708e00000|100%| O|  |TAMS 0x0000000708c00000, 0x0000000708c00000| Untracked 
|  61|0x0000000708e00000, 0x0000000709000000, 0x0000000709000000|100%| O|  |TAMS 0x0000000708e00000, 0x0000000708e00000| Untracked 
|  62|0x0000000709000000, 0x0000000709200000, 0x0000000709200000|100%| O|  |TAMS 0x0000000709000000, 0x0000000709000000| Untracked 
|  63|0x0000000709200000, 0x0000000709296c00, 0x0000000709400000| 29%| O|  |TAMS 0x0000000709200000, 0x0000000709200000| Untracked 
|  64|0x0000000709400000, 0x0000000709400000, 0x0000000709600000|  0%| F|  |TAMS 0x0000000709400000, 0x0000000709400000| Untracked 
|  65|0x0000000709600000, 0x0000000709600000, 0x0000000709800000|  0%| F|  |TAMS 0x0000000709600000, 0x0000000709600000| Untracked 
|  66|0x0000000709800000, 0x0000000709800000, 0x0000000709a00000|  0%| F|  |TAMS 0x0000000709800000, 0x0000000709800000| Untracked 
|  67|0x0000000709a00000, 0x0000000709a00000, 0x0000000709c00000|  0%| F|  |TAMS 0x0000000709a00000, 0x0000000709a00000| Untracked 
|  68|0x0000000709c00000, 0x0000000709c00000, 0x0000000709e00000|  0%| F|  |TAMS 0x0000000709c00000, 0x0000000709c00000| Untracked 
|  69|0x0000000709e00000, 0x0000000709e00000, 0x000000070a000000|  0%| F|  |TAMS 0x0000000709e00000, 0x0000000709e00000| Untracked 
|  70|0x000000070a000000, 0x000000070a000000, 0x000000070a200000|  0%| F|  |TAMS 0x000000070a000000, 0x000000070a000000| Untracked 
|  71|0x000000070a200000, 0x000000070a200000, 0x000000070a400000|  0%| F|  |TAMS 0x000000070a200000, 0x000000070a200000| Untracked 
|  72|0x000000070a400000, 0x000000070a400000, 0x000000070a600000|  0%| F|  |TAMS 0x000000070a400000, 0x000000070a400000| Untracked 
|  73|0x000000070a600000, 0x000000070a600000, 0x000000070a800000|  0%| F|  |TAMS 0x000000070a600000, 0x000000070a600000| Untracked 
|  74|0x000000070a800000, 0x000000070a800000, 0x000000070aa00000|  0%| F|  |TAMS 0x000000070a800000, 0x000000070a800000| Untracked 
|  75|0x000000070aa00000, 0x000000070aa00000, 0x000000070ac00000|  0%| F|  |TAMS 0x000000070aa00000, 0x000000070aa00000| Untracked 
|  76|0x000000070ac00000, 0x000000070ac00000, 0x000000070ae00000|  0%| F|  |TAMS 0x000000070ac00000, 0x000000070ac00000| Untracked 
|  77|0x000000070ae00000, 0x000000070ae00000, 0x000000070b000000|  0%| F|  |TAMS 0x000000070ae00000, 0x000000070ae00000| Untracked 
|  78|0x000000070b000000, 0x000000070b000000, 0x000000070b200000|  0%| F|  |TAMS 0x000000070b000000, 0x000000070b000000| Untracked 
|  79|0x000000070b200000, 0x000000070b200000, 0x000000070b400000|  0%| F|  |TAMS 0x000000070b200000, 0x000000070b200000| Untracked 
|  80|0x000000070b400000, 0x000000070b400000, 0x000000070b600000|  0%| F|  |TAMS 0x000000070b400000, 0x000000070b400000| Untracked 
|  81|0x000000070b600000, 0x000000070b600000, 0x000000070b800000|  0%| F|  |TAMS 0x000000070b600000, 0x000000070b600000| Untracked 
|  82|0x000000070b800000, 0x000000070b800000, 0x000000070ba00000|  0%| F|  |TAMS 0x000000070b800000, 0x000000070b800000| Untracked 
|  83|0x000000070ba00000, 0x000000070ba00000, 0x000000070bc00000|  0%| F|  |TAMS 0x000000070ba00000, 0x000000070ba00000| Untracked 
|  84|0x000000070bc00000, 0x000000070bc5fb68, 0x000000070be00000| 18%| S|CS|TAMS 0x000000070bc00000, 0x000000070bc00000| Complete 
|  85|0x000000070be00000, 0x000000070c000000, 0x000000070c000000|100%| S|CS|TAMS 0x000000070be00000, 0x000000070be00000| Complete 
|  86|0x000000070c000000, 0x000000070c200000, 0x000000070c200000|100%| S|CS|TAMS 0x000000070c000000, 0x000000070c000000| Complete 
|  87|0x000000070c200000, 0x000000070c400000, 0x000000070c400000|100%| S|CS|TAMS 0x000000070c200000, 0x000000070c200000| Complete 
|  88|0x000000070c400000, 0x000000070c400000, 0x000000070c600000|  0%| F|  |TAMS 0x000000070c400000, 0x000000070c400000| Untracked 
|  89|0x000000070c600000, 0x000000070c600000, 0x000000070c800000|  0%| F|  |TAMS 0x000000070c600000, 0x000000070c600000| Untracked 
|  90|0x000000070c800000, 0x000000070c800000, 0x000000070ca00000|  0%| F|  |TAMS 0x000000070c800000, 0x000000070c800000| Untracked 
|  91|0x000000070ca00000, 0x000000070ca00000, 0x000000070cc00000|  0%| F|  |TAMS 0x000000070ca00000, 0x000000070ca00000| Untracked 
|  92|0x000000070cc00000, 0x000000070cc00000, 0x000000070ce00000|  0%| F|  |TAMS 0x000000070cc00000, 0x000000070cc00000| Untracked 
|  93|0x000000070ce00000, 0x000000070ce00000, 0x000000070d000000|  0%| F|  |TAMS 0x000000070ce00000, 0x000000070ce00000| Untracked 
|  94|0x000000070d000000, 0x000000070d000000, 0x000000070d200000|  0%| F|  |TAMS 0x000000070d000000, 0x000000070d000000| Untracked 
|  95|0x000000070d200000, 0x000000070d200000, 0x000000070d400000|  0%| F|  |TAMS 0x000000070d200000, 0x000000070d200000| Untracked 
|  96|0x000000070d400000, 0x000000070d400000, 0x000000070d600000|  0%| F|  |TAMS 0x000000070d400000, 0x000000070d400000| Untracked 
|  97|0x000000070d600000, 0x000000070d600000, 0x000000070d800000|  0%| F|  |TAMS 0x000000070d600000, 0x000000070d600000| Untracked 
|  98|0x000000070d800000, 0x000000070d800000, 0x000000070da00000|  0%| F|  |TAMS 0x000000070d800000, 0x000000070d800000| Untracked 
|  99|0x000000070da00000, 0x000000070da00000, 0x000000070dc00000|  0%| F|  |TAMS 0x000000070da00000, 0x000000070da00000| Untracked 
| 100|0x000000070dc00000, 0x000000070dc00000, 0x000000070de00000|  0%| F|  |TAMS 0x000000070dc00000, 0x000000070dc00000| Untracked 
| 101|0x000000070de00000, 0x000000070de00000, 0x000000070e000000|  0%| F|  |TAMS 0x000000070de00000, 0x000000070de00000| Untracked 
| 102|0x000000070e000000, 0x000000070e000000, 0x000000070e200000|  0%| F|  |TAMS 0x000000070e000000, 0x000000070e000000| Untracked 
| 103|0x000000070e200000, 0x000000070e200000, 0x000000070e400000|  0%| F|  |TAMS 0x000000070e200000, 0x000000070e200000| Untracked 
| 104|0x000000070e400000, 0x000000070e400000, 0x000000070e600000|  0%| F|  |TAMS 0x000000070e400000, 0x000000070e400000| Untracked 
| 105|0x000000070e600000, 0x000000070e600000, 0x000000070e800000|  0%| F|  |TAMS 0x000000070e600000, 0x000000070e600000| Untracked 
| 106|0x000000070e800000, 0x000000070e800000, 0x000000070ea00000|  0%| F|  |TAMS 0x000000070e800000, 0x000000070e800000| Untracked 
| 107|0x000000070ea00000, 0x000000070ea00000, 0x000000070ec00000|  0%| F|  |TAMS 0x000000070ea00000, 0x000000070ea00000| Untracked 
| 108|0x000000070ec00000, 0x000000070ec00000, 0x000000070ee00000|  0%| F|  |TAMS 0x000000070ec00000, 0x000000070ec00000| Untracked 
| 109|0x000000070ee00000, 0x000000070ee00000, 0x000000070f000000|  0%| F|  |TAMS 0x000000070ee00000, 0x000000070ee00000| Untracked 
| 110|0x000000070f000000, 0x000000070f000000, 0x000000070f200000|  0%| F|  |TAMS 0x000000070f000000, 0x000000070f000000| Untracked 
| 111|0x000000070f200000, 0x000000070f200000, 0x000000070f400000|  0%| F|  |TAMS 0x000000070f200000, 0x000000070f200000| Untracked 
| 112|0x000000070f400000, 0x000000070f400000, 0x000000070f600000|  0%| F|  |TAMS 0x000000070f400000, 0x000000070f400000| Untracked 
| 113|0x000000070f600000, 0x000000070f600000, 0x000000070f800000|  0%| F|  |TAMS 0x000000070f600000, 0x000000070f600000| Untracked 
| 114|0x000000070f800000, 0x000000070f800000, 0x000000070fa00000|  0%| F|  |TAMS 0x000000070f800000, 0x000000070f800000| Untracked 
| 115|0x000000070fa00000, 0x000000070fa00000, 0x000000070fc00000|  0%| F|  |TAMS 0x000000070fa00000, 0x000000070fa00000| Untracked 
| 116|0x000000070fc00000, 0x000000070fc00000, 0x000000070fe00000|  0%| F|  |TAMS 0x000000070fc00000, 0x000000070fc00000| Untracked 
| 117|0x000000070fe00000, 0x000000070fe00000, 0x0000000710000000|  0%| F|  |TAMS 0x000000070fe00000, 0x000000070fe00000| Untracked 
| 118|0x0000000710000000, 0x0000000710000000, 0x0000000710200000|  0%| F|  |TAMS 0x0000000710000000, 0x0000000710000000| Untracked 
| 119|0x0000000710200000, 0x0000000710200000, 0x0000000710400000|  0%| F|  |TAMS 0x0000000710200000, 0x0000000710200000| Untracked 
| 120|0x0000000710400000, 0x0000000710400000, 0x0000000710600000|  0%| F|  |TAMS 0x0000000710400000, 0x0000000710400000| Untracked 
| 121|0x0000000710600000, 0x0000000710600000, 0x0000000710800000|  0%| F|  |TAMS 0x0000000710600000, 0x0000000710600000| Untracked 
| 122|0x0000000710800000, 0x0000000710800000, 0x0000000710a00000|  0%| F|  |TAMS 0x0000000710800000, 0x0000000710800000| Untracked 
| 123|0x0000000710a00000, 0x0000000710a00000, 0x0000000710c00000|  0%| F|  |TAMS 0x0000000710a00000, 0x0000000710a00000| Untracked 
| 124|0x0000000710c00000, 0x0000000710c00000, 0x0000000710e00000|  0%| F|  |TAMS 0x0000000710c00000, 0x0000000710c00000| Untracked 
| 125|0x0000000710e00000, 0x0000000710e00000, 0x0000000711000000|  0%| F|  |TAMS 0x0000000710e00000, 0x0000000710e00000| Untracked 
| 126|0x0000000711000000, 0x0000000711000000, 0x0000000711200000|  0%| F|  |TAMS 0x0000000711000000, 0x0000000711000000| Untracked 
| 127|0x0000000711200000, 0x0000000711200000, 0x0000000711400000|  0%| F|  |TAMS 0x0000000711200000, 0x0000000711200000| Untracked 
| 128|0x0000000711400000, 0x0000000711400000, 0x0000000711600000|  0%| F|  |TAMS 0x0000000711400000, 0x0000000711400000| Untracked 
| 129|0x0000000711600000, 0x0000000711600000, 0x0000000711800000|  0%| F|  |TAMS 0x0000000711600000, 0x0000000711600000| Untracked 
| 130|0x0000000711800000, 0x0000000711800000, 0x0000000711a00000|  0%| F|  |TAMS 0x0000000711800000, 0x0000000711800000| Untracked 
| 131|0x0000000711a00000, 0x0000000711a00000, 0x0000000711c00000|  0%| F|  |TAMS 0x0000000711a00000, 0x0000000711a00000| Untracked 
| 132|0x0000000711c00000, 0x0000000711c00000, 0x0000000711e00000|  0%| F|  |TAMS 0x0000000711c00000, 0x0000000711c00000| Untracked 
| 133|0x0000000711e00000, 0x0000000711e00000, 0x0000000712000000|  0%| F|  |TAMS 0x0000000711e00000, 0x0000000711e00000| Untracked 
| 134|0x0000000712000000, 0x0000000712000000, 0x0000000712200000|  0%| F|  |TAMS 0x0000000712000000, 0x0000000712000000| Untracked 
| 135|0x0000000712200000, 0x0000000712200000, 0x0000000712400000|  0%| F|  |TAMS 0x0000000712200000, 0x0000000712200000| Untracked 
| 136|0x0000000712400000, 0x0000000712400000, 0x0000000712600000|  0%| F|  |TAMS 0x0000000712400000, 0x0000000712400000| Untracked 
| 137|0x0000000712600000, 0x0000000712600000, 0x0000000712800000|  0%| F|  |TAMS 0x0000000712600000, 0x0000000712600000| Untracked 
| 138|0x0000000712800000, 0x0000000712800000, 0x0000000712a00000|  0%| F|  |TAMS 0x0000000712800000, 0x0000000712800000| Untracked 
| 139|0x0000000712a00000, 0x0000000712a00000, 0x0000000712c00000|  0%| F|  |TAMS 0x0000000712a00000, 0x0000000712a00000| Untracked 
| 140|0x0000000712c00000, 0x0000000712c00000, 0x0000000712e00000|  0%| F|  |TAMS 0x0000000712c00000, 0x0000000712c00000| Untracked 
| 141|0x0000000712e00000, 0x0000000712e00000, 0x0000000713000000|  0%| F|  |TAMS 0x0000000712e00000, 0x0000000712e00000| Untracked 
| 142|0x0000000713000000, 0x0000000713000000, 0x0000000713200000|  0%| F|  |TAMS 0x0000000713000000, 0x0000000713000000| Untracked 
| 143|0x0000000713200000, 0x0000000713200000, 0x0000000713400000|  0%| F|  |TAMS 0x0000000713200000, 0x0000000713200000| Untracked 
| 144|0x0000000713400000, 0x0000000713400000, 0x0000000713600000|  0%| F|  |TAMS 0x0000000713400000, 0x0000000713400000| Untracked 
| 145|0x0000000713600000, 0x0000000713600000, 0x0000000713800000|  0%| F|  |TAMS 0x0000000713600000, 0x0000000713600000| Untracked 
| 146|0x0000000713800000, 0x0000000713800000, 0x0000000713a00000|  0%| F|  |TAMS 0x0000000713800000, 0x0000000713800000| Untracked 
| 147|0x0000000713a00000, 0x0000000713a00000, 0x0000000713c00000|  0%| F|  |TAMS 0x0000000713a00000, 0x0000000713a00000| Untracked 
| 148|0x0000000713c00000, 0x0000000713c00000, 0x0000000713e00000|  0%| F|  |TAMS 0x0000000713c00000, 0x0000000713c00000| Untracked 
| 149|0x0000000713e00000, 0x0000000714000000, 0x0000000714000000|100%| E|  |TAMS 0x0000000713e00000, 0x0000000713e00000| Complete 
| 150|0x0000000714000000, 0x0000000714200000, 0x0000000714200000|100%| E|CS|TAMS 0x0000000714000000, 0x0000000714000000| Complete 
| 151|0x0000000714200000, 0x0000000714400000, 0x0000000714400000|100%| E|CS|TAMS 0x0000000714200000, 0x0000000714200000| Complete 
| 152|0x0000000714400000, 0x0000000714600000, 0x0000000714600000|100%| E|CS|TAMS 0x0000000714400000, 0x0000000714400000| Complete 
| 153|0x0000000714600000, 0x0000000714800000, 0x0000000714800000|100%| E|CS|TAMS 0x0000000714600000, 0x0000000714600000| Complete 
| 154|0x0000000714800000, 0x0000000714a00000, 0x0000000714a00000|100%| E|CS|TAMS 0x0000000714800000, 0x0000000714800000| Complete 
| 155|0x0000000714a00000, 0x0000000714c00000, 0x0000000714c00000|100%| E|CS|TAMS 0x0000000714a00000, 0x0000000714a00000| Complete 
| 156|0x0000000714c00000, 0x0000000714e00000, 0x0000000714e00000|100%| E|CS|TAMS 0x0000000714c00000, 0x0000000714c00000| Complete 
| 157|0x0000000714e00000, 0x0000000715000000, 0x0000000715000000|100%| E|CS|TAMS 0x0000000714e00000, 0x0000000714e00000| Complete 
| 158|0x0000000715000000, 0x0000000715200000, 0x0000000715200000|100%| E|CS|TAMS 0x0000000715000000, 0x0000000715000000| Complete 
| 159|0x0000000715200000, 0x0000000715400000, 0x0000000715400000|100%| E|CS|TAMS 0x0000000715200000, 0x0000000715200000| Complete 
| 160|0x0000000715400000, 0x0000000715600000, 0x0000000715600000|100%| E|CS|TAMS 0x0000000715400000, 0x0000000715400000| Complete 
| 161|0x0000000715600000, 0x0000000715800000, 0x0000000715800000|100%| E|CS|TAMS 0x0000000715600000, 0x0000000715600000| Complete 
| 162|0x0000000715800000, 0x0000000715a00000, 0x0000000715a00000|100%| E|CS|TAMS 0x0000000715800000, 0x0000000715800000| Complete 
| 163|0x0000000715a00000, 0x0000000715c00000, 0x0000000715c00000|100%| E|CS|TAMS 0x0000000715a00000, 0x0000000715a00000| Complete 
| 164|0x0000000715c00000, 0x0000000715e00000, 0x0000000715e00000|100%| E|CS|TAMS 0x0000000715c00000, 0x0000000715c00000| Complete 
| 165|0x0000000715e00000, 0x0000000716000000, 0x0000000716000000|100%| E|CS|TAMS 0x0000000715e00000, 0x0000000715e00000| Complete 
| 166|0x0000000716000000, 0x0000000716200000, 0x0000000716200000|100%| E|CS|TAMS 0x0000000716000000, 0x0000000716000000| Complete 
| 167|0x0000000716200000, 0x0000000716400000, 0x0000000716400000|100%| E|CS|TAMS 0x0000000716200000, 0x0000000716200000| Complete 
| 168|0x0000000716400000, 0x0000000716600000, 0x0000000716600000|100%| E|CS|TAMS 0x0000000716400000, 0x0000000716400000| Complete 
| 169|0x0000000716600000, 0x0000000716800000, 0x0000000716800000|100%| E|CS|TAMS 0x0000000716600000, 0x0000000716600000| Complete 
| 170|0x0000000716800000, 0x0000000716a00000, 0x0000000716a00000|100%| E|CS|TAMS 0x0000000716800000, 0x0000000716800000| Complete 
| 171|0x0000000716a00000, 0x0000000716c00000, 0x0000000716c00000|100%| E|CS|TAMS 0x0000000716a00000, 0x0000000716a00000| Complete 
| 172|0x0000000716c00000, 0x0000000716e00000, 0x0000000716e00000|100%| E|CS|TAMS 0x0000000716c00000, 0x0000000716c00000| Complete 
| 173|0x0000000716e00000, 0x0000000717000000, 0x0000000717000000|100%| E|CS|TAMS 0x0000000716e00000, 0x0000000716e00000| Complete 
| 174|0x0000000717000000, 0x0000000717200000, 0x0000000717200000|100%| E|CS|TAMS 0x0000000717000000, 0x0000000717000000| Complete 
| 175|0x0000000717200000, 0x0000000717400000, 0x0000000717400000|100%| E|CS|TAMS 0x0000000717200000, 0x0000000717200000| Complete 
| 176|0x0000000717400000, 0x0000000717600000, 0x0000000717600000|100%| E|CS|TAMS 0x0000000717400000, 0x0000000717400000| Complete 
| 177|0x0000000717600000, 0x0000000717800000, 0x0000000717800000|100%| E|CS|TAMS 0x0000000717600000, 0x0000000717600000| Complete 
| 178|0x0000000717800000, 0x0000000717a00000, 0x0000000717a00000|100%| E|CS|TAMS 0x0000000717800000, 0x0000000717800000| Complete 
| 179|0x0000000717a00000, 0x0000000717c00000, 0x0000000717c00000|100%| E|CS|TAMS 0x0000000717a00000, 0x0000000717a00000| Complete 
| 180|0x0000000717c00000, 0x0000000717e00000, 0x0000000717e00000|100%| E|CS|TAMS 0x0000000717c00000, 0x0000000717c00000| Complete 
| 181|0x0000000717e00000, 0x0000000718000000, 0x0000000718000000|100%| E|CS|TAMS 0x0000000717e00000, 0x0000000717e00000| Complete 
| 182|0x0000000718000000, 0x0000000718200000, 0x0000000718200000|100%| E|CS|TAMS 0x0000000718000000, 0x0000000718000000| Complete 
| 183|0x0000000718200000, 0x0000000718400000, 0x0000000718400000|100%| E|CS|TAMS 0x0000000718200000, 0x0000000718200000| Complete 
| 184|0x0000000718400000, 0x0000000718600000, 0x0000000718600000|100%| E|CS|TAMS 0x0000000718400000, 0x0000000718400000| Complete 
| 185|0x0000000718600000, 0x0000000718800000, 0x0000000718800000|100%| E|CS|TAMS 0x0000000718600000, 0x0000000718600000| Complete 
| 186|0x0000000718800000, 0x0000000718a00000, 0x0000000718a00000|100%| E|CS|TAMS 0x0000000718800000, 0x0000000718800000| Complete 
| 187|0x0000000718a00000, 0x0000000718c00000, 0x0000000718c00000|100%| E|CS|TAMS 0x0000000718a00000, 0x0000000718a00000| Complete 
| 188|0x0000000718c00000, 0x0000000718e00000, 0x0000000718e00000|100%| E|CS|TAMS 0x0000000718c00000, 0x0000000718c00000| Complete 
| 189|0x0000000718e00000, 0x0000000719000000, 0x0000000719000000|100%| E|CS|TAMS 0x0000000718e00000, 0x0000000718e00000| Complete 

Card table byte_map: [0x000001697d940000,0x000001697e140000] _byte_map_base: 0x000001697a136000

Marking Bits (Prev, Next): (CMBitMap*) 0x000001697560ec30, (CMBitMap*) 0x000001697560ec70
 Prev Bits: [0x000001690f000000, 0x0000016912fb0000)
 Next Bits: [0x0000016912fb0000, 0x0000016916f60000)

Polling page: 0x0000016973580000

Metaspace:

Usage:
  Non-class:     25.17 MB used.
      Class:      3.88 MB used.
       Both:     29.05 MB used.

Virtual space:
  Non-class space:       32.00 MB reserved,      25.31 MB ( 79%) committed,  4 nodes.
      Class space:        1.00 GB reserved,       4.00 MB ( <1%) committed,  1 nodes.
             Both:        1.03 GB reserved,      29.31 MB (  3%) committed. 

Chunk freelists:
   Non-Class:  2.65 MB
       Class:  3.94 MB
        Both:  6.59 MB

MaxMetaspaceSize: unlimited
CompressedClassSpaceSize: 1.00 GB
Initial GC threshold: 21.00 MB
Current GC threshold: 47.44 MB
CDS: on
MetaspaceReclaimPolicy: balanced
 - commit_granule_bytes: 65536.
 - commit_granule_words: 8192.
 - virtual_space_node_default_size: 1048576.
 - enlarge_chunks_in_place: 1.
 - new_chunks_are_fully_committed: 0.
 - uncommit_free_chunks: 1.
 - use_allocation_guard: 0.
 - handle_deallocations: 1.


Internal statistics:

num_allocs_failed_limit: 3.
num_arena_births: 260.
num_arena_deaths: 0.
num_vsnodes_births: 5.
num_vsnodes_deaths: 0.
num_space_committed: 469.
num_space_uncommitted: 0.
num_chunks_returned_to_freelist: 3.
num_chunks_taken_from_freelist: 1132.
num_chunk_merges: 3.
num_chunk_splits: 794.
num_chunks_enlarged: 617.
num_purges: 0.
num_inconsistent_stats: 0.

CodeHeap 'non-profiled nmethods': size=120000Kb used=5440Kb max_used=5440Kb free=114559Kb
 bounds [0x0000016907ad0000, 0x0000016908030000, 0x000001690f000000]
CodeHeap 'profiled nmethods': size=120000Kb used=10059Kb max_used=13055Kb free=109940Kb
 bounds [0x00000169005a0000, 0x0000016901280000, 0x0000016907ad0000]
CodeHeap 'non-nmethods': size=5760Kb used=1531Kb max_used=1679Kb free=4228Kb
 bounds [0x0000016900000000, 0x0000016900270000, 0x00000169005a0000]
 total_blobs=6551 nmethods=5637 adapters=825
 compilation: enabled
              stopped_count=0, restarted_count=0
 full_count=0

Compilation events (20 events):
Event: 35.791 Thread 0x000001697f38f8e0 7365       4       java.lang.Double::toString (8 bytes)
Event: 35.800 Thread 0x000001697f38f8e0 nmethod 7365 0x000001690801ac90 code [0x000001690801ae80, 0x000001690801b650]
Event: 35.801 Thread 0x000001697f38f8e0 7366       4       javafx.scene.chart.XYChart$Data$1::invalidated (59 bytes)
Event: 35.804 Thread 0x000001697f38f8e0 nmethod 7366 0x000001690801bd10 code [0x000001690801bea0, 0x000001690801c138]
Event: 35.816 Thread 0x000001697f38f8e0 7367       4       javafx.scene.chart.LineChart::dataItemAdded (736 bytes)
Event: 35.838 Thread 0x000001697f38f8e0 nmethod 7367 0x000001690801c310 code [0x000001690801c520, 0x000001690801cea8]
Event: 35.850 Thread 0x000001697f38f8e0 7368       4       com.mysql.cj.util.StringInspector::<init> (323 bytes)
Event: 35.870 Thread 0x000001697f38f8e0 nmethod 7368 0x000001690801d890 code [0x000001690801da60, 0x000001690801e7d8]
Event: 36.028 Thread 0x000001697f390380 7369       3       java.lang.String::<init> (830 bytes)
Event: 36.031 Thread 0x000001697f390380 nmethod 7369 0x0000016901099110 code [0x0000016901099600, 0x000001690109c498]
Event: 36.046 Thread 0x000001697f390380 7370       3       com.sun.crypto.provider.GHASH::update (140 bytes)
Event: 36.047 Thread 0x000001697f390380 nmethod 7370 0x0000016900cfae90 code [0x0000016900cfb160, 0x0000016900cfbfa8]
Event: 36.047 Thread 0x000001697f390380 7371       3       java.lang.Long::toString (55 bytes)
Event: 36.047 Thread 0x000001697f390380 nmethod 7371 0x0000016900a1ed10 code [0x0000016900a1eee0, 0x0000016900a1f278]
Event: 36.118 Thread 0x000001697f390380 7372       3       com.mysql.cj.util.StringInspector::indexOfNextAlphanumericChar (128 bytes)
Event: 36.119 Thread 0x000001697f390380 nmethod 7372 0x0000016900ca2010 code [0x0000016900ca22e0, 0x0000016900ca3068]
Event: 36.122 Thread 0x000001697f38f8e0 7373       4       java.nio.HeapByteBuffer::duplicate (36 bytes)
Event: 36.130 Thread 0x000001697f38f8e0 nmethod 7373 0x000001690801ed90 code [0x000001690801ef20, 0x000001690801f3b8]
Event: 36.138 Thread 0x000001697f390380 7374       1       java.util.logging.LogManager$LoggerContext::getOwner (5 bytes)
Event: 36.138 Thread 0x000001697f390380 nmethod 7374 0x000001690801f710 code [0x000001690801f8a0, 0x000001690801f978]

GC Heap History (20 events):
Event: 27.547 GC heap before
{Heap before GC invocations=22 (full 0):
 garbage-first heap   total 323584K, used 261862K [0x0000000701400000, 0x0000000800000000)
  region size 2048K, 91 young (186368K), 6 survivors (12288K)
 Metaspace       used 29626K, committed 29888K, reserved 1081344K
  class space    used 3969K, committed 4096K, reserved 1048576K
}
Event: 27.561 GC heap after
{Heap after GC invocations=23 (full 0):
 garbage-first heap   total 323584K, used 93486K [0x0000000701400000, 0x0000000800000000)
  region size 2048K, 9 young (18432K), 9 survivors (18432K)
 Metaspace       used 29626K, committed 29888K, reserved 1081344K
  class space    used 3969K, committed 4096K, reserved 1048576K
}
Event: 28.522 GC heap before
{Heap before GC invocations=23 (full 0):
 garbage-first heap   total 323584K, used 249134K [0x0000000701400000, 0x0000000800000000)
  region size 2048K, 86 young (176128K), 9 survivors (18432K)
 Metaspace       used 29641K, committed 29952K, reserved 1081344K
  class space    used 3969K, committed 4096K, reserved 1048576K
}
Event: 28.541 GC heap after
{Heap after GC invocations=24 (full 0):
 garbage-first heap   total 323584K, used 100962K [0x0000000701400000, 0x0000000800000000)
  region size 2048K, 10 young (20480K), 10 survivors (20480K)
 Metaspace       used 29641K, committed 29952K, reserved 1081344K
  class space    used 3969K, committed 4096K, reserved 1048576K
}
Event: 29.216 GC heap before
{Heap before GC invocations=24 (full 0):
 garbage-first heap   total 323584K, used 256610K [0x0000000701400000, 0x0000000800000000)
  region size 2048K, 86 young (176128K), 10 survivors (20480K)
 Metaspace       used 29646K, committed 29952K, reserved 1081344K
  class space    used 3969K, committed 4096K, reserved 1048576K
}
Event: 29.232 GC heap after
{Heap after GC invocations=25 (full 0):
 garbage-first heap   total 323584K, used 104314K [0x0000000701400000, 0x0000000800000000)
  region size 2048K, 6 young (12288K), 6 survivors (12288K)
 Metaspace       used 29646K, committed 29952K, reserved 1081344K
  class space    used 3969K, committed 4096K, reserved 1048576K
}
Event: 30.159 GC heap before
{Heap before GC invocations=25 (full 0):
 garbage-first heap   total 323584K, used 264058K [0x0000000701400000, 0x0000000800000000)
  region size 2048K, 84 young (172032K), 6 survivors (12288K)
 Metaspace       used 29666K, committed 29952K, reserved 1081344K
  class space    used 3969K, committed 4096K, reserved 1048576K
}
Event: 30.171 GC heap after
{Heap after GC invocations=26 (full 0):
 garbage-first heap   total 323584K, used 106671K [0x0000000701400000, 0x0000000800000000)
  region size 2048K, 8 young (16384K), 8 survivors (16384K)
 Metaspace       used 29666K, committed 29952K, reserved 1081344K
  class space    used 3969K, committed 4096K, reserved 1048576K
}
Event: 31.256 GC heap before
{Heap before GC invocations=26 (full 0):
 garbage-first heap   total 323584K, used 264367K [0x0000000701400000, 0x0000000800000000)
  region size 2048K, 86 young (176128K), 8 survivors (16384K)
 Metaspace       used 29692K, committed 29952K, reserved 1081344K
  class space    used 3970K, committed 4096K, reserved 1048576K
}
Event: 31.276 GC heap after
{Heap after GC invocations=27 (full 0):
 garbage-first heap   total 389120K, used 113662K [0x0000000701400000, 0x0000000800000000)
  region size 2048K, 8 young (16384K), 8 survivors (16384K)
 Metaspace       used 29692K, committed 29952K, reserved 1081344K
  class space    used 3970K, committed 4096K, reserved 1048576K
}
Event: 32.496 GC heap before
{Heap before GC invocations=27 (full 0):
 garbage-first heap   total 389120K, used 320510K [0x0000000701400000, 0x0000000800000000)
  region size 2048K, 109 young (223232K), 8 survivors (16384K)
 Metaspace       used 29740K, committed 30016K, reserved 1081344K
  class space    used 3970K, committed 4096K, reserved 1048576K
}
Event: 32.510 GC heap after
{Heap after GC invocations=28 (full 0):
 garbage-first heap   total 389120K, used 117449K [0x0000000701400000, 0x0000000800000000)
  region size 2048K, 9 young (18432K), 9 survivors (18432K)
 Metaspace       used 29740K, committed 30016K, reserved 1081344K
  class space    used 3970K, committed 4096K, reserved 1048576K
}
Event: 33.377 GC heap before
{Heap before GC invocations=28 (full 0):
 garbage-first heap   total 389120K, used 320201K [0x0000000701400000, 0x0000000800000000)
  region size 2048K, 108 young (221184K), 9 survivors (18432K)
 Metaspace       used 29740K, committed 30016K, reserved 1081344K
  class space    used 3970K, committed 4096K, reserved 1048576K
}
Event: 33.389 GC heap after
{Heap after GC invocations=29 (full 0):
 garbage-first heap   total 389120K, used 121430K [0x0000000701400000, 0x0000000800000000)
  region size 2048K, 9 young (18432K), 9 survivors (18432K)
 Metaspace       used 29740K, committed 30016K, reserved 1081344K
  class space    used 3970K, committed 4096K, reserved 1048576K
}
Event: 34.384 GC heap before
{Heap before GC invocations=29 (full 0):
 garbage-first heap   total 389120K, used 324182K [0x0000000701400000, 0x0000000800000000)
  region size 2048K, 109 young (223232K), 9 survivors (18432K)
 Metaspace       used 29740K, committed 30016K, reserved 1081344K
  class space    used 3970K, committed 4096K, reserved 1048576K
}
Event: 34.405 GC heap after
{Heap after GC invocations=30 (full 0):
 garbage-first heap   total 389120K, used 129941K [0x0000000701400000, 0x0000000800000000)
  region size 2048K, 10 young (20480K), 10 survivors (20480K)
 Metaspace       used 29740K, committed 30016K, reserved 1081344K
  class space    used 3970K, committed 4096K, reserved 1048576K
}
Event: 35.215 GC heap before
{Heap before GC invocations=30 (full 0):
 garbage-first heap   total 389120K, used 320405K [0x0000000701400000, 0x0000000800000000)
  region size 2048K, 103 young (210944K), 10 survivors (20480K)
 Metaspace       used 29740K, committed 30016K, reserved 1081344K
  class space    used 3970K, committed 4096K, reserved 1048576K
}
Event: 35.229 GC heap after
{Heap after GC invocations=31 (full 0):
 garbage-first heap   total 389120K, used 133405K [0x0000000701400000, 0x0000000800000000)
  region size 2048K, 8 young (16384K), 8 survivors (16384K)
 Metaspace       used 29740K, committed 30016K, reserved 1081344K
  class space    used 3970K, committed 4096K, reserved 1048576K
}
Event: 35.972 GC heap before
{Heap before GC invocations=31 (full 0):
 garbage-first heap   total 389120K, used 325917K [0x0000000701400000, 0x0000000800000000)
  region size 2048K, 102 young (208896K), 8 survivors (16384K)
 Metaspace       used 29740K, committed 30016K, reserved 1081344K
  class space    used 3970K, committed 4096K, reserved 1048576K
}
Event: 35.985 GC heap after
{Heap after GC invocations=32 (full 0):
 garbage-first heap   total 389120K, used 136153K [0x0000000701400000, 0x0000000800000000)
  region size 2048K, 4 young (8192K), 4 survivors (8192K)
 Metaspace       used 29740K, committed 30016K, reserved 1081344K
  class space    used 3970K, committed 4096K, reserved 1048576K
}

Deoptimization events (20 events):
Event: 36.138 Thread 0x000001695a5df160 Uncommon trap: reason=unstable_if action=reinterpret pc=0x0000016907e91510 method=java.io.BufferedReader.readLine(Z[Z)Ljava/lang/String; @ 63 c2
Event: 36.138 Thread 0x0000016963ce60b0 DEOPT UNPACKING pc=0x00000169000523a3 sp=0x0000000830cfef28 mode 2
Event: 36.138 Thread 0x000001695a5df160 DEOPT PACKING pc=0x0000016907e91510 sp=0x00000008301ff480
Event: 36.138 Thread 0x000001695a5df160 DEOPT UNPACKING pc=0x00000169000523a3 sp=0x00000008301ff418 mode 2
Event: 36.138 Thread 0x0000016963ce60b0 Uncommon trap: trap_request=0xffffff76 fr.pc=0x0000016907d92a88 relative=0x0000000000000208
Event: 36.138 Thread 0x0000016963ce60b0 Uncommon trap: reason=predicate action=maybe_recompile pc=0x0000016907d92a88 method=java.util.concurrent.CopyOnWriteArrayList.indexOfRange(Ljava/lang/Object;[Ljava/lang/Object;II)I @ 38 c2
Event: 36.138 Thread 0x0000016963ce60b0 DEOPT PACKING pc=0x0000016907d92a88 sp=0x0000000830cfef80
Event: 36.138 Thread 0x0000016963ce60b0 DEOPT UNPACKING pc=0x00000169000523a3 sp=0x0000000830cfef00 mode 2
Event: 36.138 Thread 0x000001695a5df160 Uncommon trap: trap_request=0xffffff45 fr.pc=0x0000016907e63e50 relative=0x0000000000000870
Event: 36.138 Thread 0x000001695a5df160 Uncommon trap: reason=unstable_if action=reinterpret pc=0x0000016907e63e50 method=java.lang.Integer.parseInt(Ljava/lang/String;I)I @ 1 c2
Event: 36.138 Thread 0x000001695a5df160 DEOPT PACKING pc=0x0000016907e63e50 sp=0x00000008301ff4d0
Event: 36.138 Thread 0x000001695a5df160 DEOPT UNPACKING pc=0x00000169000523a3 sp=0x00000008301ff440 mode 2
Event: 36.139 Thread 0x0000016963ce90d0 Uncommon trap: trap_request=0xffffff45 fr.pc=0x0000016907bf85d4 relative=0x00000000000000d4
Event: 36.139 Thread 0x0000016963ce90d0 Uncommon trap: reason=unstable_if action=reinterpret pc=0x0000016907bf85d4 method=java.util.concurrent.locks.ReentrantLock$Sync.tryRelease(I)Z @ 26 c2
Event: 36.139 Thread 0x0000016963ce90d0 DEOPT PACKING pc=0x0000016907bf85d4 sp=0x00000008307ff1e0
Event: 36.139 Thread 0x0000016963ce90d0 DEOPT UNPACKING pc=0x00000169000523a3 sp=0x00000008307ff180 mode 2
Event: 36.139 Thread 0x000001695a5df160 Uncommon trap: trap_request=0xffffff45 fr.pc=0x0000016907f324a0 relative=0x00000000000004c0
Event: 36.139 Thread 0x000001695a5df160 Uncommon trap: reason=unstable_if action=reinterpret pc=0x0000016907f324a0 method=com.sun.javafx.tk.quantum.QuantumToolkit.defer(Ljava/lang/Runnable;)V @ 7 c2
Event: 36.139 Thread 0x000001695a5df160 DEOPT PACKING pc=0x0000016907f324a0 sp=0x00000008301ff3a0
Event: 36.139 Thread 0x000001695a5df160 DEOPT UNPACKING pc=0x00000169000523a3 sp=0x00000008301ff2d0 mode 2

Classes unloaded (0 events):
No events

Classes redefined (0 events):
No events

Internal exceptions (20 events):
Event: 4.896 Thread 0x000001695a5de2f0 Exception <a 'java/lang/NoSuchMethodError'{0x0000000710255ae0}: 'int java.lang.invoke.DirectMethodHandle$Holder.invokeStaticInit(java.lang.Object, java.lang.Object, java.lang.Object, java.lang.Object)'> (0x0000000710255ae0) 
thrown [t:\workspace\open\src\hotspot\share\interpreter\linkResolver.cpp, line 766]
Event: 4.897 Thread 0x000001695a5de2f0 Exception <a 'java/lang/IncompatibleClassChangeError'{0x000000071025f138}: Found class java.lang.Object, but interface was expected> (0x000000071025f138) 
thrown [t:\workspace\open\src\hotspot\share\interpreter\linkResolver.cpp, line 833]
Event: 4.898 Thread 0x000001695a5de2f0 Exception <a 'java/lang/NoSuchMethodError'{0x00000007102645e0}: 'int java.lang.invoke.DirectMethodHandle$Holder.invokeStaticInit(java.lang.Object, java.lang.Object)'> (0x00000007102645e0) 
thrown [t:\workspace\open\src\hotspot\share\interpreter\linkResolver.cpp, line 766]
Event: 5.004 Thread 0x000001695a5de2f0 Exception <a 'java/lang/NoSuchMethodError'{0x00000007103adea0}: 'java.lang.Object java.lang.invoke.DirectMethodHandle$Holder.invokeStaticInit(java.lang.Object, int, int, int, int)'> (0x00000007103adea0) 
thrown [t:\workspace\open\src\hotspot\share\interpreter\linkResolver.cpp, line 766]
Event: 5.169 Thread 0x000001695a5de2f0 Exception <a 'java/lang/NoSuchMethodError'{0x0000000710079038}: 'java.lang.Object java.lang.invoke.DirectMethodHandle$Holder.invokeStaticInit(java.lang.Object, java.lang.Object, int, int, int, int)'> (0x0000000710079038) 
thrown [t:\workspace\open\src\hotspot\share\interpreter\linkResolver.cpp, line 766]
Event: 5.777 Thread 0x000001695a5de2f0 Implicit null exception at 0x0000016907b6a900 to 0x0000016907b6b89d
Event: 6.049 Thread 0x000001695a5de2f0 Exception <a 'java/lang/NoSuchMethodError'{0x000000070f41d7b0}: 'java.lang.Object java.lang.invoke.DirectMethodHandle$Holder.invokeInterface(java.lang.Object, java.lang.Object, java.lang.Object)'> (0x000000070f41d7b0) 
thrown [t:\workspace\open\src\hotspot\share\interpreter\linkResolver.cpp, line 766]
Event: 6.049 Thread 0x000001695a5de2f0 Exception <a 'java/lang/IncompatibleClassChangeError'{0x000000070f420e78}: Found class java.lang.Object, but interface was expected> (0x000000070f420e78) 
thrown [t:\workspace\open\src\hotspot\share\interpreter\linkResolver.cpp, line 833]
Event: 6.431 Thread 0x000001695a5de2f0 Exception <a 'java/lang/NoSuchMethodError'{0x0000000710ee7c28}: 'java.lang.Object java.lang.invoke.DirectMethodHandle$Holder.newInvokeSpecial(java.lang.Object, java.lang.Object, int)'> (0x0000000710ee7c28) 
thrown [t:\workspace\open\src\hotspot\share\interpreter\linkResolver.cpp, line 766]
Event: 6.493 Thread 0x000001695a5de2f0 Exception <a 'java/lang/NoSuchMethodError'{0x0000000710c40348}: 'long java.lang.invoke.DirectMethodHandle$Holder.invokeStatic(java.lang.Object, java.lang.Object, java.lang.Object)'> (0x0000000710c40348) 
thrown [t:\workspace\open\src\hotspot\share\interpreter\linkResolver.cpp, line 766]
Event: 6.494 Thread 0x000001695a5de2f0 Exception <a 'java/lang/NoSuchMethodError'{0x0000000710c43af0}: 'long java.lang.invoke.DirectMethodHandle$Holder.invokeStaticInit(java.lang.Object, java.lang.Object, java.lang.Object)'> (0x0000000710c43af0) 
thrown [t:\workspace\open\src\hotspot\share\interpreter\linkResolver.cpp, line 766]
Event: 6.499 Thread 0x000001695a5de2f0 Exception <a 'java/lang/NoSuchMethodError'{0x0000000710c5b6f8}: 'java.lang.Object java.lang.invoke.DirectMethodHandle$Holder.newInvokeSpecial(java.lang.Object, java.lang.Object, long)'> (0x0000000710c5b6f8) 
thrown [t:\workspace\open\src\hotspot\share\interpreter\linkResolver.cpp, line 766]
Event: 6.500 Thread 0x000001695a5de2f0 Exception <a 'java/lang/NoSuchMethodError'{0x0000000710c5f268}: 'java.lang.Object java.lang.invoke.Invokers$Holder.linkToTargetMethod(java.lang.Object, long, java.lang.Object)'> (0x0000000710c5f268) 
thrown [t:\workspace\open\src\hotspot\share\interpreter\linkResolver.cpp, line 766]
Event: 8.444 Thread 0x000001695a5de2f0 Exception <a 'java/io/FileNotFoundException'{0x00000007039da1d0}> (0x00000007039da1d0) 
thrown [t:\workspace\open\src\hotspot\share\prims\jni.cpp, line 516]
Event: 8.978 Thread 0x000001695a5de2f0 Exception <a 'java/lang/NoSuchMethodError'{0x00000007031f6450}: 'void java.lang.invoke.DirectMethodHandle$Holder.invokeSpecialIFC(java.lang.Object, java.lang.Object, java.lang.Object, java.lang.Object)'> (0x00000007031f6450) 
thrown [t:\workspace\open\src\hotspot\share\interpreter\linkResolver.cpp, line 766]
Event: 9.797 Thread 0x000001695a5dfb00 Exception <a 'java/lang/NoSuchMethodError'{0x0000000703d35ad0}: 'java.lang.Object java.lang.invoke.DirectMethodHandle$Holder.invokeStaticInit(java.lang.Object, int)'> (0x0000000703d35ad0) 
thrown [t:\workspace\open\src\hotspot\share\interpreter\linkResolver.cpp, line 766]
Event: 15.663 Thread 0x000001695a5e17e0 Exception <a 'java/lang/NoSuchMethodError'{0x0000000711309788}: 'void java.lang.invoke.DirectMethodHandle$Holder.invokeInterface(java.lang.Object, java.lang.Object, java.lang.Object)'> (0x0000000711309788) 
thrown [t:\workspace\open\src\hotspot\share\interpreter\linkResolver.cpp, line 766]
Event: 15.702 Thread 0x000001695a5e17e0 Exception <a 'java/lang/NoSuchMethodError'{0x00000007113e3f90}: 'java.lang.Object java.lang.invoke.DirectMethodHandle$Holder.invokeSpecial(java.lang.Object, java.lang.Object, int, long)'> (0x00000007113e3f90) 
thrown [t:\workspace\open\src\hotspot\share\interpreter\linkResolver.cpp, line 766]
Event: 36.136 Thread 0x000001697f37f420 Implicit null exception at 0x0000016907ef1240 to 0x0000016907ef1b08
Event: 36.138 Thread 0x000001695a5df160 Implicit null exception at 0x0000016907e635ef to 0x0000016907e63e3c

VM Operations (20 events):
Event: 29.803 Executing VM operation: HandshakeAllThreads
Event: 29.803 Executing VM operation: HandshakeAllThreads done
Event: 30.158 Executing VM operation: G1CollectForAllocation
Event: 30.171 Executing VM operation: G1CollectForAllocation done
Event: 30.585 Executing VM operation: HandshakeAllThreads
Event: 30.585 Executing VM operation: HandshakeAllThreads done
Event: 30.683 Executing VM operation: HandshakeAllThreads
Event: 30.683 Executing VM operation: HandshakeAllThreads done
Event: 31.256 Executing VM operation: G1CollectForAllocation
Event: 31.276 Executing VM operation: G1CollectForAllocation done
Event: 32.495 Executing VM operation: G1CollectForAllocation
Event: 32.510 Executing VM operation: G1CollectForAllocation done
Event: 33.376 Executing VM operation: G1CollectForAllocation
Event: 33.389 Executing VM operation: G1CollectForAllocation done
Event: 34.384 Executing VM operation: G1CollectForAllocation
Event: 34.405 Executing VM operation: G1CollectForAllocation done
Event: 35.215 Executing VM operation: G1CollectForAllocation
Event: 35.229 Executing VM operation: G1CollectForAllocation done
Event: 35.972 Executing VM operation: G1CollectForAllocation
Event: 35.985 Executing VM operation: G1CollectForAllocation done

Events (20 events):
Event: 30.699 Thread 0x000001697f39d170 flushing nmethod 0x0000016901231310
Event: 30.699 Thread 0x000001697f39d170 flushing nmethod 0x000001690123ba10
Event: 30.699 Thread 0x000001697f39d170 flushing nmethod 0x0000016901250610
Event: 30.699 Thread 0x000001697f39d170 flushing nmethod 0x0000016901256d10
Event: 30.699 Thread 0x000001697f39d170 flushing nmethod 0x0000016901257490
Event: 30.987 Thread 0x000001695afbc830 Thread exited: 0x000001695afbc830
Event: 31.006 Thread 0x0000016964399010 Thread exited: 0x0000016964399010
Event: 33.780 Thread 0x0000016964399010 Thread added: 0x0000016964399010
Event: 33.802 Thread 0x000001695afbc830 Thread added: 0x000001695afbc830
Event: 35.187 Thread 0x000001695afbc830 Thread exited: 0x000001695afbc830
Event: 35.278 Thread 0x0000016964399010 Thread exited: 0x0000016964399010
Event: 36.136 loading class jdk/internal/misc/Signal$1
Event: 36.136 loading class jdk/internal/misc/Signal$1 done
Event: 36.137 Thread 0x0000016963ce4d70 Thread added: 0x0000016963ce4d70
Event: 36.137 Thread 0x0000016963ce90d0 Thread added: 0x0000016963ce90d0
Event: 36.137 Thread 0x0000016963ce2bc0 Thread added: 0x0000016963ce2bc0
Event: 36.137 Thread 0x0000016963ce60b0 Thread added: 0x0000016963ce60b0
Event: 36.138 Thread 0x0000016963ce8260 Thread exited: 0x0000016963ce8260
Event: 36.139 Thread 0x0000016963ce60b0 Thread exited: 0x0000016963ce60b0
Event: 36.139 Thread 0x0000016963ce2bc0 Thread exited: 0x0000016963ce2bc0


Dynamic libraries:
0x00007ff7d5970000 - 0x00007ff7d597e000 	C:\Users\Alaa Mahdi\.jdks\openjdk-17.0.2\bin\java.exe
0x00007fff6d8f0000 - 0x00007fff6dae7000 	C:\WINDOWS\SYSTEM32\ntdll.dll
0x00007fff6cf50000 - 0x00007fff6d00d000 	C:\WINDOWS\System32\KERNEL32.DLL
0x00007fff6b580000 - 0x00007fff6b84d000 	C:\WINDOWS\System32\KERNELBASE.dll
0x00007fff6b410000 - 0x00007fff6b510000 	C:\WINDOWS\System32\ucrtbase.dll
0x00007fff622e0000 - 0x00007fff622fa000 	C:\Users\Alaa Mahdi\.jdks\openjdk-17.0.2\bin\VCRUNTIME140.dll
0x00007fff627b0000 - 0x00007fff627c8000 	C:\Users\Alaa Mahdi\.jdks\openjdk-17.0.2\bin\jli.dll
0x00007fff6d010000 - 0x00007fff6d1b0000 	C:\WINDOWS\System32\USER32.dll
0x00007fff5e340000 - 0x00007fff5e5da000 	C:\WINDOWS\WinSxS\amd64_microsoft.windows.common-controls_6595b64144ccf1df_6.0.19041.1110_none_60b5254171f9507e\COMCTL32.dll
0x00007fff6b170000 - 0x00007fff6b192000 	C:\WINDOWS\System32\win32u.dll
0x00007fff6c960000 - 0x00007fff6c98a000 	C:\WINDOWS\System32\GDI32.dll
0x00007fff6c720000 - 0x00007fff6c7be000 	C:\WINDOWS\System32\msvcrt.dll
0x00007fff6b1a0000 - 0x00007fff6b2ab000 	C:\WINDOWS\System32\gdi32full.dll
0x00007fff6b2e0000 - 0x00007fff6b37d000 	C:\WINDOWS\System32\msvcp_win.dll
0x00007fff6d480000 - 0x00007fff6d4b0000 	C:\WINDOWS\System32\IMM32.DLL
0x00007fff627a0000 - 0x00007fff627ac000 	C:\Users\Alaa Mahdi\.jdks\openjdk-17.0.2\bin\vcruntime140_1.dll
0x00007fff5f590000 - 0x00007fff5f61d000 	C:\Users\Alaa Mahdi\.jdks\openjdk-17.0.2\bin\msvcp140.dll
0x00007fff4b120000 - 0x00007fff4bce1000 	C:\Users\Alaa Mahdi\.jdks\openjdk-17.0.2\bin\server\jvm.dll
0x00007fff6d3d0000 - 0x00007fff6d47e000 	C:\WINDOWS\System32\ADVAPI32.dll
0x00007fff6ba80000 - 0x00007fff6bb1c000 	C:\WINDOWS\System32\sechost.dll
0x00007fff6c7c0000 - 0x00007fff6c8e5000 	C:\WINDOWS\System32\RPCRT4.dll
0x00007fff6c710000 - 0x00007fff6c718000 	C:\WINDOWS\System32\PSAPI.DLL
0x00007fff3fdc0000 - 0x00007fff3fdc9000 	C:\WINDOWS\SYSTEM32\WSOCK32.dll
0x00007fff6c8f0000 - 0x00007fff6c95b000 	C:\WINDOWS\System32\WS2_32.dll
0x00007fff4ccb0000 - 0x00007fff4ccd7000 	C:\WINDOWS\SYSTEM32\WINMM.dll
0x00007fff605a0000 - 0x00007fff605aa000 	C:\WINDOWS\SYSTEM32\VERSION.dll
0x00007fff68f60000 - 0x00007fff68f72000 	C:\WINDOWS\SYSTEM32\kernel.appcore.dll
0x00007fff622d0000 - 0x00007fff622da000 	C:\Users\Alaa Mahdi\.jdks\openjdk-17.0.2\bin\jimage.dll
0x00007fff687a0000 - 0x00007fff68984000 	C:\WINDOWS\SYSTEM32\DBGHELP.DLL
0x00007fff60a90000 - 0x00007fff60abc000 	C:\WINDOWS\SYSTEM32\dbgcore.DLL
0x00007fff6b380000 - 0x00007fff6b402000 	C:\WINDOWS\System32\bcryptPrimitives.dll
0x00007fff5f8d0000 - 0x00007fff5f8de000 	C:\Users\Alaa Mahdi\.jdks\openjdk-17.0.2\bin\instrument.dll
0x00007fff5f100000 - 0x00007fff5f125000 	C:\Users\Alaa Mahdi\.jdks\openjdk-17.0.2\bin\java.dll
0x00007fff596f0000 - 0x00007fff597c6000 	C:\Users\Alaa Mahdi\.jdks\openjdk-17.0.2\bin\jsvml.dll
0x00007fff6be80000 - 0x00007fff6c5c4000 	C:\WINDOWS\System32\SHELL32.dll
0x00007fff69110000 - 0x00007fff698a4000 	C:\WINDOWS\SYSTEM32\windows.storage.dll
0x00007fff6bb20000 - 0x00007fff6be74000 	C:\WINDOWS\System32\combase.dll
0x00007fff6aa00000 - 0x00007fff6aa2c000 	C:\WINDOWS\SYSTEM32\Wldp.dll
0x00007fff6d5f0000 - 0x00007fff6d69d000 	C:\WINDOWS\System32\SHCORE.dll
0x00007fff6c6b0000 - 0x00007fff6c705000 	C:\WINDOWS\System32\shlwapi.dll
0x00007fff6af50000 - 0x00007fff6af6f000 	C:\WINDOWS\SYSTEM32\profapi.dll
0x00007fff596b0000 - 0x00007fff596c8000 	C:\Users\Alaa Mahdi\.jdks\openjdk-17.0.2\bin\zip.dll
0x00007fff5f320000 - 0x00007fff5f339000 	C:\Users\Alaa Mahdi\.jdks\openjdk-17.0.2\bin\net.dll
0x00007fff633f0000 - 0x00007fff634fa000 	C:\WINDOWS\SYSTEM32\WINHTTP.dll
0x00007fff6a760000 - 0x00007fff6a7ca000 	C:\WINDOWS\system32\mswsock.dll
0x00007fff5f150000 - 0x00007fff5f166000 	C:\Users\Alaa Mahdi\.jdks\openjdk-17.0.2\bin\nio.dll
0x00007fff59690000 - 0x00007fff596aa000 	C:\Program Files\JetBrains\IntelliJ IDEA 2021.3.1\bin\breakgen64.dll
0x0000016918f80000 - 0x0000016918f83000 	C:\Users\Alaa Mahdi\.openjfx\cache\18.0.1+2\api-ms-win-core-console-l1-1-0.dll
0x0000016918f90000 - 0x0000016918f93000 	C:\Users\Alaa Mahdi\.openjfx\cache\18.0.1+2\api-ms-win-core-console-l1-2-0.dll
0x0000016918fa0000 - 0x0000016918fa3000 	C:\Users\Alaa Mahdi\.openjfx\cache\18.0.1+2\api-ms-win-core-datetime-l1-1-0.dll
0x0000016918fd0000 - 0x0000016918fd3000 	C:\Users\Alaa Mahdi\.openjfx\cache\18.0.1+2\api-ms-win-core-debug-l1-1-0.dll
0x0000016918fe0000 - 0x0000016918fe3000 	C:\Users\Alaa Mahdi\.openjfx\cache\18.0.1+2\api-ms-win-core-errorhandling-l1-1-0.dll
0x0000016918ff0000 - 0x0000016918ff4000 	C:\Users\Alaa Mahdi\.openjfx\cache\18.0.1+2\api-ms-win-core-file-l1-1-0.dll
0x000001695b110000 - 0x000001695b113000 	C:\Users\Alaa Mahdi\.openjfx\cache\18.0.1+2\api-ms-win-core-file-l1-2-0.dll
0x000001695b120000 - 0x000001695b123000 	C:\Users\Alaa Mahdi\.openjfx\cache\18.0.1+2\api-ms-win-core-file-l2-1-0.dll
0x0000016918fb0000 - 0x0000016918fb3000 	C:\Users\Alaa Mahdi\.openjfx\cache\18.0.1+2\api-ms-win-core-handle-l1-1-0.dll
0x0000016918fc0000 - 0x0000016918fc3000 	C:\Users\Alaa Mahdi\.openjfx\cache\18.0.1+2\api-ms-win-core-heap-l1-1-0.dll
0x000001695b130000 - 0x000001695b133000 	C:\Users\Alaa Mahdi\.openjfx\cache\18.0.1+2\api-ms-win-core-interlocked-l1-1-0.dll
0x000001695b140000 - 0x000001695b143000 	C:\Users\Alaa Mahdi\.openjfx\cache\18.0.1+2\api-ms-win-core-libraryloader-l1-1-0.dll
0x000001695b150000 - 0x000001695b153000 	C:\Users\Alaa Mahdi\.openjfx\cache\18.0.1+2\api-ms-win-core-localization-l1-2-0.dll
0x000001695b160000 - 0x000001695b163000 	C:\Users\Alaa Mahdi\.openjfx\cache\18.0.1+2\api-ms-win-core-memory-l1-1-0.dll
0x000001695b170000 - 0x000001695b173000 	C:\Users\Alaa Mahdi\.openjfx\cache\18.0.1+2\api-ms-win-core-namedpipe-l1-1-0.dll
0x000001695b180000 - 0x000001695b183000 	C:\Users\Alaa Mahdi\.openjfx\cache\18.0.1+2\api-ms-win-core-processenvironment-l1-1-0.dll
0x000001695b190000 - 0x000001695b193000 	C:\Users\Alaa Mahdi\.openjfx\cache\18.0.1+2\api-ms-win-core-processthreads-l1-1-0.dll
0x000001695b1a0000 - 0x000001695b1a3000 	C:\Users\Alaa Mahdi\.openjfx\cache\18.0.1+2\api-ms-win-core-processthreads-l1-1-1.dll
0x000001695b1b0000 - 0x000001695b1b3000 	C:\Users\Alaa Mahdi\.openjfx\cache\18.0.1+2\api-ms-win-core-profile-l1-1-0.dll
0x000001695b1c0000 - 0x000001695b1c3000 	C:\Users\Alaa Mahdi\.openjfx\cache\18.0.1+2\api-ms-win-core-rtlsupport-l1-1-0.dll
0x000001695b1d0000 - 0x000001695b1d3000 	C:\Users\Alaa Mahdi\.openjfx\cache\18.0.1+2\api-ms-win-core-string-l1-1-0.dll
0x000001695b1e0000 - 0x000001695b1e3000 	C:\Users\Alaa Mahdi\.openjfx\cache\18.0.1+2\api-ms-win-core-synch-l1-1-0.dll
0x000001695b1f0000 - 0x000001695b1f3000 	C:\Users\Alaa Mahdi\.openjfx\cache\18.0.1+2\api-ms-win-core-synch-l1-2-0.dll
0x000001695b200000 - 0x000001695b203000 	C:\Users\Alaa Mahdi\.openjfx\cache\18.0.1+2\api-ms-win-core-sysinfo-l1-1-0.dll
0x000001695b210000 - 0x000001695b213000 	C:\Users\Alaa Mahdi\.openjfx\cache\18.0.1+2\api-ms-win-core-timezone-l1-1-0.dll
0x000001695b220000 - 0x000001695b223000 	C:\Users\Alaa Mahdi\.openjfx\cache\18.0.1+2\api-ms-win-core-util-l1-1-0.dll
0x000001695b230000 - 0x000001695b233000 	C:\Users\Alaa Mahdi\.openjfx\cache\18.0.1+2\api-ms-win-crt-conio-l1-1-0.dll
0x000001695b240000 - 0x000001695b244000 	C:\Users\Alaa Mahdi\.openjfx\cache\18.0.1+2\api-ms-win-crt-convert-l1-1-0.dll
0x000001695b250000 - 0x000001695b253000 	C:\Users\Alaa Mahdi\.openjfx\cache\18.0.1+2\api-ms-win-crt-environment-l1-1-0.dll
0x000001695b260000 - 0x000001695b263000 	C:\Users\Alaa Mahdi\.openjfx\cache\18.0.1+2\api-ms-win-crt-filesystem-l1-1-0.dll
0x000001695b270000 - 0x000001695b273000 	C:\Users\Alaa Mahdi\.openjfx\cache\18.0.1+2\api-ms-win-crt-heap-l1-1-0.dll
0x000001695b280000 - 0x000001695b283000 	C:\Users\Alaa Mahdi\.openjfx\cache\18.0.1+2\api-ms-win-crt-locale-l1-1-0.dll
0x000001695b290000 - 0x000001695b295000 	C:\Users\Alaa Mahdi\.openjfx\cache\18.0.1+2\api-ms-win-crt-math-l1-1-0.dll
0x000001695b2a0000 - 0x000001695b2a5000 	C:\Users\Alaa Mahdi\.openjfx\cache\18.0.1+2\api-ms-win-crt-multibyte-l1-1-0.dll
0x000001695b2b0000 - 0x000001695b2c0000 	C:\Users\Alaa Mahdi\.openjfx\cache\18.0.1+2\api-ms-win-crt-private-l1-1-0.dll
0x000001695b2c0000 - 0x000001695b2c3000 	C:\Users\Alaa Mahdi\.openjfx\cache\18.0.1+2\api-ms-win-crt-process-l1-1-0.dll
0x000001695b2d0000 - 0x000001695b2d4000 	C:\Users\Alaa Mahdi\.openjfx\cache\18.0.1+2\api-ms-win-crt-runtime-l1-1-0.dll
0x000001695b2e0000 - 0x000001695b2e4000 	C:\Users\Alaa Mahdi\.openjfx\cache\18.0.1+2\api-ms-win-crt-stdio-l1-1-0.dll
0x000001695b2f0000 - 0x000001695b2f4000 	C:\Users\Alaa Mahdi\.openjfx\cache\18.0.1+2\api-ms-win-crt-string-l1-1-0.dll
0x000001695b300000 - 0x000001695b303000 	C:\Users\Alaa Mahdi\.openjfx\cache\18.0.1+2\api-ms-win-crt-time-l1-1-0.dll
0x000001695b310000 - 0x000001695b313000 	C:\Users\Alaa Mahdi\.openjfx\cache\18.0.1+2\api-ms-win-crt-utility-l1-1-0.dll
0x00007fff4d120000 - 0x00007fff4d21c000 	C:\Users\Alaa Mahdi\.openjfx\cache\18.0.1+2\ucrtbase.dll
0x00007fff59670000 - 0x00007fff5968a000 	C:\Users\Alaa Mahdi\.openjfx\cache\18.0.1+2\vcruntime140.dll
0x00007fff5cc60000 - 0x00007fff5cc6c000 	C:\Users\Alaa Mahdi\.openjfx\cache\18.0.1+2\vcruntime140_1.dll
0x00007fff4d090000 - 0x00007fff4d11d000 	C:\Users\Alaa Mahdi\.openjfx\cache\18.0.1+2\msvcp140.dll
0x00007fff59640000 - 0x00007fff5966c000 	C:\Users\Alaa Mahdi\.openjfx\cache\18.0.1+2\prism_d3d.dll
0x00007fff4cec0000 - 0x00007fff4d08f000 	C:\WINDOWS\system32\d3d9.dll
0x00007fff68990000 - 0x00007fff689bf000 	C:\WINDOWS\SYSTEM32\dwmapi.dll
0x00007fff68570000 - 0x00007fff6860e000 	C:\WINDOWS\system32\uxtheme.dll
0x00007fff6d4c0000 - 0x00007fff6d5ea000 	C:\WINDOWS\System32\ole32.dll
0x00007fff6b950000 - 0x00007fff6ba1d000 	C:\WINDOWS\System32\OLEAUT32.dll
0x00007fff6c990000 - 0x00007fff6cdff000 	C:\WINDOWS\System32\SETUPAPI.dll
0x00007fff6b850000 - 0x00007fff6b89e000 	C:\WINDOWS\System32\cfgmgr32.dll
0x00007fff6b2b0000 - 0x00007fff6b2d7000 	C:\WINDOWS\System32\bcrypt.dll
0x00007fff4ce70000 - 0x00007fff4ceb2000 	C:\Users\Alaa Mahdi\.openjfx\cache\18.0.1+2\glass.dll
0x00007fff6c5d0000 - 0x00007fff6c6ab000 	C:\WINDOWS\System32\COMDLG32.dll
0x00007fff6d230000 - 0x00007fff6d345000 	C:\WINDOWS\System32\MSCTF.dll
0x00007fff4e990000 - 0x00007fff4e9cb000 	C:\WINDOWS\SYSTEM32\dxcore.dll
0x00007fff59620000 - 0x00007fff59634000 	C:\Users\Alaa Mahdi\.openjfx\cache\18.0.1+2\javafx_font.dll
0x00007fff51a90000 - 0x00007fff51d0f000 	C:\WINDOWS\SYSTEM32\dwrite.dll
0x00007fff6a430000 - 0x00007fff6a4fb000 	C:\WINDOWS\SYSTEM32\DNSAPI.dll
0x00007fff6a3f0000 - 0x00007fff6a42b000 	C:\WINDOWS\SYSTEM32\IPHLPAPI.DLL
0x00007fff6d4b0000 - 0x00007fff6d4b8000 	C:\WINDOWS\System32\NSI.dll
0x00007fff60f30000 - 0x00007fff60f3a000 	C:\Windows\System32\rasadhlp.dll
0x00007fff60600000 - 0x00007fff60680000 	C:\WINDOWS\System32\fwpuclnt.dll
0x00007fff6a950000 - 0x00007fff6a968000 	C:\WINDOWS\SYSTEM32\CRYPTSP.dll
0x00007fff6a080000 - 0x00007fff6a0b4000 	C:\WINDOWS\system32\rsaenh.dll
0x00007fff6af10000 - 0x00007fff6af3e000 	C:\WINDOWS\SYSTEM32\USERENV.dll
0x00007fff6a970000 - 0x00007fff6a97c000 	C:\WINDOWS\SYSTEM32\CRYPTBASE.dll
0x00007fff60f60000 - 0x00007fff60f77000 	C:\WINDOWS\SYSTEM32\dhcpcsvc6.DLL
0x00007fff61770000 - 0x00007fff6178d000 	C:\WINDOWS\SYSTEM32\dhcpcsvc.DLL
0x00007fff5ef50000 - 0x00007fff5ef5e000 	C:\Users\Alaa Mahdi\.jdks\openjdk-17.0.2\bin\sunmscapi.dll
0x00007fff6b010000 - 0x00007fff6b166000 	C:\WINDOWS\System32\CRYPT32.dll
0x00007fff6aa70000 - 0x00007fff6aa97000 	C:\WINDOWS\SYSTEM32\ncrypt.dll
0x00007fff6aa30000 - 0x00007fff6aa6b000 	C:\WINDOWS\SYSTEM32\NTASN1.dll
0x00007fff6cea0000 - 0x00007fff6cf49000 	C:\WINDOWS\System32\clbcatq.dll
0x00007fff55ae0000 - 0x00007fff55c94000 	C:\WINDOWS\SYSTEM32\WindowsCodecs.dll
0x00007fff41ce0000 - 0x00007fff41d1e000 	C:\WINDOWS\system32\dataexchange.dll
0x00007fff67290000 - 0x00007fff67474000 	C:\WINDOWS\system32\dcomp.dll
0x00007fff66bc0000 - 0x00007fff66e23000 	C:\WINDOWS\system32\d3d11.dll
0x00007fff69910000 - 0x00007fff69a03000 	C:\WINDOWS\system32\dxgi.dll

dbghelp: loaded successfully - version: 4.0.5 - missing functions: none
symbol engine: initialized successfully - sym options: 0x614 - pdb path: .;C:\Users\Alaa Mahdi\.jdks\openjdk-17.0.2\bin;C:\WINDOWS\SYSTEM32;C:\WINDOWS\WinSxS\amd64_microsoft.windows.common-controls_6595b64144ccf1df_6.0.19041.1110_none_60b5254171f9507e;C:\Users\Alaa Mahdi\.jdks\openjdk-17.0.2\bin\server;C:\Program Files\JetBrains\IntelliJ IDEA 2021.3.1\bin;C:\Users\Alaa Mahdi\.openjfx\cache\18.0.1+2;C:\WINDOWS\System32\DriverStore\FileRepository\iigd_dch.inf_amd64_dc16e5f1dbf8051f;C:\Program Files\Common Files\Microsoft Shared\Ink;C:\Users\Alaa Mahdi\AppData\Local\Temp\jSerialComm

VM Arguments:
jvm_args: -javaagent:C:\Program Files\JetBrains\IntelliJ IDEA 2021.3.1\lib\idea_rt.jar=53261:C:\Program Files\JetBrains\IntelliJ IDEA 2021.3.1\bin -Dfile.encoding=UTF-8 
java_command: com.hmaar.sundhed.Runner
java_class_path (initial): C:\Users\Alaa Mahdi\IdeaProjects\untitled6\sundhed\target\classes;C:\Users\Alaa Mahdi\IdeaProjects\untitled6\sundhed\lib\mysql-connector-java-8.0.27.jar;C:\Users\Alaa Mahdi\IdeaProjects\untitled6\sundhed\lib\protobuf-java-3.11.4.jar;C:\Users\Alaa Mahdi\.m2\repository\org\openjfx\javafx-controls\18.0.1\javafx-controls-18.0.1.jar;C:\Users\Alaa Mahdi\.m2\repository\org\openjfx\javafx-controls\18.0.1\javafx-controls-18.0.1-win.jar;C:\Users\Alaa Mahdi\.m2\repository\org\openjfx\javafx-graphics\18.0.1\javafx-graphics-18.0.1.jar;C:\Users\Alaa Mahdi\.m2\repository\org\openjfx\javafx-graphics\18.0.1\javafx-graphics-18.0.1-win.jar;C:\Users\Alaa Mahdi\.m2\repository\org\openjfx\javafx-base\18.0.1\javafx-base-18.0.1.jar;C:\Users\Alaa Mahdi\.m2\repository\org\openjfx\javafx-base\18.0.1\javafx-base-18.0.1-win.jar;C:\Users\Alaa Mahdi\.m2\repository\org\openjfx\javafx-fxml\18.0.1\javafx-fxml-18.0.1.jar;C:\Users\Alaa Mahdi\.m2\repository\org\openjfx\javafx-fxml\18.0.1\javafx-fxml-18.0.1-win.jar;C:\Users\Alaa Mahdi\.m2\repository\org\openjfx\javafx-web\18.0.1\javafx-web-18.0.1.jar;C:\Users\Alaa Mahdi\.m2\repository\org\openjfx\javafx-web\18.0.1\javafx-web-18.0.1-win.jar;C:\Users\Alaa Mahdi\.m2\repository\org\openjfx\javafx-media\18.0.1\javafx-media-18.0.1.jar;C:\Users\Alaa Mahdi\.m2\repository\org\openjfx\javafx-media\18.0.1\javafx-media-18.0.1-win.jar;C:\Users\Alaa Mahdi\.m2\repository\org\kordamp\ikonli\ikonli-javafx\12.3.1\ikonli-javafx-12.3.1.jar;C:\Users\Alaa Mahdi\.m2\repository\org\kordamp\ikonli\ikonli-core\12.3.1\ikonli-core-12.3.1.jar;C:\Users\Alaa Mahdi\.m2\repository\org\apiguardian\apiguardian-api\1.1.2\apiguardian-api-1.1.2.jar;C:\Users\Alaa Mahdi\.m2\repository\org\junit\jupiter\junit-jupiter-api\5.8.2\junit-jupiter-api-5.8.2.jar;C:\Users\Alaa Mahdi\.m2\repository\org\opentest4j\opentest4j\1.2.0\opentest4j-1.2.0.jar;C:\Users\Alaa Mahdi\.m2\repository\org\junit\platform\junit-platform-commons\1.8.2\junit-platform-commons-1.8.2.jar;C:\Users\A
Launcher Type: SUN_STANDARD

[Global flags]
     intx CICompilerCount                          = 4                                         {product} {ergonomic}
     uint ConcGCThreads                            = 2                                         {product} {ergonomic}
     uint G1ConcRefinementThreads                  = 8                                         {product} {ergonomic}
   size_t G1HeapRegionSize                         = 2097152                                   {product} {ergonomic}
    uintx GCDrainStackTargetSize                   = 64                                        {product} {ergonomic}
   size_t InitialHeapSize                          = 268435456                                 {product} {ergonomic}
   size_t MarkStackSize                            = 4194304                                   {product} {ergonomic}
   size_t MaxHeapSize                              = 4273995776                                {product} {ergonomic}
   size_t MaxNewSize                               = 2562719744                                {product} {ergonomic}
   size_t MinHeapDeltaBytes                        = 2097152                                   {product} {ergonomic}
   size_t MinHeapSize                              = 8388608                                   {product} {ergonomic}
    uintx NonNMethodCodeHeapSize                   = 5839372                                {pd product} {ergonomic}
    uintx NonProfiledCodeHeapSize                  = 122909434                              {pd product} {ergonomic}
    uintx ProfiledCodeHeapSize                     = 122909434                              {pd product} {ergonomic}
    uintx ReservedCodeCacheSize                    = 251658240                              {pd product} {ergonomic}
     bool SegmentedCodeCache                       = true                                      {product} {ergonomic}
   size_t SoftMaxHeapSize                          = 4273995776                             {manageable} {ergonomic}
     bool UseCompressedClassPointers               = true                           {product lp64_product} {ergonomic}
     bool UseCompressedOops                        = true                           {product lp64_product} {ergonomic}
     bool UseG1GC                                  = true                                      {product} {ergonomic}
     bool UseLargePagesIndividualAllocation        = false                                  {pd product} {ergonomic}

Logging:
Log output configuration:
 #0: stdout all=warning uptime,level,tags
 #1: stderr all=off uptime,level,tags

Environment Variables:
PATH=C:\Program Files\Common Files\Oracle\Java\javapath;C:\Program Files (x86)\Common Files\Oracle\Java\javapath;C:\WINDOWS\system32;C:\WINDOWS;C:\WINDOWS\System32\Wbem;C:\WINDOWS\System32\WindowsPowerShell\v1.0\;C:\WINDOWS\System32\OpenSSH\;C:\Program Files (x86)\Git\cmd;C:\Users\Alaa Mahdi\AppData\Local\Microsoft\WindowsApps;C:\Users\Alaa Mahdi\AppData\Local\GitHubDesktop\bin
USERNAME=Alaa Mahdi
OS=Windows_NT
PROCESSOR_IDENTIFIER=Intel64 Family 6 Model 142 Stepping 10, GenuineIntel



---------------  S Y S T E M  ---------------

OS:
 Windows 10 , 64 bit Build 19041 (10.0.19041.1741)
OS uptime: 0 days 5:38 hours

CPU: total 8 (initial active 8) (4 cores per cpu, 2 threads per core) family 6 model 142 stepping 10 microcode 0xec, cx8, cmov, fxsr, ht, mmx, 3dnowpref, sse, sse2, sse3, ssse3, sse4.1, sse4.2, popcnt, lzcnt, tsc, tscinvbit, avx, avx2, aes, erms, clmul, bmi1, bmi2, rtm, adx, fma, vzeroupper, clflush, clflushopt

Memory: 4k page, system-wide physical 16301M (7473M free)
TotalPageFile size 18733M (AvailPageFile size 6726M)
current process WorkingSet (physical memory assigned to process): 558M, peak: 604M
current process commit charge ("private bytes"): 603M, peak: 647M

vm_info: OpenJDK 64-Bit Server VM (17.0.2+8-86) for windows-amd64 JRE (17.0.2+8-86), built on Dec  7 2021 21:49:10 by "mach5one" with MS VC++ 16.8 / 16.9 (VS2019)

END.
