#
# A fatal error has been detected by the Java Runtime Environment:
#
#  EXCEPTION_ACCESS_VIOLATION (0xc0000005) at pc=0x00007fff6d953416, pid=11900, tid=5952
#
# JRE version: OpenJDK Runtime Environment (17.0.2+8) (build 17.0.2+8-86)
# Java VM: OpenJDK 64-Bit Server VM (17.0.2+8-86, mixed mode, sharing, tiered, compressed oops, compressed class ptrs, g1 gc, windows-amd64)
# Problematic frame:
# C  [ntdll.dll+0x63416]
#
# No core dump will be written. Minidumps are not enabled by default on client versions of Windows
#
# If you would like to submit a bug report, please visit:
#   https://bugreport.java.com/bugreport/crash.jsp
# The crash happened outside the Java Virtual Machine in native code.
# See problematic frame for where to report the bug.
#

---------------  S U M M A R Y ------------

Command Line: -javaagent:C:\Program Files\JetBrains\IntelliJ IDEA 2021.3.1\lib\idea_rt.jar=53100:C:\Program Files\JetBrains\IntelliJ IDEA 2021.3.1\bin -Dfile.encoding=UTF-8 com.hmaar.sundhed.Runner

Host: Intel(R) Core(TM) i7-8650U CPU @ 1.90GHz, 8 cores, 15G,  Windows 10 , 64 bit Build 19041 (10.0.19041.1741)
Time: Tue Jun 21 04:24:10 2022 Rom, sommertid elapsed time: 75.747725 seconds (0d 0h 1m 15s)

---------------  T H R E A D  ---------------

Current thread (0x00000242e96ea1c0):  JavaThread "Thread-3" [_thread_in_native, id=5952, stack(0x0000005ac0800000,0x0000005ac0900000)]

Stack: [0x0000005ac0800000,0x0000005ac0900000],  sp=0x0000005ac08feb20,  free space=1018k
Native frames: (J=compiled Java code, j=interpreted, Vv=VM code, C=native code)
C  [ntdll.dll+0x63416]
C  [ntdll.dll+0x2fcb4]
C  [ntdll.dll+0x2fae2]
C  0x00007fff4c333cb2

Java frames: (J=compiled Java code, j=interpreted, Vv=VM code)
j  com.fazecast.jSerialComm.SerialPort.closePortNative(J)J+0
j  com.fazecast.jSerialComm.SerialPort.closePort()Z+29
j  com.hmaar.sundhed.model.recorders.SensorRecorder.resetSerialConnection()V+37
J 5896% c1 com.hmaar.sundhed.model.recorders.SensorRecorder.run()V (267 bytes) @ 0x00000242c82e8b9c [0x00000242c82e6b20+0x000000000000207c]
j  java.lang.Thread.run()V+11 java.base@17.0.2
v  ~StubRoutines::call_stub

siginfo: EXCEPTION_ACCESS_VIOLATION (0xc0000005), writing address 0x0000000000000024


Register to memory mapping:

RIP=0x00007fff6d953416 ntdll.dll
RAX=0x0 is NULL
RBX=0x00007fff4c35fd00 points into unknown readable memory: 0x0000000000000000 | 00 00 00 00 00 00 00 00
RCX=0x00007fff4c35fd00 points into unknown readable memory: 0x0000000000000000 | 00 00 00 00 00 00 00 00
RDX=0x00000000fffffffa is an unknown value
RSP=0x0000005ac08feb20 is pointing into the stack for thread: 0x00000242e96ea1c0
RBP=0x0000005ac08fed00 is pointing into the stack for thread: 0x00000242e96ea1c0
RSI=0x0 is NULL
RDI=0x0 is NULL
R8 =0x0 is NULL
R9 =0x00007fff4c35fd00 points into unknown readable memory: 0x0000000000000000 | 00 00 00 00 00 00 00 00
R10=0x0 is NULL
R11=0x0000000000000246 is an unknown value
R12=0x0 is NULL
R13=0x0000005abd9d6000 points into unknown readable memory: 0x0000000000000000 | 00 00 00 00 00 00 00 00
R14=0x0000000000000001 is an unknown value
R15=0x0 is NULL


Registers:
RAX=0x0000000000000000, RBX=0x00007fff4c35fd00, RCX=0x00007fff4c35fd00, RDX=0x00000000fffffffa
RSP=0x0000005ac08feb20, RBP=0x0000005ac08fed00, RSI=0x0000000000000000, RDI=0x0000000000000000
R8 =0x0000000000000000, R9 =0x00007fff4c35fd00, R10=0x0000000000000000, R11=0x0000000000000246
R12=0x0000000000000000, R13=0x0000005abd9d6000, R14=0x0000000000000001, R15=0x0000000000000000
RIP=0x00007fff6d953416, EFLAGS=0x0000000000010213

Top of Stack: (sp=0x0000005ac08feb20)
0x0000005ac08feb20:   ffffffffffffffff 00007fff4c35fd00
0x0000005ac08feb30:   0000000000000000 0000000000000000
0x0000005ac08feb40:   0000000000000000 0000000000000000
0x0000005ac08feb50:   0000000000000000 0000000000000000
0x0000005ac08feb60:   0000000000000000 00000000fffffffa
0x0000005ac08feb70:   0000005abd9d6000 0000000000000000
0x0000005ac08feb80:   0000000000000000 0000000000000000
0x0000005ac08feb90:   0000000000000000 0000000000000000
0x0000005ac08feba0:   0000000000000000 0000000000000000
0x0000005ac08febb0:   00007d8cc7423433 0000000000000000
0x0000005ac08febc0:   00000242e96ea100 0000000000000001
0x0000005ac08febd0:   0000000000000001 0000000000000001
0x0000005ac08febe0:   0000000000000000 00007fff4c35fd00
0x0000005ac08febf0:   0000005ac08fed00 00007fff6d91fcb4
0x0000005ac08fec00:   0000000000000000 0000000000000000
0x0000005ac08fec10:   00000000fffffffa 0000000000000000 

Instructions: (pc=0x00007fff6d953416)
0x00007fff6d953316:   20 e9 ed fe ff ff 48 89 41 18 e9 e4 fe ff ff cc
0x00007fff6d953326:   cc cc cc cc cc cc cc cc cc cc 80 3d d1 81 10 00
0x00007fff6d953336:   00 0f 95 c0 c3 cc cc cc cc cc cc cc cc cc cc cc
0x00007fff6d953346:   cc cc cc cc cc cc cc cc cc cc 48 83 ec 38 8b 05
0x00007fff6d953356:   d2 67 10 00 89 44 24 20 e8 41 02 00 00 48 83 c4
0x00007fff6d953366:   38 c3 cc cc cc cc cc cc cc cc 48 89 5c 24 18 55
0x00007fff6d953376:   56 57 41 54 41 55 41 56 41 57 48 81 ec a0 00 00
0x00007fff6d953386:   00 48 8b 05 82 01 12 00 48 33 c4 48 89 84 24 90
0x00007fff6d953396:   00 00 00 65 4c 8b 2c 25 30 00 00 00 48 8d 05 4f
0x00007fff6d9533a6:   21 10 00 40 32 ed 89 54 24 48 33 f6 40 88 6c 24
0x00007fff6d9533b6:   40 4c 89 6c 24 50 48 8b d9 44 8b e6 48 3b c8 0f
0x00007fff6d9533c6:   84 39 01 00 00 40 38 35 36 81 10 00 0f 85 a8 01
0x00007fff6d9533d6:   00 00 39 35 4a 81 10 00 0f 85 6a 01 00 00 40 38
0x00007fff6d9533e6:   35 0d 7c 10 00 48 8d 3d 0e 7c 10 00 48 0f 45 fe
0x00007fff6d9533f6:   48 39 73 18 0f 84 d2 00 00 00 48 8b 03 48 83 f8
0x00007fff6d953406:   ff 0f 84 d2 00 00 00 44 8b fe 48 83 f8 ff 74 03
0x00007fff6d953416:   ff 40 24 4c 8b 73 18 4c 8d 2d d4 20 10 00 bd 22
0x00007fff6d953426:   17 00 00 e8 22 14 fc ff 85 c0 0f 85 be b2 05 00
0x00007fff6d953436:   b9 82 03 fe 7f 80 39 00 0f 85 cc b2 05 00 49 83
0x00007fff6d953446:   fe ff 0f 85 5a b3 05 00 4c 8b cf c7 44 24 20 00
0x00007fff6d953456:   00 00 00 41 b8 04 00 00 00 48 8d 54 24 48 48 8d
0x00007fff6d953466:   4b 08 e8 37 01 00 00 3d 02 01 00 00 0f 84 43 b3
0x00007fff6d953476:   05 00 8b 4b 08 89 4c 24 48 f6 c1 02 75 ca 3d 02
0x00007fff6d953486:   01 00 00 0f 84 2c b3 05 00 0f b6 6c 24 40 4c 8b
0x00007fff6d953496:   6c 24 50 85 c0 0f 88 78 b4 05 00 40 84 ed 75 73
0x00007fff6d9534a6:   48 8b 8c 24 90 00 00 00 48 33 cc e8 7a 8d 02 00
0x00007fff6d9534b6:   48 8b 9c 24 f0 00 00 00 48 81 c4 a0 00 00 00 41
0x00007fff6d9534c6:   5f 41 5e 41 5d 41 5c 5f 5e 5d c3 cc 48 8b cb e8
0x00007fff6d9534d6:   56 05 00 00 e9 21 ff ff ff 8b 4b 20 48 c7 c0 ff
0x00007fff6d9534e6:   ff ff ff 48 0f ba e1 18 0f 82 19 ff ff ff 48 8b
0x00007fff6d9534f6:   cb e8 44 e3 fa ff 48 8b 03 e9 09 ff ff ff c6 44
0x00007fff6d953506:   24 40 01 41 c7 85 60 17 00 00 01 00 00 00 e9 b2 


Stack slot to memory mapping:
stack at sp + 0 slots: 0xffffffffffffffff is an unknown value
stack at sp + 1 slots: 0x00007fff4c35fd00 points into unknown readable memory: 0x0000000000000000 | 00 00 00 00 00 00 00 00
stack at sp + 2 slots: 0x0 is NULL
stack at sp + 3 slots: 0x0 is NULL
stack at sp + 4 slots: 0x0 is NULL
stack at sp + 5 slots: 0x0 is NULL
stack at sp + 6 slots: 0x0 is NULL
stack at sp + 7 slots: 0x0 is NULL


---------------  P R O C E S S  ---------------

Threads class SMR info:
_java_thread_list=0x00000242f0b5dd50, length=22, elements={
0x00000242c00bfdf0, 0x00000242e2dd7780, 0x00000242e2dd8ca0, 0x00000242e2deb900,
0x00000242e2dee2d0, 0x00000242e2def330, 0x00000242e2df08a0, 0x00000242e2dfa980,
0x00000242e2dfc1c0, 0x00000242e2e0f290, 0x00000242e38ef4c0, 0x00000242e399dc30,
0x00000242e399e100, 0x00000242e3b56830, 0x00000242e42bb990, 0x00000242e42bf560,
0x00000242e43f36e0, 0x00000242e8c13b20, 0x00000242e96eb500, 0x00000242e96ea690,
0x00000242e96ea1c0, 0x00000242e96eab60
}

Java Threads: ( => current thread )
  0x00000242c00bfdf0 JavaThread "main" [_thread_blocked, id=1088, stack(0x0000005abdd00000,0x0000005abde00000)]
  0x00000242e2dd7780 JavaThread "Reference Handler" daemon [_thread_blocked, id=292, stack(0x0000005abe400000,0x0000005abe500000)]
  0x00000242e2dd8ca0 JavaThread "Finalizer" daemon [_thread_blocked, id=8764, stack(0x0000005abe500000,0x0000005abe600000)]
  0x00000242e2deb900 JavaThread "Signal Dispatcher" daemon [_thread_blocked, id=9124, stack(0x0000005abe600000,0x0000005abe700000)]
  0x00000242e2dee2d0 JavaThread "Attach Listener" daemon [_thread_blocked, id=5932, stack(0x0000005abe700000,0x0000005abe800000)]
  0x00000242e2def330 JavaThread "Service Thread" daemon [_thread_blocked, id=6420, stack(0x0000005abe800000,0x0000005abe900000)]
  0x00000242e2df08a0 JavaThread "Monitor Deflation Thread" daemon [_thread_blocked, id=8880, stack(0x0000005abe900000,0x0000005abea00000)]
  0x00000242e2dfa980 JavaThread "C2 CompilerThread0" daemon [_thread_blocked, id=6384, stack(0x0000005abea00000,0x0000005abeb00000)]
  0x00000242e2dfc1c0 JavaThread "C1 CompilerThread0" daemon [_thread_blocked, id=5856, stack(0x0000005abeb00000,0x0000005abec00000)]
  0x00000242e2e0f290 JavaThread "Sweeper thread" daemon [_thread_blocked, id=11304, stack(0x0000005abec00000,0x0000005abed00000)]
  0x00000242e38ef4c0 JavaThread "Common-Cleaner" daemon [_thread_blocked, id=1668, stack(0x0000005abed00000,0x0000005abee00000)]
  0x00000242e399dc30 JavaThread "Monitor Ctrl-Break" daemon [_thread_in_native, id=8000, stack(0x0000005abef00000,0x0000005abf000000)]
  0x00000242e399e100 JavaThread "Notification Thread" daemon [_thread_blocked, id=1544, stack(0x0000005abf000000,0x0000005abf100000)]
  0x00000242e3b56830 JavaThread "JavaFX-Launcher" [_thread_blocked, id=7116, stack(0x0000005abf200000,0x0000005abf300000)]
  0x00000242e42bb990 JavaThread "InvokeLaterDispatcher" daemon [_thread_blocked, id=10916, stack(0x0000005abf400000,0x0000005abf500000)]
  0x00000242e42bf560 JavaThread "JavaFX Application Thread" [_thread_blocked, id=7492, stack(0x0000005abf500000,0x0000005abf600000)]
  0x00000242e43f36e0 JavaThread "Thread-2" daemon [_thread_in_native, id=6828, stack(0x0000005abf900000,0x0000005abfa00000)]
  0x00000242e8c13b20 JavaThread "mysql-cj-abandoned-connection-cleanup" daemon [_thread_blocked, id=6604, stack(0x0000005ac0100000,0x0000005ac0200000)]
  0x00000242e96eb500 JavaThread "Prism Font Disposer" daemon [_thread_blocked, id=11080, stack(0x0000005ac0600000,0x0000005ac0700000)]
  0x00000242e96ea690 JavaThread "Cleaner-0" daemon [_thread_blocked, id=1600, stack(0x0000005abee00000,0x0000005abef00000)]
=>0x00000242e96ea1c0 JavaThread "Thread-3" [_thread_in_native, id=5952, stack(0x0000005ac0800000,0x0000005ac0900000)]
  0x00000242e96eab60 JavaThread "Thread-4" [_thread_blocked, id=9304, stack(0x0000005ac0900000,0x0000005ac0a00000)]

Other Threads:
  0x00000242e2dd3c20 VMThread "VM Thread" [stack: 0x0000005abe300000,0x0000005abe400000] [id=8840]
  0x00000242c012acb0 WatcherThread [stack: 0x0000005abf100000,0x0000005abf200000] [id=4140]
  0x00000242c010e9a0 GCTaskThread "GC Thread#0" [stack: 0x0000005abde00000,0x0000005abdf00000] [id=6400]
  0x00000242e883e0a0 GCTaskThread "GC Thread#1" [stack: 0x0000005abfa00000,0x0000005abfb00000] [id=500]
  0x00000242e8af9fe0 GCTaskThread "GC Thread#2" [stack: 0x0000005abfb00000,0x0000005abfc00000] [id=6952]
  0x00000242e89728e0 GCTaskThread "GC Thread#3" [stack: 0x0000005abfc00000,0x0000005abfd00000] [id=7372]
  0x00000242e88c9b70 GCTaskThread "GC Thread#4" [stack: 0x0000005abfd00000,0x0000005abfe00000] [id=4344]
  0x00000242e88c9e20 GCTaskThread "GC Thread#5" [stack: 0x0000005abfe00000,0x0000005abff00000] [id=5260]
  0x00000242e896f1e0 GCTaskThread "GC Thread#6" [stack: 0x0000005abff00000,0x0000005ac0000000] [id=2844]
  0x00000242e8a94080 GCTaskThread "GC Thread#7" [stack: 0x0000005ac0000000,0x0000005ac0100000] [id=9280]
  0x00000242c01226e0 ConcurrentGCThread "G1 Main Marker" [stack: 0x0000005abdf00000,0x0000005abe000000] [id=11768]
  0x00000242c01237a0 ConcurrentGCThread "G1 Conc#0" [stack: 0x0000005abe000000,0x0000005abe100000] [id=1620]
  0x00000242e95cd7d0 ConcurrentGCThread "G1 Conc#1" [stack: 0x0000005ac0200000,0x0000005ac0300000] [id=1788]
  0x00000242e2c920c0 ConcurrentGCThread "G1 Refine#0" [stack: 0x0000005abe100000,0x0000005abe200000] [id=7392]
  0x00000242e2c929f0 ConcurrentGCThread "G1 Service" [stack: 0x0000005abe200000,0x0000005abe300000] [id=5420]

Threads with active compile tasks:

VM state: not at safepoint (normal execution)

VM Mutex/Monitor currently owned by a thread: None

Heap address: 0x0000000701400000, size: 4076 MB, Compressed Oops mode: Zero based, Oop shift amount: 3

CDS archive(s) mapped at: [0x0000000800000000-0x0000000800bc0000-0x0000000800bc0000), size 12320768, SharedBaseAddress: 0x0000000800000000, ArchiveRelocationMode: 0.
Compressed class space mapped at: 0x0000000800c00000-0x0000000840c00000, reserved size: 1073741824
Narrow klass base: 0x0000000800000000, Narrow klass shift: 0, Narrow klass range: 0x100000000

GC Precious Log:
 CPUs: 8 total, 8 available
 Memory: 16301M
 Large Page Support: Disabled
 NUMA Support: Disabled
 Compressed Oops: Enabled (Zero based)
 Heap Region Size: 2M
 Heap Min Capacity: 8M
 Heap Initial Capacity: 256M
 Heap Max Capacity: 4076M
 Pre-touch: Disabled
 Parallel Workers: 8
 Concurrent Workers: 2
 Concurrent Refinement Workers: 8
 Periodic GC: Disabled

Heap:
 garbage-first heap   total 147456K, used 68213K [0x0000000701400000, 0x0000000800000000)
  region size 2048K, 15 young (30720K), 3 survivors (6144K)
 Metaspace       used 30302K, committed 30592K, reserved 1081344K
  class space    used 3974K, committed 4096K, reserved 1048576K

Heap Regions: E=young(eden), S=young(survivor), O=old, HS=humongous(starts), HC=humongous(continues), CS=collection set, F=free, OA=open archive, CA=closed archive, TAMS=top-at-mark-start (previous, next)
|   0|0x0000000701400000, 0x0000000701600000, 0x0000000701600000|100%| O|  |TAMS 0x0000000701600000, 0x0000000701400000| Untracked 
|   1|0x0000000701600000, 0x0000000701800000, 0x0000000701800000|100%| O|  |TAMS 0x0000000701800000, 0x0000000701600000| Untracked 
|   2|0x0000000701800000, 0x0000000701a00000, 0x0000000701a00000|100%| O|  |TAMS 0x0000000701a00000, 0x0000000701800000| Untracked 
|   3|0x0000000701a00000, 0x0000000701c00000, 0x0000000701c00000|100%| O|  |TAMS 0x0000000701c00000, 0x0000000701a00000| Untracked 
|   4|0x0000000701c00000, 0x0000000701e00000, 0x0000000701e00000|100%| O|  |TAMS 0x0000000701e00000, 0x0000000701c00000| Untracked 
|   5|0x0000000701e00000, 0x0000000702000000, 0x0000000702000000|100%|HS|  |TAMS 0x0000000702000000, 0x0000000701e00000| Complete 
|   6|0x0000000702000000, 0x0000000702200000, 0x0000000702200000|100%|HC|  |TAMS 0x0000000702200000, 0x0000000702000000| Complete 
|   7|0x0000000702200000, 0x0000000702400000, 0x0000000702400000|100%| O|  |TAMS 0x0000000702400000, 0x0000000702200000| Untracked 
|   8|0x0000000702400000, 0x0000000702600000, 0x0000000702600000|100%| O|  |TAMS 0x0000000702600000, 0x0000000702400000| Untracked 
|   9|0x0000000702600000, 0x0000000702800000, 0x0000000702800000|100%| O|  |TAMS 0x0000000702800000, 0x0000000702600000| Untracked 
|  10|0x0000000702800000, 0x0000000702a00000, 0x0000000702a00000|100%|HS|  |TAMS 0x0000000702a00000, 0x0000000702800000| Complete 
|  11|0x0000000702a00000, 0x0000000702c00000, 0x0000000702c00000|100%| O|  |TAMS 0x0000000702c00000, 0x0000000702a00000| Untracked 
|  12|0x0000000702c00000, 0x0000000702e00000, 0x0000000702e00000|100%|HS|  |TAMS 0x0000000702e00000, 0x0000000702c00000| Complete 
|  13|0x0000000702e00000, 0x0000000703000000, 0x0000000703000000|100%| O|  |TAMS 0x0000000703000000, 0x0000000702e00000| Untracked 
|  14|0x0000000703000000, 0x0000000703200000, 0x0000000703200000|100%| O|  |TAMS 0x0000000703200000, 0x0000000703000000| Untracked 
|  15|0x0000000703200000, 0x0000000703322a00, 0x0000000703400000| 56%| O|  |TAMS 0x0000000703214600, 0x0000000703200000| Untracked 
|  16|0x0000000703400000, 0x0000000703600000, 0x0000000703600000|100%| O|  |TAMS 0x0000000703400000, 0x0000000703400000| Untracked 
|  17|0x0000000703600000, 0x0000000703800000, 0x0000000703800000|100%| O|  |TAMS 0x0000000703600000, 0x0000000703600000| Untracked 
|  18|0x0000000703800000, 0x0000000703a00000, 0x0000000703a00000|100%| O|  |TAMS 0x0000000703800000, 0x0000000703800000| Untracked 
|  19|0x0000000703a00000, 0x0000000703bb5c00, 0x0000000703c00000| 85%| O|  |TAMS 0x0000000703a00000, 0x0000000703a00000| Untracked 
|  20|0x0000000703c00000, 0x0000000703c00000, 0x0000000703e00000|  0%| F|  |TAMS 0x0000000703c00000, 0x0000000703c00000| Untracked 
|  21|0x0000000703e00000, 0x0000000703e00000, 0x0000000704000000|  0%| F|  |TAMS 0x0000000703e00000, 0x0000000703e00000| Untracked 
|  22|0x0000000704000000, 0x0000000704000000, 0x0000000704200000|  0%| F|  |TAMS 0x0000000704000000, 0x0000000704000000| Untracked 
|  23|0x0000000704200000, 0x0000000704200000, 0x0000000704400000|  0%| F|  |TAMS 0x0000000704200000, 0x0000000704200000| Untracked 
|  24|0x0000000704400000, 0x0000000704400000, 0x0000000704600000|  0%| F|  |TAMS 0x0000000704400000, 0x0000000704400000| Untracked 
|  25|0x0000000704600000, 0x0000000704600000, 0x0000000704800000|  0%| F|  |TAMS 0x0000000704600000, 0x0000000704600000| Untracked 
|  26|0x0000000704800000, 0x0000000704800000, 0x0000000704a00000|  0%| F|  |TAMS 0x0000000704800000, 0x0000000704800000| Untracked 
|  27|0x0000000704a00000, 0x0000000704a00000, 0x0000000704c00000|  0%| F|  |TAMS 0x0000000704a00000, 0x0000000704a00000| Untracked 
|  28|0x0000000704c00000, 0x0000000704c00000, 0x0000000704e00000|  0%| F|  |TAMS 0x0000000704c00000, 0x0000000704c00000| Untracked 
|  29|0x0000000704e00000, 0x0000000704e00000, 0x0000000705000000|  0%| F|  |TAMS 0x0000000704e00000, 0x0000000704e00000| Untracked 
|  30|0x0000000705000000, 0x0000000705000000, 0x0000000705200000|  0%| F|  |TAMS 0x0000000705000000, 0x0000000705000000| Untracked 
|  31|0x0000000705200000, 0x0000000705200000, 0x0000000705400000|  0%| F|  |TAMS 0x0000000705200000, 0x0000000705200000| Untracked 
|  32|0x0000000705400000, 0x0000000705400000, 0x0000000705600000|  0%| F|  |TAMS 0x0000000705400000, 0x0000000705400000| Untracked 
|  33|0x0000000705600000, 0x00000007057c4fa0, 0x0000000705800000| 88%| S|CS|TAMS 0x0000000705600000, 0x0000000705600000| Complete 
|  34|0x0000000705800000, 0x0000000705a00000, 0x0000000705a00000|100%| S|CS|TAMS 0x0000000705800000, 0x0000000705800000| Complete 
|  35|0x0000000705a00000, 0x0000000705c00000, 0x0000000705c00000|100%| S|CS|TAMS 0x0000000705a00000, 0x0000000705a00000| Complete 
|  36|0x0000000705c00000, 0x0000000705c00000, 0x0000000705e00000|  0%| F|  |TAMS 0x0000000705c00000, 0x0000000705c00000| Untracked 
|  37|0x0000000705e00000, 0x0000000705e00000, 0x0000000706000000|  0%| F|  |TAMS 0x0000000705e00000, 0x0000000705e00000| Untracked 
|  38|0x0000000706000000, 0x0000000706000000, 0x0000000706200000|  0%| F|  |TAMS 0x0000000706000000, 0x0000000706000000| Untracked 
|  39|0x0000000706200000, 0x0000000706200000, 0x0000000706400000|  0%| F|  |TAMS 0x0000000706200000, 0x0000000706200000| Untracked 
|  40|0x0000000706400000, 0x0000000706400000, 0x0000000706600000|  0%| F|  |TAMS 0x0000000706400000, 0x0000000706400000| Untracked 
|  41|0x0000000706600000, 0x0000000706600000, 0x0000000706800000|  0%| F|  |TAMS 0x0000000706600000, 0x0000000706600000| Untracked 
|  42|0x0000000706800000, 0x0000000706800000, 0x0000000706a00000|  0%| F|  |TAMS 0x0000000706800000, 0x0000000706800000| Untracked 
|  43|0x0000000706a00000, 0x0000000706a00000, 0x0000000706c00000|  0%| F|  |TAMS 0x0000000706a00000, 0x0000000706a00000| Untracked 
|  44|0x0000000706c00000, 0x0000000706c00000, 0x0000000706e00000|  0%| F|  |TAMS 0x0000000706c00000, 0x0000000706c00000| Untracked 
|  45|0x0000000706e00000, 0x0000000706e00000, 0x0000000707000000|  0%| F|  |TAMS 0x0000000706e00000, 0x0000000706e00000| Untracked 
|  46|0x0000000707000000, 0x0000000707000000, 0x0000000707200000|  0%| F|  |TAMS 0x0000000707000000, 0x0000000707000000| Untracked 
|  47|0x0000000707200000, 0x0000000707200000, 0x0000000707400000|  0%| F|  |TAMS 0x0000000707200000, 0x0000000707200000| Untracked 
|  48|0x0000000707400000, 0x0000000707400000, 0x0000000707600000|  0%| F|  |TAMS 0x0000000707400000, 0x0000000707400000| Untracked 
|  49|0x0000000707600000, 0x0000000707600000, 0x0000000707800000|  0%| F|  |TAMS 0x0000000707600000, 0x0000000707600000| Untracked 
|  50|0x0000000707800000, 0x0000000707800000, 0x0000000707a00000|  0%| F|  |TAMS 0x0000000707800000, 0x0000000707800000| Untracked 
|  51|0x0000000707a00000, 0x0000000707a00000, 0x0000000707c00000|  0%| F|  |TAMS 0x0000000707a00000, 0x0000000707a00000| Untracked 
|  52|0x0000000707c00000, 0x0000000707c00000, 0x0000000707e00000|  0%| F|  |TAMS 0x0000000707c00000, 0x0000000707c00000| Untracked 
|  53|0x0000000707e00000, 0x0000000707e00000, 0x0000000708000000|  0%| F|  |TAMS 0x0000000707e00000, 0x0000000707e00000| Untracked 
|  54|0x0000000708000000, 0x0000000708000000, 0x0000000708200000|  0%| F|  |TAMS 0x0000000708000000, 0x0000000708000000| Untracked 
|  55|0x0000000708200000, 0x0000000708200000, 0x0000000708400000|  0%| F|  |TAMS 0x0000000708200000, 0x0000000708200000| Untracked 
|  56|0x0000000708400000, 0x0000000708400000, 0x0000000708600000|  0%| F|  |TAMS 0x0000000708400000, 0x0000000708400000| Untracked 
|  57|0x0000000708600000, 0x0000000708600000, 0x0000000708800000|  0%| F|  |TAMS 0x0000000708600000, 0x0000000708600000| Untracked 
|  58|0x0000000708800000, 0x0000000708800000, 0x0000000708a00000|  0%| F|  |TAMS 0x0000000708800000, 0x0000000708800000| Untracked 
|  59|0x0000000708a00000, 0x0000000708a00000, 0x0000000708c00000|  0%| F|  |TAMS 0x0000000708a00000, 0x0000000708a00000| Untracked 
|  60|0x0000000708c00000, 0x0000000708c8eca8, 0x0000000708e00000| 27%| E|  |TAMS 0x0000000708c00000, 0x0000000708c00000| Complete 
|  61|0x0000000708e00000, 0x0000000709000000, 0x0000000709000000|100%| E|CS|TAMS 0x0000000708e00000, 0x0000000708e00000| Complete 
|  62|0x0000000709000000, 0x0000000709200000, 0x0000000709200000|100%| E|CS|TAMS 0x0000000709000000, 0x0000000709000000| Complete 
|  63|0x0000000709200000, 0x0000000709400000, 0x0000000709400000|100%| E|CS|TAMS 0x0000000709200000, 0x0000000709200000| Complete 
|  64|0x0000000709400000, 0x0000000709600000, 0x0000000709600000|100%| E|CS|TAMS 0x0000000709400000, 0x0000000709400000| Complete 
|  65|0x0000000709600000, 0x0000000709800000, 0x0000000709800000|100%| E|CS|TAMS 0x0000000709600000, 0x0000000709600000| Complete 
|  66|0x0000000709800000, 0x0000000709a00000, 0x0000000709a00000|100%| E|CS|TAMS 0x0000000709800000, 0x0000000709800000| Complete 
|  67|0x0000000709a00000, 0x0000000709c00000, 0x0000000709c00000|100%| E|CS|TAMS 0x0000000709a00000, 0x0000000709a00000| Complete 
|  68|0x0000000709c00000, 0x0000000709e00000, 0x0000000709e00000|100%| E|CS|TAMS 0x0000000709c00000, 0x0000000709c00000| Complete 
|  69|0x0000000709e00000, 0x000000070a000000, 0x000000070a000000|100%| E|CS|TAMS 0x0000000709e00000, 0x0000000709e00000| Complete 
|  70|0x000000070a000000, 0x000000070a200000, 0x000000070a200000|100%| E|CS|TAMS 0x000000070a000000, 0x000000070a000000| Complete 
| 127|0x0000000711200000, 0x0000000711400000, 0x0000000711400000|100%| E|CS|TAMS 0x0000000711200000, 0x0000000711200000| Complete 

Card table byte_map: [0x00000242d7440000,0x00000242d7c40000] _byte_map_base: 0x00000242d3c36000

Marking Bits (Prev, Next): (CMBitMap*) 0x00000242c010ff10, (CMBitMap*) 0x00000242c010fed0
 Prev Bits: [0x00000242dc3f0000, 0x00000242e03a0000)
 Next Bits: [0x00000242d8440000, 0x00000242dc3f0000)

Polling page: 0x00000242be090000

Metaspace:

Usage:
  Non-class:     25.71 MB used.
      Class:      3.88 MB used.
       Both:     29.59 MB used.

Virtual space:
  Non-class space:       32.00 MB reserved,      25.88 MB ( 81%) committed,  4 nodes.
      Class space:        1.00 GB reserved,       4.00 MB ( <1%) committed,  1 nodes.
             Both:        1.03 GB reserved,      29.88 MB (  3%) committed. 

Chunk freelists:
   Non-Class:  2.16 MB
       Class:  3.94 MB
        Both:  6.09 MB

MaxMetaspaceSize: unlimited
CompressedClassSpaceSize: 1.00 GB
Initial GC threshold: 21.00 MB
Current GC threshold: 48.06 MB
CDS: on
MetaspaceReclaimPolicy: balanced
 - commit_granule_bytes: 65536.
 - commit_granule_words: 8192.
 - virtual_space_node_default_size: 1048576.
 - enlarge_chunks_in_place: 1.
 - new_chunks_are_fully_committed: 0.
 - uncommit_free_chunks: 1.
 - use_allocation_guard: 0.
 - handle_deallocations: 1.


Internal statistics:

num_allocs_failed_limit: 3.
num_arena_births: 264.
num_arena_deaths: 0.
num_vsnodes_births: 5.
num_vsnodes_deaths: 0.
num_space_committed: 478.
num_space_uncommitted: 0.
num_chunks_returned_to_freelist: 3.
num_chunks_taken_from_freelist: 1162.
num_chunk_merges: 3.
num_chunk_splits: 805.
num_chunks_enlarged: 626.
num_purges: 0.
num_inconsistent_stats: 0.

CodeHeap 'non-profiled nmethods': size=120000Kb used=7066Kb max_used=7380Kb free=112933Kb
 bounds [0x00000242cf3e0000, 0x00000242cfb20000, 0x00000242d6910000]
CodeHeap 'profiled nmethods': size=120000Kb used=10621Kb max_used=13383Kb free=109378Kb
 bounds [0x00000242c7eb0000, 0x00000242c8c10000, 0x00000242cf3e0000]
CodeHeap 'non-nmethods': size=5760Kb used=1532Kb max_used=1686Kb free=4227Kb
 bounds [0x00000242c7910000, 0x00000242c7b80000, 0x00000242c7eb0000]
 total_blobs=7121 nmethods=6207 adapters=826
 compilation: enabled
              stopped_count=0, restarted_count=0
 full_count=0

Compilation events (20 events):
Event: 74.573 Thread 0x00000242bde09870 nmethod 8364 0x00000242cfb0db90 code [0x00000242cfb0dd20, 0x00000242cfb0dde8]
Event: 74.573 Thread 0x00000242bde09870 8363       4       com.sun.javafx.geom.transform.TransformHelper::general3dBoundsTransform (937 bytes)
Event: 74.578 Thread 0x00000242e2dfa980 nmethod 8361 0x00000242cfb0df10 code [0x00000242cfb0e0a0, 0x00000242cfb0e378]
Event: 74.578 Thread 0x00000242e2dfa980 8354       4       com.sun.javafx.geom.RectBounds::intersectWith (86 bytes)
Event: 74.581 Thread 0x00000242e2dfa980 nmethod 8354 0x00000242cfb0e690 code [0x00000242cfb0e820, 0x00000242cfb0eaf8]
Event: 74.630 Thread 0x00000242bde09870 nmethod 8363 0x00000242cfb0ec10 code [0x00000242cfb0ee40, 0x00000242cfb10858]
Event: 74.716 Thread 0x00000242bde09870 8365       4       java.lang.String::<init> (830 bytes)
Event: 74.836 Thread 0x00000242bde09870 nmethod 8365 0x00000242cfb11510 code [0x00000242cfb117e0, 0x00000242cfb144e8]
Event: 74.837 Thread 0x00000242e2dfc1c0 8366   !   3       java.io.BufferedWriter::write (117 bytes)
Event: 74.838 Thread 0x00000242e2dfc1c0 nmethod 8366 0x00000242c8762390 code [0x00000242c8762580, 0x00000242c8762b88]
Event: 75.422 Thread 0x00000242e2dfa980 8367       4       com.sun.prism.impl.BaseResourcePool$WeakLinkedList::getResource (11 bytes)
Event: 75.424 Thread 0x00000242e2dfa980 nmethod 8367 0x00000242cf9b9190 code [0x00000242cf9b9300, 0x00000242cf9b93f8]
Event: 75.442 Thread 0x00000242e2dfc1c0 8368   !   3       com.sun.glass.ui.InvokeLaterDispatcher$Future::run (91 bytes)
Event: 75.444 Thread 0x00000242e2dfc1c0 nmethod 8368 0x00000242c85ad710 code [0x00000242c85ad900, 0x00000242c85addc8]
Event: 75.473 Thread 0x00000242e2dfa980 8369       4       com.sun.javafx.application.PlatformImpl$$Lambda$103/0x0000000800c827d0::run (8 bytes)
Event: 75.474 Thread 0x00000242e2dfa980 nmethod 8369 0x00000242cfa0f990 code [0x00000242cfa0fb00, 0x00000242cfa0fb98]
Event: 75.701 Thread 0x00000242e2dfa980 8370       4       java.lang.invoke.LambdaForm$MH/0x0000000800c24c00::invoke (32 bytes)
Event: 75.703 Thread 0x00000242e2dfa980 nmethod 8370 0x00000242cfa10c10 code [0x00000242cfa10da0, 0x00000242cfa10eb8]
Event: 75.731 Thread 0x00000242e2dfc1c0 8371       1       java.util.logging.LogManager$LoggerContext::getOwner (5 bytes)
Event: 75.732 Thread 0x00000242e2dfc1c0 nmethod 8371 0x00000242cf88ae90 code [0x00000242cf88b020, 0x00000242cf88b0f8]

GC Heap History (20 events):
Event: 67.488 GC heap before
{Heap before GC invocations=71 (full 0):
 garbage-first heap   total 147456K, used 118677K [0x0000000701400000, 0x0000000800000000)
  region size 2048K, 39 young (79872K), 3 survivors (6144K)
 Metaspace       used 30291K, committed 30592K, reserved 1081344K
  class space    used 3971K, committed 4096K, reserved 1048576K
}
Event: 67.495 GC heap after
{Heap after GC invocations=72 (full 0):
 garbage-first heap   total 147456K, used 44841K [0x0000000701400000, 0x0000000800000000)
  region size 2048K, 3 young (6144K), 3 survivors (6144K)
 Metaspace       used 30291K, committed 30592K, reserved 1081344K
  class space    used 3971K, committed 4096K, reserved 1048576K
}
Event: 68.324 GC heap before
{Heap before GC invocations=72 (full 0):
 garbage-first heap   total 147456K, used 118569K [0x0000000701400000, 0x0000000800000000)
  region size 2048K, 39 young (79872K), 3 survivors (6144K)
 Metaspace       used 30291K, committed 30592K, reserved 1081344K
  class space    used 3971K, committed 4096K, reserved 1048576K
}
Event: 68.330 GC heap after
{Heap after GC invocations=73 (full 0):
 garbage-first heap   total 147456K, used 44670K [0x0000000701400000, 0x0000000800000000)
  region size 2048K, 3 young (6144K), 3 survivors (6144K)
 Metaspace       used 30291K, committed 30592K, reserved 1081344K
  class space    used 3971K, committed 4096K, reserved 1048576K
}
Event: 69.209 GC heap before
{Heap before GC invocations=73 (full 0):
 garbage-first heap   total 147456K, used 118398K [0x0000000701400000, 0x0000000800000000)
  region size 2048K, 39 young (79872K), 3 survivors (6144K)
 Metaspace       used 30291K, committed 30592K, reserved 1081344K
  class space    used 3971K, committed 4096K, reserved 1048576K
}
Event: 69.216 GC heap after
{Heap after GC invocations=74 (full 0):
 garbage-first heap   total 147456K, used 45019K [0x0000000701400000, 0x0000000800000000)
  region size 2048K, 3 young (6144K), 3 survivors (6144K)
 Metaspace       used 30291K, committed 30592K, reserved 1081344K
  class space    used 3971K, committed 4096K, reserved 1048576K
}
Event: 70.049 GC heap before
{Heap before GC invocations=74 (full 0):
 garbage-first heap   total 147456K, used 118747K [0x0000000701400000, 0x0000000800000000)
  region size 2048K, 39 young (79872K), 3 survivors (6144K)
 Metaspace       used 30291K, committed 30592K, reserved 1081344K
  class space    used 3971K, committed 4096K, reserved 1048576K
}
Event: 70.056 GC heap after
{Heap after GC invocations=75 (full 0):
 garbage-first heap   total 147456K, used 44856K [0x0000000701400000, 0x0000000800000000)
  region size 2048K, 3 young (6144K), 3 survivors (6144K)
 Metaspace       used 30291K, committed 30592K, reserved 1081344K
  class space    used 3971K, committed 4096K, reserved 1048576K
}
Event: 71.042 GC heap before
{Heap before GC invocations=75 (full 0):
 garbage-first heap   total 147456K, used 118584K [0x0000000701400000, 0x0000000800000000)
  region size 2048K, 39 young (79872K), 3 survivors (6144K)
 Metaspace       used 30291K, committed 30592K, reserved 1081344K
  class space    used 3971K, committed 4096K, reserved 1048576K
}
Event: 71.048 GC heap after
{Heap after GC invocations=76 (full 0):
 garbage-first heap   total 147456K, used 45227K [0x0000000701400000, 0x0000000800000000)
  region size 2048K, 3 young (6144K), 3 survivors (6144K)
 Metaspace       used 30291K, committed 30592K, reserved 1081344K
  class space    used 3971K, committed 4096K, reserved 1048576K
}
Event: 71.828 GC heap before
{Heap before GC invocations=76 (full 0):
 garbage-first heap   total 147456K, used 118955K [0x0000000701400000, 0x0000000800000000)
  region size 2048K, 39 young (79872K), 3 survivors (6144K)
 Metaspace       used 30291K, committed 30592K, reserved 1081344K
  class space    used 3971K, committed 4096K, reserved 1048576K
}
Event: 71.834 GC heap after
{Heap after GC invocations=77 (full 0):
 garbage-first heap   total 147456K, used 45127K [0x0000000701400000, 0x0000000800000000)
  region size 2048K, 3 young (6144K), 3 survivors (6144K)
 Metaspace       used 30291K, committed 30592K, reserved 1081344K
  class space    used 3971K, committed 4096K, reserved 1048576K
}
Event: 72.779 GC heap before
{Heap before GC invocations=77 (full 0):
 garbage-first heap   total 147456K, used 118855K [0x0000000701400000, 0x0000000800000000)
  region size 2048K, 39 young (79872K), 3 survivors (6144K)
 Metaspace       used 30291K, committed 30592K, reserved 1081344K
  class space    used 3971K, committed 4096K, reserved 1048576K
}
Event: 72.785 GC heap after
{Heap after GC invocations=78 (full 0):
 garbage-first heap   total 147456K, used 45167K [0x0000000701400000, 0x0000000800000000)
  region size 2048K, 3 young (6144K), 3 survivors (6144K)
 Metaspace       used 30291K, committed 30592K, reserved 1081344K
  class space    used 3971K, committed 4096K, reserved 1048576K
}
Event: 73.593 GC heap before
{Heap before GC invocations=78 (full 0):
 garbage-first heap   total 147456K, used 118895K [0x0000000701400000, 0x0000000800000000)
  region size 2048K, 39 young (79872K), 3 survivors (6144K)
 Metaspace       used 30291K, committed 30592K, reserved 1081344K
  class space    used 3971K, committed 4096K, reserved 1048576K
}
Event: 73.599 GC heap after
{Heap after GC invocations=79 (full 0):
 garbage-first heap   total 147456K, used 45288K [0x0000000701400000, 0x0000000800000000)
  region size 2048K, 3 young (6144K), 3 survivors (6144K)
 Metaspace       used 30291K, committed 30592K, reserved 1081344K
  class space    used 3971K, committed 4096K, reserved 1048576K
}
Event: 74.539 GC heap before
{Heap before GC invocations=79 (full 0):
 garbage-first heap   total 147456K, used 119016K [0x0000000701400000, 0x0000000800000000)
  region size 2048K, 39 young (79872K), 3 survivors (6144K)
 Metaspace       used 30291K, committed 30592K, reserved 1081344K
  class space    used 3971K, committed 4096K, reserved 1048576K
}
Event: 74.545 GC heap after
{Heap after GC invocations=80 (full 0):
 garbage-first heap   total 147456K, used 45243K [0x0000000701400000, 0x0000000800000000)
  region size 2048K, 3 young (6144K), 3 survivors (6144K)
 Metaspace       used 30291K, committed 30592K, reserved 1081344K
  class space    used 3971K, committed 4096K, reserved 1048576K
}
Event: 75.559 GC heap before
{Heap before GC invocations=80 (full 0):
 garbage-first heap   total 147456K, used 118971K [0x0000000701400000, 0x0000000800000000)
  region size 2048K, 39 young (79872K), 3 survivors (6144K)
 Metaspace       used 30291K, committed 30592K, reserved 1081344K
  class space    used 3971K, committed 4096K, reserved 1048576K
}
Event: 75.567 GC heap after
{Heap after GC invocations=81 (full 0):
 garbage-first heap   total 147456K, used 45685K [0x0000000701400000, 0x0000000800000000)
  region size 2048K, 3 young (6144K), 3 survivors (6144K)
 Metaspace       used 30291K, committed 30592K, reserved 1081344K
  class space    used 3971K, committed 4096K, reserved 1048576K
}

Deoptimization events (20 events):
Event: 75.732 Thread 0x00000242e96e8010 Uncommon trap: trap_request=0xffffff76 fr.pc=0x00000242cf6cdd88 relative=0x0000000000000208
Event: 75.732 Thread 0x00000242e96e8010 Uncommon trap: reason=predicate action=maybe_recompile pc=0x00000242cf6cdd88 method=java.util.concurrent.CopyOnWriteArrayList.indexOfRange(Ljava/lang/Object;[Ljava/lang/Object;II)I @ 38 c2
Event: 75.732 Thread 0x00000242e96e8010 DEOPT PACKING pc=0x00000242cf6cdd88 sp=0x0000005abdbfec60
Event: 75.732 Thread 0x00000242e96e8010 DEOPT UNPACKING pc=0x00000242c79623a3 sp=0x0000005abdbfebe0 mode 2
Event: 75.732 Thread 0x00000242e96ea1c0 Uncommon trap: trap_request=0xffffff45 fr.pc=0x00000242cf8e430c relative=0x000000000000106c
Event: 75.732 Thread 0x00000242e96ea1c0 Uncommon trap: reason=unstable_if action=reinterpret pc=0x00000242cf8e430c method=java.io.BufferedReader.readLine(Z[Z)Ljava/lang/String; @ 63 c2
Event: 75.732 Thread 0x00000242e96ea1c0 DEOPT PACKING pc=0x00000242cf8e430c sp=0x0000005ac08fede0
Event: 75.732 Thread 0x00000242e96ea1c0 DEOPT UNPACKING pc=0x00000242c79623a3 sp=0x0000005ac08fed78 mode 2
Event: 75.732 Thread 0x00000242e96ea1c0 Uncommon trap: trap_request=0xffffff45 fr.pc=0x00000242cf4921a0 relative=0x00000000000003e0
Event: 75.732 Thread 0x00000242e96ea1c0 Uncommon trap: reason=unstable_if action=reinterpret pc=0x00000242cf4921a0 method=java.lang.Integer.parseInt(Ljava/lang/String;I)I @ 1 c2
Event: 75.732 Thread 0x00000242e96ea1c0 DEOPT PACKING pc=0x00000242cf4921a0 sp=0x0000005ac08fee30
Event: 75.732 Thread 0x00000242e96ea1c0 DEOPT UNPACKING pc=0x00000242c79623a3 sp=0x0000005ac08feda0 mode 2
Event: 75.732 Thread 0x00000242e96eb9d0 Uncommon trap: trap_request=0xffffff45 fr.pc=0x00000242cf8d60a4 relative=0x0000000000000184
Event: 75.732 Thread 0x00000242e96eb9d0 Uncommon trap: reason=unstable_if action=reinterpret pc=0x00000242cf8d60a4 method=java.util.concurrent.locks.ReentrantLock$Sync.tryRelease(I)Z @ 26 c2
Event: 75.732 Thread 0x00000242e96ea1c0 Uncommon trap: trap_request=0xffffff45 fr.pc=0x00000242cf7f1c24 relative=0x0000000000000c64
Event: 75.732 Thread 0x00000242e96ea1c0 Uncommon trap: reason=unstable_if action=reinterpret pc=0x00000242cf7f1c24 method=com.sun.javafx.tk.quantum.QuantumToolkit.defer(Ljava/lang/Runnable;)V @ 7 c2
Event: 75.732 Thread 0x00000242e96eb9d0 DEOPT PACKING pc=0x00000242cf8d60a4 sp=0x0000005abdafefd0
Event: 75.732 Thread 0x00000242e96ea1c0 DEOPT PACKING pc=0x00000242cf7f1c24 sp=0x0000005ac08fecc0
Event: 75.732 Thread 0x00000242e96ea1c0 DEOPT UNPACKING pc=0x00000242c79623a3 sp=0x0000005ac08fec50 mode 2
Event: 75.732 Thread 0x00000242e96eb9d0 DEOPT UNPACKING pc=0x00000242c79623a3 sp=0x0000005abdafeec0 mode 2

Classes unloaded (0 events):
No events

Classes redefined (0 events):
No events

Internal exceptions (20 events):
Event: 2.573 Thread 0x00000242e42bf560 Exception <a 'java/lang/NoSuchMethodError'{0x00000007102c3570}: 'int java.lang.invoke.DirectMethodHandle$Holder.invokeStaticInit(java.lang.Object, java.lang.Object)'> (0x00000007102c3570) 
thrown [t:\workspace\open\src\hotspot\share\interpreter\linkResolver.cpp, line 766]
Event: 2.668 Thread 0x00000242e42bf560 Exception <a 'java/lang/NoSuchMethodError'{0x000000071000d420}: 'java.lang.Object java.lang.invoke.DirectMethodHandle$Holder.invokeStaticInit(java.lang.Object, int, int, int, int)'> (0x000000071000d420) 
thrown [t:\workspace\open\src\hotspot\share\interpreter\linkResolver.cpp, line 766]
Event: 2.761 Thread 0x00000242e42bf560 Exception <a 'java/lang/NoSuchMethodError'{0x00000007100d97f0}: 'java.lang.Object java.lang.invoke.DirectMethodHandle$Holder.invokeStaticInit(java.lang.Object, java.lang.Object, int, int, int, int)'> (0x00000007100d97f0) 
thrown [t:\workspace\open\src\hotspot\share\interpreter\linkResolver.cpp, line 766]
Event: 3.123 Thread 0x00000242e42bf560 Implicit null exception at 0x00000242cf485200 to 0x00000242cf48619a
Event: 3.336 Thread 0x00000242e42bf560 Exception <a 'java/lang/NoSuchMethodError'{0x000000070f45ff60}: 'java.lang.Object java.lang.invoke.DirectMethodHandle$Holder.invokeInterface(java.lang.Object, java.lang.Object, java.lang.Object)'> (0x000000070f45ff60) 
thrown [t:\workspace\open\src\hotspot\share\interpreter\linkResolver.cpp, line 766]
Event: 3.337 Thread 0x00000242e42bf560 Exception <a 'java/lang/IncompatibleClassChangeError'{0x000000070f463628}: Found class java.lang.Object, but interface was expected> (0x000000070f463628) 
thrown [t:\workspace\open\src\hotspot\share\interpreter\linkResolver.cpp, line 833]
Event: 3.681 Thread 0x00000242e42bf560 Exception <a 'java/lang/NoSuchMethodError'{0x0000000710f2a348}: 'java.lang.Object java.lang.invoke.DirectMethodHandle$Holder.newInvokeSpecial(java.lang.Object, java.lang.Object, int)'> (0x0000000710f2a348) 
thrown [t:\workspace\open\src\hotspot\share\interpreter\linkResolver.cpp, line 766]
Event: 3.740 Thread 0x00000242e42bf560 Exception <a 'java/lang/NoSuchMethodError'{0x0000000710f82e58}: 'long java.lang.invoke.DirectMethodHandle$Holder.invokeStatic(java.lang.Object, java.lang.Object, java.lang.Object)'> (0x0000000710f82e58) 
thrown [t:\workspace\open\src\hotspot\share\interpreter\linkResolver.cpp, line 766]
Event: 3.741 Thread 0x00000242e42bf560 Exception <a 'java/lang/NoSuchMethodError'{0x0000000710f86600}: 'long java.lang.invoke.DirectMethodHandle$Holder.invokeStaticInit(java.lang.Object, java.lang.Object, java.lang.Object)'> (0x0000000710f86600) 
thrown [t:\workspace\open\src\hotspot\share\interpreter\linkResolver.cpp, line 766]
Event: 3.745 Thread 0x00000242e42bf560 Exception <a 'java/lang/NoSuchMethodError'{0x0000000710f9e208}: 'java.lang.Object java.lang.invoke.DirectMethodHandle$Holder.newInvokeSpecial(java.lang.Object, java.lang.Object, long)'> (0x0000000710f9e208) 
thrown [t:\workspace\open\src\hotspot\share\interpreter\linkResolver.cpp, line 766]
Event: 3.745 Thread 0x00000242e42bf560 Exception <a 'java/lang/NoSuchMethodError'{0x0000000710fa1d78}: 'java.lang.Object java.lang.invoke.Invokers$Holder.linkToTargetMethod(java.lang.Object, long, java.lang.Object)'> (0x0000000710fa1d78) 
thrown [t:\workspace\open\src\hotspot\share\interpreter\linkResolver.cpp, line 766]
Event: 7.112 Thread 0x00000242e42bf560 Exception <a 'java/io/FileNotFoundException'{0x0000000702e25150}> (0x0000000702e25150) 
thrown [t:\workspace\open\src\hotspot\share\prims\jni.cpp, line 516]
Event: 7.659 Thread 0x00000242e42bf560 Exception <a 'java/lang/NoSuchMethodError'{0x00000007106494c0}: 'void java.lang.invoke.DirectMethodHandle$Holder.invokeSpecialIFC(java.lang.Object, java.lang.Object, java.lang.Object, java.lang.Object)'> (0x00000007106494c0) 
thrown [t:\workspace\open\src\hotspot\share\interpreter\linkResolver.cpp, line 766]
Event: 8.560 Thread 0x00000242e41d65e0 Exception <a 'java/lang/NoSuchMethodError'{0x000000071122f090}: 'java.lang.Object java.lang.invoke.DirectMethodHandle$Holder.invokeStaticInit(java.lang.Object, int)'> (0x000000071122f090) 
thrown [t:\workspace\open\src\hotspot\share\interpreter\linkResolver.cpp, line 766]
Event: 14.364 Thread 0x00000242e42bf560 Implicit null exception at 0x00000242cf5cc208 to 0x00000242cf5d6bf4
Event: 18.260 Thread 0x00000242e96eab60 Exception <a 'java/lang/NoSuchMethodError'{0x00000007038372a0}: 'void java.lang.invoke.DirectMethodHandle$Holder.invokeInterface(java.lang.Object, java.lang.Object, java.lang.Object)'> (0x00000007038372a0) 
thrown [t:\workspace\open\src\hotspot\share\interpreter\linkResolver.cpp, line 766]
Event: 18.292 Thread 0x00000242e96eab60 Exception <a 'java/lang/NoSuchMethodError'{0x00000007038c8f10}: 'java.lang.Object java.lang.invoke.DirectMethodHandle$Holder.invokeSpecial(java.lang.Object, java.lang.Object, int, long)'> (0x00000007038c8f10) 
thrown [t:\workspace\open\src\hotspot\share\interpreter\linkResolver.cpp, line 766]
Event: 18.450 Thread 0x00000242e42bf560 Implicit null exception at 0x00000242cf5ef5a0 to 0x00000242cf5ef5f4
Event: 19.530 Thread 0x00000242e96eab60 Exception <a 'java/lang/NoSuchMethodError'{0x0000000711201a70}: 'void java.lang.invoke.DirectMethodHandle$Holder.invokeSpecial(java.lang.Object, java.lang.Object, int)'> (0x0000000711201a70) 
thrown [t:\workspace\open\src\hotspot\share\interpreter\linkResolver.cpp, line 766]
Event: 75.732 Thread 0x00000242e96ea1c0 Implicit null exception at 0x00000242cf491dd6 to 0x00000242cf492190

VM Operations (20 events):
Event: 70.049 Executing VM operation: G1CollectForAllocation
Event: 70.056 Executing VM operation: G1CollectForAllocation done
Event: 71.042 Executing VM operation: G1CollectForAllocation
Event: 71.048 Executing VM operation: G1CollectForAllocation done
Event: 71.828 Executing VM operation: G1CollectForAllocation
Event: 71.834 Executing VM operation: G1CollectForAllocation done
Event: 72.779 Executing VM operation: G1CollectForAllocation
Event: 72.785 Executing VM operation: G1CollectForAllocation done
Event: 73.106 Executing VM operation: HandshakeAllThreads
Event: 73.106 Executing VM operation: HandshakeAllThreads done
Event: 73.593 Executing VM operation: G1CollectForAllocation
Event: 73.599 Executing VM operation: G1CollectForAllocation done
Event: 74.539 Executing VM operation: G1CollectForAllocation
Event: 74.545 Executing VM operation: G1CollectForAllocation done
Event: 74.630 Executing VM operation: HandshakeAllThreads
Event: 74.630 Executing VM operation: HandshakeAllThreads done
Event: 74.836 Executing VM operation: HandshakeAllThreads
Event: 74.836 Executing VM operation: HandshakeAllThreads done
Event: 75.559 Executing VM operation: G1CollectForAllocation
Event: 75.568 Executing VM operation: G1CollectForAllocation done

Events (20 events):
Event: 74.852 Thread 0x00000242e2e0f290 flushing nmethod 0x00000242c8ae7690
Event: 74.852 Thread 0x00000242e2e0f290 flushing nmethod 0x00000242c8b1df90
Event: 74.852 Thread 0x00000242e2e0f290 flushing nmethod 0x00000242c8b7a490
Event: 74.852 Thread 0x00000242e2e0f290 flushing nmethod 0x00000242c8b7b090
Event: 74.852 Thread 0x00000242e2e0f290 flushing nmethod 0x00000242c8b7b890
Event: 74.852 Thread 0x00000242e2e0f290 flushing nmethod 0x00000242c8b7d810
Event: 74.852 Thread 0x00000242e2e0f290 flushing nmethod 0x00000242c8b7ff90
Event: 74.852 Thread 0x00000242e2e0f290 flushing nmethod 0x00000242c8b80610
Event: 74.852 Thread 0x00000242e2e0f290 flushing nmethod 0x00000242c8b81c90
Event: 74.852 Thread 0x00000242e2e0f290 flushing nmethod 0x00000242c8b9ad10
Event: 74.852 Thread 0x00000242e2e0f290 flushing nmethod 0x00000242c8bad790
Event: 74.852 Thread 0x00000242e2e0f290 flushing nmethod 0x00000242c8bb1e10
Event: 74.852 Thread 0x00000242e2e0f290 flushing nmethod 0x00000242c8bc3510
Event: 75.422 Thread 0x00000242bde09870 Thread exited: 0x00000242bde09870
Event: 75.730 Thread 0x00000242e96eb9d0 Thread added: 0x00000242e96eb9d0
Event: 75.730 Thread 0x00000242e96e8010 Thread added: 0x00000242e96e8010
Event: 75.731 Thread 0x00000242e96e89b0 Thread added: 0x00000242e96e89b0
Event: 75.732 Thread 0x00000242e96e8010 Thread exited: 0x00000242e96e8010
Event: 75.732 Thread 0x00000242e96eb030 Thread exited: 0x00000242e96eb030
Event: 75.732 Thread 0x00000242e96e89b0 Thread exited: 0x00000242e96e89b0


Dynamic libraries:
0x00007ff7d5970000 - 0x00007ff7d597e000 	C:\Users\Alaa Mahdi\.jdks\openjdk-17.0.2\bin\java.exe
0x00007fff6d8f0000 - 0x00007fff6dae7000 	C:\WINDOWS\SYSTEM32\ntdll.dll
0x00007fff6cf50000 - 0x00007fff6d00d000 	C:\WINDOWS\System32\KERNEL32.DLL
0x00007fff6b580000 - 0x00007fff6b84d000 	C:\WINDOWS\System32\KERNELBASE.dll
0x00007fff6b410000 - 0x00007fff6b510000 	C:\WINDOWS\System32\ucrtbase.dll
0x00007fff627b0000 - 0x00007fff627c8000 	C:\Users\Alaa Mahdi\.jdks\openjdk-17.0.2\bin\jli.dll
0x00007fff622e0000 - 0x00007fff622fa000 	C:\Users\Alaa Mahdi\.jdks\openjdk-17.0.2\bin\VCRUNTIME140.dll
0x00007fff6d010000 - 0x00007fff6d1b0000 	C:\WINDOWS\System32\USER32.dll
0x00007fff5e340000 - 0x00007fff5e5da000 	C:\WINDOWS\WinSxS\amd64_microsoft.windows.common-controls_6595b64144ccf1df_6.0.19041.1110_none_60b5254171f9507e\COMCTL32.dll
0x00007fff6b170000 - 0x00007fff6b192000 	C:\WINDOWS\System32\win32u.dll
0x00007fff6c960000 - 0x00007fff6c98a000 	C:\WINDOWS\System32\GDI32.dll
0x00007fff6c720000 - 0x00007fff6c7be000 	C:\WINDOWS\System32\msvcrt.dll
0x00007fff6b1a0000 - 0x00007fff6b2ab000 	C:\WINDOWS\System32\gdi32full.dll
0x00007fff6b2e0000 - 0x00007fff6b37d000 	C:\WINDOWS\System32\msvcp_win.dll
0x00007fff6d480000 - 0x00007fff6d4b0000 	C:\WINDOWS\System32\IMM32.DLL
0x00007fff627a0000 - 0x00007fff627ac000 	C:\Users\Alaa Mahdi\.jdks\openjdk-17.0.2\bin\vcruntime140_1.dll
0x00007fff5f590000 - 0x00007fff5f61d000 	C:\Users\Alaa Mahdi\.jdks\openjdk-17.0.2\bin\msvcp140.dll
0x00007fff4b120000 - 0x00007fff4bce1000 	C:\Users\Alaa Mahdi\.jdks\openjdk-17.0.2\bin\server\jvm.dll
0x00007fff6d3d0000 - 0x00007fff6d47e000 	C:\WINDOWS\System32\ADVAPI32.dll
0x00007fff6ba80000 - 0x00007fff6bb1c000 	C:\WINDOWS\System32\sechost.dll
0x00007fff6c7c0000 - 0x00007fff6c8e5000 	C:\WINDOWS\System32\RPCRT4.dll
0x00007fff6c710000 - 0x00007fff6c718000 	C:\WINDOWS\System32\PSAPI.DLL
0x00007fff3fdc0000 - 0x00007fff3fdc9000 	C:\WINDOWS\SYSTEM32\WSOCK32.dll
0x00007fff6c8f0000 - 0x00007fff6c95b000 	C:\WINDOWS\System32\WS2_32.dll
0x00007fff4ccb0000 - 0x00007fff4ccd7000 	C:\WINDOWS\SYSTEM32\WINMM.dll
0x00007fff605a0000 - 0x00007fff605aa000 	C:\WINDOWS\SYSTEM32\VERSION.dll
0x00007fff68f60000 - 0x00007fff68f72000 	C:\WINDOWS\SYSTEM32\kernel.appcore.dll
0x00007fff622d0000 - 0x00007fff622da000 	C:\Users\Alaa Mahdi\.jdks\openjdk-17.0.2\bin\jimage.dll
0x00007fff687a0000 - 0x00007fff68984000 	C:\WINDOWS\SYSTEM32\DBGHELP.DLL
0x00007fff60a90000 - 0x00007fff60abc000 	C:\WINDOWS\SYSTEM32\dbgcore.DLL
0x00007fff6b380000 - 0x00007fff6b402000 	C:\WINDOWS\System32\bcryptPrimitives.dll
0x00007fff5f8d0000 - 0x00007fff5f8de000 	C:\Users\Alaa Mahdi\.jdks\openjdk-17.0.2\bin\instrument.dll
0x00007fff5f100000 - 0x00007fff5f125000 	C:\Users\Alaa Mahdi\.jdks\openjdk-17.0.2\bin\java.dll
0x00007fff596f0000 - 0x00007fff597c6000 	C:\Users\Alaa Mahdi\.jdks\openjdk-17.0.2\bin\jsvml.dll
0x00007fff6be80000 - 0x00007fff6c5c4000 	C:\WINDOWS\System32\SHELL32.dll
0x00007fff69110000 - 0x00007fff698a4000 	C:\WINDOWS\SYSTEM32\windows.storage.dll
0x00007fff6bb20000 - 0x00007fff6be74000 	C:\WINDOWS\System32\combase.dll
0x00007fff6aa00000 - 0x00007fff6aa2c000 	C:\WINDOWS\SYSTEM32\Wldp.dll
0x00007fff6d5f0000 - 0x00007fff6d69d000 	C:\WINDOWS\System32\SHCORE.dll
0x00007fff6c6b0000 - 0x00007fff6c705000 	C:\WINDOWS\System32\shlwapi.dll
0x00007fff6af50000 - 0x00007fff6af6f000 	C:\WINDOWS\SYSTEM32\profapi.dll
0x00007fff596b0000 - 0x00007fff596c8000 	C:\Users\Alaa Mahdi\.jdks\openjdk-17.0.2\bin\zip.dll
0x00007fff5f320000 - 0x00007fff5f339000 	C:\Users\Alaa Mahdi\.jdks\openjdk-17.0.2\bin\net.dll
0x00007fff633f0000 - 0x00007fff634fa000 	C:\WINDOWS\SYSTEM32\WINHTTP.dll
0x00007fff6a760000 - 0x00007fff6a7ca000 	C:\WINDOWS\system32\mswsock.dll
0x00007fff5f150000 - 0x00007fff5f166000 	C:\Users\Alaa Mahdi\.jdks\openjdk-17.0.2\bin\nio.dll
0x00007fff59690000 - 0x00007fff596aa000 	C:\Program Files\JetBrains\IntelliJ IDEA 2021.3.1\bin\breakgen64.dll
0x00000242be0e0000 - 0x00000242be0e3000 	C:\Users\Alaa Mahdi\.openjfx\cache\18.0.1+2\api-ms-win-core-console-l1-1-0.dll
0x00000242c0060000 - 0x00000242c0063000 	C:\Users\Alaa Mahdi\.openjfx\cache\18.0.1+2\api-ms-win-core-console-l1-2-0.dll
0x00000242c0070000 - 0x00000242c0073000 	C:\Users\Alaa Mahdi\.openjfx\cache\18.0.1+2\api-ms-win-core-datetime-l1-1-0.dll
0x00000242c0080000 - 0x00000242c0083000 	C:\Users\Alaa Mahdi\.openjfx\cache\18.0.1+2\api-ms-win-core-debug-l1-1-0.dll
0x00000242c0090000 - 0x00000242c0093000 	C:\Users\Alaa Mahdi\.openjfx\cache\18.0.1+2\api-ms-win-core-errorhandling-l1-1-0.dll
0x00000242e2f40000 - 0x00000242e2f44000 	C:\Users\Alaa Mahdi\.openjfx\cache\18.0.1+2\api-ms-win-core-file-l1-1-0.dll
0x00000242e2f50000 - 0x00000242e2f53000 	C:\Users\Alaa Mahdi\.openjfx\cache\18.0.1+2\api-ms-win-core-file-l1-2-0.dll
0x00000242e2f60000 - 0x00000242e2f63000 	C:\Users\Alaa Mahdi\.openjfx\cache\18.0.1+2\api-ms-win-core-file-l2-1-0.dll
0x00000242e2f70000 - 0x00000242e2f73000 	C:\Users\Alaa Mahdi\.openjfx\cache\18.0.1+2\api-ms-win-core-handle-l1-1-0.dll
0x00000242e2f80000 - 0x00000242e2f83000 	C:\Users\Alaa Mahdi\.openjfx\cache\18.0.1+2\api-ms-win-core-heap-l1-1-0.dll
0x00000242e2f90000 - 0x00000242e2f93000 	C:\Users\Alaa Mahdi\.openjfx\cache\18.0.1+2\api-ms-win-core-interlocked-l1-1-0.dll
0x00000242e2fa0000 - 0x00000242e2fa3000 	C:\Users\Alaa Mahdi\.openjfx\cache\18.0.1+2\api-ms-win-core-libraryloader-l1-1-0.dll
0x00000242e2fb0000 - 0x00000242e2fb3000 	C:\Users\Alaa Mahdi\.openjfx\cache\18.0.1+2\api-ms-win-core-localization-l1-2-0.dll
0x00000242e2fc0000 - 0x00000242e2fc3000 	C:\Users\Alaa Mahdi\.openjfx\cache\18.0.1+2\api-ms-win-core-memory-l1-1-0.dll
0x00000242e2fd0000 - 0x00000242e2fd3000 	C:\Users\Alaa Mahdi\.openjfx\cache\18.0.1+2\api-ms-win-core-namedpipe-l1-1-0.dll
0x00000242e2fe0000 - 0x00000242e2fe3000 	C:\Users\Alaa Mahdi\.openjfx\cache\18.0.1+2\api-ms-win-core-processenvironment-l1-1-0.dll
0x00000242e2ff0000 - 0x00000242e2ff3000 	C:\Users\Alaa Mahdi\.openjfx\cache\18.0.1+2\api-ms-win-core-processthreads-l1-1-0.dll
0x00000242e4400000 - 0x00000242e4403000 	C:\Users\Alaa Mahdi\.openjfx\cache\18.0.1+2\api-ms-win-core-processthreads-l1-1-1.dll
0x00000242e4410000 - 0x00000242e4413000 	C:\Users\Alaa Mahdi\.openjfx\cache\18.0.1+2\api-ms-win-core-profile-l1-1-0.dll
0x00000242e4420000 - 0x00000242e4423000 	C:\Users\Alaa Mahdi\.openjfx\cache\18.0.1+2\api-ms-win-core-rtlsupport-l1-1-0.dll
0x00000242e4430000 - 0x00000242e4433000 	C:\Users\Alaa Mahdi\.openjfx\cache\18.0.1+2\api-ms-win-core-string-l1-1-0.dll
0x00000242e4440000 - 0x00000242e4443000 	C:\Users\Alaa Mahdi\.openjfx\cache\18.0.1+2\api-ms-win-core-synch-l1-1-0.dll
0x00000242e4450000 - 0x00000242e4453000 	C:\Users\Alaa Mahdi\.openjfx\cache\18.0.1+2\api-ms-win-core-synch-l1-2-0.dll
0x00000242e4460000 - 0x00000242e4463000 	C:\Users\Alaa Mahdi\.openjfx\cache\18.0.1+2\api-ms-win-core-sysinfo-l1-1-0.dll
0x00000242e4470000 - 0x00000242e4473000 	C:\Users\Alaa Mahdi\.openjfx\cache\18.0.1+2\api-ms-win-core-timezone-l1-1-0.dll
0x00000242e4480000 - 0x00000242e4483000 	C:\Users\Alaa Mahdi\.openjfx\cache\18.0.1+2\api-ms-win-core-util-l1-1-0.dll
0x00000242e4490000 - 0x00000242e4493000 	C:\Users\Alaa Mahdi\.openjfx\cache\18.0.1+2\api-ms-win-crt-conio-l1-1-0.dll
0x00000242e44a0000 - 0x00000242e44a4000 	C:\Users\Alaa Mahdi\.openjfx\cache\18.0.1+2\api-ms-win-crt-convert-l1-1-0.dll
0x00000242e44b0000 - 0x00000242e44b3000 	C:\Users\Alaa Mahdi\.openjfx\cache\18.0.1+2\api-ms-win-crt-environment-l1-1-0.dll
0x00000242e44c0000 - 0x00000242e44c3000 	C:\Users\Alaa Mahdi\.openjfx\cache\18.0.1+2\api-ms-win-crt-filesystem-l1-1-0.dll
0x00000242e44d0000 - 0x00000242e44d3000 	C:\Users\Alaa Mahdi\.openjfx\cache\18.0.1+2\api-ms-win-crt-heap-l1-1-0.dll
0x00000242e44e0000 - 0x00000242e44e3000 	C:\Users\Alaa Mahdi\.openjfx\cache\18.0.1+2\api-ms-win-crt-locale-l1-1-0.dll
0x00000242e44f0000 - 0x00000242e44f5000 	C:\Users\Alaa Mahdi\.openjfx\cache\18.0.1+2\api-ms-win-crt-math-l1-1-0.dll
0x00000242e4500000 - 0x00000242e4505000 	C:\Users\Alaa Mahdi\.openjfx\cache\18.0.1+2\api-ms-win-crt-multibyte-l1-1-0.dll
0x00000242e4510000 - 0x00000242e4520000 	C:\Users\Alaa Mahdi\.openjfx\cache\18.0.1+2\api-ms-win-crt-private-l1-1-0.dll
0x00000242e4520000 - 0x00000242e4523000 	C:\Users\Alaa Mahdi\.openjfx\cache\18.0.1+2\api-ms-win-crt-process-l1-1-0.dll
0x00000242e4530000 - 0x00000242e4534000 	C:\Users\Alaa Mahdi\.openjfx\cache\18.0.1+2\api-ms-win-crt-runtime-l1-1-0.dll
0x00000242e4540000 - 0x00000242e4544000 	C:\Users\Alaa Mahdi\.openjfx\cache\18.0.1+2\api-ms-win-crt-stdio-l1-1-0.dll
0x00000242e4550000 - 0x00000242e4554000 	C:\Users\Alaa Mahdi\.openjfx\cache\18.0.1+2\api-ms-win-crt-string-l1-1-0.dll
0x00000242e4560000 - 0x00000242e4563000 	C:\Users\Alaa Mahdi\.openjfx\cache\18.0.1+2\api-ms-win-crt-time-l1-1-0.dll
0x00000242e4570000 - 0x00000242e4573000 	C:\Users\Alaa Mahdi\.openjfx\cache\18.0.1+2\api-ms-win-crt-utility-l1-1-0.dll
0x00007fff4d120000 - 0x00007fff4d21c000 	C:\Users\Alaa Mahdi\.openjfx\cache\18.0.1+2\ucrtbase.dll
0x00007fff59670000 - 0x00007fff5968a000 	C:\Users\Alaa Mahdi\.openjfx\cache\18.0.1+2\vcruntime140.dll
0x00007fff5cc60000 - 0x00007fff5cc6c000 	C:\Users\Alaa Mahdi\.openjfx\cache\18.0.1+2\vcruntime140_1.dll
0x00007fff4d090000 - 0x00007fff4d11d000 	C:\Users\Alaa Mahdi\.openjfx\cache\18.0.1+2\msvcp140.dll
0x00007fff594c0000 - 0x00007fff594ec000 	C:\Users\Alaa Mahdi\.openjfx\cache\18.0.1+2\prism_d3d.dll
0x00007fff4cec0000 - 0x00007fff4d08f000 	C:\WINDOWS\system32\d3d9.dll
0x00007fff68990000 - 0x00007fff689bf000 	C:\WINDOWS\SYSTEM32\dwmapi.dll
0x00007fff68570000 - 0x00007fff6860e000 	C:\WINDOWS\system32\uxtheme.dll
0x00007fff6d4c0000 - 0x00007fff6d5ea000 	C:\WINDOWS\System32\ole32.dll
0x00007fff6b950000 - 0x00007fff6ba1d000 	C:\WINDOWS\System32\OLEAUT32.dll
0x00007fff6c990000 - 0x00007fff6cdff000 	C:\WINDOWS\System32\SETUPAPI.dll
0x00007fff6b850000 - 0x00007fff6b89e000 	C:\WINDOWS\System32\cfgmgr32.dll
0x00007fff6b2b0000 - 0x00007fff6b2d7000 	C:\WINDOWS\System32\bcrypt.dll
0x00007fff4ce70000 - 0x00007fff4ceb2000 	C:\Users\Alaa Mahdi\.openjfx\cache\18.0.1+2\glass.dll
0x00007fff6c5d0000 - 0x00007fff6c6ab000 	C:\WINDOWS\System32\COMDLG32.dll
0x00007fff6d230000 - 0x00007fff6d345000 	C:\WINDOWS\System32\MSCTF.dll
0x00007fff4e990000 - 0x00007fff4e9cb000 	C:\WINDOWS\SYSTEM32\dxcore.dll
0x00007fff59610000 - 0x00007fff59624000 	C:\Users\Alaa Mahdi\.openjfx\cache\18.0.1+2\javafx_font.dll
0x00007fff51a90000 - 0x00007fff51d0f000 	C:\WINDOWS\SYSTEM32\dwrite.dll
0x00007fff6a430000 - 0x00007fff6a4fb000 	C:\WINDOWS\SYSTEM32\DNSAPI.dll
0x00007fff6a3f0000 - 0x00007fff6a42b000 	C:\WINDOWS\SYSTEM32\IPHLPAPI.DLL
0x00007fff6d4b0000 - 0x00007fff6d4b8000 	C:\WINDOWS\System32\NSI.dll
0x00007fff60f30000 - 0x00007fff60f3a000 	C:\Windows\System32\rasadhlp.dll
0x00007fff60600000 - 0x00007fff60680000 	C:\WINDOWS\System32\fwpuclnt.dll
0x00007fff6a950000 - 0x00007fff6a968000 	C:\WINDOWS\SYSTEM32\CRYPTSP.dll
0x00007fff6a080000 - 0x00007fff6a0b4000 	C:\WINDOWS\system32\rsaenh.dll
0x00007fff6af10000 - 0x00007fff6af3e000 	C:\WINDOWS\SYSTEM32\USERENV.dll
0x00007fff6a970000 - 0x00007fff6a97c000 	C:\WINDOWS\SYSTEM32\CRYPTBASE.dll
0x00007fff60f60000 - 0x00007fff60f77000 	C:\WINDOWS\SYSTEM32\dhcpcsvc6.DLL
0x00007fff61770000 - 0x00007fff6178d000 	C:\WINDOWS\SYSTEM32\dhcpcsvc.DLL
0x00007fff5ef50000 - 0x00007fff5ef5e000 	C:\Users\Alaa Mahdi\.jdks\openjdk-17.0.2\bin\sunmscapi.dll
0x00007fff6b010000 - 0x00007fff6b166000 	C:\WINDOWS\System32\CRYPT32.dll
0x00007fff6aa70000 - 0x00007fff6aa97000 	C:\WINDOWS\SYSTEM32\ncrypt.dll
0x00007fff6aa30000 - 0x00007fff6aa6b000 	C:\WINDOWS\SYSTEM32\NTASN1.dll
0x00007fff6cea0000 - 0x00007fff6cf49000 	C:\WINDOWS\System32\clbcatq.dll
0x00007fff55ae0000 - 0x00007fff55c94000 	C:\WINDOWS\SYSTEM32\WindowsCodecs.dll
0x00007fff41ce0000 - 0x00007fff41d1e000 	C:\WINDOWS\system32\dataexchange.dll
0x00007fff66bc0000 - 0x00007fff66e23000 	C:\WINDOWS\system32\d3d11.dll
0x00007fff67290000 - 0x00007fff67474000 	C:\WINDOWS\system32\dcomp.dll
0x00007fff69910000 - 0x00007fff69a03000 	C:\WINDOWS\system32\dxgi.dll

dbghelp: loaded successfully - version: 4.0.5 - missing functions: none
symbol engine: initialized successfully - sym options: 0x614 - pdb path: .;C:\Users\Alaa Mahdi\.jdks\openjdk-17.0.2\bin;C:\WINDOWS\SYSTEM32;C:\WINDOWS\WinSxS\amd64_microsoft.windows.common-controls_6595b64144ccf1df_6.0.19041.1110_none_60b5254171f9507e;C:\Users\Alaa Mahdi\.jdks\openjdk-17.0.2\bin\server;C:\Program Files\JetBrains\IntelliJ IDEA 2021.3.1\bin;C:\Users\Alaa Mahdi\.openjfx\cache\18.0.1+2;C:\WINDOWS\System32\DriverStore\FileRepository\iigd_dch.inf_amd64_dc16e5f1dbf8051f;C:\Program Files\Common Files\Microsoft Shared\Ink;C:\Users\Alaa Mahdi\AppData\Local\Temp\jSerialComm

VM Arguments:
jvm_args: -javaagent:C:\Program Files\JetBrains\IntelliJ IDEA 2021.3.1\lib\idea_rt.jar=53100:C:\Program Files\JetBrains\IntelliJ IDEA 2021.3.1\bin -Dfile.encoding=UTF-8 
java_command: com.hmaar.sundhed.Runner
java_class_path (initial): C:\Users\Alaa Mahdi\IdeaProjects\untitled6\sundhed\target\classes;C:\Users\Alaa Mahdi\IdeaProjects\untitled6\sundhed\lib\mysql-connector-java-8.0.27.jar;C:\Users\Alaa Mahdi\IdeaProjects\untitled6\sundhed\lib\protobuf-java-3.11.4.jar;C:\Users\Alaa Mahdi\.m2\repository\org\openjfx\javafx-controls\18.0.1\javafx-controls-18.0.1.jar;C:\Users\Alaa Mahdi\.m2\repository\org\openjfx\javafx-controls\18.0.1\javafx-controls-18.0.1-win.jar;C:\Users\Alaa Mahdi\.m2\repository\org\openjfx\javafx-graphics\18.0.1\javafx-graphics-18.0.1.jar;C:\Users\Alaa Mahdi\.m2\repository\org\openjfx\javafx-graphics\18.0.1\javafx-graphics-18.0.1-win.jar;C:\Users\Alaa Mahdi\.m2\repository\org\openjfx\javafx-base\18.0.1\javafx-base-18.0.1.jar;C:\Users\Alaa Mahdi\.m2\repository\org\openjfx\javafx-base\18.0.1\javafx-base-18.0.1-win.jar;C:\Users\Alaa Mahdi\.m2\repository\org\openjfx\javafx-fxml\18.0.1\javafx-fxml-18.0.1.jar;C:\Users\Alaa Mahdi\.m2\repository\org\openjfx\javafx-fxml\18.0.1\javafx-fxml-18.0.1-win.jar;C:\Users\Alaa Mahdi\.m2\repository\org\openjfx\javafx-web\18.0.1\javafx-web-18.0.1.jar;C:\Users\Alaa Mahdi\.m2\repository\org\openjfx\javafx-web\18.0.1\javafx-web-18.0.1-win.jar;C:\Users\Alaa Mahdi\.m2\repository\org\openjfx\javafx-media\18.0.1\javafx-media-18.0.1.jar;C:\Users\Alaa Mahdi\.m2\repository\org\openjfx\javafx-media\18.0.1\javafx-media-18.0.1-win.jar;C:\Users\Alaa Mahdi\.m2\repository\org\kordamp\ikonli\ikonli-javafx\12.3.1\ikonli-javafx-12.3.1.jar;C:\Users\Alaa Mahdi\.m2\repository\org\kordamp\ikonli\ikonli-core\12.3.1\ikonli-core-12.3.1.jar;C:\Users\Alaa Mahdi\.m2\repository\org\apiguardian\apiguardian-api\1.1.2\apiguardian-api-1.1.2.jar;C:\Users\Alaa Mahdi\.m2\repository\org\junit\jupiter\junit-jupiter-api\5.8.2\junit-jupiter-api-5.8.2.jar;C:\Users\Alaa Mahdi\.m2\repository\org\opentest4j\opentest4j\1.2.0\opentest4j-1.2.0.jar;C:\Users\Alaa Mahdi\.m2\repository\org\junit\platform\junit-platform-commons\1.8.2\junit-platform-commons-1.8.2.jar;C:\Users\A
Launcher Type: SUN_STANDARD

[Global flags]
     intx CICompilerCount                          = 4                                         {product} {ergonomic}
     uint ConcGCThreads                            = 2                                         {product} {ergonomic}
     uint G1ConcRefinementThreads                  = 8                                         {product} {ergonomic}
   size_t G1HeapRegionSize                         = 2097152                                   {product} {ergonomic}
    uintx GCDrainStackTargetSize                   = 64                                        {product} {ergonomic}
   size_t InitialHeapSize                          = 268435456                                 {product} {ergonomic}
   size_t MarkStackSize                            = 4194304                                   {product} {ergonomic}
   size_t MaxHeapSize                              = 4273995776                                {product} {ergonomic}
   size_t MaxNewSize                               = 2562719744                                {product} {ergonomic}
   size_t MinHeapDeltaBytes                        = 2097152                                   {product} {ergonomic}
   size_t MinHeapSize                              = 8388608                                   {product} {ergonomic}
    uintx NonNMethodCodeHeapSize                   = 5839372                                {pd product} {ergonomic}
    uintx NonProfiledCodeHeapSize                  = 122909434                              {pd product} {ergonomic}
    uintx ProfiledCodeHeapSize                     = 122909434                              {pd product} {ergonomic}
    uintx ReservedCodeCacheSize                    = 251658240                              {pd product} {ergonomic}
     bool SegmentedCodeCache                       = true                                      {product} {ergonomic}
   size_t SoftMaxHeapSize                          = 4273995776                             {manageable} {ergonomic}
     bool UseCompressedClassPointers               = true                           {product lp64_product} {ergonomic}
     bool UseCompressedOops                        = true                           {product lp64_product} {ergonomic}
     bool UseG1GC                                  = true                                      {product} {ergonomic}
     bool UseLargePagesIndividualAllocation        = false                                  {pd product} {ergonomic}

Logging:
Log output configuration:
 #0: stdout all=warning uptime,level,tags
 #1: stderr all=off uptime,level,tags

Environment Variables:
PATH=C:\Program Files\Common Files\Oracle\Java\javapath;C:\Program Files (x86)\Common Files\Oracle\Java\javapath;C:\WINDOWS\system32;C:\WINDOWS;C:\WINDOWS\System32\Wbem;C:\WINDOWS\System32\WindowsPowerShell\v1.0\;C:\WINDOWS\System32\OpenSSH\;C:\Program Files (x86)\Git\cmd;C:\Users\Alaa Mahdi\AppData\Local\Microsoft\WindowsApps;C:\Users\Alaa Mahdi\AppData\Local\GitHubDesktop\bin
USERNAME=Alaa Mahdi
OS=Windows_NT
PROCESSOR_IDENTIFIER=Intel64 Family 6 Model 142 Stepping 10, GenuineIntel



---------------  S Y S T E M  ---------------

OS:
 Windows 10 , 64 bit Build 19041 (10.0.19041.1741)
OS uptime: 0 days 5:21 hours

CPU: total 8 (initial active 8) (4 cores per cpu, 2 threads per core) family 6 model 142 stepping 10 microcode 0xec, cx8, cmov, fxsr, ht, mmx, 3dnowpref, sse, sse2, sse3, ssse3, sse4.1, sse4.2, popcnt, lzcnt, tsc, tscinvbit, avx, avx2, aes, erms, clmul, bmi1, bmi2, rtm, adx, fma, vzeroupper, clflush, clflushopt

Memory: 4k page, system-wide physical 16301M (7272M free)
TotalPageFile size 18733M (AvailPageFile size 6959M)
current process WorkingSet (physical memory assigned to process): 368M, peak: 409M
current process commit charge ("private bytes"): 405M, peak: 446M

vm_info: OpenJDK 64-Bit Server VM (17.0.2+8-86) for windows-amd64 JRE (17.0.2+8-86), built on Dec  7 2021 21:49:10 by "mach5one" with MS VC++ 16.8 / 16.9 (VS2019)

END.
