#
# A fatal error has been detected by the Java Runtime Environment:
#
#  EXCEPTION_ACCESS_VIOLATION (0xc0000005) at pc=0x00007fff6d953416, pid=12904, tid=14072
#
# JRE version: OpenJDK Runtime Environment (17.0.2+8) (build 17.0.2+8-86)
# Java VM: OpenJDK 64-Bit Server VM (17.0.2+8-86, mixed mode, sharing, tiered, compressed oops, compressed class ptrs, g1 gc, windows-amd64)
# Problematic frame:
# C  [ntdll.dll+0x63416]
#
# No core dump will be written. Minidumps are not enabled by default on client versions of Windows
#
# If you would like to submit a bug report, please visit:
#   https://bugreport.java.com/bugreport/crash.jsp
# The crash happened outside the Java Virtual Machine in native code.
# See problematic frame for where to report the bug.
#

---------------  S U M M A R Y ------------

Command Line: -javaagent:C:\Program Files\JetBrains\IntelliJ IDEA 2021.3.1\lib\idea_rt.jar=55634:C:\Program Files\JetBrains\IntelliJ IDEA 2021.3.1\bin -Dfile.encoding=UTF-8 com.hmaar.sundhed.Runner

Host: Intel(R) Core(TM) i7-8650U CPU @ 1.90GHz, 8 cores, 15G,  Windows 10 , 64 bit Build 19041 (10.0.19041.1741)
Time: Tue Jun 21 23:59:27 2022 Rom, sommertid elapsed time: 46.948333 seconds (0d 0h 0m 46s)

---------------  T H R E A D  ---------------

Current thread (0x000001b9b10aec70):  JavaThread "Thread-3" [_thread_in_native, id=14072, stack(0x000000758d100000,0x000000758d200000)]

Stack: [0x000000758d100000,0x000000758d200000],  sp=0x000000758d1fecd0,  free space=1019k
Native frames: (J=compiled Java code, j=interpreted, Vv=VM code, C=native code)
C  [ntdll.dll+0x63416]
C  [ntdll.dll+0x2fcb4]
C  [ntdll.dll+0x2fae2]
C  0x00007fff4c6b3cb2

Java frames: (J=compiled Java code, j=interpreted, Vv=VM code)
j  com.fazecast.jSerialComm.SerialPort.closePortNative(J)J+0
j  com.fazecast.jSerialComm.SerialPort.closePort()Z+29
j  com.hmaar.sundhed.model.recorders.SensorRecorder.resetSerialConnection()V+37
J 5655% c1 com.hmaar.sundhed.model.recorders.SensorRecorder.run()V (267 bytes) @ 0x000001b98ccbaa1c [0x000001b98ccb89a0+0x000000000000207c]
j  java.lang.Thread.run()V+11 java.base@17.0.2
v  ~StubRoutines::call_stub

siginfo: EXCEPTION_ACCESS_VIOLATION (0xc0000005), writing address 0x0000000000000024


Register to memory mapping:

RIP=0x00007fff6d953416 ntdll.dll
RAX=0x0 is NULL
RBX=0x00007fff4c6dfd00 points into unknown readable memory: 0x0000000000000000 | 00 00 00 00 00 00 00 00
RCX=0x00007fff4c6dfd00 points into unknown readable memory: 0x0000000000000000 | 00 00 00 00 00 00 00 00
RDX=0x00000000fffffffa is an unknown value
RSP=0x000000758d1fecd0 is pointing into the stack for thread: 0x000001b9b10aec70
RBP=0x000000758d1fef00 is pointing into the stack for thread: 0x000001b9b10aec70
RSI=0x0 is NULL
RDI=0x0 is NULL
R8 =0x0 is NULL
R9 =0x00007fff4c6dfd00 points into unknown readable memory: 0x0000000000000000 | 00 00 00 00 00 00 00 00
R10=0x0 is NULL
R11=0x0000000000000246 is an unknown value
R12=0x0 is NULL
R13=0x000000758a0b5000 points into unknown readable memory: 0x0000000000000000 | 00 00 00 00 00 00 00 00
R14=0x0000000000000001 is an unknown value
R15=0x0 is NULL


Registers:
RAX=0x0000000000000000, RBX=0x00007fff4c6dfd00, RCX=0x00007fff4c6dfd00, RDX=0x00000000fffffffa
RSP=0x000000758d1fecd0, RBP=0x000000758d1fef00, RSI=0x0000000000000000, RDI=0x0000000000000000
R8 =0x0000000000000000, R9 =0x00007fff4c6dfd00, R10=0x0000000000000000, R11=0x0000000000000246
R12=0x0000000000000000, R13=0x000000758a0b5000, R14=0x0000000000000001, R15=0x0000000000000000
RIP=0x00007fff6d953416, EFLAGS=0x0000000000010213

Top of Stack: (sp=0x000000758d1fecd0)
0x000000758d1fecd0:   ffffffffffffffff 00007fff4c6dfd00
0x000000758d1fece0:   0000000000000000 0000000000000000
0x000000758d1fecf0:   0000000000000000 0000000000000000
0x000000758d1fed00:   0000000000000000 0000000000000000
0x000000758d1fed10:   0000000000000000 00000000fffffffa
0x000000758d1fed20:   000000758a0b5000 0000000000000000
0x000000758d1fed30:   0000000000000000 0000000000000000
0x000000758d1fed40:   0000000000000000 0000000000000000
0x000000758d1fed50:   0000000000000000 0000000000000000
0x000000758d1fed60:   0000c48448a3e206 0000000000000000
0x000000758d1fed70:   000001b9b10aec00 0000000000000001
0x000000758d1fed80:   0000000000000001 0000000000000001
0x000000758d1fed90:   0000000000000000 00007fff4c6dfd00
0x000000758d1feda0:   000000758d1fef00 00007fff6d91fcb4
0x000000758d1fedb0:   0000000000000000 0000000000000000
0x000000758d1fedc0:   00000000fffffffa 0000000000000000 

Instructions: (pc=0x00007fff6d953416)
0x00007fff6d953316:   20 e9 ed fe ff ff 48 89 41 18 e9 e4 fe ff ff cc
0x00007fff6d953326:   cc cc cc cc cc cc cc cc cc cc 80 3d d1 81 10 00
0x00007fff6d953336:   00 0f 95 c0 c3 cc cc cc cc cc cc cc cc cc cc cc
0x00007fff6d953346:   cc cc cc cc cc cc cc cc cc cc 48 83 ec 38 8b 05
0x00007fff6d953356:   d2 67 10 00 89 44 24 20 e8 41 02 00 00 48 83 c4
0x00007fff6d953366:   38 c3 cc cc cc cc cc cc cc cc 48 89 5c 24 18 55
0x00007fff6d953376:   56 57 41 54 41 55 41 56 41 57 48 81 ec a0 00 00
0x00007fff6d953386:   00 48 8b 05 82 01 12 00 48 33 c4 48 89 84 24 90
0x00007fff6d953396:   00 00 00 65 4c 8b 2c 25 30 00 00 00 48 8d 05 4f
0x00007fff6d9533a6:   21 10 00 40 32 ed 89 54 24 48 33 f6 40 88 6c 24
0x00007fff6d9533b6:   40 4c 89 6c 24 50 48 8b d9 44 8b e6 48 3b c8 0f
0x00007fff6d9533c6:   84 39 01 00 00 40 38 35 36 81 10 00 0f 85 a8 01
0x00007fff6d9533d6:   00 00 39 35 4a 81 10 00 0f 85 6a 01 00 00 40 38
0x00007fff6d9533e6:   35 0d 7c 10 00 48 8d 3d 0e 7c 10 00 48 0f 45 fe
0x00007fff6d9533f6:   48 39 73 18 0f 84 d2 00 00 00 48 8b 03 48 83 f8
0x00007fff6d953406:   ff 0f 84 d2 00 00 00 44 8b fe 48 83 f8 ff 74 03
0x00007fff6d953416:   ff 40 24 4c 8b 73 18 4c 8d 2d d4 20 10 00 bd 22
0x00007fff6d953426:   17 00 00 e8 22 14 fc ff 85 c0 0f 85 be b2 05 00
0x00007fff6d953436:   b9 82 03 fe 7f 80 39 00 0f 85 cc b2 05 00 49 83
0x00007fff6d953446:   fe ff 0f 85 5a b3 05 00 4c 8b cf c7 44 24 20 00
0x00007fff6d953456:   00 00 00 41 b8 04 00 00 00 48 8d 54 24 48 48 8d
0x00007fff6d953466:   4b 08 e8 37 01 00 00 3d 02 01 00 00 0f 84 43 b3
0x00007fff6d953476:   05 00 8b 4b 08 89 4c 24 48 f6 c1 02 75 ca 3d 02
0x00007fff6d953486:   01 00 00 0f 84 2c b3 05 00 0f b6 6c 24 40 4c 8b
0x00007fff6d953496:   6c 24 50 85 c0 0f 88 78 b4 05 00 40 84 ed 75 73
0x00007fff6d9534a6:   48 8b 8c 24 90 00 00 00 48 33 cc e8 7a 8d 02 00
0x00007fff6d9534b6:   48 8b 9c 24 f0 00 00 00 48 81 c4 a0 00 00 00 41
0x00007fff6d9534c6:   5f 41 5e 41 5d 41 5c 5f 5e 5d c3 cc 48 8b cb e8
0x00007fff6d9534d6:   56 05 00 00 e9 21 ff ff ff 8b 4b 20 48 c7 c0 ff
0x00007fff6d9534e6:   ff ff ff 48 0f ba e1 18 0f 82 19 ff ff ff 48 8b
0x00007fff6d9534f6:   cb e8 44 e3 fa ff 48 8b 03 e9 09 ff ff ff c6 44
0x00007fff6d953506:   24 40 01 41 c7 85 60 17 00 00 01 00 00 00 e9 b2 


Stack slot to memory mapping:
stack at sp + 0 slots: 0xffffffffffffffff is an unknown value
stack at sp + 1 slots: 0x00007fff4c6dfd00 points into unknown readable memory: 0x0000000000000000 | 00 00 00 00 00 00 00 00
stack at sp + 2 slots: 0x0 is NULL
stack at sp + 3 slots: 0x0 is NULL
stack at sp + 4 slots: 0x0 is NULL
stack at sp + 5 slots: 0x0 is NULL
stack at sp + 6 slots: 0x0 is NULL
stack at sp + 7 slots: 0x0 is NULL


---------------  P R O C E S S  ---------------

Threads class SMR info:
_java_thread_list=0x000001b9ad0b5930, length=23, elements={
0x000001b9841ff100, 0x000001b9a6f081b0, 0x000001b9a6f097c0, 0x000001b9a6f1b9a0,
0x000001b9a6f1e860, 0x000001b9a6f1f210, 0x000001b9a6f21b10, 0x000001b9a6f25cf0,
0x000001b9a6f276d0, 0x000001b9a6f2a870, 0x000001b9a79d5c60, 0x000001b9a7b95750,
0x000001b9a7a7ee70, 0x000001b9a7bafb10, 0x000001b9a83b59c0, 0x000001b9a83b8ed0,
0x000001b9ac91d760, 0x000001b9aca4d9c0, 0x000001b9b10b0480, 0x000001b9b10ade00,
0x000001b9b10aec70, 0x000001b9b10ae2d0, 0x000001b9ad044420
}

Java Threads: ( => current thread )
  0x000001b9841ff100 JavaThread "main" [_thread_blocked, id=7396, stack(0x000000758a600000,0x000000758a700000)]
  0x000001b9a6f081b0 JavaThread "Reference Handler" daemon [_thread_blocked, id=5164, stack(0x000000758ad00000,0x000000758ae00000)]
  0x000001b9a6f097c0 JavaThread "Finalizer" daemon [_thread_blocked, id=1020, stack(0x000000758ae00000,0x000000758af00000)]
  0x000001b9a6f1b9a0 JavaThread "Signal Dispatcher" daemon [_thread_blocked, id=9304, stack(0x000000758af00000,0x000000758b000000)]
  0x000001b9a6f1e860 JavaThread "Attach Listener" daemon [_thread_blocked, id=11672, stack(0x000000758b000000,0x000000758b100000)]
  0x000001b9a6f1f210 JavaThread "Service Thread" daemon [_thread_blocked, id=8336, stack(0x000000758b100000,0x000000758b200000)]
  0x000001b9a6f21b10 JavaThread "Monitor Deflation Thread" daemon [_thread_blocked, id=8832, stack(0x000000758b200000,0x000000758b300000)]
  0x000001b9a6f25cf0 JavaThread "C2 CompilerThread0" daemon [_thread_in_native, id=8932, stack(0x000000758b300000,0x000000758b400000)]
  0x000001b9a6f276d0 JavaThread "C1 CompilerThread0" daemon [_thread_blocked, id=3400, stack(0x000000758b400000,0x000000758b500000)]
  0x000001b9a6f2a870 JavaThread "Sweeper thread" daemon [_thread_blocked, id=14800, stack(0x000000758b500000,0x000000758b600000)]
  0x000001b9a79d5c60 JavaThread "Common-Cleaner" daemon [_thread_blocked, id=9700, stack(0x000000758b600000,0x000000758b700000)]
  0x000001b9a7b95750 JavaThread "Monitor Ctrl-Break" daemon [_thread_in_native, id=2900, stack(0x000000758b800000,0x000000758b900000)]
  0x000001b9a7a7ee70 JavaThread "Notification Thread" daemon [_thread_blocked, id=14772, stack(0x000000758b900000,0x000000758ba00000)]
  0x000001b9a7bafb10 JavaThread "JavaFX-Launcher" [_thread_blocked, id=15252, stack(0x000000758bb00000,0x000000758bc00000)]
  0x000001b9a83b59c0 JavaThread "InvokeLaterDispatcher" daemon [_thread_blocked, id=2012, stack(0x000000758b700000,0x000000758b800000)]
  0x000001b9a83b8ed0 JavaThread "JavaFX Application Thread" [_thread_blocked, id=6364, stack(0x000000758bd00000,0x000000758be00000)]
  0x000001b9ac91d760 JavaThread "Thread-2" daemon [_thread_in_native, id=8504, stack(0x000000758c100000,0x000000758c200000)]
  0x000001b9aca4d9c0 JavaThread "mysql-cj-abandoned-connection-cleanup" daemon [_thread_blocked, id=3792, stack(0x000000758ca00000,0x000000758cb00000)]
  0x000001b9b10b0480 JavaThread "Prism Font Disposer" daemon [_thread_blocked, id=11644, stack(0x000000758ce00000,0x000000758cf00000)]
  0x000001b9b10ade00 JavaThread "Cleaner-0" daemon [_thread_blocked, id=13268, stack(0x000000758cf00000,0x000000758d000000)]
=>0x000001b9b10aec70 JavaThread "Thread-3" [_thread_in_native, id=14072, stack(0x000000758d100000,0x000000758d200000)]
  0x000001b9b10ae2d0 JavaThread "Thread-4" [_thread_blocked, id=11340, stack(0x000000758d200000,0x000000758d300000)]
  0x000001b9ad044420 JavaThread "C2 CompilerThread1" daemon [_thread_blocked, id=14188, stack(0x000000758c900000,0x000000758ca00000)]

Other Threads:
  0x000001b9a6f02e10 VMThread "VM Thread" [stack: 0x000000758ac00000,0x000000758ad00000] [id=10332]
  0x000001b9a7b95c20 WatcherThread [stack: 0x000000758ba00000,0x000000758bb00000] [id=5856]
  0x000001b98424e6e0 GCTaskThread "GC Thread#0" [stack: 0x000000758a700000,0x000000758a800000] [id=12996]
  0x000001b9a84f6440 GCTaskThread "GC Thread#1" [stack: 0x000000758c200000,0x000000758c300000] [id=14796]
  0x000001b9ac91d3f0 GCTaskThread "GC Thread#2" [stack: 0x000000758c300000,0x000000758c400000] [id=9708]
  0x000001b9ac91cba0 GCTaskThread "GC Thread#3" [stack: 0x000000758c400000,0x000000758c500000] [id=5160]
  0x000001b9ac8c81d0 GCTaskThread "GC Thread#4" [stack: 0x000000758c500000,0x000000758c600000] [id=11448]
  0x000001b9ac8c8480 GCTaskThread "GC Thread#5" [stack: 0x000000758c600000,0x000000758c700000] [id=3132]
  0x000001b9ac9e5c50 GCTaskThread "GC Thread#6" [stack: 0x000000758c700000,0x000000758c800000] [id=7004]
  0x000001b9aca92ca0 GCTaskThread "GC Thread#7" [stack: 0x000000758c800000,0x000000758c900000] [id=12308]
  0x000001b9842608f0 ConcurrentGCThread "G1 Main Marker" [stack: 0x000000758a800000,0x000000758a900000] [id=15336]
  0x000001b984261300 ConcurrentGCThread "G1 Conc#0" [stack: 0x000000758a900000,0x000000758aa00000] [id=8768]
  0x000001b9ace29490 ConcurrentGCThread "G1 Conc#1" [stack: 0x000000758d000000,0x000000758d100000] [id=6304]
  0x000001b9a6dc20c0 ConcurrentGCThread "G1 Refine#0" [stack: 0x000000758aa00000,0x000000758ab00000] [id=2512]
  0x000001b9a6dc2ae0 ConcurrentGCThread "G1 Service" [stack: 0x000000758ab00000,0x000000758ac00000] [id=4212]

Threads with active compile tasks:
C2 CompilerThread0    47276 7586       4       javafx.scene.chart.Axis::layoutChildren (847 bytes)

VM state: not at safepoint (normal execution)

VM Mutex/Monitor currently owned by a thread: None

Heap address: 0x0000000701400000, size: 4076 MB, Compressed Oops mode: Zero based, Oop shift amount: 3

CDS archive(s) mapped at: [0x0000000800000000-0x0000000800bc0000-0x0000000800bc0000), size 12320768, SharedBaseAddress: 0x0000000800000000, ArchiveRelocationMode: 0.
Compressed class space mapped at: 0x0000000800c00000-0x0000000840c00000, reserved size: 1073741824
Narrow klass base: 0x0000000800000000, Narrow klass shift: 0, Narrow klass range: 0x100000000

GC Precious Log:
 CPUs: 8 total, 8 available
 Memory: 16301M
 Large Page Support: Disabled
 NUMA Support: Disabled
 Compressed Oops: Enabled (Zero based)
 Heap Region Size: 2M
 Heap Min Capacity: 8M
 Heap Initial Capacity: 256M
 Heap Max Capacity: 4076M
 Pre-touch: Disabled
 Parallel Workers: 8
 Concurrent Workers: 2
 Concurrent Refinement Workers: 8
 Periodic GC: Disabled

Heap:
 garbage-first heap   total 192512K, used 79183K [0x0000000701400000, 0x0000000800000000)
  region size 2048K, 27 young (55296K), 2 survivors (4096K)
 Metaspace       used 30152K, committed 30464K, reserved 1081344K
  class space    used 3978K, committed 4160K, reserved 1048576K

Heap Regions: E=young(eden), S=young(survivor), O=old, HS=humongous(starts), HC=humongous(continues), CS=collection set, F=free, OA=open archive, CA=closed archive, TAMS=top-at-mark-start (previous, next)
|   0|0x0000000701400000, 0x0000000701600000, 0x0000000701600000|100%| O|  |TAMS 0x0000000701600000, 0x0000000701400000| Untracked 
|   1|0x0000000701600000, 0x0000000701800000, 0x0000000701800000|100%| O|  |TAMS 0x0000000701800000, 0x0000000701600000| Untracked 
|   2|0x0000000701800000, 0x0000000701a00000, 0x0000000701a00000|100%|HS|  |TAMS 0x0000000701a00000, 0x0000000701800000| Complete 
|   3|0x0000000701a00000, 0x0000000701be2600, 0x0000000701c00000| 94%| O|  |TAMS 0x0000000701a00000, 0x0000000701a00000| Untracked 
|   4|0x0000000701c00000, 0x0000000701c00000, 0x0000000701e00000|  0%| F|  |TAMS 0x0000000701c00000, 0x0000000701c00000| Untracked 
|   5|0x0000000701e00000, 0x0000000702000000, 0x0000000702000000|100%|HS|  |TAMS 0x0000000702000000, 0x0000000701e00000| Complete 
|   6|0x0000000702000000, 0x0000000702200000, 0x0000000702200000|100%|HC|  |TAMS 0x0000000702200000, 0x0000000702000000| Complete 
|   7|0x0000000702200000, 0x0000000702400000, 0x0000000702400000|100%| O|  |TAMS 0x0000000702400000, 0x0000000702200000| Untracked 
|   8|0x0000000702400000, 0x0000000702600000, 0x0000000702600000|100%| O|  |TAMS 0x0000000702600000, 0x0000000702400000| Untracked 
|   9|0x0000000702600000, 0x0000000702800000, 0x0000000702800000|100%| O|  |TAMS 0x0000000702800000, 0x0000000702600000| Untracked 
|  10|0x0000000702800000, 0x0000000702a00000, 0x0000000702a00000|100%| O|  |TAMS 0x0000000702a00000, 0x0000000702800000| Untracked 
|  11|0x0000000702a00000, 0x0000000702c00000, 0x0000000702c00000|100%|HS|  |TAMS 0x0000000702c00000, 0x0000000702a00000| Complete 
|  12|0x0000000702c00000, 0x0000000702e00000, 0x0000000702e00000|100%| O|  |TAMS 0x0000000702e00000, 0x0000000702c00000| Untracked 
|  13|0x0000000702e00000, 0x0000000703000000, 0x0000000703000000|100%| O|  |TAMS 0x0000000702e0bc00, 0x0000000702e00000| Untracked 
|  14|0x0000000703000000, 0x0000000703000000, 0x0000000703200000|  0%| F|  |TAMS 0x0000000703000000, 0x0000000703000000| Untracked 
|  15|0x0000000703200000, 0x0000000703200000, 0x0000000703400000|  0%| F|  |TAMS 0x0000000703200000, 0x0000000703200000| Untracked 
|  16|0x0000000703400000, 0x0000000703400000, 0x0000000703600000|  0%| F|  |TAMS 0x0000000703400000, 0x0000000703400000| Untracked 
|  17|0x0000000703600000, 0x0000000703600000, 0x0000000703800000|  0%| F|  |TAMS 0x0000000703600000, 0x0000000703600000| Untracked 
|  18|0x0000000703800000, 0x0000000703800000, 0x0000000703a00000|  0%| F|  |TAMS 0x0000000703800000, 0x0000000703800000| Untracked 
|  19|0x0000000703a00000, 0x0000000703a00000, 0x0000000703c00000|  0%| F|  |TAMS 0x0000000703a00000, 0x0000000703a00000| Untracked 
|  20|0x0000000703c00000, 0x0000000703c00000, 0x0000000703e00000|  0%| F|  |TAMS 0x0000000703c00000, 0x0000000703c00000| Untracked 
|  21|0x0000000703e00000, 0x0000000703e00000, 0x0000000704000000|  0%| F|  |TAMS 0x0000000703e00000, 0x0000000703e00000| Untracked 
|  22|0x0000000704000000, 0x0000000704000000, 0x0000000704200000|  0%| F|  |TAMS 0x0000000704000000, 0x0000000704000000| Untracked 
|  23|0x0000000704200000, 0x0000000704200000, 0x0000000704400000|  0%| F|  |TAMS 0x0000000704200000, 0x0000000704200000| Untracked 
|  24|0x0000000704400000, 0x0000000704400000, 0x0000000704600000|  0%| F|  |TAMS 0x0000000704400000, 0x0000000704400000| Untracked 
|  25|0x0000000704600000, 0x0000000704600000, 0x0000000704800000|  0%| F|  |TAMS 0x0000000704600000, 0x0000000704600000| Untracked 
|  26|0x0000000704800000, 0x0000000704800000, 0x0000000704a00000|  0%| F|  |TAMS 0x0000000704800000, 0x0000000704800000| Untracked 
|  27|0x0000000704a00000, 0x0000000704a00000, 0x0000000704c00000|  0%| F|  |TAMS 0x0000000704a00000, 0x0000000704a00000| Untracked 
|  28|0x0000000704c00000, 0x0000000704c00000, 0x0000000704e00000|  0%| F|  |TAMS 0x0000000704c00000, 0x0000000704c00000| Untracked 
|  29|0x0000000704e00000, 0x0000000704e00000, 0x0000000705000000|  0%| F|  |TAMS 0x0000000704e00000, 0x0000000704e00000| Untracked 
|  30|0x0000000705000000, 0x0000000705000000, 0x0000000705200000|  0%| F|  |TAMS 0x0000000705000000, 0x0000000705000000| Untracked 
|  31|0x0000000705200000, 0x0000000705200000, 0x0000000705400000|  0%| F|  |TAMS 0x0000000705200000, 0x0000000705200000| Untracked 
|  32|0x0000000705400000, 0x0000000705400000, 0x0000000705600000|  0%| F|  |TAMS 0x0000000705400000, 0x0000000705400000| Untracked 
|  33|0x0000000705600000, 0x0000000705600000, 0x0000000705800000|  0%| F|  |TAMS 0x0000000705600000, 0x0000000705600000| Untracked 
|  34|0x0000000705800000, 0x0000000705800000, 0x0000000705a00000|  0%| F|  |TAMS 0x0000000705800000, 0x0000000705800000| Untracked 
|  35|0x0000000705a00000, 0x0000000705a00000, 0x0000000705c00000|  0%| F|  |TAMS 0x0000000705a00000, 0x0000000705a00000| Untracked 
|  36|0x0000000705c00000, 0x0000000705d717c0, 0x0000000705e00000| 72%| S|CS|TAMS 0x0000000705c00000, 0x0000000705c00000| Complete 
|  37|0x0000000705e00000, 0x0000000706000000, 0x0000000706000000|100%| S|CS|TAMS 0x0000000705e00000, 0x0000000705e00000| Complete 
|  38|0x0000000706000000, 0x0000000706000000, 0x0000000706200000|  0%| F|  |TAMS 0x0000000706000000, 0x0000000706000000| Untracked 
|  39|0x0000000706200000, 0x0000000706200000, 0x0000000706400000|  0%| F|  |TAMS 0x0000000706200000, 0x0000000706200000| Untracked 
|  40|0x0000000706400000, 0x0000000706400000, 0x0000000706600000|  0%| F|  |TAMS 0x0000000706400000, 0x0000000706400000| Untracked 
|  41|0x0000000706600000, 0x0000000706600000, 0x0000000706800000|  0%| F|  |TAMS 0x0000000706600000, 0x0000000706600000| Untracked 
|  42|0x0000000706800000, 0x0000000706800000, 0x0000000706a00000|  0%| F|  |TAMS 0x0000000706800000, 0x0000000706800000| Untracked 
|  43|0x0000000706a00000, 0x0000000706a00000, 0x0000000706c00000|  0%| F|  |TAMS 0x0000000706a00000, 0x0000000706a00000| Untracked 
|  44|0x0000000706c00000, 0x0000000706c00000, 0x0000000706e00000|  0%| F|  |TAMS 0x0000000706c00000, 0x0000000706c00000| Untracked 
|  45|0x0000000706e00000, 0x0000000706e00000, 0x0000000707000000|  0%| F|  |TAMS 0x0000000706e00000, 0x0000000706e00000| Untracked 
|  46|0x0000000707000000, 0x0000000707000000, 0x0000000707200000|  0%| F|  |TAMS 0x0000000707000000, 0x0000000707000000| Untracked 
|  47|0x0000000707200000, 0x0000000707200000, 0x0000000707400000|  0%| F|  |TAMS 0x0000000707200000, 0x0000000707200000| Untracked 
|  48|0x0000000707400000, 0x0000000707400000, 0x0000000707600000|  0%| F|  |TAMS 0x0000000707400000, 0x0000000707400000| Untracked 
|  49|0x0000000707600000, 0x0000000707600000, 0x0000000707800000|  0%| F|  |TAMS 0x0000000707600000, 0x0000000707600000| Untracked 
|  50|0x0000000707800000, 0x0000000707800000, 0x0000000707a00000|  0%| F|  |TAMS 0x0000000707800000, 0x0000000707800000| Untracked 
|  51|0x0000000707a00000, 0x0000000707a00000, 0x0000000707c00000|  0%| F|  |TAMS 0x0000000707a00000, 0x0000000707a00000| Untracked 
|  52|0x0000000707c00000, 0x0000000707c00000, 0x0000000707e00000|  0%| F|  |TAMS 0x0000000707c00000, 0x0000000707c00000| Untracked 
|  53|0x0000000707e00000, 0x0000000707e00000, 0x0000000708000000|  0%| F|  |TAMS 0x0000000707e00000, 0x0000000707e00000| Untracked 
|  54|0x0000000708000000, 0x0000000708000000, 0x0000000708200000|  0%| F|  |TAMS 0x0000000708000000, 0x0000000708000000| Untracked 
|  55|0x0000000708200000, 0x0000000708200000, 0x0000000708400000|  0%| F|  |TAMS 0x0000000708200000, 0x0000000708200000| Untracked 
|  56|0x0000000708400000, 0x0000000708400000, 0x0000000708600000|  0%| F|  |TAMS 0x0000000708400000, 0x0000000708400000| Untracked 
|  57|0x0000000708600000, 0x0000000708600000, 0x0000000708800000|  0%| F|  |TAMS 0x0000000708600000, 0x0000000708600000| Untracked 
|  58|0x0000000708800000, 0x0000000708800000, 0x0000000708a00000|  0%| F|  |TAMS 0x0000000708800000, 0x0000000708800000| Untracked 
|  59|0x0000000708a00000, 0x0000000708a00000, 0x0000000708c00000|  0%| F|  |TAMS 0x0000000708a00000, 0x0000000708a00000| Untracked 
|  60|0x0000000708c00000, 0x0000000708c00000, 0x0000000708e00000|  0%| F|  |TAMS 0x0000000708c00000, 0x0000000708c00000| Untracked 
|  61|0x0000000708e00000, 0x0000000708e00000, 0x0000000709000000|  0%| F|  |TAMS 0x0000000708e00000, 0x0000000708e00000| Untracked 
|  62|0x0000000709000000, 0x0000000709000000, 0x0000000709200000|  0%| F|  |TAMS 0x0000000709000000, 0x0000000709000000| Untracked 
|  63|0x0000000709200000, 0x0000000709200000, 0x0000000709400000|  0%| F|  |TAMS 0x0000000709200000, 0x0000000709200000| Untracked 
|  64|0x0000000709400000, 0x0000000709400000, 0x0000000709600000|  0%| F|  |TAMS 0x0000000709400000, 0x0000000709400000| Untracked 
|  65|0x0000000709600000, 0x0000000709600000, 0x0000000709800000|  0%| F|  |TAMS 0x0000000709600000, 0x0000000709600000| Untracked 
|  66|0x0000000709800000, 0x0000000709800000, 0x0000000709a00000|  0%| F|  |TAMS 0x0000000709800000, 0x0000000709800000| Untracked 
|  67|0x0000000709a00000, 0x0000000709a00000, 0x0000000709c00000|  0%| F|  |TAMS 0x0000000709a00000, 0x0000000709a00000| Untracked 
|  68|0x0000000709c00000, 0x0000000709c00000, 0x0000000709e00000|  0%| F|  |TAMS 0x0000000709c00000, 0x0000000709c00000| Untracked 
|  69|0x0000000709e00000, 0x0000000709ef2160, 0x000000070a000000| 47%| E|  |TAMS 0x0000000709e00000, 0x0000000709e00000| Complete 
|  70|0x000000070a000000, 0x000000070a200000, 0x000000070a200000|100%| E|CS|TAMS 0x000000070a000000, 0x000000070a000000| Complete 
|  71|0x000000070a200000, 0x000000070a400000, 0x000000070a400000|100%| E|CS|TAMS 0x000000070a200000, 0x000000070a200000| Complete 
|  72|0x000000070a400000, 0x000000070a600000, 0x000000070a600000|100%| E|CS|TAMS 0x000000070a400000, 0x000000070a400000| Complete 
|  73|0x000000070a600000, 0x000000070a800000, 0x000000070a800000|100%| E|CS|TAMS 0x000000070a600000, 0x000000070a600000| Complete 
|  74|0x000000070a800000, 0x000000070aa00000, 0x000000070aa00000|100%| E|CS|TAMS 0x000000070a800000, 0x000000070a800000| Complete 
|  75|0x000000070aa00000, 0x000000070ac00000, 0x000000070ac00000|100%| E|CS|TAMS 0x000000070aa00000, 0x000000070aa00000| Complete 
|  76|0x000000070ac00000, 0x000000070ae00000, 0x000000070ae00000|100%| E|CS|TAMS 0x000000070ac00000, 0x000000070ac00000| Complete 
|  77|0x000000070ae00000, 0x000000070b000000, 0x000000070b000000|100%| E|CS|TAMS 0x000000070ae00000, 0x000000070ae00000| Complete 
|  78|0x000000070b000000, 0x000000070b200000, 0x000000070b200000|100%| E|CS|TAMS 0x000000070b000000, 0x000000070b000000| Complete 
|  79|0x000000070b200000, 0x000000070b400000, 0x000000070b400000|100%| E|CS|TAMS 0x000000070b200000, 0x000000070b200000| Complete 
|  80|0x000000070b400000, 0x000000070b600000, 0x000000070b600000|100%| E|CS|TAMS 0x000000070b400000, 0x000000070b400000| Complete 
|  81|0x000000070b600000, 0x000000070b800000, 0x000000070b800000|100%| E|CS|TAMS 0x000000070b600000, 0x000000070b600000| Complete 
|  82|0x000000070b800000, 0x000000070ba00000, 0x000000070ba00000|100%| E|CS|TAMS 0x000000070b800000, 0x000000070b800000| Complete 
|  83|0x000000070ba00000, 0x000000070bc00000, 0x000000070bc00000|100%| E|CS|TAMS 0x000000070ba00000, 0x000000070ba00000| Complete 
|  84|0x000000070bc00000, 0x000000070be00000, 0x000000070be00000|100%| E|CS|TAMS 0x000000070bc00000, 0x000000070bc00000| Complete 
|  85|0x000000070be00000, 0x000000070c000000, 0x000000070c000000|100%| E|CS|TAMS 0x000000070be00000, 0x000000070be00000| Complete 
|  86|0x000000070c000000, 0x000000070c200000, 0x000000070c200000|100%| E|CS|TAMS 0x000000070c000000, 0x000000070c000000| Complete 
|  87|0x000000070c200000, 0x000000070c400000, 0x000000070c400000|100%| E|CS|TAMS 0x000000070c200000, 0x000000070c200000| Complete 
|  88|0x000000070c400000, 0x000000070c600000, 0x000000070c600000|100%| E|CS|TAMS 0x000000070c400000, 0x000000070c400000| Complete 
|  89|0x000000070c600000, 0x000000070c800000, 0x000000070c800000|100%| E|CS|TAMS 0x000000070c600000, 0x000000070c600000| Complete 
| 120|0x0000000710400000, 0x0000000710600000, 0x0000000710600000|100%| E|CS|TAMS 0x0000000710400000, 0x0000000710400000| Complete 
| 121|0x0000000710600000, 0x0000000710800000, 0x0000000710800000|100%| E|CS|TAMS 0x0000000710600000, 0x0000000710600000| Complete 
| 122|0x0000000710800000, 0x0000000710a00000, 0x0000000710a00000|100%| E|CS|TAMS 0x0000000710800000, 0x0000000710800000| Complete 
| 127|0x0000000711200000, 0x0000000711400000, 0x0000000711400000|100%| E|CS|TAMS 0x0000000711200000, 0x0000000711200000| Complete 

Card table byte_map: [0x000001b99b580000,0x000001b99bd80000] _byte_map_base: 0x000001b997d76000

Marking Bits (Prev, Next): (CMBitMap*) 0x000001b98424ecf0, (CMBitMap*) 0x000001b98424ed30
 Prev Bits: [0x000001b99c580000, 0x000001b9a0530000)
 Next Bits: [0x000001b9a0530000, 0x000001b9a44e0000)

Polling page: 0x000001b982150000

Metaspace:

Usage:
  Non-class:     25.56 MB used.
      Class:      3.89 MB used.
       Both:     29.45 MB used.

Virtual space:
  Non-class space:       32.00 MB reserved,      25.69 MB ( 80%) committed,  4 nodes.
      Class space:        1.00 GB reserved,       4.06 MB ( <1%) committed,  1 nodes.
             Both:        1.03 GB reserved,      29.75 MB (  3%) committed. 

Chunk freelists:
   Non-Class:  2.16 MB
       Class:  3.92 MB
        Both:  6.08 MB

MaxMetaspaceSize: unlimited
CompressedClassSpaceSize: 1.00 GB
Initial GC threshold: 21.00 MB
Current GC threshold: 47.75 MB
CDS: on
MetaspaceReclaimPolicy: balanced
 - commit_granule_bytes: 65536.
 - commit_granule_words: 8192.
 - virtual_space_node_default_size: 1048576.
 - enlarge_chunks_in_place: 1.
 - new_chunks_are_fully_committed: 0.
 - uncommit_free_chunks: 1.
 - use_allocation_guard: 0.
 - handle_deallocations: 1.


Internal statistics:

num_allocs_failed_limit: 3.
num_arena_births: 268.
num_arena_deaths: 0.
num_vsnodes_births: 5.
num_vsnodes_deaths: 0.
num_space_committed: 476.
num_space_uncommitted: 0.
num_chunks_returned_to_freelist: 3.
num_chunks_taken_from_freelist: 1160.
num_chunk_merges: 3.
num_chunk_splits: 801.
num_chunks_enlarged: 623.
num_purges: 0.
num_inconsistent_stats: 0.

CodeHeap 'non-profiled nmethods': size=120000Kb used=6088Kb max_used=6088Kb free=113911Kb
 bounds [0x000001b993520000, 0x000001b993b20000, 0x000001b99aa50000]
CodeHeap 'profiled nmethods': size=120000Kb used=12452Kb max_used=13594Kb free=107547Kb
 bounds [0x000001b98bff0000, 0x000001b98cd50000, 0x000001b993520000]
CodeHeap 'non-nmethods': size=5760Kb used=1611Kb max_used=1651Kb free=4148Kb
 bounds [0x000001b98ba50000, 0x000001b98bcc0000, 0x000001b98bff0000]
 total_blobs=7084 nmethods=6168 adapters=826
 compilation: enabled
              stopped_count=0, restarted_count=0
 full_count=0

Compilation events (20 events):
Event: 46.633 Thread 0x000001b9a6f276d0 nmethod 7600 0x000001b98cad4610 code [0x000001b98cad47e0, 0x000001b98cad4b38]
Event: 46.634 Thread 0x000001b9a6f276d0 7601       3       com.mysql.cj.protocol.a.SimplePacketReader::readMessage (10 bytes)
Event: 46.634 Thread 0x000001b9a6f276d0 nmethod 7601 0x000001b98cc28390 code [0x000001b98cc28540, 0x000001b98cc28888]
Event: 46.634 Thread 0x000001b9ad044420 7588       4       java.util.LinkedList::toArray (81 bytes)
Event: 46.646 Thread 0x000001b9a6f276d0 7602   !   3       com.mysql.cj.protocol.a.SimplePacketReader::readHeaderLocal (109 bytes)
Event: 46.646 Thread 0x000001b9ad044420 nmethod 7588 0x000001b993b07b10 code [0x000001b993b07ca0, 0x000001b993b07f38]
Event: 46.646 Thread 0x000001b9ad044420 7587       4       javafx.scene.chart.Axis$TickMark::getValue (8 bytes)
Event: 46.650 Thread 0x000001b9a6f276d0 nmethod 7602 0x000001b98c30f010 code [0x000001b98c30f300, 0x000001b98c310338]
Event: 46.650 Thread 0x000001b9ad044420 nmethod 7587 0x000001b993b08090 code [0x000001b993b08220, 0x000001b993b08318]
Event: 46.650 Thread 0x000001b9ad044420 7598       4       com.mysql.cj.ClientPreparedQueryBindings::<init> (49 bytes)
Event: 46.706 Thread 0x000001b9a6f276d0 7604   !   3       com.mysql.cj.protocol.a.NativeProtocol::readMessage (85 bytes)
Event: 46.707 Thread 0x000001b9a6f276d0 nmethod 7604 0x000001b98c7e6d10 code [0x000001b98c7e6f40, 0x000001b98c7e7aa8]
Event: 46.825 Thread 0x000001b9ad044420 nmethod 7598 0x000001b993b08410 code [0x000001b993b08860, 0x000001b993b0ad60]
Event: 46.825 Thread 0x000001b9ad044420 7605       4       com.mysql.cj.ClientPreparedQuery::computeMaxParameterSetSizeAndBatchSize (362 bytes)
Event: 46.848 Thread 0x000001b9ad044420 nmethod 7605 0x000001b993b0c590 code [0x000001b993b0c760, 0x000001b993b0ce98]
Event: 46.848 Thread 0x000001b9ad044420 7603       4       com.hmaar.sundhed.model.implementation.EKG::getVoltage (29 bytes)
Event: 46.849 Thread 0x000001b9ad044420 nmethod 7603 0x000001b993b0d590 code [0x000001b993b0d740, 0x000001b993b0d7f8]
Event: 46.849 Thread 0x000001b9ad044420 7599       4       com.mysql.cj.AbstractQueryBindings::<init> (164 bytes)
Event: 46.930 Thread 0x000001b9a6f276d0 7606       1       java.util.logging.LogManager$LoggerContext::getOwner (5 bytes)
Event: 46.930 Thread 0x000001b9a6f276d0 nmethod 7606 0x000001b993b0d890 code [0x000001b993b0da20, 0x000001b993b0daf8]

GC Heap History (20 events):
Event: 40.956 GC heap before
{Heap before GC invocations=31 (full 0):
 garbage-first heap   total 159744K, used 119351K [0x0000000701400000, 0x0000000800000000)
  region size 2048K, 46 young (94208K), 2 survivors (4096K)
 Metaspace       used 30006K, committed 30336K, reserved 1081344K
  class space    used 3975K, committed 4160K, reserved 1048576K
}
Event: 40.961 GC heap after
{Heap after GC invocations=32 (full 0):
 garbage-first heap   total 159744K, used 29175K [0x0000000701400000, 0x0000000800000000)
  region size 2048K, 2 young (4096K), 2 survivors (4096K)
 Metaspace       used 30006K, committed 30336K, reserved 1081344K
  class space    used 3975K, committed 4160K, reserved 1048576K
}
Event: 41.434 GC heap before
{Heap before GC invocations=32 (full 0):
 garbage-first heap   total 159744K, used 119287K [0x0000000701400000, 0x0000000800000000)
  region size 2048K, 46 young (94208K), 2 survivors (4096K)
 Metaspace       used 30019K, committed 30336K, reserved 1081344K
  class space    used 3975K, committed 4160K, reserved 1048576K
}
Event: 41.439 GC heap after
{Heap after GC invocations=33 (full 0):
 garbage-first heap   total 192512K, used 29233K [0x0000000701400000, 0x0000000800000000)
  region size 2048K, 2 young (4096K), 2 survivors (4096K)
 Metaspace       used 30019K, committed 30336K, reserved 1081344K
  class space    used 3975K, committed 4160K, reserved 1048576K
}
Event: 42.105 GC heap before
{Heap before GC invocations=33 (full 0):
 garbage-first heap   total 192512K, used 139825K [0x0000000701400000, 0x0000000800000000)
  region size 2048K, 56 young (114688K), 2 survivors (4096K)
 Metaspace       used 30081K, committed 30400K, reserved 1081344K
  class space    used 3975K, committed 4160K, reserved 1048576K
}
Event: 42.112 GC heap after
{Heap after GC invocations=34 (full 0):
 garbage-first heap   total 192512K, used 29508K [0x0000000701400000, 0x0000000800000000)
  region size 2048K, 2 young (4096K), 2 survivors (4096K)
 Metaspace       used 30081K, committed 30400K, reserved 1081344K
  class space    used 3975K, committed 4160K, reserved 1048576K
}
Event: 42.761 GC heap before
{Heap before GC invocations=34 (full 0):
 garbage-first heap   total 192512K, used 140100K [0x0000000701400000, 0x0000000800000000)
  region size 2048K, 56 young (114688K), 2 survivors (4096K)
 Metaspace       used 30085K, committed 30400K, reserved 1081344K
  class space    used 3975K, committed 4160K, reserved 1048576K
}
Event: 42.766 GC heap after
{Heap after GC invocations=35 (full 0):
 garbage-first heap   total 192512K, used 29598K [0x0000000701400000, 0x0000000800000000)
  region size 2048K, 2 young (4096K), 2 survivors (4096K)
 Metaspace       used 30085K, committed 30400K, reserved 1081344K
  class space    used 3975K, committed 4160K, reserved 1048576K
}
Event: 43.349 GC heap before
{Heap before GC invocations=35 (full 0):
 garbage-first heap   total 192512K, used 140190K [0x0000000701400000, 0x0000000800000000)
  region size 2048K, 56 young (114688K), 2 survivors (4096K)
 Metaspace       used 30113K, committed 30464K, reserved 1081344K
  class space    used 3975K, committed 4160K, reserved 1048576K
}
Event: 43.354 GC heap after
{Heap after GC invocations=36 (full 0):
 garbage-first heap   total 192512K, used 29493K [0x0000000701400000, 0x0000000800000000)
  region size 2048K, 2 young (4096K), 2 survivors (4096K)
 Metaspace       used 30113K, committed 30464K, reserved 1081344K
  class space    used 3975K, committed 4160K, reserved 1048576K
}
Event: 43.850 GC heap before
{Heap before GC invocations=36 (full 0):
 garbage-first heap   total 192512K, used 140085K [0x0000000701400000, 0x0000000800000000)
  region size 2048K, 56 young (114688K), 2 survivors (4096K)
 Metaspace       used 30128K, committed 30464K, reserved 1081344K
  class space    used 3975K, committed 4160K, reserved 1048576K
}
Event: 43.855 GC heap after
{Heap after GC invocations=37 (full 0):
 garbage-first heap   total 192512K, used 29916K [0x0000000701400000, 0x0000000800000000)
  region size 2048K, 2 young (4096K), 2 survivors (4096K)
 Metaspace       used 30128K, committed 30464K, reserved 1081344K
  class space    used 3975K, committed 4160K, reserved 1048576K
}
Event: 44.431 GC heap before
{Heap before GC invocations=37 (full 0):
 garbage-first heap   total 192512K, used 140508K [0x0000000701400000, 0x0000000800000000)
  region size 2048K, 56 young (114688K), 2 survivors (4096K)
 Metaspace       used 30138K, committed 30464K, reserved 1081344K
  class space    used 3975K, committed 4160K, reserved 1048576K
}
Event: 44.436 GC heap after
{Heap after GC invocations=38 (full 0):
 garbage-first heap   total 192512K, used 29756K [0x0000000701400000, 0x0000000800000000)
  region size 2048K, 2 young (4096K), 2 survivors (4096K)
 Metaspace       used 30138K, committed 30464K, reserved 1081344K
  class space    used 3975K, committed 4160K, reserved 1048576K
}
Event: 45.155 GC heap before
{Heap before GC invocations=38 (full 0):
 garbage-first heap   total 192512K, used 140348K [0x0000000701400000, 0x0000000800000000)
  region size 2048K, 56 young (114688K), 2 survivors (4096K)
 Metaspace       used 30139K, committed 30464K, reserved 1081344K
  class space    used 3975K, committed 4160K, reserved 1048576K
}
Event: 45.162 GC heap after
{Heap after GC invocations=39 (full 0):
 garbage-first heap   total 192512K, used 29837K [0x0000000701400000, 0x0000000800000000)
  region size 2048K, 2 young (4096K), 2 survivors (4096K)
 Metaspace       used 30139K, committed 30464K, reserved 1081344K
  class space    used 3975K, committed 4160K, reserved 1048576K
}
Event: 45.815 GC heap before
{Heap before GC invocations=39 (full 0):
 garbage-first heap   total 192512K, used 140429K [0x0000000701400000, 0x0000000800000000)
  region size 2048K, 56 young (114688K), 2 survivors (4096K)
 Metaspace       used 30139K, committed 30464K, reserved 1081344K
  class space    used 3975K, committed 4160K, reserved 1048576K
}
Event: 45.820 GC heap after
{Heap after GC invocations=40 (full 0):
 garbage-first heap   total 192512K, used 30361K [0x0000000701400000, 0x0000000800000000)
  region size 2048K, 2 young (4096K), 2 survivors (4096K)
 Metaspace       used 30139K, committed 30464K, reserved 1081344K
  class space    used 3975K, committed 4160K, reserved 1048576K
}
Event: 46.727 GC heap before
{Heap before GC invocations=40 (full 0):
 garbage-first heap   total 192512K, used 140953K [0x0000000701400000, 0x0000000800000000)
  region size 2048K, 56 young (114688K), 2 survivors (4096K)
 Metaspace       used 30141K, committed 30464K, reserved 1081344K
  class space    used 3975K, committed 4160K, reserved 1048576K
}
Event: 46.732 GC heap after
{Heap after GC invocations=41 (full 0):
 garbage-first heap   total 192512K, used 30031K [0x0000000701400000, 0x0000000800000000)
  region size 2048K, 2 young (4096K), 2 survivors (4096K)
 Metaspace       used 30141K, committed 30464K, reserved 1081344K
  class space    used 3975K, committed 4160K, reserved 1048576K
}

Deoptimization events (20 events):
Event: 46.930 Thread 0x000001b9b10afae0 DEOPT PACKING pc=0x000001b99378c608 sp=0x000000758daff150
Event: 46.930 Thread 0x000001b9b10afae0 DEOPT UNPACKING pc=0x000001b98baa23a3 sp=0x000000758daff0f8 mode 2
Event: 46.930 Thread 0x000001b9b10afae0 Uncommon trap: trap_request=0xffffff76 fr.pc=0x000001b993605208 relative=0x0000000000000208
Event: 46.930 Thread 0x000001b9b10afae0 Uncommon trap: reason=predicate action=maybe_recompile pc=0x000001b993605208 method=java.util.concurrent.CopyOnWriteArrayList.indexOfRange(Ljava/lang/Object;[Ljava/lang/Object;II)I @ 38 c2
Event: 46.930 Thread 0x000001b9b10afae0 DEOPT PACKING pc=0x000001b993605208 sp=0x000000758daff150
Event: 46.930 Thread 0x000001b9b10afae0 DEOPT UNPACKING pc=0x000001b98baa23a3 sp=0x000000758daff0d0 mode 2
Event: 46.932 Thread 0x000001b9b10aec70 Uncommon trap: trap_request=0xffffff45 fr.pc=0x000001b9938c3d24 relative=0x0000000000000c24
Event: 46.932 Thread 0x000001b9b10aec70 Uncommon trap: reason=unstable_if action=reinterpret pc=0x000001b9938c3d24 method=java.io.BufferedReader.readLine(Z[Z)Ljava/lang/String; @ 63 c2
Event: 46.932 Thread 0x000001b9b10aec70 DEOPT PACKING pc=0x000001b9938c3d24 sp=0x000000758d1fef90
Event: 46.932 Thread 0x000001b9b10aec70 DEOPT UNPACKING pc=0x000001b98baa23a3 sp=0x000000758d1fef28 mode 2
Event: 46.932 Thread 0x000001b9b10aec70 Uncommon trap: trap_request=0xffffff45 fr.pc=0x000001b9935bd910 relative=0x00000000000003d0
Event: 46.932 Thread 0x000001b9b10aec70 Uncommon trap: reason=unstable_if action=reinterpret pc=0x000001b9935bd910 method=java.lang.Integer.parseInt(Ljava/lang/String;I)I @ 1 c2
Event: 46.932 Thread 0x000001b9b10aec70 DEOPT PACKING pc=0x000001b9935bd910 sp=0x000000758d1fefe0
Event: 46.932 Thread 0x000001b9b10aec70 DEOPT UNPACKING pc=0x000001b98baa23a3 sp=0x000000758d1fef50 mode 2
Event: 46.933 Thread 0x000001b9b10aec70 Uncommon trap: trap_request=0xffffff45 fr.pc=0x000001b9939a0a24 relative=0x0000000000001584
Event: 46.933 Thread 0x000001b9b10aec70 Uncommon trap: reason=unstable_if action=reinterpret pc=0x000001b9939a0a24 method=com.sun.javafx.tk.quantum.QuantumToolkit.defer(Ljava/lang/Runnable;)V @ 7 c2
Event: 46.933 Thread 0x000001b9b10aec70 DEOPT PACKING pc=0x000001b9939a0a24 sp=0x000000758d1fee70
Event: 46.933 Thread 0x000001b9b10b0950 Uncommon trap: trap_request=0xffffff45 fr.pc=0x000001b993a1f1f0 relative=0x0000000000000150
Event: 46.933 Thread 0x000001b9b10aec70 DEOPT UNPACKING pc=0x000001b98baa23a3 sp=0x000000758d1fee00 mode 2
Event: 46.933 Thread 0x000001b9b10b0950 Uncommon trap: reason=unstable_if action=reinterpret pc=0x000001b993a1f1f0 method=java.util.concurrent.locks.ReentrantLock$Sync.tryRelease(I)Z @ 26 c2

Classes unloaded (0 events):
No events

Classes redefined (0 events):
No events

Internal exceptions (20 events):
Event: 2.758 Thread 0x000001b9a83b8ed0 Exception <a 'java/lang/NoSuchMethodError'{0x00000007100027b8}: 'java.lang.Object java.lang.invoke.DirectMethodHandle$Holder.invokeStaticInit(java.lang.Object, int, int, int, int)'> (0x00000007100027b8) 
thrown [t:\workspace\open\src\hotspot\share\interpreter\linkResolver.cpp, line 766]
Event: 2.881 Thread 0x000001b9a83b8ed0 Exception <a 'java/lang/NoSuchMethodError'{0x00000007100ce9c0}: 'java.lang.Object java.lang.invoke.DirectMethodHandle$Holder.invokeStaticInit(java.lang.Object, java.lang.Object, int, int, int, int)'> (0x00000007100ce9c0) 
thrown [t:\workspace\open\src\hotspot\share\interpreter\linkResolver.cpp, line 766]
Event: 3.342 Thread 0x000001b9a83b8ed0 Implicit null exception at 0x000001b9935b2ae0 to 0x000001b9935b2b7a
Event: 3.587 Thread 0x000001b9a83b8ed0 Exception <a 'java/lang/NoSuchMethodError'{0x000000070f45ff58}: 'java.lang.Object java.lang.invoke.DirectMethodHandle$Holder.invokeInterface(java.lang.Object, java.lang.Object, java.lang.Object)'> (0x000000070f45ff58) 
thrown [t:\workspace\open\src\hotspot\share\interpreter\linkResolver.cpp, line 766]
Event: 3.587 Thread 0x000001b9a83b8ed0 Exception <a 'java/lang/IncompatibleClassChangeError'{0x000000070f463620}: Found class java.lang.Object, but interface was expected> (0x000000070f463620) 
thrown [t:\workspace\open\src\hotspot\share\interpreter\linkResolver.cpp, line 833]
Event: 3.915 Thread 0x000001b9a83b8ed0 Exception <a 'java/lang/NoSuchMethodError'{0x0000000710f26fd8}: 'java.lang.Object java.lang.invoke.DirectMethodHandle$Holder.newInvokeSpecial(java.lang.Object, java.lang.Object, int)'> (0x0000000710f26fd8) 
thrown [t:\workspace\open\src\hotspot\share\interpreter\linkResolver.cpp, line 766]
Event: 3.964 Thread 0x000001b9a83b8ed0 Exception <a 'java/lang/NoSuchMethodError'{0x0000000710f717d8}: 'long java.lang.invoke.DirectMethodHandle$Holder.invokeStatic(java.lang.Object, java.lang.Object, java.lang.Object)'> (0x0000000710f717d8) 
thrown [t:\workspace\open\src\hotspot\share\interpreter\linkResolver.cpp, line 766]
Event: 3.965 Thread 0x000001b9a83b8ed0 Exception <a 'java/lang/NoSuchMethodError'{0x0000000710f74f80}: 'long java.lang.invoke.DirectMethodHandle$Holder.invokeStaticInit(java.lang.Object, java.lang.Object, java.lang.Object)'> (0x0000000710f74f80) 
thrown [t:\workspace\open\src\hotspot\share\interpreter\linkResolver.cpp, line 766]
Event: 3.972 Thread 0x000001b9a83b8ed0 Exception <a 'java/lang/NoSuchMethodError'{0x0000000710f8cb88}: 'java.lang.Object java.lang.invoke.DirectMethodHandle$Holder.newInvokeSpecial(java.lang.Object, java.lang.Object, long)'> (0x0000000710f8cb88) 
thrown [t:\workspace\open\src\hotspot\share\interpreter\linkResolver.cpp, line 766]
Event: 3.973 Thread 0x000001b9a83b8ed0 Exception <a 'java/lang/NoSuchMethodError'{0x0000000710f906f8}: 'java.lang.Object java.lang.invoke.Invokers$Holder.linkToTargetMethod(java.lang.Object, long, java.lang.Object)'> (0x0000000710f906f8) 
thrown [t:\workspace\open\src\hotspot\share\interpreter\linkResolver.cpp, line 766]
Event: 11.483 Thread 0x000001b9a83b8ed0 Exception <a 'java/io/FileNotFoundException'{0x000000070376b7f8}> (0x000000070376b7f8) 
thrown [t:\workspace\open\src\hotspot\share\prims\jni.cpp, line 516]
Event: 12.104 Thread 0x000001b9a83b8ed0 Exception <a 'java/lang/NoSuchMethodError'{0x0000000702fc8f60}: 'void java.lang.invoke.DirectMethodHandle$Holder.invokeSpecialIFC(java.lang.Object, java.lang.Object, java.lang.Object, java.lang.Object)'> (0x0000000702fc8f60) 
thrown [t:\workspace\open\src\hotspot\share\interpreter\linkResolver.cpp, line 766]
Event: 13.020 Thread 0x000001b9a7c57250 Exception <a 'java/lang/NoSuchMethodError'{0x0000000703a87bc8}: 'java.lang.Object java.lang.invoke.DirectMethodHandle$Holder.invokeStaticInit(java.lang.Object, int)'> (0x0000000703a87bc8) 
thrown [t:\workspace\open\src\hotspot\share\interpreter\linkResolver.cpp, line 766]
Event: 24.459 Thread 0x000001b9a83b8ed0 Implicit null exception at 0x000001b9936fa511 to 0x000001b9936fb180
Event: 24.822 Thread 0x000001b9a83b8ed0 Implicit null exception at 0x000001b993730d54 to 0x000001b99373b5b4
Event: 26.974 Thread 0x000001b9b10ae2d0 Exception <a 'java/lang/NoSuchMethodError'{0x0000000710847278}: 'void java.lang.invoke.DirectMethodHandle$Holder.invokeInterface(java.lang.Object, java.lang.Object, java.lang.Object)'> (0x0000000710847278) 
thrown [t:\workspace\open\src\hotspot\share\interpreter\linkResolver.cpp, line 766]
Event: 27.004 Thread 0x000001b9b10ae2d0 Exception <a 'java/lang/NoSuchMethodError'{0x00000007108e48e8}: 'java.lang.Object java.lang.invoke.DirectMethodHandle$Holder.invokeSpecial(java.lang.Object, java.lang.Object, int, long)'> (0x00000007108e48e8) 
thrown [t:\workspace\open\src\hotspot\share\interpreter\linkResolver.cpp, line 766]
Event: 29.765 Thread 0x000001b9b10ae2d0 Exception <a 'java/lang/NoSuchMethodError'{0x000000070a21e768}: 'void java.lang.invoke.DirectMethodHandle$Holder.invokeSpecial(java.lang.Object, java.lang.Object, int)'> (0x000000070a21e768) 
thrown [t:\workspace\open\src\hotspot\share\interpreter\linkResolver.cpp, line 766]
Event: 33.174 Thread 0x000001b9a83b8ed0 Implicit null exception at 0x000001b9936d8220 to 0x000001b9936d8274
Event: 46.932 Thread 0x000001b9b10aec70 Implicit null exception at 0x000001b9935bd554 to 0x000001b9935bd8fc

VM Operations (20 events):
Event: 41.434 Executing VM operation: G1CollectForAllocation
Event: 41.439 Executing VM operation: G1CollectForAllocation done
Event: 42.105 Executing VM operation: G1CollectForAllocation
Event: 42.113 Executing VM operation: G1CollectForAllocation done
Event: 42.760 Executing VM operation: G1CollectForAllocation
Event: 42.766 Executing VM operation: G1CollectForAllocation done
Event: 43.348 Executing VM operation: G1CollectForAllocation
Event: 43.355 Executing VM operation: G1CollectForAllocation done
Event: 43.850 Executing VM operation: G1CollectForAllocation
Event: 43.855 Executing VM operation: G1CollectForAllocation done
Event: 44.431 Executing VM operation: G1CollectForAllocation
Event: 44.436 Executing VM operation: G1CollectForAllocation done
Event: 45.155 Executing VM operation: G1CollectForAllocation
Event: 45.162 Executing VM operation: G1CollectForAllocation done
Event: 45.815 Executing VM operation: G1CollectForAllocation
Event: 45.821 Executing VM operation: G1CollectForAllocation done
Event: 46.727 Executing VM operation: G1CollectForAllocation
Event: 46.733 Executing VM operation: G1CollectForAllocation done
Event: 46.932 Executing VM operation: HandshakeAllThreads
Event: 46.933 Executing VM operation: HandshakeAllThreads done

Events (20 events):
Event: 37.821 Thread 0x000001b9a6f2a870 flushing nmethod 0x000001b98ccca090
Event: 37.821 Thread 0x000001b9a6f2a870 flushing nmethod 0x000001b98ccca790
Event: 37.821 Thread 0x000001b9a6f2a870 flushing nmethod 0x000001b98ccd1c90
Event: 39.330 Thread 0x000001b9ad047050 Thread exited: 0x000001b9ad047050
Event: 39.330 Thread 0x000001b9b0facac0 Thread exited: 0x000001b9b0facac0
Event: 39.478 Thread 0x000001b9ad043f10 Thread added: 0x000001b9ad043f10
Event: 39.489 Thread 0x000001b9ad044420 Thread added: 0x000001b9ad044420
Event: 40.525 Thread 0x000001b9ad044420 Thread exited: 0x000001b9ad044420
Event: 40.599 Thread 0x000001b9ad043f10 Thread exited: 0x000001b9ad043f10
Event: 41.178 Thread 0x000001b9ad042fe0 Thread added: 0x000001b9ad042fe0
Event: 41.381 Thread 0x000001b9ad045860 Thread added: 0x000001b9ad045860
Event: 43.068 Thread 0x000001b9ad045860 Thread exited: 0x000001b9ad045860
Event: 45.880 Thread 0x000001b9ad042fe0 Thread exited: 0x000001b9ad042fe0
Event: 46.634 Thread 0x000001b9ad044420 Thread added: 0x000001b9ad044420
Event: 46.928 Thread 0x000001b9b10b0950 Thread added: 0x000001b9b10b0950
Event: 46.928 Thread 0x000001b9b10afae0 Thread added: 0x000001b9b10afae0
Event: 46.929 Thread 0x000001b9b10b0e20 Thread added: 0x000001b9b10b0e20
Event: 46.930 Thread 0x000001b9b10afae0 Thread exited: 0x000001b9b10afae0
Event: 46.933 Thread 0x000001b9b10ae7a0 Thread exited: 0x000001b9b10ae7a0
Event: 46.933 Thread 0x000001b9b10b0e20 Thread exited: 0x000001b9b10b0e20


Dynamic libraries:
0x00007ff7d5970000 - 0x00007ff7d597e000 	C:\Users\Alaa Mahdi\.jdks\openjdk-17.0.2\bin\java.exe
0x00007fff6d8f0000 - 0x00007fff6dae7000 	C:\WINDOWS\SYSTEM32\ntdll.dll
0x00007fff6cf50000 - 0x00007fff6d00d000 	C:\WINDOWS\System32\KERNEL32.DLL
0x00007fff6b580000 - 0x00007fff6b84d000 	C:\WINDOWS\System32\KERNELBASE.dll
0x00007fff6b410000 - 0x00007fff6b510000 	C:\WINDOWS\System32\ucrtbase.dll
0x00007fff627b0000 - 0x00007fff627ca000 	C:\Users\Alaa Mahdi\.jdks\openjdk-17.0.2\bin\VCRUNTIME140.dll
0x00007fff622e0000 - 0x00007fff622f8000 	C:\Users\Alaa Mahdi\.jdks\openjdk-17.0.2\bin\jli.dll
0x00007fff6d010000 - 0x00007fff6d1b0000 	C:\WINDOWS\System32\USER32.dll
0x00007fff6b170000 - 0x00007fff6b192000 	C:\WINDOWS\System32\win32u.dll
0x00007fff5e340000 - 0x00007fff5e5da000 	C:\WINDOWS\WinSxS\amd64_microsoft.windows.common-controls_6595b64144ccf1df_6.0.19041.1110_none_60b5254171f9507e\COMCTL32.dll
0x00007fff6c960000 - 0x00007fff6c98a000 	C:\WINDOWS\System32\GDI32.dll
0x00007fff6c720000 - 0x00007fff6c7be000 	C:\WINDOWS\System32\msvcrt.dll
0x00007fff6b1a0000 - 0x00007fff6b2ab000 	C:\WINDOWS\System32\gdi32full.dll
0x00007fff6b2e0000 - 0x00007fff6b37d000 	C:\WINDOWS\System32\msvcp_win.dll
0x00007fff6d480000 - 0x00007fff6d4b0000 	C:\WINDOWS\System32\IMM32.DLL
0x00007fff627a0000 - 0x00007fff627ac000 	C:\Users\Alaa Mahdi\.jdks\openjdk-17.0.2\bin\vcruntime140_1.dll
0x00007fff5f590000 - 0x00007fff5f61d000 	C:\Users\Alaa Mahdi\.jdks\openjdk-17.0.2\bin\msvcp140.dll
0x00007fff4b120000 - 0x00007fff4bce1000 	C:\Users\Alaa Mahdi\.jdks\openjdk-17.0.2\bin\server\jvm.dll
0x00007fff6d3d0000 - 0x00007fff6d47e000 	C:\WINDOWS\System32\ADVAPI32.dll
0x00007fff6ba80000 - 0x00007fff6bb1c000 	C:\WINDOWS\System32\sechost.dll
0x00007fff6c7c0000 - 0x00007fff6c8e5000 	C:\WINDOWS\System32\RPCRT4.dll
0x00007fff6c710000 - 0x00007fff6c718000 	C:\WINDOWS\System32\PSAPI.DLL
0x00007fff3fdc0000 - 0x00007fff3fdc9000 	C:\WINDOWS\SYSTEM32\WSOCK32.dll
0x00007fff4ccb0000 - 0x00007fff4ccd7000 	C:\WINDOWS\SYSTEM32\WINMM.dll
0x00007fff605a0000 - 0x00007fff605aa000 	C:\WINDOWS\SYSTEM32\VERSION.dll
0x00007fff6c8f0000 - 0x00007fff6c95b000 	C:\WINDOWS\System32\WS2_32.dll
0x00007fff68f60000 - 0x00007fff68f72000 	C:\WINDOWS\SYSTEM32\kernel.appcore.dll
0x00007fff622d0000 - 0x00007fff622da000 	C:\Users\Alaa Mahdi\.jdks\openjdk-17.0.2\bin\jimage.dll
0x00007fff687a0000 - 0x00007fff68984000 	C:\WINDOWS\SYSTEM32\DBGHELP.DLL
0x00007fff60a90000 - 0x00007fff60abc000 	C:\WINDOWS\SYSTEM32\dbgcore.DLL
0x00007fff6b380000 - 0x00007fff6b402000 	C:\WINDOWS\System32\bcryptPrimitives.dll
0x00007fff5f8d0000 - 0x00007fff5f8de000 	C:\Users\Alaa Mahdi\.jdks\openjdk-17.0.2\bin\instrument.dll
0x00007fff5f100000 - 0x00007fff5f125000 	C:\Users\Alaa Mahdi\.jdks\openjdk-17.0.2\bin\java.dll
0x00007fff596f0000 - 0x00007fff597c6000 	C:\Users\Alaa Mahdi\.jdks\openjdk-17.0.2\bin\jsvml.dll
0x00007fff6be80000 - 0x00007fff6c5c4000 	C:\WINDOWS\System32\SHELL32.dll
0x00007fff69110000 - 0x00007fff698a4000 	C:\WINDOWS\SYSTEM32\windows.storage.dll
0x00007fff6bb20000 - 0x00007fff6be74000 	C:\WINDOWS\System32\combase.dll
0x00007fff6aa00000 - 0x00007fff6aa2c000 	C:\WINDOWS\SYSTEM32\Wldp.dll
0x00007fff6d5f0000 - 0x00007fff6d69d000 	C:\WINDOWS\System32\SHCORE.dll
0x00007fff6c6b0000 - 0x00007fff6c705000 	C:\WINDOWS\System32\shlwapi.dll
0x00007fff6af50000 - 0x00007fff6af6f000 	C:\WINDOWS\SYSTEM32\profapi.dll
0x00007fff59650000 - 0x00007fff59668000 	C:\Users\Alaa Mahdi\.jdks\openjdk-17.0.2\bin\zip.dll
0x00007fff5f320000 - 0x00007fff5f339000 	C:\Users\Alaa Mahdi\.jdks\openjdk-17.0.2\bin\net.dll
0x00007fff633f0000 - 0x00007fff634fa000 	C:\WINDOWS\SYSTEM32\WINHTTP.dll
0x00007fff6a760000 - 0x00007fff6a7ca000 	C:\WINDOWS\system32\mswsock.dll
0x00007fff5f150000 - 0x00007fff5f166000 	C:\Users\Alaa Mahdi\.jdks\openjdk-17.0.2\bin\nio.dll
0x00007fff57de0000 - 0x00007fff57dfa000 	C:\Program Files\JetBrains\IntelliJ IDEA 2021.3.1\bin\breakgen64.dll
0x000001b984110000 - 0x000001b984113000 	C:\Users\Alaa Mahdi\.openjfx\cache\18.0.1+2\api-ms-win-core-console-l1-1-0.dll
0x000001b984120000 - 0x000001b984123000 	C:\Users\Alaa Mahdi\.openjfx\cache\18.0.1+2\api-ms-win-core-console-l1-2-0.dll
0x000001b984130000 - 0x000001b984133000 	C:\Users\Alaa Mahdi\.openjfx\cache\18.0.1+2\api-ms-win-core-datetime-l1-1-0.dll
0x000001b984140000 - 0x000001b984143000 	C:\Users\Alaa Mahdi\.openjfx\cache\18.0.1+2\api-ms-win-core-debug-l1-1-0.dll
0x000001b984150000 - 0x000001b984153000 	C:\Users\Alaa Mahdi\.openjfx\cache\18.0.1+2\api-ms-win-core-errorhandling-l1-1-0.dll
0x000001b984160000 - 0x000001b984164000 	C:\Users\Alaa Mahdi\.openjfx\cache\18.0.1+2\api-ms-win-core-file-l1-1-0.dll
0x000001b984170000 - 0x000001b984173000 	C:\Users\Alaa Mahdi\.openjfx\cache\18.0.1+2\api-ms-win-core-file-l1-2-0.dll
0x000001b984180000 - 0x000001b984183000 	C:\Users\Alaa Mahdi\.openjfx\cache\18.0.1+2\api-ms-win-core-file-l2-1-0.dll
0x000001b984190000 - 0x000001b984193000 	C:\Users\Alaa Mahdi\.openjfx\cache\18.0.1+2\api-ms-win-core-handle-l1-1-0.dll
0x000001b9841a0000 - 0x000001b9841a3000 	C:\Users\Alaa Mahdi\.openjfx\cache\18.0.1+2\api-ms-win-core-heap-l1-1-0.dll
0x000001b9841b0000 - 0x000001b9841b3000 	C:\Users\Alaa Mahdi\.openjfx\cache\18.0.1+2\api-ms-win-core-interlocked-l1-1-0.dll
0x000001b9841c0000 - 0x000001b9841c3000 	C:\Users\Alaa Mahdi\.openjfx\cache\18.0.1+2\api-ms-win-core-libraryloader-l1-1-0.dll
0x000001b9841d0000 - 0x000001b9841d3000 	C:\Users\Alaa Mahdi\.openjfx\cache\18.0.1+2\api-ms-win-core-localization-l1-2-0.dll
0x000001b9a6f60000 - 0x000001b9a6f63000 	C:\Users\Alaa Mahdi\.openjfx\cache\18.0.1+2\api-ms-win-core-memory-l1-1-0.dll
0x000001b9a6f70000 - 0x000001b9a6f73000 	C:\Users\Alaa Mahdi\.openjfx\cache\18.0.1+2\api-ms-win-core-namedpipe-l1-1-0.dll
0x000001b9a6f80000 - 0x000001b9a6f83000 	C:\Users\Alaa Mahdi\.openjfx\cache\18.0.1+2\api-ms-win-core-processenvironment-l1-1-0.dll
0x000001b9a6f90000 - 0x000001b9a6f93000 	C:\Users\Alaa Mahdi\.openjfx\cache\18.0.1+2\api-ms-win-core-processthreads-l1-1-0.dll
0x000001b9a6fa0000 - 0x000001b9a6fa3000 	C:\Users\Alaa Mahdi\.openjfx\cache\18.0.1+2\api-ms-win-core-processthreads-l1-1-1.dll
0x000001b9a6fb0000 - 0x000001b9a6fb3000 	C:\Users\Alaa Mahdi\.openjfx\cache\18.0.1+2\api-ms-win-core-profile-l1-1-0.dll
0x000001b9a6fc0000 - 0x000001b9a6fc3000 	C:\Users\Alaa Mahdi\.openjfx\cache\18.0.1+2\api-ms-win-core-rtlsupport-l1-1-0.dll
0x000001b9a6fd0000 - 0x000001b9a6fd3000 	C:\Users\Alaa Mahdi\.openjfx\cache\18.0.1+2\api-ms-win-core-string-l1-1-0.dll
0x000001b9a6fe0000 - 0x000001b9a6fe3000 	C:\Users\Alaa Mahdi\.openjfx\cache\18.0.1+2\api-ms-win-core-synch-l1-1-0.dll
0x000001b9a6ff0000 - 0x000001b9a6ff3000 	C:\Users\Alaa Mahdi\.openjfx\cache\18.0.1+2\api-ms-win-core-synch-l1-2-0.dll
0x000001b9a8510000 - 0x000001b9a8513000 	C:\Users\Alaa Mahdi\.openjfx\cache\18.0.1+2\api-ms-win-core-sysinfo-l1-1-0.dll
0x000001b9a8520000 - 0x000001b9a8523000 	C:\Users\Alaa Mahdi\.openjfx\cache\18.0.1+2\api-ms-win-core-timezone-l1-1-0.dll
0x000001b9a8530000 - 0x000001b9a8533000 	C:\Users\Alaa Mahdi\.openjfx\cache\18.0.1+2\api-ms-win-core-util-l1-1-0.dll
0x000001b9a8540000 - 0x000001b9a8543000 	C:\Users\Alaa Mahdi\.openjfx\cache\18.0.1+2\api-ms-win-crt-conio-l1-1-0.dll
0x000001b9a8550000 - 0x000001b9a8554000 	C:\Users\Alaa Mahdi\.openjfx\cache\18.0.1+2\api-ms-win-crt-convert-l1-1-0.dll
0x000001b9a8560000 - 0x000001b9a8563000 	C:\Users\Alaa Mahdi\.openjfx\cache\18.0.1+2\api-ms-win-crt-environment-l1-1-0.dll
0x000001b9a8570000 - 0x000001b9a8573000 	C:\Users\Alaa Mahdi\.openjfx\cache\18.0.1+2\api-ms-win-crt-filesystem-l1-1-0.dll
0x000001b9a8580000 - 0x000001b9a8583000 	C:\Users\Alaa Mahdi\.openjfx\cache\18.0.1+2\api-ms-win-crt-heap-l1-1-0.dll
0x000001b9a8590000 - 0x000001b9a8593000 	C:\Users\Alaa Mahdi\.openjfx\cache\18.0.1+2\api-ms-win-crt-locale-l1-1-0.dll
0x000001b9a85a0000 - 0x000001b9a85a5000 	C:\Users\Alaa Mahdi\.openjfx\cache\18.0.1+2\api-ms-win-crt-math-l1-1-0.dll
0x000001b9a85b0000 - 0x000001b9a85b5000 	C:\Users\Alaa Mahdi\.openjfx\cache\18.0.1+2\api-ms-win-crt-multibyte-l1-1-0.dll
0x000001b9a85c0000 - 0x000001b9a85d0000 	C:\Users\Alaa Mahdi\.openjfx\cache\18.0.1+2\api-ms-win-crt-private-l1-1-0.dll
0x000001b9a85d0000 - 0x000001b9a85d3000 	C:\Users\Alaa Mahdi\.openjfx\cache\18.0.1+2\api-ms-win-crt-process-l1-1-0.dll
0x000001b9a85e0000 - 0x000001b9a85e4000 	C:\Users\Alaa Mahdi\.openjfx\cache\18.0.1+2\api-ms-win-crt-runtime-l1-1-0.dll
0x000001b9a85f0000 - 0x000001b9a85f4000 	C:\Users\Alaa Mahdi\.openjfx\cache\18.0.1+2\api-ms-win-crt-stdio-l1-1-0.dll
0x000001b9a8600000 - 0x000001b9a8604000 	C:\Users\Alaa Mahdi\.openjfx\cache\18.0.1+2\api-ms-win-crt-string-l1-1-0.dll
0x000001b9a8610000 - 0x000001b9a8613000 	C:\Users\Alaa Mahdi\.openjfx\cache\18.0.1+2\api-ms-win-crt-time-l1-1-0.dll
0x000001b9a8620000 - 0x000001b9a8623000 	C:\Users\Alaa Mahdi\.openjfx\cache\18.0.1+2\api-ms-win-crt-utility-l1-1-0.dll
0x00007fff394d0000 - 0x00007fff395cc000 	C:\Users\Alaa Mahdi\.openjfx\cache\18.0.1+2\ucrtbase.dll
0x00007fff57d60000 - 0x00007fff57d7a000 	C:\Users\Alaa Mahdi\.openjfx\cache\18.0.1+2\vcruntime140.dll
0x00007fff59690000 - 0x00007fff5969c000 	C:\Users\Alaa Mahdi\.openjfx\cache\18.0.1+2\vcruntime140_1.dll
0x00007fff39440000 - 0x00007fff394cd000 	C:\Users\Alaa Mahdi\.openjfx\cache\18.0.1+2\msvcp140.dll
0x00007fff4d0c0000 - 0x00007fff4d0ec000 	C:\Users\Alaa Mahdi\.openjfx\cache\18.0.1+2\prism_d3d.dll
0x00007fff26170000 - 0x00007fff2633f000 	C:\WINDOWS\system32\d3d9.dll
0x00007fff68990000 - 0x00007fff689bf000 	C:\WINDOWS\SYSTEM32\dwmapi.dll
0x00007fff68570000 - 0x00007fff6860e000 	C:\WINDOWS\system32\uxtheme.dll
0x00007fff6d4c0000 - 0x00007fff6d5ea000 	C:\WINDOWS\System32\ole32.dll
0x00007fff6b950000 - 0x00007fff6ba1d000 	C:\WINDOWS\System32\OLEAUT32.dll
0x00007fff6c990000 - 0x00007fff6cdff000 	C:\WINDOWS\System32\SETUPAPI.dll
0x00007fff6b850000 - 0x00007fff6b89e000 	C:\WINDOWS\System32\cfgmgr32.dll
0x00007fff6b2b0000 - 0x00007fff6b2d7000 	C:\WINDOWS\System32\bcrypt.dll
0x00007fff4cfa0000 - 0x00007fff4cfe2000 	C:\Users\Alaa Mahdi\.openjfx\cache\18.0.1+2\glass.dll
0x00007fff6c5d0000 - 0x00007fff6c6ab000 	C:\WINDOWS\System32\COMDLG32.dll
0x00007fff6d230000 - 0x00007fff6d345000 	C:\WINDOWS\System32\MSCTF.dll
0x00007fff4e990000 - 0x00007fff4e9cb000 	C:\WINDOWS\SYSTEM32\dxcore.dll
0x00007fff4d0a0000 - 0x00007fff4d0b4000 	C:\Users\Alaa Mahdi\.openjfx\cache\18.0.1+2\javafx_font.dll
0x00007fff51a90000 - 0x00007fff51d0f000 	C:\WINDOWS\SYSTEM32\dwrite.dll
0x00007fff6a430000 - 0x00007fff6a4fb000 	C:\WINDOWS\SYSTEM32\DNSAPI.dll
0x00007fff6a3f0000 - 0x00007fff6a42b000 	C:\WINDOWS\SYSTEM32\IPHLPAPI.DLL
0x00007fff6d4b0000 - 0x00007fff6d4b8000 	C:\WINDOWS\System32\NSI.dll
0x00007fff60f30000 - 0x00007fff60f3a000 	C:\Windows\System32\rasadhlp.dll
0x00007fff60600000 - 0x00007fff60680000 	C:\WINDOWS\System32\fwpuclnt.dll
0x00007fff6a950000 - 0x00007fff6a968000 	C:\WINDOWS\SYSTEM32\CRYPTSP.dll
0x00007fff6a080000 - 0x00007fff6a0b4000 	C:\WINDOWS\system32\rsaenh.dll
0x00007fff6af10000 - 0x00007fff6af3e000 	C:\WINDOWS\SYSTEM32\USERENV.dll
0x00007fff6a970000 - 0x00007fff6a97c000 	C:\WINDOWS\SYSTEM32\CRYPTBASE.dll
0x00007fff60f60000 - 0x00007fff60f77000 	C:\WINDOWS\SYSTEM32\dhcpcsvc6.DLL
0x00007fff61770000 - 0x00007fff6178d000 	C:\WINDOWS\SYSTEM32\dhcpcsvc.DLL
0x00007fff5cc60000 - 0x00007fff5cc6e000 	C:\Users\Alaa Mahdi\.jdks\openjdk-17.0.2\bin\sunmscapi.dll
0x00007fff6b010000 - 0x00007fff6b166000 	C:\WINDOWS\System32\CRYPT32.dll
0x00007fff6aa70000 - 0x00007fff6aa97000 	C:\WINDOWS\SYSTEM32\ncrypt.dll
0x00007fff6aa30000 - 0x00007fff6aa6b000 	C:\WINDOWS\SYSTEM32\NTASN1.dll
0x00007fff6cea0000 - 0x00007fff6cf49000 	C:\WINDOWS\System32\clbcatq.dll
0x00007fff55ae0000 - 0x00007fff55c94000 	C:\WINDOWS\SYSTEM32\WindowsCodecs.dll
0x00007fff41ce0000 - 0x00007fff41d1e000 	C:\WINDOWS\system32\dataexchange.dll
0x00007fff67290000 - 0x00007fff67474000 	C:\WINDOWS\system32\dcomp.dll
0x00007fff66bc0000 - 0x00007fff66e23000 	C:\WINDOWS\system32\d3d11.dll
0x00007fff69910000 - 0x00007fff69a03000 	C:\WINDOWS\system32\dxgi.dll

dbghelp: loaded successfully - version: 4.0.5 - missing functions: none
symbol engine: initialized successfully - sym options: 0x614 - pdb path: .;C:\Users\Alaa Mahdi\.jdks\openjdk-17.0.2\bin;C:\WINDOWS\SYSTEM32;C:\WINDOWS\WinSxS\amd64_microsoft.windows.common-controls_6595b64144ccf1df_6.0.19041.1110_none_60b5254171f9507e;C:\Users\Alaa Mahdi\.jdks\openjdk-17.0.2\bin\server;C:\Program Files\JetBrains\IntelliJ IDEA 2021.3.1\bin;C:\Users\Alaa Mahdi\.openjfx\cache\18.0.1+2;C:\WINDOWS\System32\DriverStore\FileRepository\iigd_dch.inf_amd64_dc16e5f1dbf8051f;C:\Program Files\Common Files\Microsoft Shared\Ink;C:\Users\Alaa Mahdi\AppData\Local\Temp\jSerialComm

VM Arguments:
jvm_args: -javaagent:C:\Program Files\JetBrains\IntelliJ IDEA 2021.3.1\lib\idea_rt.jar=55634:C:\Program Files\JetBrains\IntelliJ IDEA 2021.3.1\bin -Dfile.encoding=UTF-8 
java_command: com.hmaar.sundhed.Runner
java_class_path (initial): C:\Users\Alaa Mahdi\IdeaProjects\untitled6\sundhed\target\classes;C:\Users\Alaa Mahdi\IdeaProjects\untitled6\sundhed\lib\mysql-connector-java-8.0.27.jar;C:\Users\Alaa Mahdi\IdeaProjects\untitled6\sundhed\lib\protobuf-java-3.11.4.jar;C:\Users\Alaa Mahdi\.m2\repository\org\openjfx\javafx-controls\18.0.1\javafx-controls-18.0.1.jar;C:\Users\Alaa Mahdi\.m2\repository\org\openjfx\javafx-controls\18.0.1\javafx-controls-18.0.1-win.jar;C:\Users\Alaa Mahdi\.m2\repository\org\openjfx\javafx-graphics\18.0.1\javafx-graphics-18.0.1.jar;C:\Users\Alaa Mahdi\.m2\repository\org\openjfx\javafx-graphics\18.0.1\javafx-graphics-18.0.1-win.jar;C:\Users\Alaa Mahdi\.m2\repository\org\openjfx\javafx-base\18.0.1\javafx-base-18.0.1.jar;C:\Users\Alaa Mahdi\.m2\repository\org\openjfx\javafx-base\18.0.1\javafx-base-18.0.1-win.jar;C:\Users\Alaa Mahdi\.m2\repository\org\openjfx\javafx-fxml\18.0.1\javafx-fxml-18.0.1.jar;C:\Users\Alaa Mahdi\.m2\repository\org\openjfx\javafx-fxml\18.0.1\javafx-fxml-18.0.1-win.jar;C:\Users\Alaa Mahdi\.m2\repository\org\openjfx\javafx-web\18.0.1\javafx-web-18.0.1.jar;C:\Users\Alaa Mahdi\.m2\repository\org\openjfx\javafx-web\18.0.1\javafx-web-18.0.1-win.jar;C:\Users\Alaa Mahdi\.m2\repository\org\openjfx\javafx-media\18.0.1\javafx-media-18.0.1.jar;C:\Users\Alaa Mahdi\.m2\repository\org\openjfx\javafx-media\18.0.1\javafx-media-18.0.1-win.jar;C:\Users\Alaa Mahdi\.m2\repository\org\kordamp\ikonli\ikonli-javafx\12.3.1\ikonli-javafx-12.3.1.jar;C:\Users\Alaa Mahdi\.m2\repository\org\kordamp\ikonli\ikonli-core\12.3.1\ikonli-core-12.3.1.jar;C:\Users\Alaa Mahdi\.m2\repository\org\apiguardian\apiguardian-api\1.1.2\apiguardian-api-1.1.2.jar;C:\Users\Alaa Mahdi\.m2\repository\org\junit\jupiter\junit-jupiter-api\5.8.2\junit-jupiter-api-5.8.2.jar;C:\Users\Alaa Mahdi\.m2\repository\org\opentest4j\opentest4j\1.2.0\opentest4j-1.2.0.jar;C:\Users\Alaa Mahdi\.m2\repository\org\junit\platform\junit-platform-commons\1.8.2\junit-platform-commons-1.8.2.jar;C:\Users\A
Launcher Type: SUN_STANDARD

[Global flags]
     intx CICompilerCount                          = 4                                         {product} {ergonomic}
     uint ConcGCThreads                            = 2                                         {product} {ergonomic}
     uint G1ConcRefinementThreads                  = 8                                         {product} {ergonomic}
   size_t G1HeapRegionSize                         = 2097152                                   {product} {ergonomic}
    uintx GCDrainStackTargetSize                   = 64                                        {product} {ergonomic}
   size_t InitialHeapSize                          = 268435456                                 {product} {ergonomic}
   size_t MarkStackSize                            = 4194304                                   {product} {ergonomic}
   size_t MaxHeapSize                              = 4273995776                                {product} {ergonomic}
   size_t MaxNewSize                               = 2562719744                                {product} {ergonomic}
   size_t MinHeapDeltaBytes                        = 2097152                                   {product} {ergonomic}
   size_t MinHeapSize                              = 8388608                                   {product} {ergonomic}
    uintx NonNMethodCodeHeapSize                   = 5839372                                {pd product} {ergonomic}
    uintx NonProfiledCodeHeapSize                  = 122909434                              {pd product} {ergonomic}
    uintx ProfiledCodeHeapSize                     = 122909434                              {pd product} {ergonomic}
    uintx ReservedCodeCacheSize                    = 251658240                              {pd product} {ergonomic}
     bool SegmentedCodeCache                       = true                                      {product} {ergonomic}
   size_t SoftMaxHeapSize                          = 4273995776                             {manageable} {ergonomic}
     bool UseCompressedClassPointers               = true                           {product lp64_product} {ergonomic}
     bool UseCompressedOops                        = true                           {product lp64_product} {ergonomic}
     bool UseG1GC                                  = true                                      {product} {ergonomic}
     bool UseLargePagesIndividualAllocation        = false                                  {pd product} {ergonomic}

Logging:
Log output configuration:
 #0: stdout all=warning uptime,level,tags
 #1: stderr all=off uptime,level,tags

Environment Variables:
PATH=C:\Program Files\Common Files\Oracle\Java\javapath;C:\Program Files (x86)\Common Files\Oracle\Java\javapath;C:\WINDOWS\system32;C:\WINDOWS;C:\WINDOWS\System32\Wbem;C:\WINDOWS\System32\WindowsPowerShell\v1.0\;C:\WINDOWS\System32\OpenSSH\;C:\Program Files (x86)\Git\cmd;C:\Users\Alaa Mahdi\AppData\Local\Microsoft\WindowsApps;C:\Users\Alaa Mahdi\AppData\Local\GitHubDesktop\bin
USERNAME=Alaa Mahdi
OS=Windows_NT
PROCESSOR_IDENTIFIER=Intel64 Family 6 Model 142 Stepping 10, GenuineIntel



---------------  S Y S T E M  ---------------

OS:
 Windows 10 , 64 bit Build 19041 (10.0.19041.1741)
OS uptime: 1 days 0:57 hours

CPU: total 8 (initial active 8) (4 cores per cpu, 2 threads per core) family 6 model 142 stepping 10 microcode 0xec, cx8, cmov, fxsr, ht, mmx, 3dnowpref, sse, sse2, sse3, ssse3, sse4.1, sse4.2, popcnt, lzcnt, tsc, tscinvbit, avx, avx2, aes, erms, clmul, bmi1, bmi2, rtm, adx, fma, vzeroupper, clflush, clflushopt

Memory: 4k page, system-wide physical 16301M (6062M free)
TotalPageFile size 18733M (AvailPageFile size 4805M)
current process WorkingSet (physical memory assigned to process): 372M, peak: 440M
current process commit charge ("private bytes"): 421M, peak: 492M

vm_info: OpenJDK 64-Bit Server VM (17.0.2+8-86) for windows-amd64 JRE (17.0.2+8-86), built on Dec  7 2021 21:49:10 by "mach5one" with MS VC++ 16.8 / 16.9 (VS2019)

END.
