#
# A fatal error has been detected by the Java Runtime Environment:
#
#  EXCEPTION_ACCESS_VIOLATION (0xc0000005) at pc=0x00007fff6d953416, pid=8712, tid=6292
#
# JRE version: OpenJDK Runtime Environment (17.0.2+8) (build 17.0.2+8-86)
# Java VM: OpenJDK 64-Bit Server VM (17.0.2+8-86, mixed mode, sharing, tiered, compressed oops, compressed class ptrs, g1 gc, windows-amd64)
# Problematic frame:
# C  [ntdll.dll+0x63416]
#
# No core dump will be written. Minidumps are not enabled by default on client versions of Windows
#
# If you would like to submit a bug report, please visit:
#   https://bugreport.java.com/bugreport/crash.jsp
# The crash happened outside the Java Virtual Machine in native code.
# See problematic frame for where to report the bug.
#

---------------  S U M M A R Y ------------

Command Line: -agentlib:jdwp=transport=dt_socket,address=127.0.0.1:53050,suspend=y,server=n -javaagent:C:\Users\ALAAMA~1\AppData\Local\Temp\captureAgent4jars\debugger-agent.jar -Dfile.encoding=UTF-8 com.hmaar.sundhed.Runner

Host: Intel(R) Core(TM) i7-8650U CPU @ 1.90GHz, 8 cores, 15G,  Windows 10 , 64 bit Build 19041 (10.0.19041.1741)
Time: Tue Jun 21 04:20:14 2022 Rom, sommertid elapsed time: 66.825028 seconds (0d 0h 1m 6s)

---------------  T H R E A D  ---------------

Current thread (0x000001b25eb61300):  JavaThread "Thread-3" [_thread_in_native, id=6292, stack(0x0000008ecae00000,0x0000008ecaf00000)]

Stack: [0x0000008ecae00000,0x0000008ecaf00000],  sp=0x0000008ecaeff2c0,  free space=1020k
Native frames: (J=compiled Java code, j=interpreted, Vv=VM code, C=native code)
C  [ntdll.dll+0x63416]
C  [ntdll.dll+0x2fcb4]
C  [ntdll.dll+0x2fae2]
C  0x00007fff594b3cb2

Java frames: (J=compiled Java code, j=interpreted, Vv=VM code)
j  com.fazecast.jSerialComm.SerialPort.closePortNative(J)J+0
j  com.fazecast.jSerialComm.SerialPort.closePort()Z+29
j  com.hmaar.sundhed.model.recorders.SensorRecorder.resetSerialConnection()V+37
j  com.hmaar.sundhed.model.recorders.SensorRecorder.run()V+242
j  java.lang.Thread.run()V+11 java.base@17.0.2
v  ~StubRoutines::call_stub

siginfo: EXCEPTION_ACCESS_VIOLATION (0xc0000005), writing address 0x0000000000000024


Register to memory mapping:

RIP=0x00007fff6d953416 ntdll.dll
RAX=0x0 is NULL
RBX=0x00007fff594dfd00 points into unknown readable memory: 0x0000000000000000 | 00 00 00 00 00 00 00 00
RCX=0x00007fff594dfd00 points into unknown readable memory: 0x0000000000000000 | 00 00 00 00 00 00 00 00
RDX=0x00000000fffffffa is an unknown value
RSP=0x0000008ecaeff2c0 is pointing into the stack for thread: 0x000001b25eb61300
RBP=0x0000008ecaeff500 is pointing into the stack for thread: 0x000001b25eb61300
RSI=0x0 is NULL
RDI=0x0 is NULL
R8 =0x0 is NULL
R9 =0x00007fff594dfd00 points into unknown readable memory: 0x0000000000000000 | 00 00 00 00 00 00 00 00
R10=0x0 is NULL
R11=0x0000000000000246 is an unknown value
R12=0x0 is NULL
R13=0x0000008ec7d3c000 points into unknown readable memory: 0x0000000000000000 | 00 00 00 00 00 00 00 00
R14=0x0000000000000001 is an unknown value
R15=0x0 is NULL


Registers:
RAX=0x0000000000000000, RBX=0x00007fff594dfd00, RCX=0x00007fff594dfd00, RDX=0x00000000fffffffa
RSP=0x0000008ecaeff2c0, RBP=0x0000008ecaeff500, RSI=0x0000000000000000, RDI=0x0000000000000000
R8 =0x0000000000000000, R9 =0x00007fff594dfd00, R10=0x0000000000000000, R11=0x0000000000000246
R12=0x0000000000000000, R13=0x0000008ec7d3c000, R14=0x0000000000000001, R15=0x0000000000000000
RIP=0x00007fff6d953416, EFLAGS=0x0000000000010213

Top of Stack: (sp=0x0000008ecaeff2c0)
0x0000008ecaeff2c0:   ffffffffffffffff 00007fff594dfd00
0x0000008ecaeff2d0:   0000000000000000 0000000000000000
0x0000008ecaeff2e0:   0000000000000000 0000000000000000
0x0000008ecaeff2f0:   0000000000000000 0000000000000000
0x0000008ecaeff300:   0000000000000000 00000000fffffffa
0x0000008ecaeff310:   0000008ec7d3c000 0000000000000000
0x0000008ecaeff320:   0000000000000000 0000000000000000
0x0000008ecaeff330:   0000000000000000 0000000000000000
0x0000008ecaeff340:   0000000000000000 0000000000000000
0x0000008ecaeff350:   00006e0f628a2778 0000000000000000
0x0000008ecaeff360:   000001b25eb61300 0000000000000001
0x0000008ecaeff370:   0000000000000001 0000000000000001
0x0000008ecaeff380:   0000000000000000 00007fff594dfd00
0x0000008ecaeff390:   0000008ecaeff500 00007fff6d91fcb4
0x0000008ecaeff3a0:   0000000000000000 0000000000000000
0x0000008ecaeff3b0:   00000000fffffffa 0000000000000000 

Instructions: (pc=0x00007fff6d953416)
0x00007fff6d953316:   20 e9 ed fe ff ff 48 89 41 18 e9 e4 fe ff ff cc
0x00007fff6d953326:   cc cc cc cc cc cc cc cc cc cc 80 3d d1 81 10 00
0x00007fff6d953336:   00 0f 95 c0 c3 cc cc cc cc cc cc cc cc cc cc cc
0x00007fff6d953346:   cc cc cc cc cc cc cc cc cc cc 48 83 ec 38 8b 05
0x00007fff6d953356:   d2 67 10 00 89 44 24 20 e8 41 02 00 00 48 83 c4
0x00007fff6d953366:   38 c3 cc cc cc cc cc cc cc cc 48 89 5c 24 18 55
0x00007fff6d953376:   56 57 41 54 41 55 41 56 41 57 48 81 ec a0 00 00
0x00007fff6d953386:   00 48 8b 05 82 01 12 00 48 33 c4 48 89 84 24 90
0x00007fff6d953396:   00 00 00 65 4c 8b 2c 25 30 00 00 00 48 8d 05 4f
0x00007fff6d9533a6:   21 10 00 40 32 ed 89 54 24 48 33 f6 40 88 6c 24
0x00007fff6d9533b6:   40 4c 89 6c 24 50 48 8b d9 44 8b e6 48 3b c8 0f
0x00007fff6d9533c6:   84 39 01 00 00 40 38 35 36 81 10 00 0f 85 a8 01
0x00007fff6d9533d6:   00 00 39 35 4a 81 10 00 0f 85 6a 01 00 00 40 38
0x00007fff6d9533e6:   35 0d 7c 10 00 48 8d 3d 0e 7c 10 00 48 0f 45 fe
0x00007fff6d9533f6:   48 39 73 18 0f 84 d2 00 00 00 48 8b 03 48 83 f8
0x00007fff6d953406:   ff 0f 84 d2 00 00 00 44 8b fe 48 83 f8 ff 74 03
0x00007fff6d953416:   ff 40 24 4c 8b 73 18 4c 8d 2d d4 20 10 00 bd 22
0x00007fff6d953426:   17 00 00 e8 22 14 fc ff 85 c0 0f 85 be b2 05 00
0x00007fff6d953436:   b9 82 03 fe 7f 80 39 00 0f 85 cc b2 05 00 49 83
0x00007fff6d953446:   fe ff 0f 85 5a b3 05 00 4c 8b cf c7 44 24 20 00
0x00007fff6d953456:   00 00 00 41 b8 04 00 00 00 48 8d 54 24 48 48 8d
0x00007fff6d953466:   4b 08 e8 37 01 00 00 3d 02 01 00 00 0f 84 43 b3
0x00007fff6d953476:   05 00 8b 4b 08 89 4c 24 48 f6 c1 02 75 ca 3d 02
0x00007fff6d953486:   01 00 00 0f 84 2c b3 05 00 0f b6 6c 24 40 4c 8b
0x00007fff6d953496:   6c 24 50 85 c0 0f 88 78 b4 05 00 40 84 ed 75 73
0x00007fff6d9534a6:   48 8b 8c 24 90 00 00 00 48 33 cc e8 7a 8d 02 00
0x00007fff6d9534b6:   48 8b 9c 24 f0 00 00 00 48 81 c4 a0 00 00 00 41
0x00007fff6d9534c6:   5f 41 5e 41 5d 41 5c 5f 5e 5d c3 cc 48 8b cb e8
0x00007fff6d9534d6:   56 05 00 00 e9 21 ff ff ff 8b 4b 20 48 c7 c0 ff
0x00007fff6d9534e6:   ff ff ff 48 0f ba e1 18 0f 82 19 ff ff ff 48 8b
0x00007fff6d9534f6:   cb e8 44 e3 fa ff 48 8b 03 e9 09 ff ff ff c6 44
0x00007fff6d953506:   24 40 01 41 c7 85 60 17 00 00 01 00 00 00 e9 b2 


Stack slot to memory mapping:
stack at sp + 0 slots: 0xffffffffffffffff is an unknown value
stack at sp + 1 slots: 0x00007fff594dfd00 points into unknown readable memory: 0x0000000000000000 | 00 00 00 00 00 00 00 00
stack at sp + 2 slots: 0x0 is NULL
stack at sp + 3 slots: 0x0 is NULL
stack at sp + 4 slots: 0x0 is NULL
stack at sp + 5 slots: 0x0 is NULL
stack at sp + 6 slots: 0x0 is NULL
stack at sp + 7 slots: 0x0 is NULL


---------------  P R O C E S S  ---------------

Threads class SMR info:
_java_thread_list=0x000001b25b6c1620, length=24, elements={
0x000001b23216f3c0, 0x000001b254e7aa60, 0x000001b254e7b8d0, 0x000001b254e8f070,
0x000001b254e91a40, 0x000001b254e923f0, 0x000001b254e92da0, 0x000001b254e93b30,
0x000001b254e95510, 0x000001b254ece570, 0x000001b25587c100, 0x000001b255996350,
0x000001b255a179d0, 0x000001b255a400c0, 0x000001b255a4d940, 0x000001b255a9f140,
0x000001b2562e8560, 0x000001b256304610, 0x000001b25a8c75d0, 0x000001b25ae26f90,
0x000001b25eb5d940, 0x000001b25eb5de10, 0x000001b25eb61300, 0x000001b25eb5ec80
}

Java Threads: ( => current thread )
  0x000001b23216f3c0 JavaThread "main" [_thread_blocked, id=10128, stack(0x0000008ec8100000,0x0000008ec8200000)]
  0x000001b254e7aa60 JavaThread "Reference Handler" daemon [_thread_blocked, id=11240, stack(0x0000008ec8800000,0x0000008ec8900000)]
  0x000001b254e7b8d0 JavaThread "Finalizer" daemon [_thread_blocked, id=9544, stack(0x0000008ec8900000,0x0000008ec8a00000)]
  0x000001b254e8f070 JavaThread "Signal Dispatcher" daemon [_thread_blocked, id=2696, stack(0x0000008ec8a00000,0x0000008ec8b00000)]
  0x000001b254e91a40 JavaThread "Attach Listener" daemon [_thread_blocked, id=10604, stack(0x0000008ec8b00000,0x0000008ec8c00000)]
  0x000001b254e923f0 JavaThread "Service Thread" daemon [_thread_blocked, id=8160, stack(0x0000008ec8c00000,0x0000008ec8d00000)]
  0x000001b254e92da0 JavaThread "Monitor Deflation Thread" daemon [_thread_blocked, id=7136, stack(0x0000008ec8d00000,0x0000008ec8e00000)]
  0x000001b254e93b30 JavaThread "C2 CompilerThread0" daemon [_thread_blocked, id=652, stack(0x0000008ec8e00000,0x0000008ec8f00000)]
  0x000001b254e95510 JavaThread "C1 CompilerThread0" daemon [_thread_blocked, id=6364, stack(0x0000008ec8f00000,0x0000008ec9000000)]
  0x000001b254ece570 JavaThread "Sweeper thread" daemon [_thread_blocked, id=9096, stack(0x0000008ec9000000,0x0000008ec9100000)]
  0x000001b25587c100 JavaThread "Common-Cleaner" daemon [_thread_blocked, id=2504, stack(0x0000008ec9100000,0x0000008ec9200000)]
  0x000001b255996350 JavaThread "JDWP Transport Listener: dt_socket" daemon [_thread_blocked, id=7252, stack(0x0000008ec9200000,0x0000008ec9300000)]
  0x000001b255a179d0 JavaThread "JDWP Event Helper Thread" daemon [_thread_blocked, id=3380, stack(0x0000008ec9300000,0x0000008ec9400000)]
  0x000001b255a400c0 JavaThread "JDWP Command Reader" daemon [_thread_in_native, id=10232, stack(0x0000008ec9400000,0x0000008ec9500000)]
  0x000001b255a4d940 JavaThread "Notification Thread" daemon [_thread_blocked, id=5724, stack(0x0000008ec9500000,0x0000008ec9600000)]
  0x000001b255a9f140 JavaThread "JavaFX-Launcher" [_thread_blocked, id=6984, stack(0x0000008ec9700000,0x0000008ec9800000)]
  0x000001b2562e8560 JavaThread "InvokeLaterDispatcher" daemon [_thread_blocked, id=8136, stack(0x0000008ec9800000,0x0000008ec9900000)]
  0x000001b256304610 JavaThread "JavaFX Application Thread" [_thread_blocked, id=7152, stack(0x0000008ec9a00000,0x0000008ec9b00000)]
  0x000001b25a8c75d0 JavaThread "Thread-2" daemon [_thread_in_native, id=10892, stack(0x0000008ec9e00000,0x0000008ec9f00000)]
  0x000001b25ae26f90 JavaThread "mysql-cj-abandoned-connection-cleanup" daemon [_thread_blocked, id=3144, stack(0x0000008eca800000,0x0000008eca900000)]
  0x000001b25eb5d940 JavaThread "Prism Font Disposer" daemon [_thread_blocked, id=956, stack(0x0000008eca600000,0x0000008eca700000)]
  0x000001b25eb5de10 JavaThread "Cleaner-0" daemon [_thread_blocked, id=7052, stack(0x0000008ecac00000,0x0000008ecad00000)]
=>0x000001b25eb61300 JavaThread "Thread-3" [_thread_in_native, id=6292, stack(0x0000008ecae00000,0x0000008ecaf00000)]
  0x000001b25eb5ec80 JavaThread "Thread-4" [_thread_blocked, id=10244, stack(0x0000008ecaf00000,0x0000008ecb000000)]

Other Threads:
  0x000001b254e756c0 VMThread "VM Thread" [stack: 0x0000008ec8700000,0x0000008ec8800000] [id=10092]
  0x000001b2321d96b0 WatcherThread [stack: 0x0000008ec9600000,0x0000008ec9700000] [id=7520]
  0x000001b232183710 GCTaskThread "GC Thread#0" [stack: 0x0000008ec8200000,0x0000008ec8300000] [id=8140]
  0x000001b25a87cc00 GCTaskThread "GC Thread#1" [stack: 0x0000008ec9f00000,0x0000008eca000000] [id=10792]
  0x000001b25a8c6b00 GCTaskThread "GC Thread#2" [stack: 0x0000008eca000000,0x0000008eca100000] [id=8772]
  0x000001b25a8cf710 GCTaskThread "GC Thread#3" [stack: 0x0000008eca100000,0x0000008eca200000] [id=6960]
  0x000001b25a8ce500 GCTaskThread "GC Thread#4" [stack: 0x0000008eca200000,0x0000008eca300000] [id=8456]
  0x000001b25a8fc0b0 GCTaskThread "GC Thread#5" [stack: 0x0000008eca300000,0x0000008eca400000] [id=8452]
  0x000001b2563fe880 GCTaskThread "GC Thread#6" [stack: 0x0000008eca400000,0x0000008eca500000] [id=1976]
  0x000001b25a88b980 GCTaskThread "GC Thread#7" [stack: 0x0000008eca500000,0x0000008eca600000] [id=6844]
  0x000001b2321d2ef0 ConcurrentGCThread "G1 Main Marker" [stack: 0x0000008ec8300000,0x0000008ec8400000] [id=4832]
  0x000001b2321d3900 ConcurrentGCThread "G1 Conc#0" [stack: 0x0000008ec8400000,0x0000008ec8500000] [id=3308]
  0x000001b25aaa6150 ConcurrentGCThread "G1 Conc#1" [stack: 0x0000008ecab00000,0x0000008ecac00000] [id=6172]
  0x000001b254d320c0 ConcurrentGCThread "G1 Refine#0" [stack: 0x0000008ec8500000,0x0000008ec8600000] [id=7940]
  0x000001b254d32ae0 ConcurrentGCThread "G1 Service" [stack: 0x0000008ec8600000,0x0000008ec8700000] [id=6296]

Threads with active compile tasks:

VM state: not at safepoint (normal execution)

VM Mutex/Monitor currently owned by a thread: None

Heap address: 0x0000000701400000, size: 4076 MB, Compressed Oops mode: Zero based, Oop shift amount: 3

CDS archive(s) mapped at: [0x0000000800000000-0x0000000800bc0000-0x0000000800bc0000), size 12320768, SharedBaseAddress: 0x0000000800000000, ArchiveRelocationMode: 0.
Compressed class space mapped at: 0x0000000800c00000-0x0000000840c00000, reserved size: 1073741824
Narrow klass base: 0x0000000800000000, Narrow klass shift: 0, Narrow klass range: 0x100000000

GC Precious Log:
 CPUs: 8 total, 8 available
 Memory: 16301M
 Large Page Support: Disabled
 NUMA Support: Disabled
 Compressed Oops: Enabled (Zero based)
 Heap Region Size: 2M
 Heap Min Capacity: 8M
 Heap Initial Capacity: 256M
 Heap Max Capacity: 4076M
 Pre-touch: Disabled
 Parallel Workers: 8
 Concurrent Workers: 2
 Concurrent Refinement Workers: 8
 Periodic GC: Disabled

Heap:
 garbage-first heap   total 184320K, used 70088K [0x0000000701400000, 0x0000000800000000)
  region size 2048K, 14 young (28672K), 5 survivors (10240K)
 Metaspace       used 30576K, committed 30848K, reserved 1081344K
  class space    used 3985K, committed 4096K, reserved 1048576K

Heap Regions: E=young(eden), S=young(survivor), O=old, HS=humongous(starts), HC=humongous(continues), CS=collection set, F=free, OA=open archive, CA=closed archive, TAMS=top-at-mark-start (previous, next)
|   0|0x0000000701400000, 0x0000000701600000, 0x0000000701600000|100%| O|  |TAMS 0x0000000701600000, 0x0000000701400000| Untracked 
|   1|0x0000000701600000, 0x0000000701800000, 0x0000000701800000|100%| O|  |TAMS 0x0000000701800000, 0x0000000701600000| Untracked 
|   2|0x0000000701800000, 0x0000000701a00000, 0x0000000701a00000|100%| O|  |TAMS 0x0000000701a00000, 0x0000000701800000| Untracked 
|   3|0x0000000701a00000, 0x0000000701c00000, 0x0000000701c00000|100%| O|  |TAMS 0x0000000701c00000, 0x0000000701a00000| Untracked 
|   4|0x0000000701c00000, 0x0000000701e00000, 0x0000000701e00000|100%| O|  |TAMS 0x0000000701e00000, 0x0000000701c00000| Untracked 
|   5|0x0000000701e00000, 0x0000000702000000, 0x0000000702000000|100%| O|  |TAMS 0x0000000702000000, 0x0000000701e00000| Untracked 
|   6|0x0000000702000000, 0x0000000702200000, 0x0000000702200000|100%|HS|  |TAMS 0x0000000702200000, 0x0000000702000000| Complete 
|   7|0x0000000702200000, 0x0000000702400000, 0x0000000702400000|100%|HS|  |TAMS 0x0000000702400000, 0x0000000702200000| Complete 
|   8|0x0000000702400000, 0x0000000702600000, 0x0000000702600000|100%|HS|  |TAMS 0x0000000702600000, 0x0000000702400000| Complete 
|   9|0x0000000702600000, 0x0000000702800000, 0x0000000702800000|100%|HC|  |TAMS 0x0000000702800000, 0x0000000702600000| Complete 
|  10|0x0000000702800000, 0x0000000702800000, 0x0000000702a00000|  0%| F|  |TAMS 0x0000000702800000, 0x0000000702800000| Untracked 
|  11|0x0000000702a00000, 0x0000000702c00000, 0x0000000702c00000|100%| O|  |TAMS 0x0000000702c00000, 0x0000000702a00000| Untracked 
|  12|0x0000000702c00000, 0x0000000702e00000, 0x0000000702e00000|100%| O|  |TAMS 0x0000000702e00000, 0x0000000702c00000| Untracked 
|  13|0x0000000702e00000, 0x0000000703000000, 0x0000000703000000|100%| O|  |TAMS 0x0000000703000000, 0x0000000702e00000| Untracked 
|  14|0x0000000703000000, 0x0000000703200000, 0x0000000703200000|100%| O|  |TAMS 0x0000000703200000, 0x0000000703000000| Untracked 
|  15|0x0000000703200000, 0x0000000703400000, 0x0000000703400000|100%| O|  |TAMS 0x0000000703400000, 0x0000000703200000| Untracked 
|  16|0x0000000703400000, 0x0000000703600000, 0x0000000703600000|100%| O|  |TAMS 0x0000000703600000, 0x0000000703400000| Untracked 
|  17|0x0000000703600000, 0x0000000703600000, 0x0000000703800000|  0%| F|  |TAMS 0x0000000703600000, 0x0000000703600000| Untracked 
|  18|0x0000000703800000, 0x0000000703a00000, 0x0000000703a00000|100%| O|  |TAMS 0x0000000703a00000, 0x0000000703800000| Untracked 
|  19|0x0000000703a00000, 0x0000000703c00000, 0x0000000703c00000|100%| O|  |TAMS 0x0000000703a00000, 0x0000000703a00000| Untracked 
|  20|0x0000000703c00000, 0x0000000703e00000, 0x0000000703e00000|100%| O|  |TAMS 0x0000000703c00000, 0x0000000703c00000| Untracked 
|  21|0x0000000703e00000, 0x0000000704000000, 0x0000000704000000|100%| O|  |TAMS 0x0000000703e00000, 0x0000000703e00000| Untracked 
|  22|0x0000000704000000, 0x0000000704200000, 0x0000000704200000|100%| O|  |TAMS 0x0000000704000000, 0x0000000704000000| Untracked 
|  23|0x0000000704200000, 0x0000000704237800, 0x0000000704400000| 10%| O|  |TAMS 0x0000000704200000, 0x0000000704200000| Untracked 
|  24|0x0000000704400000, 0x0000000704400000, 0x0000000704600000|  0%| F|  |TAMS 0x0000000704400000, 0x0000000704400000| Untracked 
|  25|0x0000000704600000, 0x0000000704800000, 0x0000000704800000|100%| O|  |TAMS 0x0000000704800000, 0x0000000704600000| Untracked 
|  26|0x0000000704800000, 0x0000000704800000, 0x0000000704a00000|  0%| F|  |TAMS 0x0000000704800000, 0x0000000704800000| Untracked 
|  27|0x0000000704a00000, 0x0000000704a00000, 0x0000000704c00000|  0%| F|  |TAMS 0x0000000704a00000, 0x0000000704a00000| Untracked 
|  28|0x0000000704c00000, 0x0000000704c00000, 0x0000000704e00000|  0%| F|  |TAMS 0x0000000704c00000, 0x0000000704c00000| Untracked 
|  29|0x0000000704e00000, 0x0000000704e00000, 0x0000000705000000|  0%| F|  |TAMS 0x0000000704e00000, 0x0000000704e00000| Untracked 
|  30|0x0000000705000000, 0x0000000705000000, 0x0000000705200000|  0%| F|  |TAMS 0x0000000705000000, 0x0000000705000000| Untracked 
|  31|0x0000000705200000, 0x0000000705200000, 0x0000000705400000|  0%| F|  |TAMS 0x0000000705200000, 0x0000000705200000| Untracked 
|  32|0x0000000705400000, 0x0000000705400000, 0x0000000705600000|  0%| F|  |TAMS 0x0000000705400000, 0x0000000705400000| Untracked 
|  33|0x0000000705600000, 0x0000000705600000, 0x0000000705800000|  0%| F|  |TAMS 0x0000000705600000, 0x0000000705600000| Untracked 
|  34|0x0000000705800000, 0x0000000705800000, 0x0000000705a00000|  0%| F|  |TAMS 0x0000000705800000, 0x0000000705800000| Untracked 
|  35|0x0000000705a00000, 0x0000000705a3aa70, 0x0000000705c00000| 11%| S|CS|TAMS 0x0000000705a00000, 0x0000000705a00000| Complete 
|  36|0x0000000705c00000, 0x0000000705e00000, 0x0000000705e00000|100%| S|CS|TAMS 0x0000000705c00000, 0x0000000705c00000| Complete 
|  37|0x0000000705e00000, 0x0000000705e00000, 0x0000000706000000|  0%| F|  |TAMS 0x0000000705e00000, 0x0000000705e00000| Untracked 
|  38|0x0000000706000000, 0x0000000706000000, 0x0000000706200000|  0%| F|  |TAMS 0x0000000706000000, 0x0000000706000000| Untracked 
|  39|0x0000000706200000, 0x0000000706200000, 0x0000000706400000|  0%| F|  |TAMS 0x0000000706200000, 0x0000000706200000| Untracked 
|  40|0x0000000706400000, 0x0000000706600000, 0x0000000706600000|100%| S|CS|TAMS 0x0000000706400000, 0x0000000706400000| Complete 
|  41|0x0000000706600000, 0x0000000706800000, 0x0000000706800000|100%| S|CS|TAMS 0x0000000706600000, 0x0000000706600000| Complete 
|  42|0x0000000706800000, 0x0000000706a00000, 0x0000000706a00000|100%| S|CS|TAMS 0x0000000706800000, 0x0000000706800000| Complete 
|  43|0x0000000706a00000, 0x0000000706a00000, 0x0000000706c00000|  0%| F|  |TAMS 0x0000000706a00000, 0x0000000706a00000| Untracked 
|  44|0x0000000706c00000, 0x0000000706c00000, 0x0000000706e00000|  0%| F|  |TAMS 0x0000000706c00000, 0x0000000706c00000| Untracked 
|  45|0x0000000706e00000, 0x0000000706e00000, 0x0000000707000000|  0%| F|  |TAMS 0x0000000706e00000, 0x0000000706e00000| Untracked 
|  46|0x0000000707000000, 0x0000000707000000, 0x0000000707200000|  0%| F|  |TAMS 0x0000000707000000, 0x0000000707000000| Untracked 
|  47|0x0000000707200000, 0x0000000707200000, 0x0000000707400000|  0%| F|  |TAMS 0x0000000707200000, 0x0000000707200000| Untracked 
|  48|0x0000000707400000, 0x0000000707400000, 0x0000000707600000|  0%| F|  |TAMS 0x0000000707400000, 0x0000000707400000| Untracked 
|  49|0x0000000707600000, 0x0000000707600000, 0x0000000707800000|  0%| F|  |TAMS 0x0000000707600000, 0x0000000707600000| Untracked 
|  50|0x0000000707800000, 0x0000000707800000, 0x0000000707a00000|  0%| F|  |TAMS 0x0000000707800000, 0x0000000707800000| Untracked 
|  51|0x0000000707a00000, 0x0000000707a00000, 0x0000000707c00000|  0%| F|  |TAMS 0x0000000707a00000, 0x0000000707a00000| Untracked 
|  52|0x0000000707c00000, 0x0000000707c00000, 0x0000000707e00000|  0%| F|  |TAMS 0x0000000707c00000, 0x0000000707c00000| Untracked 
|  53|0x0000000707e00000, 0x0000000707e00000, 0x0000000708000000|  0%| F|  |TAMS 0x0000000707e00000, 0x0000000707e00000| Untracked 
|  54|0x0000000708000000, 0x0000000708000000, 0x0000000708200000|  0%| F|  |TAMS 0x0000000708000000, 0x0000000708000000| Untracked 
|  55|0x0000000708200000, 0x0000000708200000, 0x0000000708400000|  0%| F|  |TAMS 0x0000000708200000, 0x0000000708200000| Untracked 
|  56|0x0000000708400000, 0x0000000708400000, 0x0000000708600000|  0%| F|  |TAMS 0x0000000708400000, 0x0000000708400000| Untracked 
|  57|0x0000000708600000, 0x0000000708600000, 0x0000000708800000|  0%| F|  |TAMS 0x0000000708600000, 0x0000000708600000| Untracked 
|  58|0x0000000708800000, 0x0000000708800000, 0x0000000708a00000|  0%| F|  |TAMS 0x0000000708800000, 0x0000000708800000| Untracked 
|  59|0x0000000708a00000, 0x0000000708a00000, 0x0000000708c00000|  0%| F|  |TAMS 0x0000000708a00000, 0x0000000708a00000| Untracked 
|  60|0x0000000708c00000, 0x0000000708c00000, 0x0000000708e00000|  0%| F|  |TAMS 0x0000000708c00000, 0x0000000708c00000| Untracked 
|  61|0x0000000708e00000, 0x0000000708e00000, 0x0000000709000000|  0%| F|  |TAMS 0x0000000708e00000, 0x0000000708e00000| Untracked 
|  62|0x0000000709000000, 0x0000000709000000, 0x0000000709200000|  0%| F|  |TAMS 0x0000000709000000, 0x0000000709000000| Untracked 
|  63|0x0000000709200000, 0x0000000709200000, 0x0000000709400000|  0%| F|  |TAMS 0x0000000709200000, 0x0000000709200000| Untracked 
|  64|0x0000000709400000, 0x0000000709400000, 0x0000000709600000|  0%| F|  |TAMS 0x0000000709400000, 0x0000000709400000| Untracked 
|  65|0x0000000709600000, 0x0000000709600000, 0x0000000709800000|  0%| F|  |TAMS 0x0000000709600000, 0x0000000709600000| Untracked 
|  66|0x0000000709800000, 0x0000000709800000, 0x0000000709a00000|  0%| F|  |TAMS 0x0000000709800000, 0x0000000709800000| Untracked 
|  67|0x0000000709a00000, 0x0000000709a00000, 0x0000000709c00000|  0%| F|  |TAMS 0x0000000709a00000, 0x0000000709a00000| Untracked 
|  68|0x0000000709c00000, 0x0000000709c00000, 0x0000000709e00000|  0%| F|  |TAMS 0x0000000709c00000, 0x0000000709c00000| Untracked 
|  69|0x0000000709e00000, 0x0000000709e00000, 0x000000070a000000|  0%| F|  |TAMS 0x0000000709e00000, 0x0000000709e00000| Untracked 
|  70|0x000000070a000000, 0x000000070a000000, 0x000000070a200000|  0%| F|  |TAMS 0x000000070a000000, 0x000000070a000000| Untracked 
|  71|0x000000070a200000, 0x000000070a200000, 0x000000070a400000|  0%| F|  |TAMS 0x000000070a200000, 0x000000070a200000| Untracked 
|  72|0x000000070a400000, 0x000000070a400000, 0x000000070a600000|  0%| F|  |TAMS 0x000000070a400000, 0x000000070a400000| Untracked 
|  73|0x000000070a600000, 0x000000070a600000, 0x000000070a800000|  0%| F|  |TAMS 0x000000070a600000, 0x000000070a600000| Untracked 
|  74|0x000000070a800000, 0x000000070a800000, 0x000000070aa00000|  0%| F|  |TAMS 0x000000070a800000, 0x000000070a800000| Untracked 
|  75|0x000000070aa00000, 0x000000070aa00000, 0x000000070ac00000|  0%| F|  |TAMS 0x000000070aa00000, 0x000000070aa00000| Untracked 
|  76|0x000000070ac00000, 0x000000070ac00000, 0x000000070ae00000|  0%| F|  |TAMS 0x000000070ac00000, 0x000000070ac00000| Untracked 
|  77|0x000000070ae00000, 0x000000070ae00000, 0x000000070b000000|  0%| F|  |TAMS 0x000000070ae00000, 0x000000070ae00000| Untracked 
|  78|0x000000070b000000, 0x000000070b000000, 0x000000070b200000|  0%| F|  |TAMS 0x000000070b000000, 0x000000070b000000| Untracked 
|  79|0x000000070b200000, 0x000000070b200000, 0x000000070b400000|  0%| F|  |TAMS 0x000000070b200000, 0x000000070b200000| Untracked 
|  80|0x000000070b400000, 0x000000070b400000, 0x000000070b600000|  0%| F|  |TAMS 0x000000070b400000, 0x000000070b400000| Untracked 
|  81|0x000000070b600000, 0x000000070b6b1e18, 0x000000070b800000| 34%| E|  |TAMS 0x000000070b600000, 0x000000070b600000| Complete 
|  82|0x000000070b800000, 0x000000070ba00000, 0x000000070ba00000|100%| E|CS|TAMS 0x000000070b800000, 0x000000070b800000| Complete 
|  83|0x000000070ba00000, 0x000000070bc00000, 0x000000070bc00000|100%| E|CS|TAMS 0x000000070ba00000, 0x000000070ba00000| Complete 
|  84|0x000000070bc00000, 0x000000070be00000, 0x000000070be00000|100%| E|CS|TAMS 0x000000070bc00000, 0x000000070bc00000| Complete 
|  85|0x000000070be00000, 0x000000070c000000, 0x000000070c000000|100%| E|CS|TAMS 0x000000070be00000, 0x000000070be00000| Complete 
|  86|0x000000070c000000, 0x000000070c200000, 0x000000070c200000|100%| E|CS|TAMS 0x000000070c000000, 0x000000070c000000| Complete 
|  87|0x000000070c200000, 0x000000070c400000, 0x000000070c400000|100%| E|CS|TAMS 0x000000070c200000, 0x000000070c200000| Complete 
|  88|0x000000070c400000, 0x000000070c600000, 0x000000070c600000|100%| E|CS|TAMS 0x000000070c400000, 0x000000070c400000| Complete 
| 127|0x0000000711200000, 0x0000000711400000, 0x0000000711400000|100%| E|CS|TAMS 0x0000000711200000, 0x0000000711200000| Complete 

Card table byte_map: [0x000001b2494f0000,0x000001b249cf0000] _byte_map_base: 0x000001b245ce6000

Marking Bits (Prev, Next): (CMBitMap*) 0x000001b2321c1730, (CMBitMap*) 0x000001b2321c16f0
 Prev Bits: [0x000001b24e4a0000, 0x000001b252450000)
 Next Bits: [0x000001b24a4f0000, 0x000001b24e4a0000)

Polling page: 0x000001b230020000

Metaspace:

Usage:
  Non-class:     25.97 MB used.
      Class:      3.89 MB used.
       Both:     29.86 MB used.

Virtual space:
  Non-class space:       32.00 MB reserved,      26.12 MB ( 82%) committed,  4 nodes.
      Class space:        1.00 GB reserved,       4.00 MB ( <1%) committed,  1 nodes.
             Both:        1.03 GB reserved,      30.12 MB (  3%) committed. 

Chunk freelists:
   Non-Class:  1.30 MB
       Class:  3.91 MB
        Both:  5.21 MB

MaxMetaspaceSize: unlimited
CompressedClassSpaceSize: 1.00 GB
Initial GC threshold: 21.00 MB
Current GC threshold: 50.00 MB
CDS: on
MetaspaceReclaimPolicy: balanced
 - commit_granule_bytes: 65536.
 - commit_granule_words: 8192.
 - virtual_space_node_default_size: 1048576.
 - enlarge_chunks_in_place: 1.
 - new_chunks_are_fully_committed: 0.
 - uncommit_free_chunks: 1.
 - use_allocation_guard: 0.
 - handle_deallocations: 1.


Internal statistics:

num_allocs_failed_limit: 3.
num_arena_births: 262.
num_arena_deaths: 0.
num_vsnodes_births: 5.
num_vsnodes_deaths: 0.
num_space_committed: 482.
num_space_uncommitted: 0.
num_chunks_returned_to_freelist: 3.
num_chunks_taken_from_freelist: 1160.
num_chunk_merges: 3.
num_chunk_splits: 797.
num_chunks_enlarged: 633.
num_purges: 0.
num_inconsistent_stats: 0.

CodeHeap 'non-profiled nmethods': size=120000Kb used=6960Kb max_used=6960Kb free=113040Kb
 bounds [0x000001b241490000, 0x000001b241b60000, 0x000001b2489c0000]
CodeHeap 'profiled nmethods': size=120000Kb used=12235Kb max_used=14012Kb free=107765Kb
 bounds [0x000001b239f60000, 0x000001b23ad20000, 0x000001b241490000]
CodeHeap 'non-nmethods': size=5760Kb used=1599Kb max_used=1745Kb free=4160Kb
 bounds [0x000001b2399c0000, 0x000001b239c30000, 0x000001b239f60000]
 total_blobs=7203 nmethods=6288 adapters=827
 compilation: enabled
              stopped_count=0, restarted_count=0
 full_count=0

Compilation events (20 events):
Event: 66.078 Thread 0x000001b254e93b30 nmethod 8464 0x000001b241b57790 code [0x000001b241b57920, 0x000001b241b57c18]
Event: 66.201 Thread 0x000001b254e93b30 8465       4       sun.nio.ch.Util$BufferCache::offerFirst (73 bytes)
Event: 66.204 Thread 0x000001b254e93b30 nmethod 8465 0x000001b241b57d90 code [0x000001b241b57f20, 0x000001b241b58158]
Event: 66.212 Thread 0x000001b254e93b30 8466       4       sun.nio.ch.Util::offerFirstTemporaryDirectBuffer (53 bytes)
Event: 66.220 Thread 0x000001b254e93b30 nmethod 8466 0x000001b241b58290 code [0x000001b241b58440, 0x000001b241b58858]
Event: 66.221 Thread 0x000001b254e93b30 8467       4       sun.nio.ch.NioSocketImpl::ensureOpenAndConnected (36 bytes)
Event: 66.222 Thread 0x000001b254e93b30 nmethod 8467 0x000001b241b58c10 code [0x000001b241b58d80, 0x000001b241b58e18]
Event: 66.282 Thread 0x000001b254e93b30 8468       4       com.sun.crypto.provider.GaloisCounterMode$GCMEngine::doLastBlock (247 bytes)
Event: 66.285 Thread 0x000001b254e93b30 nmethod 8468 0x000001b241b58f10 code [0x000001b241b590a0, 0x000001b241b591b8]
Event: 66.565 Thread 0x000001b254e95510 8469   !   3       com.sun.javafx.application.PlatformImpl::checkIdle (154 bytes)
Event: 66.569 Thread 0x000001b254e95510 nmethod 8469 0x000001b23ab65a90 code [0x000001b23ab65e20, 0x000001b23ab67548]
Event: 66.569 Thread 0x000001b254e95510 8470   !   3       com.sun.javafx.application.PlatformImpl::lambda$runLater$11 (41 bytes)
Event: 66.570 Thread 0x000001b254e95510 nmethod 8470 0x000001b23a0c9290 code [0x000001b23a0c9540, 0x000001b23a0ca028]
Event: 66.587 Thread 0x000001b254e93b30 8471 % !   4       com.mysql.cj.jdbc.ClientPreparedStatement::executeBatchedInserts @ 516 (631 bytes)
Event: 66.638 Thread 0x000001b254e93b30 nmethod 8471% 0x000001b241b59310 code [0x000001b241b594c0, 0x000001b241b5a3b8]
Event: 66.645 Thread 0x000001b254e93b30 8472 % !   4       com.sun.glass.ui.InvokeLaterDispatcher::run @ 94 (153 bytes)
Event: 66.675 Thread 0x000001b254e93b30 nmethod 8472% 0x000001b241b5aa90 code [0x000001b241b5ac80, 0x000001b241b5b4a8]
Event: 66.811 Thread 0x000001b254e95510 8473       1       java.util.logging.LogManager$LoggerContext::getOwner (5 bytes)
Event: 66.811 Thread 0x000001b254e95510 nmethod 8473 0x000001b241b5b910 code [0x000001b241b5baa0, 0x000001b241b5bb78]
Event: 66.812 Thread 0x000001b254e93b30 8474  s    4       com.fazecast.jSerialComm.SerialPort::isOpen (15 bytes)

GC Heap History (20 events):
Event: 58.217 GC heap before
{Heap before GC invocations=51 (full 0):
 garbage-first heap   total 184320K, used 149253K [0x0000000701400000, 0x0000000800000000)
  region size 2048K, 51 young (104448K), 4 survivors (8192K)
 Metaspace       used 30553K, committed 30784K, reserved 1081344K
  class space    used 3982K, committed 4096K, reserved 1048576K
}
Event: 58.223 GC heap after
{Heap after GC invocations=52 (full 0):
 garbage-first heap   total 184320K, used 53459K [0x0000000701400000, 0x0000000800000000)
  region size 2048K, 4 young (8192K), 4 survivors (8192K)
 Metaspace       used 30553K, committed 30784K, reserved 1081344K
  class space    used 3982K, committed 4096K, reserved 1048576K
}
Event: 59.297 GC heap before
{Heap before GC invocations=53 (full 0):
 garbage-first heap   total 184320K, used 149715K [0x0000000701400000, 0x0000000800000000)
  region size 2048K, 51 young (104448K), 4 survivors (8192K)
 Metaspace       used 30560K, committed 30848K, reserved 1081344K
  class space    used 3982K, committed 4096K, reserved 1048576K
}
Event: 59.304 GC heap after
{Heap after GC invocations=54 (full 0):
 garbage-first heap   total 184320K, used 52319K [0x0000000701400000, 0x0000000800000000)
  region size 2048K, 4 young (8192K), 4 survivors (8192K)
 Metaspace       used 30560K, committed 30848K, reserved 1081344K
  class space    used 3982K, committed 4096K, reserved 1048576K
}
Event: 59.330 GC heap before
{Heap before GC invocations=54 (full 0):
 garbage-first heap   total 184320K, used 54367K [0x0000000701400000, 0x0000000800000000)
  region size 2048K, 5 young (10240K), 4 survivors (8192K)
 Metaspace       used 30560K, committed 30848K, reserved 1081344K
  class space    used 3982K, committed 4096K, reserved 1048576K
}
Event: 59.337 GC heap after
{Heap after GC invocations=55 (full 0):
 garbage-first heap   total 184320K, used 44068K [0x0000000701400000, 0x0000000800000000)
  region size 2048K, 1 young (2048K), 1 survivors (2048K)
 Metaspace       used 30560K, committed 30848K, reserved 1081344K
  class space    used 3982K, committed 4096K, reserved 1048576K
}
Event: 60.465 GC heap before
{Heap before GC invocations=55 (full 0):
 garbage-first heap   total 184320K, used 148516K [0x0000000701400000, 0x0000000800000000)
  region size 2048K, 52 young (106496K), 1 survivors (2048K)
 Metaspace       used 30561K, committed 30848K, reserved 1081344K
  class space    used 3982K, committed 4096K, reserved 1048576K
}
Event: 60.471 GC heap after
{Heap after GC invocations=56 (full 0):
 garbage-first heap   total 184320K, used 48866K [0x0000000701400000, 0x0000000800000000)
  region size 2048K, 3 young (6144K), 3 survivors (6144K)
 Metaspace       used 30561K, committed 30848K, reserved 1081344K
  class space    used 3982K, committed 4096K, reserved 1048576K
}
Event: 61.736 GC heap before
{Heap before GC invocations=56 (full 0):
 garbage-first heap   total 184320K, used 149218K [0x0000000701400000, 0x0000000800000000)
  region size 2048K, 52 young (106496K), 3 survivors (6144K)
 Metaspace       used 30561K, committed 30848K, reserved 1081344K
  class space    used 3982K, committed 4096K, reserved 1048576K
}
Event: 61.741 GC heap after
{Heap after GC invocations=57 (full 0):
 garbage-first heap   total 184320K, used 50971K [0x0000000701400000, 0x0000000800000000)
  region size 2048K, 4 young (8192K), 4 survivors (8192K)
 Metaspace       used 30561K, committed 30848K, reserved 1081344K
  class space    used 3982K, committed 4096K, reserved 1048576K
}
Event: 62.978 GC heap before
{Heap before GC invocations=57 (full 0):
 garbage-first heap   total 184320K, used 149275K [0x0000000701400000, 0x0000000800000000)
  region size 2048K, 52 young (106496K), 4 survivors (8192K)
 Metaspace       used 30561K, committed 30848K, reserved 1081344K
  class space    used 3982K, committed 4096K, reserved 1048576K
}
Event: 62.984 GC heap after
{Heap after GC invocations=58 (full 0):
 garbage-first heap   total 184320K, used 51417K [0x0000000701400000, 0x0000000800000000)
  region size 2048K, 4 young (8192K), 4 survivors (8192K)
 Metaspace       used 30561K, committed 30848K, reserved 1081344K
  class space    used 3982K, committed 4096K, reserved 1048576K
}
Event: 64.171 GC heap before
{Heap before GC invocations=59 (full 0):
 garbage-first heap   total 184320K, used 147673K [0x0000000701400000, 0x0000000800000000)
  region size 2048K, 51 young (104448K), 4 survivors (8192K)
 Metaspace       used 30561K, committed 30848K, reserved 1081344K
  class space    used 3982K, committed 4096K, reserved 1048576K
}
Event: 64.176 GC heap after
{Heap after GC invocations=60 (full 0):
 garbage-first heap   total 184320K, used 51591K [0x0000000701400000, 0x0000000800000000)
  region size 2048K, 4 young (8192K), 4 survivors (8192K)
 Metaspace       used 30561K, committed 30848K, reserved 1081344K
  class space    used 3982K, committed 4096K, reserved 1048576K
}
Event: 64.184 GC heap before
{Heap before GC invocations=60 (full 0):
 garbage-first heap   total 184320K, used 53639K [0x0000000701400000, 0x0000000800000000)
  region size 2048K, 5 young (10240K), 4 survivors (8192K)
 Metaspace       used 30561K, committed 30848K, reserved 1081344K
  class space    used 3982K, committed 4096K, reserved 1048576K
}
Event: 64.189 GC heap after
{Heap after GC invocations=61 (full 0):
 garbage-first heap   total 184320K, used 46644K [0x0000000701400000, 0x0000000800000000)
  region size 2048K, 1 young (2048K), 1 survivors (2048K)
 Metaspace       used 30561K, committed 30848K, reserved 1081344K
  class space    used 3982K, committed 4096K, reserved 1048576K
}
Event: 65.359 GC heap before
{Heap before GC invocations=61 (full 0):
 garbage-first heap   total 184320K, used 146996K [0x0000000701400000, 0x0000000800000000)
  region size 2048K, 50 young (102400K), 1 survivors (2048K)
 Metaspace       used 30562K, committed 30848K, reserved 1081344K
  class space    used 3982K, committed 4096K, reserved 1048576K
}
Event: 65.366 GC heap after
{Heap after GC invocations=62 (full 0):
 garbage-first heap   total 184320K, used 51147K [0x0000000701400000, 0x0000000800000000)
  region size 2048K, 3 young (6144K), 3 survivors (6144K)
 Metaspace       used 30562K, committed 30848K, reserved 1081344K
  class space    used 3982K, committed 4096K, reserved 1048576K
}
Event: 66.745 GC heap before
{Heap before GC invocations=62 (full 0):
 garbage-first heap   total 184320K, used 147403K [0x0000000701400000, 0x0000000800000000)
  region size 2048K, 50 young (102400K), 3 survivors (6144K)
 Metaspace       used 30567K, committed 30848K, reserved 1081344K
  class space    used 3982K, committed 4096K, reserved 1048576K
}
Event: 66.752 GC heap after
{Heap after GC invocations=63 (full 0):
 garbage-first heap   total 184320K, used 53704K [0x0000000701400000, 0x0000000800000000)
  region size 2048K, 5 young (10240K), 5 survivors (10240K)
 Metaspace       used 30567K, committed 30848K, reserved 1081344K
  class space    used 3982K, committed 4096K, reserved 1048576K
}

Deoptimization events (20 events):
Event: 66.811 Thread 0x000001b255871690 Uncommon trap: trap_request=0xffffff76 fr.pc=0x000001b241a315e8 relative=0x00000000000001e8
Event: 66.811 Thread 0x000001b255871690 Uncommon trap: reason=predicate action=maybe_recompile pc=0x000001b241a315e8 method=java.util.concurrent.CopyOnWriteArrayList.indexOfRange(Ljava/lang/Object;[Ljava/lang/Object;II)I @ 38 c2
Event: 66.811 Thread 0x000001b255871690 DEOPT PACKING pc=0x000001b241a315e8 sp=0x0000008ec7eff2d0
Event: 66.811 Thread 0x000001b255871690 DEOPT UNPACKING pc=0x000001b239a123a3 sp=0x0000008ec7eff250 mode 2
Event: 66.811 Thread 0x000001b25eb61300 Uncommon trap: trap_request=0xffffff45 fr.pc=0x000001b241975b98 relative=0x0000000000001278
Event: 66.811 Thread 0x000001b25eb61300 Uncommon trap: reason=unstable_if action=reinterpret pc=0x000001b241975b98 method=java.io.BufferedReader.readLine(Z[Z)Ljava/lang/String; @ 63 c2
Event: 66.811 Thread 0x000001b25eb61300 DEOPT PACKING pc=0x000001b241975b98 sp=0x0000008ecaeff3d0
Event: 66.811 Thread 0x000001b25eb61300 DEOPT UNPACKING pc=0x000001b239a123a3 sp=0x0000008ecaeff398 mode 2
Event: 66.811 Thread 0x000001b25eb61300 Uncommon trap: trap_request=0xffffff45 fr.pc=0x000001b2419030b0 relative=0x0000000000000550
Event: 66.811 Thread 0x000001b25eb61300 Uncommon trap: reason=unstable_if action=reinterpret pc=0x000001b2419030b0 method=java.lang.Integer.parseInt(Ljava/lang/String;I)I @ 1 c2
Event: 66.811 Thread 0x000001b25eb61300 DEOPT PACKING pc=0x000001b2419030b0 sp=0x0000008ecaeff440
Event: 66.811 Thread 0x000001b25eb61300 DEOPT UNPACKING pc=0x000001b239a123a3 sp=0x0000008ecaeff3c0 mode 2
Event: 66.811 Thread 0x000001b25eb61300 DEOPT PACKING pc=0x000001b23a4d5a3c sp=0x0000008ecaeff4a0
Event: 66.811 Thread 0x000001b25eb61300 DEOPT UNPACKING pc=0x000001b239a12b43 sp=0x0000008ecaefea60 mode 1
Event: 66.812 Thread 0x000001b25eb61300 DEOPT PACKING pc=0x000001b23a2a0204 sp=0x0000008ecaeff5b0
Event: 66.812 Thread 0x000001b25eb61300 DEOPT UNPACKING pc=0x000001b239a12b43 sp=0x0000008ecaefea58 mode 1
Event: 66.812 Thread 0x000001b25eb61300 Uncommon trap: trap_request=0xffffff45 fr.pc=0x000001b241a0da0c relative=0x0000000000000c4c
Event: 66.812 Thread 0x000001b25eb61300 Uncommon trap: reason=unstable_if action=reinterpret pc=0x000001b241a0da0c method=com.sun.javafx.tk.quantum.QuantumToolkit.defer(Ljava/lang/Runnable;)V @ 7 c2
Event: 66.812 Thread 0x000001b25eb61300 DEOPT PACKING pc=0x000001b241a0da0c sp=0x0000008ecaeff430
Event: 66.812 Thread 0x000001b25eb61300 DEOPT UNPACKING pc=0x000001b239a123a3 sp=0x0000008ecaeff3c0 mode 2

Classes unloaded (0 events):
No events

Classes redefined (0 events):
No events

Internal exceptions (20 events):
Event: 3.326 Thread 0x000001b256304610 Exception <a 'java/lang/IncompatibleClassChangeError'{0x000000070f4573d8}: Found class java.lang.Object, but interface was expected> (0x000000070f4573d8) 
thrown [t:\workspace\open\src\hotspot\share\interpreter\linkResolver.cpp, line 833]
Event: 3.328 Thread 0x000001b256304610 Exception <a 'java/lang/NoSuchMethodError'{0x000000070f45c9e0}: 'int java.lang.invoke.DirectMethodHandle$Holder.invokeStaticInit(java.lang.Object, java.lang.Object)'> (0x000000070f45c9e0) 
thrown [t:\workspace\open\src\hotspot\share\interpreter\linkResolver.cpp, line 766]
Event: 3.414 Thread 0x000001b256304610 Exception <a 'java/lang/NoSuchMethodError'{0x000000070f5f6338}: 'java.lang.Object java.lang.invoke.DirectMethodHandle$Holder.invokeStaticInit(java.lang.Object, int, int, int, int)'> (0x000000070f5f6338) 
thrown [t:\workspace\open\src\hotspot\share\interpreter\linkResolver.cpp, line 766]
Event: 3.500 Thread 0x000001b256304610 Exception <a 'java/lang/NoSuchMethodError'{0x000000070f2c6850}: 'java.lang.Object java.lang.invoke.DirectMethodHandle$Holder.invokeStaticInit(java.lang.Object, java.lang.Object, int, int, int, int)'> (0x000000070f2c6850) 
thrown [t:\workspace\open\src\hotspot\share\interpreter\linkResolver.cpp, line 766]
Event: 3.999 Thread 0x000001b256304610 Implicit null exception at 0x000001b2415337e0 to 0x000001b24153387a
Event: 4.048 Thread 0x000001b256304610 Implicit null exception at 0x000001b241556593 to 0x000001b2415568a4
Event: 4.254 Thread 0x000001b256304610 Exception <a 'java/lang/NoSuchMethodError'{0x0000000710833900}: 'java.lang.Object java.lang.invoke.DirectMethodHandle$Holder.invokeInterface(java.lang.Object, java.lang.Object, java.lang.Object)'> (0x0000000710833900) 
thrown [t:\workspace\open\src\hotspot\share\interpreter\linkResolver.cpp, line 766]
Event: 4.255 Thread 0x000001b256304610 Exception <a 'java/lang/IncompatibleClassChangeError'{0x0000000710836fc8}: Found class java.lang.Object, but interface was expected> (0x0000000710836fc8) 
thrown [t:\workspace\open\src\hotspot\share\interpreter\linkResolver.cpp, line 833]
Event: 4.597 Thread 0x000001b256304610 Exception <a 'java/lang/NoSuchMethodError'{0x0000000710359390}: 'java.lang.Object java.lang.invoke.DirectMethodHandle$Holder.newInvokeSpecial(java.lang.Object, java.lang.Object, int)'> (0x0000000710359390) 
thrown [t:\workspace\open\src\hotspot\share\interpreter\linkResolver.cpp, line 766]
Event: 4.646 Thread 0x000001b256304610 Exception <a 'java/lang/NoSuchMethodError'{0x00000007103af578}: 'long java.lang.invoke.DirectMethodHandle$Holder.invokeStatic(java.lang.Object, java.lang.Object, java.lang.Object)'> (0x00000007103af578) 
thrown [t:\workspace\open\src\hotspot\share\interpreter\linkResolver.cpp, line 766]
Event: 4.646 Thread 0x000001b256304610 Exception <a 'java/lang/NoSuchMethodError'{0x00000007103b2d20}: 'long java.lang.invoke.DirectMethodHandle$Holder.invokeStaticInit(java.lang.Object, java.lang.Object, java.lang.Object)'> (0x00000007103b2d20) 
thrown [t:\workspace\open\src\hotspot\share\interpreter\linkResolver.cpp, line 766]
Event: 4.651 Thread 0x000001b256304610 Exception <a 'java/lang/NoSuchMethodError'{0x00000007103ca928}: 'java.lang.Object java.lang.invoke.DirectMethodHandle$Holder.newInvokeSpecial(java.lang.Object, java.lang.Object, long)'> (0x00000007103ca928) 
thrown [t:\workspace\open\src\hotspot\share\interpreter\linkResolver.cpp, line 766]
Event: 4.651 Thread 0x000001b256304610 Exception <a 'java/lang/NoSuchMethodError'{0x00000007103ce498}: 'java.lang.Object java.lang.invoke.Invokers$Holder.linkToTargetMethod(java.lang.Object, long, java.lang.Object)'> (0x00000007103ce498) 
thrown [t:\workspace\open\src\hotspot\share\interpreter\linkResolver.cpp, line 766]
Event: 23.408 Thread 0x000001b256304610 Exception <a 'java/io/FileNotFoundException'{0x00000007024ca058}> (0x00000007024ca058) 
thrown [t:\workspace\open\src\hotspot\share\prims\jni.cpp, line 516]
Event: 24.010 Thread 0x000001b256304610 Exception <a 'java/lang/NoSuchMethodError'{0x00000007032d51b8}: 'void java.lang.invoke.DirectMethodHandle$Holder.invokeSpecialIFC(java.lang.Object, java.lang.Object, java.lang.Object, java.lang.Object)'> (0x00000007032d51b8) 
thrown [t:\workspace\open\src\hotspot\share\interpreter\linkResolver.cpp, line 766]
Event: 24.959 Thread 0x000001b255fb6850 Exception <a 'java/lang/NoSuchMethodError'{0x0000000711254348}: 'java.lang.Object java.lang.invoke.DirectMethodHandle$Holder.invokeStaticInit(java.lang.Object, int)'> (0x0000000711254348) 
thrown [t:\workspace\open\src\hotspot\share\interpreter\linkResolver.cpp, line 766]
Event: 30.186 Thread 0x000001b25eb5ec80 Exception <a 'java/lang/NoSuchMethodError'{0x00000007112b15e8}: 'void java.lang.invoke.DirectMethodHandle$Holder.invokeInterface(java.lang.Object, java.lang.Object, java.lang.Object)'> (0x00000007112b15e8) 
thrown [t:\workspace\open\src\hotspot\share\interpreter\linkResolver.cpp, line 766]
Event: 30.217 Thread 0x000001b25eb5ec80 Exception <a 'java/lang/NoSuchMethodError'{0x0000000711358580}: 'java.lang.Object java.lang.invoke.DirectMethodHandle$Holder.invokeSpecial(java.lang.Object, java.lang.Object, int, long)'> (0x0000000711358580) 
thrown [t:\workspace\open\src\hotspot\share\interpreter\linkResolver.cpp, line 766]
Event: 31.467 Thread 0x000001b25eb5ec80 Exception <a 'java/lang/NoSuchMethodError'{0x0000000705e23db0}: 'void java.lang.invoke.DirectMethodHandle$Holder.invokeSpecial(java.lang.Object, java.lang.Object, int)'> (0x0000000705e23db0) 
thrown [t:\workspace\open\src\hotspot\share\interpreter\linkResolver.cpp, line 766]
Event: 66.811 Thread 0x000001b25eb61300 Implicit null exception at 0x000001b241902b74 to 0x000001b24190309c

VM Operations (20 events):
Event: 62.741 Executing VM operation: Cleanup
Event: 62.741 Executing VM operation: Cleanup done
Event: 62.978 Executing VM operation: G1CollectForAllocation
Event: 62.984 Executing VM operation: G1CollectForAllocation done
Event: 63.026 Executing VM operation: G1Concurrent
Event: 63.031 Executing VM operation: G1Concurrent done
Event: 63.046 Executing VM operation: G1Concurrent
Event: 63.047 Executing VM operation: G1Concurrent done
Event: 64.171 Executing VM operation: G1CollectForAllocation
Event: 64.171 Executing VM operation: G1CollectForAllocation done
Event: 64.171 Executing VM operation: G1CollectForAllocation
Event: 64.176 Executing VM operation: G1CollectForAllocation done
Event: 64.184 Executing VM operation: G1CollectForAllocation
Event: 64.189 Executing VM operation: G1CollectForAllocation done
Event: 65.359 Executing VM operation: G1CollectForAllocation
Event: 65.366 Executing VM operation: G1CollectForAllocation done
Event: 66.366 Executing VM operation: Cleanup
Event: 66.366 Executing VM operation: Cleanup done
Event: 66.745 Executing VM operation: G1CollectForAllocation
Event: 66.752 Executing VM operation: G1CollectForAllocation done

Events (20 events):
Event: 52.464 Thread 0x000001b254ece570 flushing nmethod 0x000001b23ac5e210
Event: 52.464 Thread 0x000001b254ece570 flushing nmethod 0x000001b23ac67b10
Event: 52.464 Thread 0x000001b254ece570 flushing nmethod 0x000001b23ac6fe10
Event: 52.464 Thread 0x000001b254ece570 flushing nmethod 0x000001b23ac72290
Event: 56.160 Thread 0x000001b267763a30 Thread added: 0x000001b267763a30
Event: 56.637 Thread 0x000001b267763a30 Thread exited: 0x000001b267763a30
Event: 58.576 Thread 0x000001b267763a30 Thread added: 0x000001b267763a30
Event: 59.463 Thread 0x000001b267763a30 Thread exited: 0x000001b267763a30
Event: 66.810 loading class javafx/application/Application
Event: 66.810 loading class javafx/application/Application done
Event: 66.810 loading class javafx/application/Application
Event: 66.810 loading class javafx/application/Application done
Event: 66.810 Thread 0x000001b255871690 Thread added: 0x000001b255871690
Event: 66.810 Thread 0x000001b255871b60 Thread added: 0x000001b255871b60
Event: 66.810 Thread 0x000001b25586f4e0 Thread added: 0x000001b25586f4e0
Event: 66.811 Thread 0x000001b255871690 Thread exited: 0x000001b255871690
Event: 66.811 loading class com/sun/javafx/tk/quantum/QuantumRenderer
Event: 66.811 loading class com/sun/javafx/tk/quantum/QuantumRenderer done
Event: 66.811 Thread 0x000001b25eb60e30 Thread exited: 0x000001b25eb60e30
Event: 66.812 Thread 0x000001b25586f4e0 Thread exited: 0x000001b25586f4e0


Dynamic libraries:
0x00007ff7d5970000 - 0x00007ff7d597e000 	C:\Users\Alaa Mahdi\.jdks\openjdk-17.0.2\bin\java.exe
0x00007fff6d8f0000 - 0x00007fff6dae7000 	C:\WINDOWS\SYSTEM32\ntdll.dll
0x00007fff6cf50000 - 0x00007fff6d00d000 	C:\WINDOWS\System32\KERNEL32.DLL
0x00007fff6b580000 - 0x00007fff6b84d000 	C:\WINDOWS\System32\KERNELBASE.dll
0x00007fff6b410000 - 0x00007fff6b510000 	C:\WINDOWS\System32\ucrtbase.dll
0x00007fff622e0000 - 0x00007fff622f8000 	C:\Users\Alaa Mahdi\.jdks\openjdk-17.0.2\bin\jli.dll
0x00007fff627b0000 - 0x00007fff627ca000 	C:\Users\Alaa Mahdi\.jdks\openjdk-17.0.2\bin\VCRUNTIME140.dll
0x00007fff6d010000 - 0x00007fff6d1b0000 	C:\WINDOWS\System32\USER32.dll
0x00007fff5e340000 - 0x00007fff5e5da000 	C:\WINDOWS\WinSxS\amd64_microsoft.windows.common-controls_6595b64144ccf1df_6.0.19041.1110_none_60b5254171f9507e\COMCTL32.dll
0x00007fff6c720000 - 0x00007fff6c7be000 	C:\WINDOWS\System32\msvcrt.dll
0x00007fff6c960000 - 0x00007fff6c98a000 	C:\WINDOWS\System32\GDI32.dll
0x00007fff6b170000 - 0x00007fff6b192000 	C:\WINDOWS\System32\win32u.dll
0x00007fff6b1a0000 - 0x00007fff6b2ab000 	C:\WINDOWS\System32\gdi32full.dll
0x00007fff6b2e0000 - 0x00007fff6b37d000 	C:\WINDOWS\System32\msvcp_win.dll
0x00007fff6d480000 - 0x00007fff6d4b0000 	C:\WINDOWS\System32\IMM32.DLL
0x00007fff627a0000 - 0x00007fff627ac000 	C:\Users\Alaa Mahdi\.jdks\openjdk-17.0.2\bin\vcruntime140_1.dll
0x00007fff5f590000 - 0x00007fff5f61d000 	C:\Users\Alaa Mahdi\.jdks\openjdk-17.0.2\bin\msvcp140.dll
0x00007fff4b120000 - 0x00007fff4bce1000 	C:\Users\Alaa Mahdi\.jdks\openjdk-17.0.2\bin\server\jvm.dll
0x00007fff6d3d0000 - 0x00007fff6d47e000 	C:\WINDOWS\System32\ADVAPI32.dll
0x00007fff6ba80000 - 0x00007fff6bb1c000 	C:\WINDOWS\System32\sechost.dll
0x00007fff6c7c0000 - 0x00007fff6c8e5000 	C:\WINDOWS\System32\RPCRT4.dll
0x00007fff6c710000 - 0x00007fff6c718000 	C:\WINDOWS\System32\PSAPI.DLL
0x00007fff3fdc0000 - 0x00007fff3fdc9000 	C:\WINDOWS\SYSTEM32\WSOCK32.dll
0x00007fff6c8f0000 - 0x00007fff6c95b000 	C:\WINDOWS\System32\WS2_32.dll
0x00007fff4ccb0000 - 0x00007fff4ccd7000 	C:\WINDOWS\SYSTEM32\WINMM.dll
0x00007fff605a0000 - 0x00007fff605aa000 	C:\WINDOWS\SYSTEM32\VERSION.dll
0x00007fff68f60000 - 0x00007fff68f72000 	C:\WINDOWS\SYSTEM32\kernel.appcore.dll
0x00007fff622d0000 - 0x00007fff622da000 	C:\Users\Alaa Mahdi\.jdks\openjdk-17.0.2\bin\jimage.dll
0x00007fff687a0000 - 0x00007fff68984000 	C:\WINDOWS\SYSTEM32\DBGHELP.DLL
0x00007fff60a90000 - 0x00007fff60abc000 	C:\WINDOWS\SYSTEM32\dbgcore.DLL
0x00007fff6b380000 - 0x00007fff6b402000 	C:\WINDOWS\System32\bcryptPrimitives.dll
0x00007fff59630000 - 0x00007fff5966b000 	C:\Users\Alaa Mahdi\.jdks\openjdk-17.0.2\bin\jdwp.dll
0x00007fff5f730000 - 0x00007fff5f73e000 	C:\Users\Alaa Mahdi\.jdks\openjdk-17.0.2\bin\instrument.dll
0x00007fff5f100000 - 0x00007fff5f125000 	C:\Users\Alaa Mahdi\.jdks\openjdk-17.0.2\bin\java.dll
0x00007fff5f150000 - 0x00007fff5f168000 	C:\Users\Alaa Mahdi\.jdks\openjdk-17.0.2\bin\zip.dll
0x00007fff596f0000 - 0x00007fff597c6000 	C:\Users\Alaa Mahdi\.jdks\openjdk-17.0.2\bin\jsvml.dll
0x00007fff6be80000 - 0x00007fff6c5c4000 	C:\WINDOWS\System32\SHELL32.dll
0x00007fff69110000 - 0x00007fff698a4000 	C:\WINDOWS\SYSTEM32\windows.storage.dll
0x00007fff6bb20000 - 0x00007fff6be74000 	C:\WINDOWS\System32\combase.dll
0x00007fff6aa00000 - 0x00007fff6aa2c000 	C:\WINDOWS\SYSTEM32\Wldp.dll
0x00007fff6d5f0000 - 0x00007fff6d69d000 	C:\WINDOWS\System32\SHCORE.dll
0x00007fff6c6b0000 - 0x00007fff6c705000 	C:\WINDOWS\System32\shlwapi.dll
0x00007fff6af50000 - 0x00007fff6af6f000 	C:\WINDOWS\SYSTEM32\profapi.dll
0x00007fff5ef50000 - 0x00007fff5ef5c000 	C:\Users\Alaa Mahdi\.jdks\openjdk-17.0.2\bin\dt_socket.dll
0x00007fff6a3f0000 - 0x00007fff6a42b000 	C:\WINDOWS\SYSTEM32\IPHLPAPI.DLL
0x00007fff6a760000 - 0x00007fff6a7ca000 	C:\WINDOWS\system32\mswsock.dll
0x00007fff5f8c0000 - 0x00007fff5f8d9000 	C:\Users\Alaa Mahdi\.jdks\openjdk-17.0.2\bin\net.dll
0x00007fff633f0000 - 0x00007fff634fa000 	C:\WINDOWS\SYSTEM32\WINHTTP.dll
0x00007fff5f320000 - 0x00007fff5f336000 	C:\Users\Alaa Mahdi\.jdks\openjdk-17.0.2\bin\nio.dll
0x000001b2302f0000 - 0x000001b2302f3000 	C:\Users\Alaa Mahdi\.openjfx\cache\18.0.1+2\api-ms-win-core-console-l1-1-0.dll
0x000001b230300000 - 0x000001b230303000 	C:\Users\Alaa Mahdi\.openjfx\cache\18.0.1+2\api-ms-win-core-console-l1-2-0.dll
0x000001b230310000 - 0x000001b230313000 	C:\Users\Alaa Mahdi\.openjfx\cache\18.0.1+2\api-ms-win-core-datetime-l1-1-0.dll
0x000001b230320000 - 0x000001b230323000 	C:\Users\Alaa Mahdi\.openjfx\cache\18.0.1+2\api-ms-win-core-debug-l1-1-0.dll
0x000001b232120000 - 0x000001b232123000 	C:\Users\Alaa Mahdi\.openjfx\cache\18.0.1+2\api-ms-win-core-errorhandling-l1-1-0.dll
0x000001b232130000 - 0x000001b232134000 	C:\Users\Alaa Mahdi\.openjfx\cache\18.0.1+2\api-ms-win-core-file-l1-1-0.dll
0x000001b232140000 - 0x000001b232143000 	C:\Users\Alaa Mahdi\.openjfx\cache\18.0.1+2\api-ms-win-core-file-l1-2-0.dll
0x000001b254fe0000 - 0x000001b254fe3000 	C:\Users\Alaa Mahdi\.openjfx\cache\18.0.1+2\api-ms-win-core-file-l2-1-0.dll
0x000001b254ff0000 - 0x000001b254ff3000 	C:\Users\Alaa Mahdi\.openjfx\cache\18.0.1+2\api-ms-win-core-handle-l1-1-0.dll
0x000001b256400000 - 0x000001b256403000 	C:\Users\Alaa Mahdi\.openjfx\cache\18.0.1+2\api-ms-win-core-heap-l1-1-0.dll
0x000001b256410000 - 0x000001b256413000 	C:\Users\Alaa Mahdi\.openjfx\cache\18.0.1+2\api-ms-win-core-interlocked-l1-1-0.dll
0x000001b256420000 - 0x000001b256423000 	C:\Users\Alaa Mahdi\.openjfx\cache\18.0.1+2\api-ms-win-core-libraryloader-l1-1-0.dll
0x000001b256430000 - 0x000001b256433000 	C:\Users\Alaa Mahdi\.openjfx\cache\18.0.1+2\api-ms-win-core-localization-l1-2-0.dll
0x000001b256440000 - 0x000001b256443000 	C:\Users\Alaa Mahdi\.openjfx\cache\18.0.1+2\api-ms-win-core-memory-l1-1-0.dll
0x000001b256450000 - 0x000001b256453000 	C:\Users\Alaa Mahdi\.openjfx\cache\18.0.1+2\api-ms-win-core-namedpipe-l1-1-0.dll
0x000001b256460000 - 0x000001b256463000 	C:\Users\Alaa Mahdi\.openjfx\cache\18.0.1+2\api-ms-win-core-processenvironment-l1-1-0.dll
0x000001b256470000 - 0x000001b256473000 	C:\Users\Alaa Mahdi\.openjfx\cache\18.0.1+2\api-ms-win-core-processthreads-l1-1-0.dll
0x000001b256480000 - 0x000001b256483000 	C:\Users\Alaa Mahdi\.openjfx\cache\18.0.1+2\api-ms-win-core-processthreads-l1-1-1.dll
0x000001b256490000 - 0x000001b256493000 	C:\Users\Alaa Mahdi\.openjfx\cache\18.0.1+2\api-ms-win-core-profile-l1-1-0.dll
0x000001b2564a0000 - 0x000001b2564a3000 	C:\Users\Alaa Mahdi\.openjfx\cache\18.0.1+2\api-ms-win-core-rtlsupport-l1-1-0.dll
0x000001b2564b0000 - 0x000001b2564b3000 	C:\Users\Alaa Mahdi\.openjfx\cache\18.0.1+2\api-ms-win-core-string-l1-1-0.dll
0x000001b2564c0000 - 0x000001b2564c3000 	C:\Users\Alaa Mahdi\.openjfx\cache\18.0.1+2\api-ms-win-core-synch-l1-1-0.dll
0x000001b2564d0000 - 0x000001b2564d3000 	C:\Users\Alaa Mahdi\.openjfx\cache\18.0.1+2\api-ms-win-core-synch-l1-2-0.dll
0x000001b2564e0000 - 0x000001b2564e3000 	C:\Users\Alaa Mahdi\.openjfx\cache\18.0.1+2\api-ms-win-core-sysinfo-l1-1-0.dll
0x000001b2564f0000 - 0x000001b2564f3000 	C:\Users\Alaa Mahdi\.openjfx\cache\18.0.1+2\api-ms-win-core-timezone-l1-1-0.dll
0x000001b256500000 - 0x000001b256503000 	C:\Users\Alaa Mahdi\.openjfx\cache\18.0.1+2\api-ms-win-core-util-l1-1-0.dll
0x000001b256510000 - 0x000001b256513000 	C:\Users\Alaa Mahdi\.openjfx\cache\18.0.1+2\api-ms-win-crt-conio-l1-1-0.dll
0x000001b256520000 - 0x000001b256524000 	C:\Users\Alaa Mahdi\.openjfx\cache\18.0.1+2\api-ms-win-crt-convert-l1-1-0.dll
0x000001b256530000 - 0x000001b256533000 	C:\Users\Alaa Mahdi\.openjfx\cache\18.0.1+2\api-ms-win-crt-environment-l1-1-0.dll
0x000001b256540000 - 0x000001b256543000 	C:\Users\Alaa Mahdi\.openjfx\cache\18.0.1+2\api-ms-win-crt-filesystem-l1-1-0.dll
0x000001b256550000 - 0x000001b256553000 	C:\Users\Alaa Mahdi\.openjfx\cache\18.0.1+2\api-ms-win-crt-heap-l1-1-0.dll
0x000001b256560000 - 0x000001b256563000 	C:\Users\Alaa Mahdi\.openjfx\cache\18.0.1+2\api-ms-win-crt-locale-l1-1-0.dll
0x000001b256570000 - 0x000001b256575000 	C:\Users\Alaa Mahdi\.openjfx\cache\18.0.1+2\api-ms-win-crt-math-l1-1-0.dll
0x000001b256580000 - 0x000001b256585000 	C:\Users\Alaa Mahdi\.openjfx\cache\18.0.1+2\api-ms-win-crt-multibyte-l1-1-0.dll
0x000001b256590000 - 0x000001b2565a0000 	C:\Users\Alaa Mahdi\.openjfx\cache\18.0.1+2\api-ms-win-crt-private-l1-1-0.dll
0x000001b2565a0000 - 0x000001b2565a3000 	C:\Users\Alaa Mahdi\.openjfx\cache\18.0.1+2\api-ms-win-crt-process-l1-1-0.dll
0x000001b2565b0000 - 0x000001b2565b4000 	C:\Users\Alaa Mahdi\.openjfx\cache\18.0.1+2\api-ms-win-crt-runtime-l1-1-0.dll
0x000001b2565c0000 - 0x000001b2565c4000 	C:\Users\Alaa Mahdi\.openjfx\cache\18.0.1+2\api-ms-win-crt-stdio-l1-1-0.dll
0x000001b2565d0000 - 0x000001b2565d4000 	C:\Users\Alaa Mahdi\.openjfx\cache\18.0.1+2\api-ms-win-crt-string-l1-1-0.dll
0x000001b2565e0000 - 0x000001b2565e3000 	C:\Users\Alaa Mahdi\.openjfx\cache\18.0.1+2\api-ms-win-crt-time-l1-1-0.dll
0x000001b2565f0000 - 0x000001b2565f3000 	C:\Users\Alaa Mahdi\.openjfx\cache\18.0.1+2\api-ms-win-crt-utility-l1-1-0.dll
0x00007fff42080000 - 0x00007fff4217c000 	C:\Users\Alaa Mahdi\.openjfx\cache\18.0.1+2\ucrtbase.dll
0x00007fff59610000 - 0x00007fff5962a000 	C:\Users\Alaa Mahdi\.openjfx\cache\18.0.1+2\vcruntime140.dll
0x00007fff5b5d0000 - 0x00007fff5b5dc000 	C:\Users\Alaa Mahdi\.openjfx\cache\18.0.1+2\vcruntime140_1.dll
0x00007fff4ace0000 - 0x00007fff4ad6d000 	C:\Users\Alaa Mahdi\.openjfx\cache\18.0.1+2\msvcp140.dll
0x00007fff4c640000 - 0x00007fff4c66c000 	C:\Users\Alaa Mahdi\.openjfx\cache\18.0.1+2\prism_d3d.dll
0x00007fff39400000 - 0x00007fff395cf000 	C:\WINDOWS\system32\d3d9.dll
0x00007fff68990000 - 0x00007fff689bf000 	C:\WINDOWS\SYSTEM32\dwmapi.dll
0x00007fff68570000 - 0x00007fff6860e000 	C:\WINDOWS\system32\uxtheme.dll
0x00007fff6d4c0000 - 0x00007fff6d5ea000 	C:\WINDOWS\System32\ole32.dll
0x00007fff6b950000 - 0x00007fff6ba1d000 	C:\WINDOWS\System32\OLEAUT32.dll
0x00007fff6c990000 - 0x00007fff6cdff000 	C:\WINDOWS\System32\SETUPAPI.dll
0x00007fff6b850000 - 0x00007fff6b89e000 	C:\WINDOWS\System32\cfgmgr32.dll
0x00007fff6b2b0000 - 0x00007fff6b2d7000 	C:\WINDOWS\System32\bcrypt.dll
0x00007fff4c320000 - 0x00007fff4c362000 	C:\Users\Alaa Mahdi\.openjfx\cache\18.0.1+2\glass.dll
0x00007fff6c5d0000 - 0x00007fff6c6ab000 	C:\WINDOWS\System32\COMDLG32.dll
0x00007fff6d230000 - 0x00007fff6d345000 	C:\WINDOWS\System32\MSCTF.dll
0x00007fff4e990000 - 0x00007fff4e9cb000 	C:\WINDOWS\SYSTEM32\dxcore.dll
0x00007fff4acc0000 - 0x00007fff4acd4000 	C:\Users\Alaa Mahdi\.openjfx\cache\18.0.1+2\javafx_font.dll
0x00007fff51a90000 - 0x00007fff51d0f000 	C:\WINDOWS\SYSTEM32\dwrite.dll
0x00007fff6a430000 - 0x00007fff6a4fb000 	C:\WINDOWS\SYSTEM32\DNSAPI.dll
0x00007fff6d4b0000 - 0x00007fff6d4b8000 	C:\WINDOWS\System32\NSI.dll
0x00007fff60f30000 - 0x00007fff60f3a000 	C:\Windows\System32\rasadhlp.dll
0x00007fff60600000 - 0x00007fff60680000 	C:\WINDOWS\System32\fwpuclnt.dll
0x00007fff5bed0000 - 0x00007fff5bede000 	C:\Users\Alaa Mahdi\.jdks\openjdk-17.0.2\bin\sunmscapi.dll
0x00007fff6b010000 - 0x00007fff6b166000 	C:\WINDOWS\System32\CRYPT32.dll
0x00007fff6aa70000 - 0x00007fff6aa97000 	C:\WINDOWS\SYSTEM32\ncrypt.dll
0x00007fff6aa30000 - 0x00007fff6aa6b000 	C:\WINDOWS\SYSTEM32\NTASN1.dll
0x00007fff6a950000 - 0x00007fff6a968000 	C:\WINDOWS\SYSTEM32\CRYPTSP.dll
0x00007fff6a080000 - 0x00007fff6a0b4000 	C:\WINDOWS\system32\rsaenh.dll
0x00007fff6af10000 - 0x00007fff6af3e000 	C:\WINDOWS\SYSTEM32\USERENV.dll
0x00007fff6a970000 - 0x00007fff6a97c000 	C:\WINDOWS\SYSTEM32\CRYPTBASE.dll
0x00007fff60f60000 - 0x00007fff60f77000 	C:\WINDOWS\SYSTEM32\dhcpcsvc6.DLL
0x00007fff61770000 - 0x00007fff6178d000 	C:\WINDOWS\SYSTEM32\dhcpcsvc.DLL
0x00007fff6cea0000 - 0x00007fff6cf49000 	C:\WINDOWS\System32\clbcatq.dll
0x00007fff55ae0000 - 0x00007fff55c94000 	C:\WINDOWS\SYSTEM32\WindowsCodecs.dll
0x00007fff41ce0000 - 0x00007fff41d1e000 	C:\WINDOWS\system32\dataexchange.dll
0x00007fff66bc0000 - 0x00007fff66e23000 	C:\WINDOWS\system32\d3d11.dll
0x00007fff67290000 - 0x00007fff67474000 	C:\WINDOWS\system32\dcomp.dll

dbghelp: loaded successfully - version: 4.0.5 - missing functions: none
symbol engine: initialized successfully - sym options: 0x614 - pdb path: .;C:\Users\Alaa Mahdi\.jdks\openjdk-17.0.2\bin;C:\WINDOWS\SYSTEM32;C:\WINDOWS\WinSxS\amd64_microsoft.windows.common-controls_6595b64144ccf1df_6.0.19041.1110_none_60b5254171f9507e;C:\Users\Alaa Mahdi\.jdks\openjdk-17.0.2\bin\server;C:\Users\Alaa Mahdi\.openjfx\cache\18.0.1+2;C:\WINDOWS\System32\DriverStore\FileRepository\iigd_dch.inf_amd64_dc16e5f1dbf8051f;C:\Program Files\Common Files\Microsoft Shared\Ink;C:\Users\Alaa Mahdi\AppData\Local\Temp\jSerialComm

VM Arguments:
jvm_args: -agentlib:jdwp=transport=dt_socket,address=127.0.0.1:53050,suspend=y,server=n -javaagent:C:\Users\ALAAMA~1\AppData\Local\Temp\captureAgent4jars\debugger-agent.jar -Dfile.encoding=UTF-8 
java_command: com.hmaar.sundhed.Runner
java_class_path (initial): C:\Users\Alaa Mahdi\IdeaProjects\untitled6\sundhed\target\classes;C:\Users\Alaa Mahdi\IdeaProjects\untitled6\sundhed\lib\mysql-connector-java-8.0.27.jar;C:\Users\Alaa Mahdi\IdeaProjects\untitled6\sundhed\lib\protobuf-java-3.11.4.jar;C:\Users\Alaa Mahdi\.m2\repository\org\openjfx\javafx-controls\18.0.1\javafx-controls-18.0.1.jar;C:\Users\Alaa Mahdi\.m2\repository\org\openjfx\javafx-controls\18.0.1\javafx-controls-18.0.1-win.jar;C:\Users\Alaa Mahdi\.m2\repository\org\openjfx\javafx-graphics\18.0.1\javafx-graphics-18.0.1.jar;C:\Users\Alaa Mahdi\.m2\repository\org\openjfx\javafx-graphics\18.0.1\javafx-graphics-18.0.1-win.jar;C:\Users\Alaa Mahdi\.m2\repository\org\openjfx\javafx-base\18.0.1\javafx-base-18.0.1.jar;C:\Users\Alaa Mahdi\.m2\repository\org\openjfx\javafx-base\18.0.1\javafx-base-18.0.1-win.jar;C:\Users\Alaa Mahdi\.m2\repository\org\openjfx\javafx-fxml\18.0.1\javafx-fxml-18.0.1.jar;C:\Users\Alaa Mahdi\.m2\repository\org\openjfx\javafx-fxml\18.0.1\javafx-fxml-18.0.1-win.jar;C:\Users\Alaa Mahdi\.m2\repository\org\openjfx\javafx-web\18.0.1\javafx-web-18.0.1.jar;C:\Users\Alaa Mahdi\.m2\repository\org\openjfx\javafx-web\18.0.1\javafx-web-18.0.1-win.jar;C:\Users\Alaa Mahdi\.m2\repository\org\openjfx\javafx-media\18.0.1\javafx-media-18.0.1.jar;C:\Users\Alaa Mahdi\.m2\repository\org\openjfx\javafx-media\18.0.1\javafx-media-18.0.1-win.jar;C:\Users\Alaa Mahdi\.m2\repository\org\kordamp\ikonli\ikonli-javafx\12.3.1\ikonli-javafx-12.3.1.jar;C:\Users\Alaa Mahdi\.m2\repository\org\kordamp\ikonli\ikonli-core\12.3.1\ikonli-core-12.3.1.jar;C:\Users\Alaa Mahdi\.m2\repository\org\apiguardian\apiguardian-api\1.1.2\apiguardian-api-1.1.2.jar;C:\Users\Alaa Mahdi\.m2\repository\org\junit\jupiter\junit-jupiter-api\5.8.2\junit-jupiter-api-5.8.2.jar;C:\Users\Alaa Mahdi\.m2\repository\org\opentest4j\opentest4j\1.2.0\opentest4j-1.2.0.jar;C:\Users\Alaa Mahdi\.m2\repository\org\junit\platform\junit-platform-commons\1.8.2\junit-platform-commons-1.8.2.jar;C:\Users\A
Launcher Type: SUN_STANDARD

[Global flags]
     intx CICompilerCount                          = 4                                         {product} {ergonomic}
     uint ConcGCThreads                            = 2                                         {product} {ergonomic}
     uint G1ConcRefinementThreads                  = 8                                         {product} {ergonomic}
   size_t G1HeapRegionSize                         = 2097152                                   {product} {ergonomic}
    uintx GCDrainStackTargetSize                   = 64                                        {product} {ergonomic}
   size_t InitialHeapSize                          = 268435456                                 {product} {ergonomic}
   size_t MarkStackSize                            = 4194304                                   {product} {ergonomic}
   size_t MaxHeapSize                              = 4273995776                                {product} {ergonomic}
   size_t MaxNewSize                               = 2562719744                                {product} {ergonomic}
   size_t MinHeapDeltaBytes                        = 2097152                                   {product} {ergonomic}
   size_t MinHeapSize                              = 8388608                                   {product} {ergonomic}
    uintx NonNMethodCodeHeapSize                   = 5839372                                {pd product} {ergonomic}
    uintx NonProfiledCodeHeapSize                  = 122909434                              {pd product} {ergonomic}
    uintx ProfiledCodeHeapSize                     = 122909434                              {pd product} {ergonomic}
    uintx ReservedCodeCacheSize                    = 251658240                              {pd product} {ergonomic}
     bool SegmentedCodeCache                       = true                                      {product} {ergonomic}
   size_t SoftMaxHeapSize                          = 4273995776                             {manageable} {ergonomic}
     bool UseCompressedClassPointers               = true                           {product lp64_product} {ergonomic}
     bool UseCompressedOops                        = true                           {product lp64_product} {ergonomic}
     bool UseG1GC                                  = true                                      {product} {ergonomic}
     bool UseLargePagesIndividualAllocation        = false                                  {pd product} {ergonomic}

Logging:
Log output configuration:
 #0: stdout all=warning uptime,level,tags
 #1: stderr all=off uptime,level,tags

Environment Variables:
PATH=C:\Program Files\Common Files\Oracle\Java\javapath;C:\Program Files (x86)\Common Files\Oracle\Java\javapath;C:\WINDOWS\system32;C:\WINDOWS;C:\WINDOWS\System32\Wbem;C:\WINDOWS\System32\WindowsPowerShell\v1.0\;C:\WINDOWS\System32\OpenSSH\;C:\Program Files (x86)\Git\cmd;C:\Users\Alaa Mahdi\AppData\Local\Microsoft\WindowsApps;C:\Users\Alaa Mahdi\AppData\Local\GitHubDesktop\bin
USERNAME=Alaa Mahdi
OS=Windows_NT
PROCESSOR_IDENTIFIER=Intel64 Family 6 Model 142 Stepping 10, GenuineIntel



---------------  S Y S T E M  ---------------

OS:
 Windows 10 , 64 bit Build 19041 (10.0.19041.1741)
OS uptime: 0 days 5:17 hours

CPU: total 8 (initial active 8) (4 cores per cpu, 2 threads per core) family 6 model 142 stepping 10 microcode 0xec, cx8, cmov, fxsr, ht, mmx, 3dnowpref, sse, sse2, sse3, ssse3, sse4.1, sse4.2, popcnt, lzcnt, tsc, tscinvbit, avx, avx2, aes, erms, clmul, bmi1, bmi2, rtm, adx, fma, vzeroupper, clflush, clflushopt

Memory: 4k page, system-wide physical 16301M (7135M free)
TotalPageFile size 18733M (AvailPageFile size 6971M)
current process WorkingSet (physical memory assigned to process): 373M, peak: 491M
current process commit charge ("private bytes"): 404M, peak: 527M

vm_info: OpenJDK 64-Bit Server VM (17.0.2+8-86) for windows-amd64 JRE (17.0.2+8-86), built on Dec  7 2021 21:49:10 by "mach5one" with MS VC++ 16.8 / 16.9 (VS2019)

END.
