#
# A fatal error has been detected by the Java Runtime Environment:
#
#  EXCEPTION_ACCESS_VIOLATION (0xc0000005) at pc=0x00007fff6d953416, pid=13452, tid=6488
#
# JRE version: OpenJDK Runtime Environment (17.0.2+8) (build 17.0.2+8-86)
# Java VM: OpenJDK 64-Bit Server VM (17.0.2+8-86, mixed mode, sharing, tiered, compressed oops, compressed class ptrs, g1 gc, windows-amd64)
# Problematic frame:
# C  [ntdll.dll+0x63416]
#
# No core dump will be written. Minidumps are not enabled by default on client versions of Windows
#
# If you would like to submit a bug report, please visit:
#   https://bugreport.java.com/bugreport/crash.jsp
# The crash happened outside the Java Virtual Machine in native code.
# See problematic frame for where to report the bug.
#

---------------  S U M M A R Y ------------

Command Line: -javaagent:C:\Program Files\JetBrains\IntelliJ IDEA 2021.3.1\lib\idea_rt.jar=55755:C:\Program Files\JetBrains\IntelliJ IDEA 2021.3.1\bin -Dfile.encoding=UTF-8 com.hmaar.sundhed.Runner

Host: Intel(R) Core(TM) i7-8650U CPU @ 1.90GHz, 8 cores, 15G,  Windows 10 , 64 bit Build 19041 (10.0.19041.1741)
Time: Wed Jun 22 00:20:01 2022 Rom, sommertid elapsed time: 29.806510 seconds (0d 0h 0m 29s)

---------------  T H R E A D  ---------------

Current thread (0x0000016bebf6f950):  JavaThread "Thread-3" [_thread_in_native, id=6488, stack(0x0000003cd5100000,0x0000003cd5200000)]

Stack: [0x0000003cd5100000,0x0000003cd5200000],  sp=0x0000003cd51ff270,  free space=1020k
Native frames: (J=compiled Java code, j=interpreted, Vv=VM code, C=native code)
C  [ntdll.dll+0x63416]
C  [ntdll.dll+0x2fcb4]
C  [ntdll.dll+0x2fae2]
C  0x00007fff4c643cb2

Java frames: (J=compiled Java code, j=interpreted, Vv=VM code)
j  com.fazecast.jSerialComm.SerialPort.closePortNative(J)J+0
j  com.fazecast.jSerialComm.SerialPort.closePort()Z+29
j  com.hmaar.sundhed.model.recorders.SensorRecorder.resetSerialConnection()V+37
J 5568% c1 com.hmaar.sundhed.model.recorders.SensorRecorder.run()V (267 bytes) @ 0x0000016bcbe4979c [0x0000016bcbe47720+0x000000000000207c]
j  java.lang.Thread.run()V+11 java.base@17.0.2
v  ~StubRoutines::call_stub

siginfo: EXCEPTION_ACCESS_VIOLATION (0xc0000005), writing address 0x0000000000000024


Register to memory mapping:

RIP=0x00007fff6d953416 ntdll.dll
RAX=0x0 is NULL
RBX=0x00007fff4c66fd00 points into unknown readable memory: 0x0000000000000000 | 00 00 00 00 00 00 00 00
RCX=0x00007fff4c66fd00 points into unknown readable memory: 0x0000000000000000 | 00 00 00 00 00 00 00 00
RDX=0x00000000fffffffa is an unknown value
RSP=0x0000003cd51ff270 is pointing into the stack for thread: 0x0000016bebf6f950
RBP=0x0000003cd51ff400 is pointing into the stack for thread: 0x0000016bebf6f950
RSI=0x0 is NULL
RDI=0x0 is NULL
R8 =0x0 is NULL
R9 =0x00007fff4c66fd00 points into unknown readable memory: 0x0000000000000000 | 00 00 00 00 00 00 00 00
R10=0x0 is NULL
R11=0x0000000000000246 is an unknown value
R12=0x0 is NULL
R13=0x0000003cd208e000 points into unknown readable memory: 0x0000000000000000 | 00 00 00 00 00 00 00 00
R14=0x0000000000000001 is an unknown value
R15=0x0 is NULL


Registers:
RAX=0x0000000000000000, RBX=0x00007fff4c66fd00, RCX=0x00007fff4c66fd00, RDX=0x00000000fffffffa
RSP=0x0000003cd51ff270, RBP=0x0000003cd51ff400, RSI=0x0000000000000000, RDI=0x0000000000000000
R8 =0x0000000000000000, R9 =0x00007fff4c66fd00, R10=0x0000000000000000, R11=0x0000000000000246
R12=0x0000000000000000, R13=0x0000003cd208e000, R14=0x0000000000000001, R15=0x0000000000000000
RIP=0x00007fff6d953416, EFLAGS=0x0000000000010213

Top of Stack: (sp=0x0000003cd51ff270)
0x0000003cd51ff270:   ffffffffffffffff 00007fff4c66fd00
0x0000003cd51ff280:   0000000000000000 0000000000000000
0x0000003cd51ff290:   0000000000000000 0000000000000000
0x0000003cd51ff2a0:   0000000000000000 0000000000000000
0x0000003cd51ff2b0:   0000000000000000 00000000fffffffa
0x0000003cd51ff2c0:   0000003cd208e000 0000000000000000
0x0000003cd51ff2d0:   0000000000000000 0000000000000000
0x0000003cd51ff2e0:   0000000000000000 0000000000000000
0x0000003cd51ff2f0:   0000000000000000 0000000000000000
0x0000003cd51ff300:   0000c013fa9da71b 0000000000000000
0x0000003cd51ff310:   0000016bebf6f900 0000000000000001
0x0000003cd51ff320:   0000000000000001 0000000000000001
0x0000003cd51ff330:   0000000000000000 00007fff4c66fd00
0x0000003cd51ff340:   0000003cd51ff400 00007fff6d91fcb4
0x0000003cd51ff350:   0000000000000000 0000000000000000
0x0000003cd51ff360:   00000000fffffffa 0000000000000000 

Instructions: (pc=0x00007fff6d953416)
0x00007fff6d953316:   20 e9 ed fe ff ff 48 89 41 18 e9 e4 fe ff ff cc
0x00007fff6d953326:   cc cc cc cc cc cc cc cc cc cc 80 3d d1 81 10 00
0x00007fff6d953336:   00 0f 95 c0 c3 cc cc cc cc cc cc cc cc cc cc cc
0x00007fff6d953346:   cc cc cc cc cc cc cc cc cc cc 48 83 ec 38 8b 05
0x00007fff6d953356:   d2 67 10 00 89 44 24 20 e8 41 02 00 00 48 83 c4
0x00007fff6d953366:   38 c3 cc cc cc cc cc cc cc cc 48 89 5c 24 18 55
0x00007fff6d953376:   56 57 41 54 41 55 41 56 41 57 48 81 ec a0 00 00
0x00007fff6d953386:   00 48 8b 05 82 01 12 00 48 33 c4 48 89 84 24 90
0x00007fff6d953396:   00 00 00 65 4c 8b 2c 25 30 00 00 00 48 8d 05 4f
0x00007fff6d9533a6:   21 10 00 40 32 ed 89 54 24 48 33 f6 40 88 6c 24
0x00007fff6d9533b6:   40 4c 89 6c 24 50 48 8b d9 44 8b e6 48 3b c8 0f
0x00007fff6d9533c6:   84 39 01 00 00 40 38 35 36 81 10 00 0f 85 a8 01
0x00007fff6d9533d6:   00 00 39 35 4a 81 10 00 0f 85 6a 01 00 00 40 38
0x00007fff6d9533e6:   35 0d 7c 10 00 48 8d 3d 0e 7c 10 00 48 0f 45 fe
0x00007fff6d9533f6:   48 39 73 18 0f 84 d2 00 00 00 48 8b 03 48 83 f8
0x00007fff6d953406:   ff 0f 84 d2 00 00 00 44 8b fe 48 83 f8 ff 74 03
0x00007fff6d953416:   ff 40 24 4c 8b 73 18 4c 8d 2d d4 20 10 00 bd 22
0x00007fff6d953426:   17 00 00 e8 22 14 fc ff 85 c0 0f 85 be b2 05 00
0x00007fff6d953436:   b9 82 03 fe 7f 80 39 00 0f 85 cc b2 05 00 49 83
0x00007fff6d953446:   fe ff 0f 85 5a b3 05 00 4c 8b cf c7 44 24 20 00
0x00007fff6d953456:   00 00 00 41 b8 04 00 00 00 48 8d 54 24 48 48 8d
0x00007fff6d953466:   4b 08 e8 37 01 00 00 3d 02 01 00 00 0f 84 43 b3
0x00007fff6d953476:   05 00 8b 4b 08 89 4c 24 48 f6 c1 02 75 ca 3d 02
0x00007fff6d953486:   01 00 00 0f 84 2c b3 05 00 0f b6 6c 24 40 4c 8b
0x00007fff6d953496:   6c 24 50 85 c0 0f 88 78 b4 05 00 40 84 ed 75 73
0x00007fff6d9534a6:   48 8b 8c 24 90 00 00 00 48 33 cc e8 7a 8d 02 00
0x00007fff6d9534b6:   48 8b 9c 24 f0 00 00 00 48 81 c4 a0 00 00 00 41
0x00007fff6d9534c6:   5f 41 5e 41 5d 41 5c 5f 5e 5d c3 cc 48 8b cb e8
0x00007fff6d9534d6:   56 05 00 00 e9 21 ff ff ff 8b 4b 20 48 c7 c0 ff
0x00007fff6d9534e6:   ff ff ff 48 0f ba e1 18 0f 82 19 ff ff ff 48 8b
0x00007fff6d9534f6:   cb e8 44 e3 fa ff 48 8b 03 e9 09 ff ff ff c6 44
0x00007fff6d953506:   24 40 01 41 c7 85 60 17 00 00 01 00 00 00 e9 b2 


Stack slot to memory mapping:
stack at sp + 0 slots: 0xffffffffffffffff is an unknown value
stack at sp + 1 slots: 0x00007fff4c66fd00 points into unknown readable memory: 0x0000000000000000 | 00 00 00 00 00 00 00 00
stack at sp + 2 slots: 0x0 is NULL
stack at sp + 3 slots: 0x0 is NULL
stack at sp + 4 slots: 0x0 is NULL
stack at sp + 5 slots: 0x0 is NULL
stack at sp + 6 slots: 0x0 is NULL
stack at sp + 7 slots: 0x0 is NULL


---------------  P R O C E S S  ---------------

Threads class SMR info:
_java_thread_list=0x0000016be7720c20, length=23, elements={
0x0000016bc341ce70, 0x0000016be61398b0, 0x0000016be613a720, 0x0000016be614c990,
0x0000016be614f360, 0x0000016be614fd10, 0x0000016be61506c0, 0x0000016be6151450,
0x0000016be6151ef0, 0x0000016be61705a0, 0x0000016be6cc9290, 0x0000016be6f257f0,
0x0000016be6d7dd40, 0x0000016be6ed76a0, 0x0000016be76f0560, 0x0000016be7662530,
0x0000016bebc25e60, 0x0000016bebd12db0, 0x0000016bebf6f480, 0x0000016bebf6e610,
0x0000016bebf6f950, 0x0000016bebf6eae0, 0x0000016bebf6e140
}

Java Threads: ( => current thread )
  0x0000016bc341ce70 JavaThread "main" [_thread_blocked, id=8908, stack(0x0000003cd2600000,0x0000003cd2700000)]
  0x0000016be61398b0 JavaThread "Reference Handler" daemon [_thread_blocked, id=8880, stack(0x0000003cd2d00000,0x0000003cd2e00000)]
  0x0000016be613a720 JavaThread "Finalizer" daemon [_thread_blocked, id=648, stack(0x0000003cd2e00000,0x0000003cd2f00000)]
  0x0000016be614c990 JavaThread "Signal Dispatcher" daemon [_thread_blocked, id=9664, stack(0x0000003cd2f00000,0x0000003cd3000000)]
  0x0000016be614f360 JavaThread "Attach Listener" daemon [_thread_blocked, id=15024, stack(0x0000003cd3000000,0x0000003cd3100000)]
  0x0000016be614fd10 JavaThread "Service Thread" daemon [_thread_blocked, id=8020, stack(0x0000003cd3100000,0x0000003cd3200000)]
  0x0000016be61506c0 JavaThread "Monitor Deflation Thread" daemon [_thread_blocked, id=12528, stack(0x0000003cd3200000,0x0000003cd3300000)]
  0x0000016be6151450 JavaThread "C2 CompilerThread0" daemon [_thread_blocked, id=1020, stack(0x0000003cd3300000,0x0000003cd3400000)]
  0x0000016be6151ef0 JavaThread "C1 CompilerThread0" daemon [_thread_blocked, id=3004, stack(0x0000003cd3400000,0x0000003cd3500000)]
  0x0000016be61705a0 JavaThread "Sweeper thread" daemon [_thread_blocked, id=13104, stack(0x0000003cd3500000,0x0000003cd3600000)]
  0x0000016be6cc9290 JavaThread "Common-Cleaner" daemon [_thread_blocked, id=15044, stack(0x0000003cd3600000,0x0000003cd3700000)]
  0x0000016be6f257f0 JavaThread "Monitor Ctrl-Break" daemon [_thread_in_native, id=13192, stack(0x0000003cd3800000,0x0000003cd3900000)]
  0x0000016be6d7dd40 JavaThread "Notification Thread" daemon [_thread_blocked, id=14004, stack(0x0000003cd3900000,0x0000003cd3a00000)]
  0x0000016be6ed76a0 JavaThread "JavaFX-Launcher" [_thread_blocked, id=6252, stack(0x0000003cd3b00000,0x0000003cd3c00000)]
  0x0000016be76f0560 JavaThread "InvokeLaterDispatcher" daemon [_thread_blocked, id=7840, stack(0x0000003cd3c00000,0x0000003cd3d00000)]
  0x0000016be7662530 JavaThread "JavaFX Application Thread" [_thread_in_native, id=2112, stack(0x0000003cd3d00000,0x0000003cd3e00000)]
  0x0000016bebc25e60 JavaThread "Thread-2" daemon [_thread_in_native, id=5772, stack(0x0000003cd4100000,0x0000003cd4200000)]
  0x0000016bebd12db0 JavaThread "mysql-cj-abandoned-connection-cleanup" daemon [_thread_blocked, id=8584, stack(0x0000003cd4a00000,0x0000003cd4b00000)]
  0x0000016bebf6f480 JavaThread "Prism Font Disposer" daemon [_thread_blocked, id=14672, stack(0x0000003cd4b00000,0x0000003cd4c00000)]
  0x0000016bebf6e610 JavaThread "Cleaner-0" daemon [_thread_blocked, id=12692, stack(0x0000003cd4900000,0x0000003cd4a00000)]
=>0x0000016bebf6f950 JavaThread "Thread-3" [_thread_in_native, id=6488, stack(0x0000003cd5100000,0x0000003cd5200000)]
  0x0000016bebf6eae0 JavaThread "Thread-4" [_thread_blocked, id=13440, stack(0x0000003cd5200000,0x0000003cd5300000)]
  0x0000016bebf6e140 JavaThread "SIGINT handler" daemon [_thread_blocked, id=10572, stack(0x0000003cd5700000,0x0000003cd5800000)]

Other Threads:
  0x0000016be61348b0 VMThread "VM Thread" [stack: 0x0000003cd2c00000,0x0000003cd2d00000] [id=8632]
  0x0000016be6e28cb0 WatcherThread [stack: 0x0000003cd3a00000,0x0000003cd3b00000] [id=7180]
  0x0000016bc346dba0 GCTaskThread "GC Thread#0" [stack: 0x0000003cd2700000,0x0000003cd2800000] [id=4948]
  0x0000016bebbfcc70 GCTaskThread "GC Thread#1" [stack: 0x0000003cd4200000,0x0000003cd4300000] [id=5044]
  0x0000016bebecb390 GCTaskThread "GC Thread#2" [stack: 0x0000003cd4300000,0x0000003cd4400000] [id=8928]
  0x0000016bebbca360 GCTaskThread "GC Thread#3" [stack: 0x0000003cd4400000,0x0000003cd4500000] [id=13568]
  0x0000016bebc9fc30 GCTaskThread "GC Thread#4" [stack: 0x0000003cd4500000,0x0000003cd4600000] [id=7448]
  0x0000016bebc56650 GCTaskThread "GC Thread#5" [stack: 0x0000003cd4600000,0x0000003cd4700000] [id=10584]
  0x0000016bebc248a0 GCTaskThread "GC Thread#6" [stack: 0x0000003cd4700000,0x0000003cd4800000] [id=3784]
  0x0000016bebc24b50 GCTaskThread "GC Thread#7" [stack: 0x0000003cd4800000,0x0000003cd4900000] [id=12820]
  0x0000016bc347f9b0 ConcurrentGCThread "G1 Main Marker" [stack: 0x0000003cd2800000,0x0000003cd2900000] [id=9880]
  0x0000016bc3480b60 ConcurrentGCThread "G1 Conc#0" [stack: 0x0000003cd2900000,0x0000003cd2a00000] [id=1172]
  0x0000016bebfb2c40 ConcurrentGCThread "G1 Conc#1" [stack: 0x0000003cd4f00000,0x0000003cd5000000] [id=9124]
  0x0000016bc34f69d0 ConcurrentGCThread "G1 Refine#0" [stack: 0x0000003cd2a00000,0x0000003cd2b00000] [id=12404]
  0x0000016be5ff2610 ConcurrentGCThread "G1 Service" [stack: 0x0000003cd2b00000,0x0000003cd2c00000] [id=14500]

Threads with active compile tasks:

VM state: not at safepoint (normal execution)

VM Mutex/Monitor currently owned by a thread: None

Heap address: 0x0000000701400000, size: 4076 MB, Compressed Oops mode: Zero based, Oop shift amount: 3

CDS archive(s) mapped at: [0x0000000800000000-0x0000000800bc0000-0x0000000800bc0000), size 12320768, SharedBaseAddress: 0x0000000800000000, ArchiveRelocationMode: 0.
Compressed class space mapped at: 0x0000000800c00000-0x0000000840c00000, reserved size: 1073741824
Narrow klass base: 0x0000000800000000, Narrow klass shift: 0, Narrow klass range: 0x100000000

GC Precious Log:
 CPUs: 8 total, 8 available
 Memory: 16301M
 Large Page Support: Disabled
 NUMA Support: Disabled
 Compressed Oops: Enabled (Zero based)
 Heap Region Size: 2M
 Heap Min Capacity: 8M
 Heap Initial Capacity: 256M
 Heap Max Capacity: 4076M
 Pre-touch: Disabled
 Parallel Workers: 8
 Concurrent Workers: 2
 Concurrent Refinement Workers: 8
 Periodic GC: Disabled

Heap:
 garbage-first heap   total 159744K, used 42841K [0x0000000701400000, 0x0000000800000000)
  region size 2048K, 10 young (20480K), 2 survivors (4096K)
 Metaspace       used 29937K, committed 30272K, reserved 1081344K
  class space    used 3977K, committed 4160K, reserved 1048576K

Heap Regions: E=young(eden), S=young(survivor), O=old, HS=humongous(starts), HC=humongous(continues), CS=collection set, F=free, OA=open archive, CA=closed archive, TAMS=top-at-mark-start (previous, next)
|   0|0x0000000701400000, 0x0000000701600000, 0x0000000701600000|100%| O|  |TAMS 0x0000000701600000, 0x0000000701400000| Untracked 
|   1|0x0000000701600000, 0x0000000701800000, 0x0000000701800000|100%| O|  |TAMS 0x0000000701800000, 0x0000000701600000| Untracked 
|   2|0x0000000701800000, 0x0000000701a00000, 0x0000000701a00000|100%|HS|  |TAMS 0x0000000701a00000, 0x0000000701800000| Complete 
|   3|0x0000000701a00000, 0x0000000701b64000, 0x0000000701c00000| 69%| O|  |TAMS 0x0000000701a00000, 0x0000000701a00000| Untracked 
|   4|0x0000000701c00000, 0x0000000701e00000, 0x0000000701e00000|100%| O|  |TAMS 0x0000000701e00000, 0x0000000701c00000| Untracked 
|   5|0x0000000701e00000, 0x0000000702000000, 0x0000000702000000|100%|HS|  |TAMS 0x0000000702000000, 0x0000000701e00000| Complete 
|   6|0x0000000702000000, 0x0000000702200000, 0x0000000702200000|100%|HC|  |TAMS 0x0000000702200000, 0x0000000702000000| Complete 
|   7|0x0000000702200000, 0x0000000702400000, 0x0000000702400000|100%| O|  |TAMS 0x0000000702400000, 0x0000000702200000| Untracked 
|   8|0x0000000702400000, 0x0000000702600000, 0x0000000702600000|100%| O|  |TAMS 0x0000000702600000, 0x0000000702400000| Untracked 
|   9|0x0000000702600000, 0x0000000702800000, 0x0000000702800000|100%| O|  |TAMS 0x0000000702800000, 0x0000000702600000| Untracked 
|  10|0x0000000702800000, 0x0000000702800000, 0x0000000702a00000|  0%| F|  |TAMS 0x0000000702800000, 0x0000000702800000| Untracked 
|  11|0x0000000702a00000, 0x0000000702c00000, 0x0000000702c00000|100%|HS|  |TAMS 0x0000000702c00000, 0x0000000702a00000| Complete 
|  12|0x0000000702c00000, 0x0000000702e00000, 0x0000000702e00000|100%| O|  |TAMS 0x0000000702e00000, 0x0000000702c00000| Untracked 
|  13|0x0000000702e00000, 0x0000000703000000, 0x0000000703000000|100%| O|  |TAMS 0x0000000702e6b000, 0x0000000702e00000| Untracked 
|  14|0x0000000703000000, 0x0000000703000000, 0x0000000703200000|  0%| F|  |TAMS 0x0000000703000000, 0x0000000703000000| Untracked 
|  15|0x0000000703200000, 0x0000000703200000, 0x0000000703400000|  0%| F|  |TAMS 0x0000000703200000, 0x0000000703200000| Untracked 
|  16|0x0000000703400000, 0x0000000703400000, 0x0000000703600000|  0%| F|  |TAMS 0x0000000703400000, 0x0000000703400000| Untracked 
|  17|0x0000000703600000, 0x0000000703600000, 0x0000000703800000|  0%| F|  |TAMS 0x0000000703600000, 0x0000000703600000| Untracked 
|  18|0x0000000703800000, 0x0000000703800000, 0x0000000703a00000|  0%| F|  |TAMS 0x0000000703800000, 0x0000000703800000| Untracked 
|  19|0x0000000703a00000, 0x0000000703a00000, 0x0000000703c00000|  0%| F|  |TAMS 0x0000000703a00000, 0x0000000703a00000| Untracked 
|  20|0x0000000703c00000, 0x0000000703c00000, 0x0000000703e00000|  0%| F|  |TAMS 0x0000000703c00000, 0x0000000703c00000| Untracked 
|  21|0x0000000703e00000, 0x0000000703e00000, 0x0000000704000000|  0%| F|  |TAMS 0x0000000703e00000, 0x0000000703e00000| Untracked 
|  22|0x0000000704000000, 0x0000000704000000, 0x0000000704200000|  0%| F|  |TAMS 0x0000000704000000, 0x0000000704000000| Untracked 
|  23|0x0000000704200000, 0x0000000704200000, 0x0000000704400000|  0%| F|  |TAMS 0x0000000704200000, 0x0000000704200000| Untracked 
|  24|0x0000000704400000, 0x0000000704400000, 0x0000000704600000|  0%| F|  |TAMS 0x0000000704400000, 0x0000000704400000| Untracked 
|  25|0x0000000704600000, 0x0000000704600000, 0x0000000704800000|  0%| F|  |TAMS 0x0000000704600000, 0x0000000704600000| Untracked 
|  26|0x0000000704800000, 0x0000000704800000, 0x0000000704a00000|  0%| F|  |TAMS 0x0000000704800000, 0x0000000704800000| Untracked 
|  27|0x0000000704a00000, 0x0000000704a00000, 0x0000000704c00000|  0%| F|  |TAMS 0x0000000704a00000, 0x0000000704a00000| Untracked 
|  28|0x0000000704c00000, 0x0000000704c00000, 0x0000000704e00000|  0%| F|  |TAMS 0x0000000704c00000, 0x0000000704c00000| Untracked 
|  29|0x0000000704e00000, 0x0000000704e00000, 0x0000000705000000|  0%| F|  |TAMS 0x0000000704e00000, 0x0000000704e00000| Untracked 
|  30|0x0000000705000000, 0x0000000705000000, 0x0000000705200000|  0%| F|  |TAMS 0x0000000705000000, 0x0000000705000000| Untracked 
|  31|0x0000000705200000, 0x00000007052727c0, 0x0000000705400000| 22%| S|CS|TAMS 0x0000000705200000, 0x0000000705200000| Complete 
|  32|0x0000000705400000, 0x0000000705400000, 0x0000000705600000|  0%| F|  |TAMS 0x0000000705400000, 0x0000000705400000| Untracked 
|  33|0x0000000705600000, 0x0000000705800000, 0x0000000705800000|100%| S|CS|TAMS 0x0000000705600000, 0x0000000705600000| Complete 
|  34|0x0000000705800000, 0x0000000705800000, 0x0000000705a00000|  0%| F|  |TAMS 0x0000000705800000, 0x0000000705800000| Untracked 
|  35|0x0000000705a00000, 0x0000000705a00000, 0x0000000705c00000|  0%| F|  |TAMS 0x0000000705a00000, 0x0000000705a00000| Untracked 
|  36|0x0000000705c00000, 0x0000000705c00000, 0x0000000705e00000|  0%| F|  |TAMS 0x0000000705c00000, 0x0000000705c00000| Untracked 
|  37|0x0000000705e00000, 0x0000000705e00000, 0x0000000706000000|  0%| F|  |TAMS 0x0000000705e00000, 0x0000000705e00000| Untracked 
|  38|0x0000000706000000, 0x0000000706000000, 0x0000000706200000|  0%| F|  |TAMS 0x0000000706000000, 0x0000000706000000| Untracked 
|  39|0x0000000706200000, 0x0000000706200000, 0x0000000706400000|  0%| F|  |TAMS 0x0000000706200000, 0x0000000706200000| Untracked 
|  40|0x0000000706400000, 0x0000000706400000, 0x0000000706600000|  0%| F|  |TAMS 0x0000000706400000, 0x0000000706400000| Untracked 
|  41|0x0000000706600000, 0x0000000706600000, 0x0000000706800000|  0%| F|  |TAMS 0x0000000706600000, 0x0000000706600000| Untracked 
|  42|0x0000000706800000, 0x0000000706800000, 0x0000000706a00000|  0%| F|  |TAMS 0x0000000706800000, 0x0000000706800000| Untracked 
|  43|0x0000000706a00000, 0x0000000706a00000, 0x0000000706c00000|  0%| F|  |TAMS 0x0000000706a00000, 0x0000000706a00000| Untracked 
|  44|0x0000000706c00000, 0x0000000706c00000, 0x0000000706e00000|  0%| F|  |TAMS 0x0000000706c00000, 0x0000000706c00000| Untracked 
|  45|0x0000000706e00000, 0x0000000706e00000, 0x0000000707000000|  0%| F|  |TAMS 0x0000000706e00000, 0x0000000706e00000| Untracked 
|  46|0x0000000707000000, 0x0000000707000000, 0x0000000707200000|  0%| F|  |TAMS 0x0000000707000000, 0x0000000707000000| Untracked 
|  47|0x0000000707200000, 0x0000000707200000, 0x0000000707400000|  0%| F|  |TAMS 0x0000000707200000, 0x0000000707200000| Untracked 
|  48|0x0000000707400000, 0x0000000707400000, 0x0000000707600000|  0%| F|  |TAMS 0x0000000707400000, 0x0000000707400000| Untracked 
|  49|0x0000000707600000, 0x0000000707600000, 0x0000000707800000|  0%| F|  |TAMS 0x0000000707600000, 0x0000000707600000| Untracked 
|  50|0x0000000707800000, 0x0000000707800000, 0x0000000707a00000|  0%| F|  |TAMS 0x0000000707800000, 0x0000000707800000| Untracked 
|  51|0x0000000707a00000, 0x0000000707a00000, 0x0000000707c00000|  0%| F|  |TAMS 0x0000000707a00000, 0x0000000707a00000| Untracked 
|  52|0x0000000707c00000, 0x0000000707c00000, 0x0000000707e00000|  0%| F|  |TAMS 0x0000000707c00000, 0x0000000707c00000| Untracked 
|  53|0x0000000707e00000, 0x0000000707e00000, 0x0000000708000000|  0%| F|  |TAMS 0x0000000707e00000, 0x0000000707e00000| Untracked 
|  54|0x0000000708000000, 0x0000000708000000, 0x0000000708200000|  0%| F|  |TAMS 0x0000000708000000, 0x0000000708000000| Untracked 
|  55|0x0000000708200000, 0x0000000708200000, 0x0000000708400000|  0%| F|  |TAMS 0x0000000708200000, 0x0000000708200000| Untracked 
|  56|0x0000000708400000, 0x0000000708400000, 0x0000000708600000|  0%| F|  |TAMS 0x0000000708400000, 0x0000000708400000| Untracked 
|  57|0x0000000708600000, 0x0000000708600000, 0x0000000708800000|  0%| F|  |TAMS 0x0000000708600000, 0x0000000708600000| Untracked 
|  58|0x0000000708800000, 0x0000000708800000, 0x0000000708a00000|  0%| F|  |TAMS 0x0000000708800000, 0x0000000708800000| Untracked 
|  59|0x0000000708a00000, 0x0000000708a00000, 0x0000000708c00000|  0%| F|  |TAMS 0x0000000708a00000, 0x0000000708a00000| Untracked 
|  60|0x0000000708c00000, 0x0000000708c00000, 0x0000000708e00000|  0%| F|  |TAMS 0x0000000708c00000, 0x0000000708c00000| Untracked 
|  61|0x0000000708e00000, 0x0000000708e00000, 0x0000000709000000|  0%| F|  |TAMS 0x0000000708e00000, 0x0000000708e00000| Untracked 
|  62|0x0000000709000000, 0x0000000709000000, 0x0000000709200000|  0%| F|  |TAMS 0x0000000709000000, 0x0000000709000000| Untracked 
|  63|0x0000000709200000, 0x0000000709200000, 0x0000000709400000|  0%| F|  |TAMS 0x0000000709200000, 0x0000000709200000| Untracked 
|  64|0x0000000709400000, 0x0000000709400000, 0x0000000709600000|  0%| F|  |TAMS 0x0000000709400000, 0x0000000709400000| Untracked 
|  65|0x0000000709600000, 0x0000000709600000, 0x0000000709800000|  0%| F|  |TAMS 0x0000000709600000, 0x0000000709600000| Untracked 
|  66|0x0000000709800000, 0x0000000709800000, 0x0000000709a00000|  0%| F|  |TAMS 0x0000000709800000, 0x0000000709800000| Untracked 
|  67|0x0000000709a00000, 0x0000000709a00000, 0x0000000709c00000|  0%| F|  |TAMS 0x0000000709a00000, 0x0000000709a00000| Untracked 
|  68|0x0000000709c00000, 0x0000000709c00000, 0x0000000709e00000|  0%| F|  |TAMS 0x0000000709c00000, 0x0000000709c00000| Untracked 
|  69|0x0000000709e00000, 0x0000000709e00000, 0x000000070a000000|  0%| F|  |TAMS 0x0000000709e00000, 0x0000000709e00000| Untracked 
|  70|0x000000070a000000, 0x000000070a000800, 0x000000070a200000|  0%| E|  |TAMS 0x000000070a000000, 0x000000070a000000| Complete 
|  71|0x000000070a200000, 0x000000070a400000, 0x000000070a400000|100%| E|CS|TAMS 0x000000070a200000, 0x000000070a200000| Complete 
|  72|0x000000070a400000, 0x000000070a600000, 0x000000070a600000|100%| E|CS|TAMS 0x000000070a400000, 0x000000070a400000| Complete 
|  73|0x000000070a600000, 0x000000070a800000, 0x000000070a800000|100%| E|CS|TAMS 0x000000070a600000, 0x000000070a600000| Complete 
| 120|0x0000000710400000, 0x0000000710600000, 0x0000000710600000|100%| E|CS|TAMS 0x0000000710400000, 0x0000000710400000| Complete 
| 121|0x0000000710600000, 0x0000000710800000, 0x0000000710800000|100%| E|CS|TAMS 0x0000000710600000, 0x0000000710600000| Complete 
| 122|0x0000000710800000, 0x0000000710a00000, 0x0000000710a00000|100%| E|CS|TAMS 0x0000000710800000, 0x0000000710800000| Complete 
| 127|0x0000000711200000, 0x0000000711400000, 0x0000000711400000|100%| E|CS|TAMS 0x0000000711200000, 0x0000000711200000| Complete 

Card table byte_map: [0x0000016bda7a0000,0x0000016bdafa0000] _byte_map_base: 0x0000016bd6f96000

Marking Bits (Prev, Next): (CMBitMap*) 0x0000016bc346f1c0, (CMBitMap*) 0x0000016bc346f200
 Prev Bits: [0x0000016bdb7a0000, 0x0000016bdf750000)
 Next Bits: [0x0000016bdf750000, 0x0000016be3700000)

Polling page: 0x0000016bc2c00000

Metaspace:

Usage:
  Non-class:     25.35 MB used.
      Class:      3.88 MB used.
       Both:     29.24 MB used.

Virtual space:
  Non-class space:       32.00 MB reserved,      25.50 MB ( 80%) committed,  4 nodes.
      Class space:        1.00 GB reserved,       4.06 MB ( <1%) committed,  1 nodes.
             Both:        1.03 GB reserved,      29.56 MB (  3%) committed. 

Chunk freelists:
   Non-Class:  2.33 MB
       Class:  3.92 MB
        Both:  6.25 MB

MaxMetaspaceSize: unlimited
CompressedClassSpaceSize: 1.00 GB
Initial GC threshold: 21.00 MB
Current GC threshold: 47.62 MB
CDS: on
MetaspaceReclaimPolicy: balanced
 - commit_granule_bytes: 65536.
 - commit_granule_words: 8192.
 - virtual_space_node_default_size: 1048576.
 - enlarge_chunks_in_place: 1.
 - new_chunks_are_fully_committed: 0.
 - uncommit_free_chunks: 1.
 - use_allocation_guard: 0.
 - handle_deallocations: 1.


Internal statistics:

num_allocs_failed_limit: 3.
num_arena_births: 262.
num_arena_deaths: 0.
num_vsnodes_births: 5.
num_vsnodes_deaths: 0.
num_space_committed: 473.
num_space_uncommitted: 0.
num_chunks_returned_to_freelist: 3.
num_chunks_taken_from_freelist: 1147.
num_chunk_merges: 3.
num_chunk_splits: 802.
num_chunks_enlarged: 623.
num_purges: 0.
num_inconsistent_stats: 0.

CodeHeap 'non-profiled nmethods': size=120000Kb used=5203Kb max_used=5203Kb free=114796Kb
 bounds [0x0000016bd2740000, 0x0000016bd2c60000, 0x0000016bd9c70000]
CodeHeap 'profiled nmethods': size=120000Kb used=11310Kb max_used=12822Kb free=108689Kb
 bounds [0x0000016bcb210000, 0x0000016bcbf00000, 0x0000016bd2740000]
CodeHeap 'non-nmethods': size=5760Kb used=1530Kb max_used=1662Kb free=4229Kb
 bounds [0x0000016bcac70000, 0x0000016bcaee0000, 0x0000016bcb210000]
 total_blobs=6734 nmethods=5821 adapters=825
 compilation: enabled
              stopped_count=0, restarted_count=0
 full_count=0

Compilation events (20 events):
Event: 29.125 Thread 0x0000016be6151450 7232       4       java.util.WeakHashMap::size (18 bytes)
Event: 29.126 Thread 0x0000016be6151450 nmethod 7232 0x0000016bd2c53f90 code [0x0000016bd2c54120, 0x0000016bd2c541c8]
Event: 29.142 Thread 0x0000016be6151ef0 7233       3       com.mysql.cj.NativeSession::checkClosed (63 bytes)
Event: 29.143 Thread 0x0000016be6151ef0 nmethod 7233 0x0000016bcbcd2d10 code [0x0000016bcbcd2f00, 0x0000016bcbcd3568]
Event: 29.160 Thread 0x0000016be6151ef0 7234       3       java.lang.Math::ulp (103 bytes)
Event: 29.160 Thread 0x0000016be6151ef0 nmethod 7234 0x0000016bcbb24610 code [0x0000016bcbb24800, 0x0000016bcbb24b88]
Event: 29.180 Thread 0x0000016be6151ef0 7235       3       com.mysql.cj.ParseInfo::canRewrite (110 bytes)
Event: 29.180 Thread 0x0000016be6151ef0 nmethod 7235 0x0000016bcb966110 code [0x0000016bcb966340, 0x0000016bcb966878]
Event: 29.180 Thread 0x0000016be6151ef0 7236       3       com.mysql.cj.ParseInfo::buildRewriteBatchedParams (180 bytes)
Event: 29.183 Thread 0x0000016be6151ef0 nmethod 7236 0x0000016bcbd70c10 code [0x0000016bcbd70fc0, 0x0000016bcbd72608]
Event: 29.287 Thread 0x0000016be6151ef0 7237   !   3       com.mysql.cj.jdbc.StatementImpl::clearWarnings (43 bytes)
Event: 29.289 Thread 0x0000016be6151ef0 nmethod 7237 0x0000016bcbbe2d90 code [0x0000016bcbbe2fc0, 0x0000016bcbbe39f8]
Event: 29.484 Thread 0x0000016be6151ef0 7238       3       com.sun.javafx.geom.Path2D::setTo (151 bytes)
Event: 29.485 Thread 0x0000016be6151ef0 nmethod 7238 0x0000016bcb99fd10 code [0x0000016bcb99fee0, 0x0000016bcb9a0498]
Event: 29.485 Thread 0x0000016be6151ef0 7239       3       java.util.concurrent.atomic.AtomicInteger::getAndIncrement (12 bytes)
Event: 29.485 Thread 0x0000016be6151ef0 nmethod 7239 0x0000016bcb9d8e90 code [0x0000016bcb9d9020, 0x0000016bcb9d9138]
Event: 29.586 Thread 0x0000016be6151ef0 7240       3       com.sun.javafx.scene.shape.PathHelper::updatePeerImpl (15 bytes)
Event: 29.586 Thread 0x0000016be6151ef0 nmethod 7240 0x0000016bcb9d7e10 code [0x0000016bcb9d8020, 0x0000016bcb9d8708]
Event: 29.789 Thread 0x0000016be6151ef0 7241       1       java.util.logging.LogManager$LoggerContext::getOwner (5 bytes)
Event: 29.789 Thread 0x0000016be6151ef0 nmethod 7241 0x0000016bd2c54290 code [0x0000016bd2c54420, 0x0000016bd2c544f8]

GC Heap History (20 events):
Event: 24.228 GC heap before
{Heap before GC invocations=27 (full 0):
 garbage-first heap   total 159744K, used 118226K [0x0000000701400000, 0x0000000800000000)
  region size 2048K, 46 young (94208K), 2 survivors (4096K)
 Metaspace       used 29745K, committed 30080K, reserved 1081344K
  class space    used 3975K, committed 4160K, reserved 1048576K
}
Event: 24.234 GC heap after
{Heap after GC invocations=28 (full 0):
 garbage-first heap   total 159744K, used 28177K [0x0000000701400000, 0x0000000800000000)
  region size 2048K, 2 young (4096K), 2 survivors (4096K)
 Metaspace       used 29745K, committed 30080K, reserved 1081344K
  class space    used 3975K, committed 4160K, reserved 1048576K
}
Event: 24.828 GC heap before
{Heap before GC invocations=28 (full 0):
 garbage-first heap   total 159744K, used 118289K [0x0000000701400000, 0x0000000800000000)
  region size 2048K, 46 young (94208K), 2 survivors (4096K)
 Metaspace       used 29761K, committed 30080K, reserved 1081344K
  class space    used 3975K, committed 4160K, reserved 1048576K
}
Event: 24.831 GC heap after
{Heap after GC invocations=29 (full 0):
 garbage-first heap   total 159744K, used 28256K [0x0000000701400000, 0x0000000800000000)
  region size 2048K, 2 young (4096K), 2 survivors (4096K)
 Metaspace       used 29761K, committed 30080K, reserved 1081344K
  class space    used 3975K, committed 4160K, reserved 1048576K
}
Event: 25.464 GC heap before
{Heap before GC invocations=29 (full 0):
 garbage-first heap   total 159744K, used 118368K [0x0000000701400000, 0x0000000800000000)
  region size 2048K, 46 young (94208K), 2 survivors (4096K)
 Metaspace       used 29778K, committed 30080K, reserved 1081344K
  class space    used 3975K, committed 4160K, reserved 1048576K
}
Event: 25.468 GC heap after
{Heap after GC invocations=30 (full 0):
 garbage-first heap   total 159744K, used 28278K [0x0000000701400000, 0x0000000800000000)
  region size 2048K, 2 young (4096K), 2 survivors (4096K)
 Metaspace       used 29778K, committed 30080K, reserved 1081344K
  class space    used 3975K, committed 4160K, reserved 1048576K
}
Event: 26.181 GC heap before
{Heap before GC invocations=30 (full 0):
 garbage-first heap   total 159744K, used 118390K [0x0000000701400000, 0x0000000800000000)
  region size 2048K, 46 young (94208K), 2 survivors (4096K)
 Metaspace       used 29784K, committed 30080K, reserved 1081344K
  class space    used 3975K, committed 4160K, reserved 1048576K
}
Event: 26.184 GC heap after
{Heap after GC invocations=31 (full 0):
 garbage-first heap   total 159744K, used 28382K [0x0000000701400000, 0x0000000800000000)
  region size 2048K, 2 young (4096K), 2 survivors (4096K)
 Metaspace       used 29784K, committed 30080K, reserved 1081344K
  class space    used 3975K, committed 4160K, reserved 1048576K
}
Event: 26.741 GC heap before
{Heap before GC invocations=31 (full 0):
 garbage-first heap   total 159744K, used 118494K [0x0000000701400000, 0x0000000800000000)
  region size 2048K, 46 young (94208K), 2 survivors (4096K)
 Metaspace       used 29811K, committed 30144K, reserved 1081344K
  class space    used 3975K, committed 4160K, reserved 1048576K
}
Event: 26.744 GC heap after
{Heap after GC invocations=32 (full 0):
 garbage-first heap   total 159744K, used 28379K [0x0000000701400000, 0x0000000800000000)
  region size 2048K, 2 young (4096K), 2 survivors (4096K)
 Metaspace       used 29811K, committed 30144K, reserved 1081344K
  class space    used 3975K, committed 4160K, reserved 1048576K
}
Event: 27.335 GC heap before
{Heap before GC invocations=32 (full 0):
 garbage-first heap   total 159744K, used 118491K [0x0000000701400000, 0x0000000800000000)
  region size 2048K, 46 young (94208K), 2 survivors (4096K)
 Metaspace       used 29911K, committed 30272K, reserved 1081344K
  class space    used 3975K, committed 4160K, reserved 1048576K
}
Event: 27.338 GC heap after
{Heap after GC invocations=33 (full 0):
 garbage-first heap   total 159744K, used 28404K [0x0000000701400000, 0x0000000800000000)
  region size 2048K, 2 young (4096K), 2 survivors (4096K)
 Metaspace       used 29911K, committed 30272K, reserved 1081344K
  class space    used 3975K, committed 4160K, reserved 1048576K
}
Event: 27.943 GC heap before
{Heap before GC invocations=33 (full 0):
 garbage-first heap   total 159744K, used 118516K [0x0000000701400000, 0x0000000800000000)
  region size 2048K, 46 young (94208K), 2 survivors (4096K)
 Metaspace       used 29927K, committed 30272K, reserved 1081344K
  class space    used 3975K, committed 4160K, reserved 1048576K
}
Event: 27.946 GC heap after
{Heap after GC invocations=34 (full 0):
 garbage-first heap   total 159744K, used 28388K [0x0000000701400000, 0x0000000800000000)
  region size 2048K, 2 young (4096K), 2 survivors (4096K)
 Metaspace       used 29927K, committed 30272K, reserved 1081344K
  class space    used 3975K, committed 4160K, reserved 1048576K
}
Event: 28.574 GC heap before
{Heap before GC invocations=34 (full 0):
 garbage-first heap   total 159744K, used 118500K [0x0000000701400000, 0x0000000800000000)
  region size 2048K, 46 young (94208K), 2 survivors (4096K)
 Metaspace       used 29928K, committed 30272K, reserved 1081344K
  class space    used 3975K, committed 4160K, reserved 1048576K
}
Event: 28.577 GC heap after
{Heap after GC invocations=35 (full 0):
 garbage-first heap   total 159744K, used 28484K [0x0000000701400000, 0x0000000800000000)
  region size 2048K, 2 young (4096K), 2 survivors (4096K)
 Metaspace       used 29928K, committed 30272K, reserved 1081344K
  class space    used 3975K, committed 4160K, reserved 1048576K
}
Event: 29.149 GC heap before
{Heap before GC invocations=35 (full 0):
 garbage-first heap   total 159744K, used 118596K [0x0000000701400000, 0x0000000800000000)
  region size 2048K, 46 young (94208K), 2 survivors (4096K)
 Metaspace       used 29928K, committed 30272K, reserved 1081344K
  class space    used 3975K, committed 4160K, reserved 1048576K
}
Event: 29.154 GC heap after
{Heap after GC invocations=36 (full 0):
 garbage-first heap   total 159744K, used 28474K [0x0000000701400000, 0x0000000800000000)
  region size 2048K, 2 young (4096K), 2 survivors (4096K)
 Metaspace       used 29928K, committed 30272K, reserved 1081344K
  class space    used 3975K, committed 4160K, reserved 1048576K
}
Event: 29.752 GC heap before
{Heap before GC invocations=36 (full 0):
 garbage-first heap   total 159744K, used 118586K [0x0000000701400000, 0x0000000800000000)
  region size 2048K, 46 young (94208K), 2 survivors (4096K)
 Metaspace       used 29928K, committed 30272K, reserved 1081344K
  class space    used 3975K, committed 4160K, reserved 1048576K
}
Event: 29.756 GC heap after
{Heap after GC invocations=37 (full 0):
 garbage-first heap   total 159744K, used 28505K [0x0000000701400000, 0x0000000800000000)
  region size 2048K, 2 young (4096K), 2 survivors (4096K)
 Metaspace       used 29928K, committed 30272K, reserved 1081344K
  class space    used 3975K, committed 4160K, reserved 1048576K
}

Deoptimization events (20 events):
Event: 29.789 Thread 0x0000016bebf6fe20 Uncommon trap: trap_request=0xffffff76 fr.pc=0x0000016bd2974388 relative=0x0000000000000208
Event: 29.789 Thread 0x0000016bebf6fe20 Uncommon trap: reason=predicate action=maybe_recompile pc=0x0000016bd2974388 method=java.util.concurrent.CopyOnWriteArrayList.indexOfRange(Ljava/lang/Object;[Ljava/lang/Object;II)I @ 38 c2
Event: 29.789 Thread 0x0000016bebf6fe20 DEOPT PACKING pc=0x0000016bd2974388 sp=0x0000003cd58fec50
Event: 29.789 Thread 0x0000016bebf6fe20 DEOPT UNPACKING pc=0x0000016bcacc23a3 sp=0x0000003cd58febd0 mode 2
Event: 29.789 Thread 0x0000016bebf6f950 Uncommon trap: trap_request=0xffffff45 fr.pc=0x0000016bd2b95804 relative=0x0000000000000c04
Event: 29.789 Thread 0x0000016bebf6f950 Uncommon trap: reason=unstable_if action=reinterpret pc=0x0000016bd2b95804 method=java.io.BufferedReader.readLine(Z[Z)Ljava/lang/String; @ 63 c2
Event: 29.789 Thread 0x0000016bebf6f950 DEOPT PACKING pc=0x0000016bd2b95804 sp=0x0000003cd51ff530
Event: 29.789 Thread 0x0000016bebf6f950 DEOPT UNPACKING pc=0x0000016bcacc23a3 sp=0x0000003cd51ff4c8 mode 2
Event: 29.789 Thread 0x0000016bebf6f950 Uncommon trap: trap_request=0xffffff45 fr.pc=0x0000016bd27ed990 relative=0x00000000000003d0
Event: 29.789 Thread 0x0000016be6eca420 Uncommon trap: trap_request=0xffffff45 fr.pc=0x0000016bd2b27ba4 relative=0x0000000000000184
Event: 29.789 Thread 0x0000016bebf6f950 Uncommon trap: reason=unstable_if action=reinterpret pc=0x0000016bd27ed990 method=java.lang.Integer.parseInt(Ljava/lang/String;I)I @ 1 c2
Event: 29.789 Thread 0x0000016be6eca420 Uncommon trap: reason=unstable_if action=reinterpret pc=0x0000016bd2b27ba4 method=java.util.concurrent.locks.ReentrantLock$Sync.tryRelease(I)Z @ 26 c2
Event: 29.789 Thread 0x0000016bebf6f950 DEOPT PACKING pc=0x0000016bd27ed990 sp=0x0000003cd51ff580
Event: 29.789 Thread 0x0000016be6eca420 DEOPT PACKING pc=0x0000016bd2b27ba4 sp=0x0000003cd59feda0
Event: 29.789 Thread 0x0000016bebf6f950 DEOPT UNPACKING pc=0x0000016bcacc23a3 sp=0x0000003cd51ff4f0 mode 2
Event: 29.789 Thread 0x0000016be6eca420 DEOPT UNPACKING pc=0x0000016bcacc23a3 sp=0x0000003cd59fec90 mode 2
Event: 29.790 Thread 0x0000016bebf6f950 Uncommon trap: trap_request=0xffffff45 fr.pc=0x0000016bd2ba1164 relative=0x0000000000000ba4
Event: 29.790 Thread 0x0000016bebf6f950 Uncommon trap: reason=unstable_if action=reinterpret pc=0x0000016bd2ba1164 method=com.sun.javafx.tk.quantum.QuantumToolkit.defer(Ljava/lang/Runnable;)V @ 7 c2
Event: 29.790 Thread 0x0000016bebf6f950 DEOPT PACKING pc=0x0000016bd2ba1164 sp=0x0000003cd51ff3f0
Event: 29.790 Thread 0x0000016bebf6f950 DEOPT UNPACKING pc=0x0000016bcacc23a3 sp=0x0000003cd51ff380 mode 2

Classes unloaded (0 events):
No events

Classes redefined (0 events):
No events

Internal exceptions (20 events):
Event: 2.578 Thread 0x0000016be7662530 Exception <a 'java/lang/NoSuchMethodError'{0x0000000710360bb8}: 'int java.lang.invoke.DirectMethodHandle$Holder.invokeStaticInit(java.lang.Object, java.lang.Object)'> (0x0000000710360bb8) 
thrown [t:\workspace\open\src\hotspot\share\interpreter\linkResolver.cpp, line 766]
Event: 2.674 Thread 0x0000016be7662530 Exception <a 'java/lang/NoSuchMethodError'{0x00000007100aada0}: 'java.lang.Object java.lang.invoke.DirectMethodHandle$Holder.invokeStaticInit(java.lang.Object, int, int, int, int)'> (0x00000007100aada0) 
thrown [t:\workspace\open\src\hotspot\share\interpreter\linkResolver.cpp, line 766]
Event: 2.756 Thread 0x0000016be7662530 Exception <a 'java/lang/NoSuchMethodError'{0x0000000710176c30}: 'java.lang.Object java.lang.invoke.DirectMethodHandle$Holder.invokeStaticInit(java.lang.Object, java.lang.Object, int, int, int, int)'> (0x0000000710176c30) 
thrown [t:\workspace\open\src\hotspot\share\interpreter\linkResolver.cpp, line 766]
Event: 3.132 Thread 0x0000016be7662530 Implicit null exception at 0x0000016bd27d1560 to 0x0000016bd27d15fa
Event: 3.168 Thread 0x0000016be7662530 Implicit null exception at 0x0000016bd280ad8f to 0x0000016bd280b18c
Event: 3.172 Thread 0x0000016be7662530 Implicit null exception at 0x0000016bd27a430f to 0x0000016bd27a4389
Event: 3.348 Thread 0x0000016be7662530 Exception <a 'java/lang/NoSuchMethodError'{0x000000070f523738}: 'java.lang.Object java.lang.invoke.DirectMethodHandle$Holder.invokeInterface(java.lang.Object, java.lang.Object, java.lang.Object)'> (0x000000070f523738) 
thrown [t:\workspace\open\src\hotspot\share\interpreter\linkResolver.cpp, line 766]
Event: 3.348 Thread 0x0000016be7662530 Exception <a 'java/lang/IncompatibleClassChangeError'{0x000000070f526e00}: Found class java.lang.Object, but interface was expected> (0x000000070f526e00) 
thrown [t:\workspace\open\src\hotspot\share\interpreter\linkResolver.cpp, line 833]
Event: 3.624 Thread 0x0000016be7662530 Exception <a 'java/lang/NoSuchMethodError'{0x0000000710fe50b0}: 'java.lang.Object java.lang.invoke.DirectMethodHandle$Holder.newInvokeSpecial(java.lang.Object, java.lang.Object, int)'> (0x0000000710fe50b0) 
thrown [t:\workspace\open\src\hotspot\share\interpreter\linkResolver.cpp, line 766]
Event: 3.674 Thread 0x0000016be7662530 Exception <a 'java/lang/NoSuchMethodError'{0x0000000710c40588}: 'long java.lang.invoke.DirectMethodHandle$Holder.invokeStatic(java.lang.Object, java.lang.Object, java.lang.Object)'> (0x0000000710c40588) 
thrown [t:\workspace\open\src\hotspot\share\interpreter\linkResolver.cpp, line 766]
Event: 3.675 Thread 0x0000016be7662530 Exception <a 'java/lang/NoSuchMethodError'{0x0000000710c43d30}: 'long java.lang.invoke.DirectMethodHandle$Holder.invokeStaticInit(java.lang.Object, java.lang.Object, java.lang.Object)'> (0x0000000710c43d30) 
thrown [t:\workspace\open\src\hotspot\share\interpreter\linkResolver.cpp, line 766]
Event: 3.678 Thread 0x0000016be7662530 Exception <a 'java/lang/NoSuchMethodError'{0x0000000710c5b938}: 'java.lang.Object java.lang.invoke.DirectMethodHandle$Holder.newInvokeSpecial(java.lang.Object, java.lang.Object, long)'> (0x0000000710c5b938) 
thrown [t:\workspace\open\src\hotspot\share\interpreter\linkResolver.cpp, line 766]
Event: 3.678 Thread 0x0000016be7662530 Exception <a 'java/lang/NoSuchMethodError'{0x0000000710c5f4a8}: 'java.lang.Object java.lang.invoke.Invokers$Holder.linkToTargetMethod(java.lang.Object, long, java.lang.Object)'> (0x0000000710c5f4a8) 
thrown [t:\workspace\open\src\hotspot\share\interpreter\linkResolver.cpp, line 766]
Event: 6.295 Thread 0x0000016be7662530 Exception <a 'java/io/FileNotFoundException'{0x00000007039c58b8}> (0x00000007039c58b8) 
thrown [t:\workspace\open\src\hotspot\share\prims\jni.cpp, line 516]
Event: 6.824 Thread 0x0000016be7662530 Exception <a 'java/lang/NoSuchMethodError'{0x0000000702e244a8}: 'void java.lang.invoke.DirectMethodHandle$Holder.invokeSpecialIFC(java.lang.Object, java.lang.Object, java.lang.Object, java.lang.Object)'> (0x0000000702e244a8) 
thrown [t:\workspace\open\src\hotspot\share\interpreter\linkResolver.cpp, line 766]
Event: 7.585 Thread 0x0000016be7203190 Exception <a 'java/lang/NoSuchMethodError'{0x0000000703ce8158}: 'java.lang.Object java.lang.invoke.DirectMethodHandle$Holder.invokeStaticInit(java.lang.Object, int)'> (0x0000000703ce8158) 
thrown [t:\workspace\open\src\hotspot\share\interpreter\linkResolver.cpp, line 766]
Event: 12.472 Thread 0x0000016bebf6eae0 Exception <a 'java/lang/NoSuchMethodError'{0x00000007112f3080}: 'void java.lang.invoke.DirectMethodHandle$Holder.invokeInterface(java.lang.Object, java.lang.Object, java.lang.Object)'> (0x00000007112f3080) 
thrown [t:\workspace\open\src\hotspot\share\interpreter\linkResolver.cpp, line 766]
Event: 12.500 Thread 0x0000016bebf6eae0 Exception <a 'java/lang/NoSuchMethodError'{0x000000071135cac8}: 'java.lang.Object java.lang.invoke.DirectMethodHandle$Holder.invokeSpecial(java.lang.Object, java.lang.Object, int, long)'> (0x000000071135cac8) 
thrown [t:\workspace\open\src\hotspot\share\interpreter\linkResolver.cpp, line 766]
Event: 15.260 Thread 0x0000016bebf6eae0 Exception <a 'java/lang/NoSuchMethodError'{0x0000000709a03658}: 'void java.lang.invoke.DirectMethodHandle$Holder.invokeSpecial(java.lang.Object, java.lang.Object, int)'> (0x0000000709a03658) 
thrown [t:\workspace\open\src\hotspot\share\interpreter\linkResolver.cpp, line 766]
Event: 29.789 Thread 0x0000016bebf6f950 Implicit null exception at 0x0000016bd27ed5d4 to 0x0000016bd27ed97c

VM Operations (20 events):
Event: 24.228 Executing VM operation: G1CollectForAllocation
Event: 24.235 Executing VM operation: G1CollectForAllocation done
Event: 24.828 Executing VM operation: G1CollectForAllocation
Event: 24.831 Executing VM operation: G1CollectForAllocation done
Event: 25.464 Executing VM operation: G1CollectForAllocation
Event: 25.468 Executing VM operation: G1CollectForAllocation done
Event: 26.181 Executing VM operation: G1CollectForAllocation
Event: 26.184 Executing VM operation: G1CollectForAllocation done
Event: 26.741 Executing VM operation: G1CollectForAllocation
Event: 26.744 Executing VM operation: G1CollectForAllocation done
Event: 27.335 Executing VM operation: G1CollectForAllocation
Event: 27.338 Executing VM operation: G1CollectForAllocation done
Event: 27.943 Executing VM operation: G1CollectForAllocation
Event: 27.946 Executing VM operation: G1CollectForAllocation done
Event: 28.573 Executing VM operation: G1CollectForAllocation
Event: 28.577 Executing VM operation: G1CollectForAllocation done
Event: 29.149 Executing VM operation: G1CollectForAllocation
Event: 29.154 Executing VM operation: G1CollectForAllocation done
Event: 29.752 Executing VM operation: G1CollectForAllocation
Event: 29.756 Executing VM operation: G1CollectForAllocation done

Events (20 events):
Event: 23.661 Thread 0x0000016be61705a0 flushing nmethod 0x0000016bcbe81390
Event: 23.661 Thread 0x0000016be61705a0 flushing nmethod 0x0000016bcbe81b90
Event: 23.661 Thread 0x0000016be61705a0 flushing nmethod 0x0000016bcbe82690
Event: 23.661 Thread 0x0000016be61705a0 flushing nmethod 0x0000016bcbe92a90
Event: 24.536 Thread 0x0000016bebca3e80 Thread exited: 0x0000016bebca3e80
Event: 24.555 Thread 0x0000016bebca4db0 Thread exited: 0x0000016bebca4db0
Event: 25.362 Thread 0x0000016bebca5ce0 Thread added: 0x0000016bebca5ce0
Event: 25.362 Thread 0x0000016bebca4db0 Thread added: 0x0000016bebca4db0
Event: 25.645 Thread 0x0000016bebca4db0 Thread exited: 0x0000016bebca4db0
Event: 25.645 Thread 0x0000016bebca5ce0 Thread exited: 0x0000016bebca5ce0
Event: 29.785 loading class jdk/internal/misc/Signal$1
Event: 29.786 loading class jdk/internal/misc/Signal$1 done
Event: 29.786 Thread 0x0000016bebf6e140 Thread added: 0x0000016bebf6e140
Event: 29.788 Thread 0x0000016bebf6fe20 Thread added: 0x0000016bebf6fe20
Event: 29.788 Thread 0x0000016be6eca420 Thread added: 0x0000016be6eca420
Event: 29.788 Thread 0x0000016be6ec95b0 Thread added: 0x0000016be6ec95b0
Event: 29.789 Thread 0x0000016bebf6fe20 Thread exited: 0x0000016bebf6fe20
Event: 29.789 Thread 0x0000016bebf702f0 Thread exited: 0x0000016bebf702f0
Event: 29.790 Thread 0x0000016be6ec95b0 Thread exited: 0x0000016be6ec95b0
Event: 29.790 Thread 0x0000016be6eca420 Thread exited: 0x0000016be6eca420


Dynamic libraries:
0x00007ff7d5970000 - 0x00007ff7d597e000 	C:\Users\Alaa Mahdi\.jdks\openjdk-17.0.2\bin\java.exe
0x00007fff6d8f0000 - 0x00007fff6dae7000 	C:\WINDOWS\SYSTEM32\ntdll.dll
0x00007fff6cf50000 - 0x00007fff6d00d000 	C:\WINDOWS\System32\KERNEL32.DLL
0x00007fff6b580000 - 0x00007fff6b84d000 	C:\WINDOWS\System32\KERNELBASE.dll
0x00007fff6b410000 - 0x00007fff6b510000 	C:\WINDOWS\System32\ucrtbase.dll
0x00007fff627b0000 - 0x00007fff627ca000 	C:\Users\Alaa Mahdi\.jdks\openjdk-17.0.2\bin\VCRUNTIME140.dll
0x00007fff622e0000 - 0x00007fff622f8000 	C:\Users\Alaa Mahdi\.jdks\openjdk-17.0.2\bin\jli.dll
0x00007fff6d010000 - 0x00007fff6d1b0000 	C:\WINDOWS\System32\USER32.dll
0x00007fff6b170000 - 0x00007fff6b192000 	C:\WINDOWS\System32\win32u.dll
0x00007fff5e340000 - 0x00007fff5e5da000 	C:\WINDOWS\WinSxS\amd64_microsoft.windows.common-controls_6595b64144ccf1df_6.0.19041.1110_none_60b5254171f9507e\COMCTL32.dll
0x00007fff6c960000 - 0x00007fff6c98a000 	C:\WINDOWS\System32\GDI32.dll
0x00007fff6c720000 - 0x00007fff6c7be000 	C:\WINDOWS\System32\msvcrt.dll
0x00007fff6b1a0000 - 0x00007fff6b2ab000 	C:\WINDOWS\System32\gdi32full.dll
0x00007fff6b2e0000 - 0x00007fff6b37d000 	C:\WINDOWS\System32\msvcp_win.dll
0x00007fff6d480000 - 0x00007fff6d4b0000 	C:\WINDOWS\System32\IMM32.DLL
0x00007fff627a0000 - 0x00007fff627ac000 	C:\Users\Alaa Mahdi\.jdks\openjdk-17.0.2\bin\vcruntime140_1.dll
0x00007fff5f590000 - 0x00007fff5f61d000 	C:\Users\Alaa Mahdi\.jdks\openjdk-17.0.2\bin\msvcp140.dll
0x00007fff4b120000 - 0x00007fff4bce1000 	C:\Users\Alaa Mahdi\.jdks\openjdk-17.0.2\bin\server\jvm.dll
0x00007fff6d3d0000 - 0x00007fff6d47e000 	C:\WINDOWS\System32\ADVAPI32.dll
0x00007fff6ba80000 - 0x00007fff6bb1c000 	C:\WINDOWS\System32\sechost.dll
0x00007fff6c7c0000 - 0x00007fff6c8e5000 	C:\WINDOWS\System32\RPCRT4.dll
0x00007fff6c710000 - 0x00007fff6c718000 	C:\WINDOWS\System32\PSAPI.DLL
0x00007fff3fdc0000 - 0x00007fff3fdc9000 	C:\WINDOWS\SYSTEM32\WSOCK32.dll
0x00007fff6c8f0000 - 0x00007fff6c95b000 	C:\WINDOWS\System32\WS2_32.dll
0x00007fff4ccb0000 - 0x00007fff4ccd7000 	C:\WINDOWS\SYSTEM32\WINMM.dll
0x00007fff605a0000 - 0x00007fff605aa000 	C:\WINDOWS\SYSTEM32\VERSION.dll
0x00007fff68f60000 - 0x00007fff68f72000 	C:\WINDOWS\SYSTEM32\kernel.appcore.dll
0x00007fff622d0000 - 0x00007fff622da000 	C:\Users\Alaa Mahdi\.jdks\openjdk-17.0.2\bin\jimage.dll
0x00007fff687a0000 - 0x00007fff68984000 	C:\WINDOWS\SYSTEM32\DBGHELP.DLL
0x00007fff60a90000 - 0x00007fff60abc000 	C:\WINDOWS\SYSTEM32\dbgcore.DLL
0x00007fff6b380000 - 0x00007fff6b402000 	C:\WINDOWS\System32\bcryptPrimitives.dll
0x00007fff5f8d0000 - 0x00007fff5f8de000 	C:\Users\Alaa Mahdi\.jdks\openjdk-17.0.2\bin\instrument.dll
0x00007fff5f100000 - 0x00007fff5f125000 	C:\Users\Alaa Mahdi\.jdks\openjdk-17.0.2\bin\java.dll
0x00007fff596f0000 - 0x00007fff597c6000 	C:\Users\Alaa Mahdi\.jdks\openjdk-17.0.2\bin\jsvml.dll
0x00007fff6be80000 - 0x00007fff6c5c4000 	C:\WINDOWS\System32\SHELL32.dll
0x00007fff69110000 - 0x00007fff698a4000 	C:\WINDOWS\SYSTEM32\windows.storage.dll
0x00007fff6bb20000 - 0x00007fff6be74000 	C:\WINDOWS\System32\combase.dll
0x00007fff6aa00000 - 0x00007fff6aa2c000 	C:\WINDOWS\SYSTEM32\Wldp.dll
0x00007fff6d5f0000 - 0x00007fff6d69d000 	C:\WINDOWS\System32\SHCORE.dll
0x00007fff6c6b0000 - 0x00007fff6c705000 	C:\WINDOWS\System32\shlwapi.dll
0x00007fff6af50000 - 0x00007fff6af6f000 	C:\WINDOWS\SYSTEM32\profapi.dll
0x00007fff59650000 - 0x00007fff59668000 	C:\Users\Alaa Mahdi\.jdks\openjdk-17.0.2\bin\zip.dll
0x00007fff5f320000 - 0x00007fff5f339000 	C:\Users\Alaa Mahdi\.jdks\openjdk-17.0.2\bin\net.dll
0x00007fff633f0000 - 0x00007fff634fa000 	C:\WINDOWS\SYSTEM32\WINHTTP.dll
0x00007fff6a760000 - 0x00007fff6a7ca000 	C:\WINDOWS\system32\mswsock.dll
0x00007fff5f150000 - 0x00007fff5f166000 	C:\Users\Alaa Mahdi\.jdks\openjdk-17.0.2\bin\nio.dll
0x00007fff57de0000 - 0x00007fff57dfa000 	C:\Program Files\JetBrains\IntelliJ IDEA 2021.3.1\bin\breakgen64.dll
0x0000016be62c0000 - 0x0000016be62c3000 	C:\Users\Alaa Mahdi\.openjfx\cache\18.0.1+2\api-ms-win-core-console-l1-1-0.dll
0x0000016be62d0000 - 0x0000016be62d3000 	C:\Users\Alaa Mahdi\.openjfx\cache\18.0.1+2\api-ms-win-core-console-l1-2-0.dll
0x0000016be62e0000 - 0x0000016be62e3000 	C:\Users\Alaa Mahdi\.openjfx\cache\18.0.1+2\api-ms-win-core-datetime-l1-1-0.dll
0x0000016be62f0000 - 0x0000016be62f3000 	C:\Users\Alaa Mahdi\.openjfx\cache\18.0.1+2\api-ms-win-core-debug-l1-1-0.dll
0x0000016be6300000 - 0x0000016be6303000 	C:\Users\Alaa Mahdi\.openjfx\cache\18.0.1+2\api-ms-win-core-errorhandling-l1-1-0.dll
0x0000016be6310000 - 0x0000016be6314000 	C:\Users\Alaa Mahdi\.openjfx\cache\18.0.1+2\api-ms-win-core-file-l1-1-0.dll
0x0000016be6320000 - 0x0000016be6323000 	C:\Users\Alaa Mahdi\.openjfx\cache\18.0.1+2\api-ms-win-core-file-l1-2-0.dll
0x0000016be6330000 - 0x0000016be6333000 	C:\Users\Alaa Mahdi\.openjfx\cache\18.0.1+2\api-ms-win-core-file-l2-1-0.dll
0x0000016be6340000 - 0x0000016be6343000 	C:\Users\Alaa Mahdi\.openjfx\cache\18.0.1+2\api-ms-win-core-handle-l1-1-0.dll
0x0000016be6350000 - 0x0000016be6353000 	C:\Users\Alaa Mahdi\.openjfx\cache\18.0.1+2\api-ms-win-core-heap-l1-1-0.dll
0x0000016be6360000 - 0x0000016be6363000 	C:\Users\Alaa Mahdi\.openjfx\cache\18.0.1+2\api-ms-win-core-interlocked-l1-1-0.dll
0x0000016be6370000 - 0x0000016be6373000 	C:\Users\Alaa Mahdi\.openjfx\cache\18.0.1+2\api-ms-win-core-libraryloader-l1-1-0.dll
0x0000016be6380000 - 0x0000016be6383000 	C:\Users\Alaa Mahdi\.openjfx\cache\18.0.1+2\api-ms-win-core-localization-l1-2-0.dll
0x0000016be6390000 - 0x0000016be6393000 	C:\Users\Alaa Mahdi\.openjfx\cache\18.0.1+2\api-ms-win-core-memory-l1-1-0.dll
0x0000016be63a0000 - 0x0000016be63a3000 	C:\Users\Alaa Mahdi\.openjfx\cache\18.0.1+2\api-ms-win-core-namedpipe-l1-1-0.dll
0x0000016be63b0000 - 0x0000016be63b3000 	C:\Users\Alaa Mahdi\.openjfx\cache\18.0.1+2\api-ms-win-core-processenvironment-l1-1-0.dll
0x0000016be63c0000 - 0x0000016be63c3000 	C:\Users\Alaa Mahdi\.openjfx\cache\18.0.1+2\api-ms-win-core-processthreads-l1-1-0.dll
0x0000016be63d0000 - 0x0000016be63d3000 	C:\Users\Alaa Mahdi\.openjfx\cache\18.0.1+2\api-ms-win-core-processthreads-l1-1-1.dll
0x0000016be63e0000 - 0x0000016be63e3000 	C:\Users\Alaa Mahdi\.openjfx\cache\18.0.1+2\api-ms-win-core-profile-l1-1-0.dll
0x0000016be63f0000 - 0x0000016be63f3000 	C:\Users\Alaa Mahdi\.openjfx\cache\18.0.1+2\api-ms-win-core-rtlsupport-l1-1-0.dll
0x0000016be7800000 - 0x0000016be7803000 	C:\Users\Alaa Mahdi\.openjfx\cache\18.0.1+2\api-ms-win-core-string-l1-1-0.dll
0x0000016be7810000 - 0x0000016be7813000 	C:\Users\Alaa Mahdi\.openjfx\cache\18.0.1+2\api-ms-win-core-synch-l1-1-0.dll
0x0000016be7820000 - 0x0000016be7823000 	C:\Users\Alaa Mahdi\.openjfx\cache\18.0.1+2\api-ms-win-core-synch-l1-2-0.dll
0x0000016be7830000 - 0x0000016be7833000 	C:\Users\Alaa Mahdi\.openjfx\cache\18.0.1+2\api-ms-win-core-sysinfo-l1-1-0.dll
0x0000016be7840000 - 0x0000016be7843000 	C:\Users\Alaa Mahdi\.openjfx\cache\18.0.1+2\api-ms-win-core-timezone-l1-1-0.dll
0x0000016be7850000 - 0x0000016be7853000 	C:\Users\Alaa Mahdi\.openjfx\cache\18.0.1+2\api-ms-win-core-util-l1-1-0.dll
0x0000016be7860000 - 0x0000016be7863000 	C:\Users\Alaa Mahdi\.openjfx\cache\18.0.1+2\api-ms-win-crt-conio-l1-1-0.dll
0x0000016be7870000 - 0x0000016be7874000 	C:\Users\Alaa Mahdi\.openjfx\cache\18.0.1+2\api-ms-win-crt-convert-l1-1-0.dll
0x0000016be7880000 - 0x0000016be7883000 	C:\Users\Alaa Mahdi\.openjfx\cache\18.0.1+2\api-ms-win-crt-environment-l1-1-0.dll
0x0000016be7890000 - 0x0000016be7893000 	C:\Users\Alaa Mahdi\.openjfx\cache\18.0.1+2\api-ms-win-crt-filesystem-l1-1-0.dll
0x0000016be78a0000 - 0x0000016be78a3000 	C:\Users\Alaa Mahdi\.openjfx\cache\18.0.1+2\api-ms-win-crt-heap-l1-1-0.dll
0x0000016be78b0000 - 0x0000016be78b3000 	C:\Users\Alaa Mahdi\.openjfx\cache\18.0.1+2\api-ms-win-crt-locale-l1-1-0.dll
0x0000016be78c0000 - 0x0000016be78c5000 	C:\Users\Alaa Mahdi\.openjfx\cache\18.0.1+2\api-ms-win-crt-math-l1-1-0.dll
0x0000016be78d0000 - 0x0000016be78d5000 	C:\Users\Alaa Mahdi\.openjfx\cache\18.0.1+2\api-ms-win-crt-multibyte-l1-1-0.dll
0x0000016be78e0000 - 0x0000016be78f0000 	C:\Users\Alaa Mahdi\.openjfx\cache\18.0.1+2\api-ms-win-crt-private-l1-1-0.dll
0x0000016be78f0000 - 0x0000016be78f3000 	C:\Users\Alaa Mahdi\.openjfx\cache\18.0.1+2\api-ms-win-crt-process-l1-1-0.dll
0x0000016be7900000 - 0x0000016be7904000 	C:\Users\Alaa Mahdi\.openjfx\cache\18.0.1+2\api-ms-win-crt-runtime-l1-1-0.dll
0x0000016be7910000 - 0x0000016be7914000 	C:\Users\Alaa Mahdi\.openjfx\cache\18.0.1+2\api-ms-win-crt-stdio-l1-1-0.dll
0x0000016be7920000 - 0x0000016be7924000 	C:\Users\Alaa Mahdi\.openjfx\cache\18.0.1+2\api-ms-win-crt-string-l1-1-0.dll
0x0000016be7930000 - 0x0000016be7933000 	C:\Users\Alaa Mahdi\.openjfx\cache\18.0.1+2\api-ms-win-crt-time-l1-1-0.dll
0x0000016be7940000 - 0x0000016be7943000 	C:\Users\Alaa Mahdi\.openjfx\cache\18.0.1+2\api-ms-win-crt-utility-l1-1-0.dll
0x00007fff37650000 - 0x00007fff3774c000 	C:\Users\Alaa Mahdi\.openjfx\cache\18.0.1+2\ucrtbase.dll
0x00007fff57dc0000 - 0x00007fff57dda000 	C:\Users\Alaa Mahdi\.openjfx\cache\18.0.1+2\vcruntime140.dll
0x00007fff59690000 - 0x00007fff5969c000 	C:\Users\Alaa Mahdi\.openjfx\cache\18.0.1+2\vcruntime140_1.dll
0x00007fff391e0000 - 0x00007fff3926d000 	C:\Users\Alaa Mahdi\.openjfx\cache\18.0.1+2\msvcp140.dll
0x00007fff4d0c0000 - 0x00007fff4d0ec000 	C:\Users\Alaa Mahdi\.openjfx\cache\18.0.1+2\prism_d3d.dll
0x00007fff25db0000 - 0x00007fff25f7f000 	C:\WINDOWS\system32\d3d9.dll
0x00007fff68990000 - 0x00007fff689bf000 	C:\WINDOWS\SYSTEM32\dwmapi.dll
0x00007fff68570000 - 0x00007fff6860e000 	C:\WINDOWS\system32\uxtheme.dll
0x00007fff6d4c0000 - 0x00007fff6d5ea000 	C:\WINDOWS\System32\ole32.dll
0x00007fff6b950000 - 0x00007fff6ba1d000 	C:\WINDOWS\System32\OLEAUT32.dll
0x00007fff6c990000 - 0x00007fff6cdff000 	C:\WINDOWS\System32\SETUPAPI.dll
0x00007fff6b850000 - 0x00007fff6b89e000 	C:\WINDOWS\System32\cfgmgr32.dll
0x00007fff6b2b0000 - 0x00007fff6b2d7000 	C:\WINDOWS\System32\bcrypt.dll
0x00007fff4ce80000 - 0x00007fff4cec2000 	C:\Users\Alaa Mahdi\.openjfx\cache\18.0.1+2\glass.dll
0x00007fff6c5d0000 - 0x00007fff6c6ab000 	C:\WINDOWS\System32\COMDLG32.dll
0x00007fff6d230000 - 0x00007fff6d345000 	C:\WINDOWS\System32\MSCTF.dll
0x00007fff4e990000 - 0x00007fff4e9cb000 	C:\WINDOWS\SYSTEM32\dxcore.dll
0x00007fff57d60000 - 0x00007fff57d74000 	C:\Users\Alaa Mahdi\.openjfx\cache\18.0.1+2\javafx_font.dll
0x00007fff51a90000 - 0x00007fff51d0f000 	C:\WINDOWS\SYSTEM32\dwrite.dll
0x00007fff6a430000 - 0x00007fff6a4fb000 	C:\WINDOWS\SYSTEM32\DNSAPI.dll
0x00007fff6a3f0000 - 0x00007fff6a42b000 	C:\WINDOWS\SYSTEM32\IPHLPAPI.DLL
0x00007fff6d4b0000 - 0x00007fff6d4b8000 	C:\WINDOWS\System32\NSI.dll
0x00007fff60f30000 - 0x00007fff60f3a000 	C:\Windows\System32\rasadhlp.dll
0x00007fff60600000 - 0x00007fff60680000 	C:\WINDOWS\System32\fwpuclnt.dll
0x00007fff6a950000 - 0x00007fff6a968000 	C:\WINDOWS\SYSTEM32\CRYPTSP.dll
0x00007fff6a080000 - 0x00007fff6a0b4000 	C:\WINDOWS\system32\rsaenh.dll
0x00007fff6af10000 - 0x00007fff6af3e000 	C:\WINDOWS\SYSTEM32\USERENV.dll
0x00007fff6a970000 - 0x00007fff6a97c000 	C:\WINDOWS\SYSTEM32\CRYPTBASE.dll
0x00007fff60f60000 - 0x00007fff60f77000 	C:\WINDOWS\SYSTEM32\dhcpcsvc6.DLL
0x00007fff61770000 - 0x00007fff6178d000 	C:\WINDOWS\SYSTEM32\dhcpcsvc.DLL
0x00007fff5cc60000 - 0x00007fff5cc6e000 	C:\Users\Alaa Mahdi\.jdks\openjdk-17.0.2\bin\sunmscapi.dll
0x00007fff6b010000 - 0x00007fff6b166000 	C:\WINDOWS\System32\CRYPT32.dll
0x00007fff6aa70000 - 0x00007fff6aa97000 	C:\WINDOWS\SYSTEM32\ncrypt.dll
0x00007fff6aa30000 - 0x00007fff6aa6b000 	C:\WINDOWS\SYSTEM32\NTASN1.dll
0x00007fff6cea0000 - 0x00007fff6cf49000 	C:\WINDOWS\System32\clbcatq.dll
0x00007fff55ae0000 - 0x00007fff55c94000 	C:\WINDOWS\SYSTEM32\WindowsCodecs.dll
0x00007fff41ce0000 - 0x00007fff41d1e000 	C:\WINDOWS\system32\dataexchange.dll
0x00007fff66bc0000 - 0x00007fff66e23000 	C:\WINDOWS\system32\d3d11.dll
0x00007fff67290000 - 0x00007fff67474000 	C:\WINDOWS\system32\dcomp.dll
0x00007fff69910000 - 0x00007fff69a03000 	C:\WINDOWS\system32\dxgi.dll

dbghelp: loaded successfully - version: 4.0.5 - missing functions: none
symbol engine: initialized successfully - sym options: 0x614 - pdb path: .;C:\Users\Alaa Mahdi\.jdks\openjdk-17.0.2\bin;C:\WINDOWS\SYSTEM32;C:\WINDOWS\WinSxS\amd64_microsoft.windows.common-controls_6595b64144ccf1df_6.0.19041.1110_none_60b5254171f9507e;C:\Users\Alaa Mahdi\.jdks\openjdk-17.0.2\bin\server;C:\Program Files\JetBrains\IntelliJ IDEA 2021.3.1\bin;C:\Users\Alaa Mahdi\.openjfx\cache\18.0.1+2;C:\WINDOWS\System32\DriverStore\FileRepository\iigd_dch.inf_amd64_dc16e5f1dbf8051f;C:\Program Files\Common Files\Microsoft Shared\Ink;C:\Users\Alaa Mahdi\AppData\Local\Temp\jSerialComm

VM Arguments:
jvm_args: -javaagent:C:\Program Files\JetBrains\IntelliJ IDEA 2021.3.1\lib\idea_rt.jar=55755:C:\Program Files\JetBrains\IntelliJ IDEA 2021.3.1\bin -Dfile.encoding=UTF-8 
java_command: com.hmaar.sundhed.Runner
java_class_path (initial): C:\Users\Alaa Mahdi\IdeaProjects\untitled6\sundhed\target\classes;C:\Users\Alaa Mahdi\IdeaProjects\untitled6\sundhed\lib\mysql-connector-java-8.0.27.jar;C:\Users\Alaa Mahdi\IdeaProjects\untitled6\sundhed\lib\protobuf-java-3.11.4.jar;C:\Users\Alaa Mahdi\.m2\repository\org\openjfx\javafx-controls\18.0.1\javafx-controls-18.0.1.jar;C:\Users\Alaa Mahdi\.m2\repository\org\openjfx\javafx-controls\18.0.1\javafx-controls-18.0.1-win.jar;C:\Users\Alaa Mahdi\.m2\repository\org\openjfx\javafx-graphics\18.0.1\javafx-graphics-18.0.1.jar;C:\Users\Alaa Mahdi\.m2\repository\org\openjfx\javafx-graphics\18.0.1\javafx-graphics-18.0.1-win.jar;C:\Users\Alaa Mahdi\.m2\repository\org\openjfx\javafx-base\18.0.1\javafx-base-18.0.1.jar;C:\Users\Alaa Mahdi\.m2\repository\org\openjfx\javafx-base\18.0.1\javafx-base-18.0.1-win.jar;C:\Users\Alaa Mahdi\.m2\repository\org\openjfx\javafx-fxml\18.0.1\javafx-fxml-18.0.1.jar;C:\Users\Alaa Mahdi\.m2\repository\org\openjfx\javafx-fxml\18.0.1\javafx-fxml-18.0.1-win.jar;C:\Users\Alaa Mahdi\.m2\repository\org\openjfx\javafx-web\18.0.1\javafx-web-18.0.1.jar;C:\Users\Alaa Mahdi\.m2\repository\org\openjfx\javafx-web\18.0.1\javafx-web-18.0.1-win.jar;C:\Users\Alaa Mahdi\.m2\repository\org\openjfx\javafx-media\18.0.1\javafx-media-18.0.1.jar;C:\Users\Alaa Mahdi\.m2\repository\org\openjfx\javafx-media\18.0.1\javafx-media-18.0.1-win.jar;C:\Users\Alaa Mahdi\.m2\repository\org\kordamp\ikonli\ikonli-javafx\12.3.1\ikonli-javafx-12.3.1.jar;C:\Users\Alaa Mahdi\.m2\repository\org\kordamp\ikonli\ikonli-core\12.3.1\ikonli-core-12.3.1.jar;C:\Users\Alaa Mahdi\.m2\repository\org\apiguardian\apiguardian-api\1.1.2\apiguardian-api-1.1.2.jar;C:\Users\Alaa Mahdi\.m2\repository\org\junit\jupiter\junit-jupiter-api\5.8.2\junit-jupiter-api-5.8.2.jar;C:\Users\Alaa Mahdi\.m2\repository\org\opentest4j\opentest4j\1.2.0\opentest4j-1.2.0.jar;C:\Users\Alaa Mahdi\.m2\repository\org\junit\platform\junit-platform-commons\1.8.2\junit-platform-commons-1.8.2.jar;C:\Users\A
Launcher Type: SUN_STANDARD

[Global flags]
     intx CICompilerCount                          = 4                                         {product} {ergonomic}
     uint ConcGCThreads                            = 2                                         {product} {ergonomic}
     uint G1ConcRefinementThreads                  = 8                                         {product} {ergonomic}
   size_t G1HeapRegionSize                         = 2097152                                   {product} {ergonomic}
    uintx GCDrainStackTargetSize                   = 64                                        {product} {ergonomic}
   size_t InitialHeapSize                          = 268435456                                 {product} {ergonomic}
   size_t MarkStackSize                            = 4194304                                   {product} {ergonomic}
   size_t MaxHeapSize                              = 4273995776                                {product} {ergonomic}
   size_t MaxNewSize                               = 2562719744                                {product} {ergonomic}
   size_t MinHeapDeltaBytes                        = 2097152                                   {product} {ergonomic}
   size_t MinHeapSize                              = 8388608                                   {product} {ergonomic}
    uintx NonNMethodCodeHeapSize                   = 5839372                                {pd product} {ergonomic}
    uintx NonProfiledCodeHeapSize                  = 122909434                              {pd product} {ergonomic}
    uintx ProfiledCodeHeapSize                     = 122909434                              {pd product} {ergonomic}
    uintx ReservedCodeCacheSize                    = 251658240                              {pd product} {ergonomic}
     bool SegmentedCodeCache                       = true                                      {product} {ergonomic}
   size_t SoftMaxHeapSize                          = 4273995776                             {manageable} {ergonomic}
     bool UseCompressedClassPointers               = true                           {product lp64_product} {ergonomic}
     bool UseCompressedOops                        = true                           {product lp64_product} {ergonomic}
     bool UseG1GC                                  = true                                      {product} {ergonomic}
     bool UseLargePagesIndividualAllocation        = false                                  {pd product} {ergonomic}

Logging:
Log output configuration:
 #0: stdout all=warning uptime,level,tags
 #1: stderr all=off uptime,level,tags

Environment Variables:
PATH=C:\Program Files\Common Files\Oracle\Java\javapath;C:\Program Files (x86)\Common Files\Oracle\Java\javapath;C:\WINDOWS\system32;C:\WINDOWS;C:\WINDOWS\System32\Wbem;C:\WINDOWS\System32\WindowsPowerShell\v1.0\;C:\WINDOWS\System32\OpenSSH\;C:\Program Files (x86)\Git\cmd;C:\Users\Alaa Mahdi\AppData\Local\Microsoft\WindowsApps;C:\Users\Alaa Mahdi\AppData\Local\GitHubDesktop\bin
USERNAME=Alaa Mahdi
OS=Windows_NT
PROCESSOR_IDENTIFIER=Intel64 Family 6 Model 142 Stepping 10, GenuineIntel



---------------  S Y S T E M  ---------------

OS:
 Windows 10 , 64 bit Build 19041 (10.0.19041.1741)
OS uptime: 1 days 1:17 hours

CPU: total 8 (initial active 8) (4 cores per cpu, 2 threads per core) family 6 model 142 stepping 10 microcode 0xec, cx8, cmov, fxsr, ht, mmx, 3dnowpref, sse, sse2, sse3, ssse3, sse4.1, sse4.2, popcnt, lzcnt, tsc, tscinvbit, avx, avx2, aes, erms, clmul, bmi1, bmi2, rtm, adx, fma, vzeroupper, clflush, clflushopt

Memory: 4k page, system-wide physical 16301M (5707M free)
TotalPageFile size 18733M (AvailPageFile size 4697M)
current process WorkingSet (physical memory assigned to process): 324M, peak: 406M
current process commit charge ("private bytes"): 373M, peak: 459M

vm_info: OpenJDK 64-Bit Server VM (17.0.2+8-86) for windows-amd64 JRE (17.0.2+8-86), built on Dec  7 2021 21:49:10 by "mach5one" with MS VC++ 16.8 / 16.9 (VS2019)

END.
