#
# A fatal error has been detected by the Java Runtime Environment:
#
#  EXCEPTION_ACCESS_VIOLATION (0xc0000005) at pc=0x00007fff6d953416, pid=13488, tid=13656
#
# JRE version: OpenJDK Runtime Environment (17.0.2+8) (build 17.0.2+8-86)
# Java VM: OpenJDK 64-Bit Server VM (17.0.2+8-86, mixed mode, sharing, tiered, compressed oops, compressed class ptrs, g1 gc, windows-amd64)
# Problematic frame:
# C  [ntdll.dll+0x63416]
#
# No core dump will be written. Minidumps are not enabled by default on client versions of Windows
#
# If you would like to submit a bug report, please visit:
#   https://bugreport.java.com/bugreport/crash.jsp
# The crash happened outside the Java Virtual Machine in native code.
# See problematic frame for where to report the bug.
#

---------------  S U M M A R Y ------------

Command Line: -javaagent:C:\Program Files\JetBrains\IntelliJ IDEA 2021.3.1\lib\idea_rt.jar=55609:C:\Program Files\JetBrains\IntelliJ IDEA 2021.3.1\bin -Dfile.encoding=UTF-8 com.hmaar.sundhed.Runner

Host: Intel(R) Core(TM) i7-8650U CPU @ 1.90GHz, 8 cores, 15G,  Windows 10 , 64 bit Build 19041 (10.0.19041.1741)
Time: Tue Jun 21 23:56:18 2022 Rom, sommertid elapsed time: 46.616380 seconds (0d 0h 0m 46s)

---------------  T H R E A D  ---------------

Current thread (0x000002138c5983b0):  JavaThread "Thread-3" [_thread_in_native, id=13656, stack(0x000000eca8600000,0x000000eca8700000)]

Stack: [0x000000eca8600000,0x000000eca8700000],  sp=0x000000eca86ff2e0,  free space=1020k
Native frames: (J=compiled Java code, j=interpreted, Vv=VM code, C=native code)
C  [ntdll.dll+0x63416]
C  [ntdll.dll+0x2fcb4]
C  [ntdll.dll+0x2fae2]
C  0x00007fff43e83cb2

Java frames: (J=compiled Java code, j=interpreted, Vv=VM code)
j  com.fazecast.jSerialComm.SerialPort.closePortNative(J)J+0
j  com.fazecast.jSerialComm.SerialPort.closePort()Z+29
j  com.hmaar.sundhed.model.recorders.SensorRecorder.resetSerialConnection()V+37
J 5528% c1 com.hmaar.sundhed.model.recorders.SensorRecorder.run()V (267 bytes) @ 0x00000213ec48951c [0x00000213ec4874a0+0x000000000000207c]
j  java.lang.Thread.run()V+11 java.base@17.0.2
v  ~StubRoutines::call_stub

siginfo: EXCEPTION_ACCESS_VIOLATION (0xc0000005), writing address 0x0000000000000024


Register to memory mapping:

RIP=0x00007fff6d953416 ntdll.dll
RAX=0x0 is NULL
RBX=0x00007fff43eafd00 points into unknown readable memory: 0x0000000000000000 | 00 00 00 00 00 00 00 00
RCX=0x00007fff43eafd00 points into unknown readable memory: 0x0000000000000000 | 00 00 00 00 00 00 00 00
RDX=0x00000000fffffffa is an unknown value
RSP=0x000000eca86ff2e0 is pointing into the stack for thread: 0x000002138c5983b0
RBP=0x000000eca86ff500 is pointing into the stack for thread: 0x000002138c5983b0
RSI=0x0 is NULL
RDI=0x0 is NULL
R8 =0x0 is NULL
R9 =0x00007fff43eafd00 points into unknown readable memory: 0x0000000000000000 | 00 00 00 00 00 00 00 00
R10=0x0 is NULL
R11=0x0000000000000246 is an unknown value
R12=0x0 is NULL
R13=0x000000eca57e3000 points into unknown readable memory: 0x0000000000000000 | 00 00 00 00 00 00 00 00
R14=0x0000000000000001 is an unknown value
R15=0x0 is NULL


Registers:
RAX=0x0000000000000000, RBX=0x00007fff43eafd00, RCX=0x00007fff43eafd00, RDX=0x00000000fffffffa
RSP=0x000000eca86ff2e0, RBP=0x000000eca86ff500, RSI=0x0000000000000000, RDI=0x0000000000000000
R8 =0x0000000000000000, R9 =0x00007fff43eafd00, R10=0x0000000000000000, R11=0x0000000000000246
R12=0x0000000000000000, R13=0x000000eca57e3000, R14=0x0000000000000001, R15=0x0000000000000000
RIP=0x00007fff6d953416, EFLAGS=0x0000000000010213

Top of Stack: (sp=0x000000eca86ff2e0)
0x000000eca86ff2e0:   ffffffffffffffff 00007fff43eafd00
0x000000eca86ff2f0:   0000000000000000 0000000000000000
0x000000eca86ff300:   0000000000000000 0000000000000000
0x000000eca86ff310:   0000000000000000 0000000000000000
0x000000eca86ff320:   0000000000000000 00000000fffffffa
0x000000eca86ff330:   000000eca57e3000 0000000000000000
0x000000eca86ff340:   0000000000000000 0000000000000000
0x000000eca86ff350:   0000000000000000 0000000000000000
0x000000eca86ff360:   0000000000000000 0000000000000000
0x000000eca86ff370:   0000f1548f56f410 0000000000000000
0x000000eca86ff380:   000002138c598300 0000000000000001
0x000000eca86ff390:   0000000000000001 0000000000000001
0x000000eca86ff3a0:   0000000000000000 00007fff43eafd00
0x000000eca86ff3b0:   000000eca86ff500 00007fff6d91fcb4
0x000000eca86ff3c0:   0000000000000000 0000000000000000
0x000000eca86ff3d0:   00000000fffffffa 0000000000000000 

Instructions: (pc=0x00007fff6d953416)
0x00007fff6d953316:   20 e9 ed fe ff ff 48 89 41 18 e9 e4 fe ff ff cc
0x00007fff6d953326:   cc cc cc cc cc cc cc cc cc cc 80 3d d1 81 10 00
0x00007fff6d953336:   00 0f 95 c0 c3 cc cc cc cc cc cc cc cc cc cc cc
0x00007fff6d953346:   cc cc cc cc cc cc cc cc cc cc 48 83 ec 38 8b 05
0x00007fff6d953356:   d2 67 10 00 89 44 24 20 e8 41 02 00 00 48 83 c4
0x00007fff6d953366:   38 c3 cc cc cc cc cc cc cc cc 48 89 5c 24 18 55
0x00007fff6d953376:   56 57 41 54 41 55 41 56 41 57 48 81 ec a0 00 00
0x00007fff6d953386:   00 48 8b 05 82 01 12 00 48 33 c4 48 89 84 24 90
0x00007fff6d953396:   00 00 00 65 4c 8b 2c 25 30 00 00 00 48 8d 05 4f
0x00007fff6d9533a6:   21 10 00 40 32 ed 89 54 24 48 33 f6 40 88 6c 24
0x00007fff6d9533b6:   40 4c 89 6c 24 50 48 8b d9 44 8b e6 48 3b c8 0f
0x00007fff6d9533c6:   84 39 01 00 00 40 38 35 36 81 10 00 0f 85 a8 01
0x00007fff6d9533d6:   00 00 39 35 4a 81 10 00 0f 85 6a 01 00 00 40 38
0x00007fff6d9533e6:   35 0d 7c 10 00 48 8d 3d 0e 7c 10 00 48 0f 45 fe
0x00007fff6d9533f6:   48 39 73 18 0f 84 d2 00 00 00 48 8b 03 48 83 f8
0x00007fff6d953406:   ff 0f 84 d2 00 00 00 44 8b fe 48 83 f8 ff 74 03
0x00007fff6d953416:   ff 40 24 4c 8b 73 18 4c 8d 2d d4 20 10 00 bd 22
0x00007fff6d953426:   17 00 00 e8 22 14 fc ff 85 c0 0f 85 be b2 05 00
0x00007fff6d953436:   b9 82 03 fe 7f 80 39 00 0f 85 cc b2 05 00 49 83
0x00007fff6d953446:   fe ff 0f 85 5a b3 05 00 4c 8b cf c7 44 24 20 00
0x00007fff6d953456:   00 00 00 41 b8 04 00 00 00 48 8d 54 24 48 48 8d
0x00007fff6d953466:   4b 08 e8 37 01 00 00 3d 02 01 00 00 0f 84 43 b3
0x00007fff6d953476:   05 00 8b 4b 08 89 4c 24 48 f6 c1 02 75 ca 3d 02
0x00007fff6d953486:   01 00 00 0f 84 2c b3 05 00 0f b6 6c 24 40 4c 8b
0x00007fff6d953496:   6c 24 50 85 c0 0f 88 78 b4 05 00 40 84 ed 75 73
0x00007fff6d9534a6:   48 8b 8c 24 90 00 00 00 48 33 cc e8 7a 8d 02 00
0x00007fff6d9534b6:   48 8b 9c 24 f0 00 00 00 48 81 c4 a0 00 00 00 41
0x00007fff6d9534c6:   5f 41 5e 41 5d 41 5c 5f 5e 5d c3 cc 48 8b cb e8
0x00007fff6d9534d6:   56 05 00 00 e9 21 ff ff ff 8b 4b 20 48 c7 c0 ff
0x00007fff6d9534e6:   ff ff ff 48 0f ba e1 18 0f 82 19 ff ff ff 48 8b
0x00007fff6d9534f6:   cb e8 44 e3 fa ff 48 8b 03 e9 09 ff ff ff c6 44
0x00007fff6d953506:   24 40 01 41 c7 85 60 17 00 00 01 00 00 00 e9 b2 


Stack slot to memory mapping:
stack at sp + 0 slots: 0xffffffffffffffff is an unknown value
stack at sp + 1 slots: 0x00007fff43eafd00 points into unknown readable memory: 0x0000000000000000 | 00 00 00 00 00 00 00 00
stack at sp + 2 slots: 0x0 is NULL
stack at sp + 3 slots: 0x0 is NULL
stack at sp + 4 slots: 0x0 is NULL
stack at sp + 5 slots: 0x0 is NULL
stack at sp + 6 slots: 0x0 is NULL
stack at sp + 7 slots: 0x0 is NULL


---------------  P R O C E S S  ---------------

Threads class SMR info:
_java_thread_list=0x000002138c68a400, length=23, elements={
0x00000213e3a2e1e0, 0x00000213867c5f00, 0x00000213867c7510, 0x00000213867d8900,
0x00000213867db2d0, 0x00000213867dc420, 0x00000213867e4e90, 0x00000213868063d0,
0x0000021386807610, 0x0000021386810f70, 0x00000213874a2d40, 0x0000021387686150,
0x0000021387686620, 0x00000213876ca440, 0x0000021387ec0980, 0x0000021387ec67e0,
0x000002138c314950, 0x000002138c597540, 0x000002138c597070, 0x000002138c597a10,
0x000002138c5983b0, 0x000002138c596ba0, 0x000002138f5e6720
}

Java Threads: ( => current thread )
  0x00000213e3a2e1e0 JavaThread "main" [_thread_blocked, id=13304, stack(0x000000eca5b00000,0x000000eca5c00000)]
  0x00000213867c5f00 JavaThread "Reference Handler" daemon [_thread_blocked, id=11412, stack(0x000000eca6200000,0x000000eca6300000)]
  0x00000213867c7510 JavaThread "Finalizer" daemon [_thread_blocked, id=1624, stack(0x000000eca6300000,0x000000eca6400000)]
  0x00000213867d8900 JavaThread "Signal Dispatcher" daemon [_thread_blocked, id=14980, stack(0x000000eca6400000,0x000000eca6500000)]
  0x00000213867db2d0 JavaThread "Attach Listener" daemon [_thread_blocked, id=920, stack(0x000000eca6500000,0x000000eca6600000)]
  0x00000213867dc420 JavaThread "Service Thread" daemon [_thread_blocked, id=9636, stack(0x000000eca6600000,0x000000eca6700000)]
  0x00000213867e4e90 JavaThread "Monitor Deflation Thread" daemon [_thread_blocked, id=6152, stack(0x000000eca6700000,0x000000eca6800000)]
  0x00000213868063d0 JavaThread "C2 CompilerThread0" daemon [_thread_blocked, id=1964, stack(0x000000eca6800000,0x000000eca6900000)]
  0x0000021386807610 JavaThread "C1 CompilerThread0" daemon [_thread_blocked, id=1656, stack(0x000000eca6900000,0x000000eca6a00000)]
  0x0000021386810f70 JavaThread "Sweeper thread" daemon [_thread_blocked, id=7844, stack(0x000000eca6a00000,0x000000eca6b00000)]
  0x00000213874a2d40 JavaThread "Common-Cleaner" daemon [_thread_blocked, id=2488, stack(0x000000eca6b00000,0x000000eca6c00000)]
  0x0000021387686150 JavaThread "Monitor Ctrl-Break" daemon [_thread_in_native, id=2308, stack(0x000000eca6d00000,0x000000eca6e00000)]
  0x0000021387686620 JavaThread "Notification Thread" daemon [_thread_blocked, id=11740, stack(0x000000eca6e00000,0x000000eca6f00000)]
  0x00000213876ca440 JavaThread "JavaFX-Launcher" [_thread_blocked, id=3780, stack(0x000000eca7000000,0x000000eca7100000)]
  0x0000021387ec0980 JavaThread "InvokeLaterDispatcher" daemon [_thread_blocked, id=13260, stack(0x000000eca7100000,0x000000eca7200000)]
  0x0000021387ec67e0 JavaThread "JavaFX Application Thread" [_thread_blocked, id=13620, stack(0x000000eca7200000,0x000000eca7300000)]
  0x000002138c314950 JavaThread "Thread-2" daemon [_thread_in_native, id=4176, stack(0x000000eca7600000,0x000000eca7700000)]
  0x000002138c597540 JavaThread "mysql-cj-abandoned-connection-cleanup" daemon [_thread_blocked, id=10660, stack(0x000000eca7f00000,0x000000eca8000000)]
  0x000002138c597070 JavaThread "Prism Font Disposer" daemon [_thread_blocked, id=14180, stack(0x000000eca8400000,0x000000eca8500000)]
  0x000002138c597a10 JavaThread "Cleaner-0" daemon [_thread_blocked, id=3588, stack(0x000000eca7e00000,0x000000eca7f00000)]
=>0x000002138c5983b0 JavaThread "Thread-3" [_thread_in_native, id=13656, stack(0x000000eca8600000,0x000000eca8700000)]
  0x000002138c596ba0 JavaThread "Thread-4" [_thread_blocked, id=7320, stack(0x000000eca8700000,0x000000eca8800000)]
  0x000002138f5e6720 JavaThread "SIGINT handler" daemon [_thread_blocked, id=9840, stack(0x000000eca6c00000,0x000000eca6d00000)]

Other Threads:
  0x00000213867c2770 VMThread "VM Thread" [stack: 0x000000eca6100000,0x000000eca6200000] [id=8020]
  0x00000213e3a2f3b0 WatcherThread [stack: 0x000000eca6f00000,0x000000eca7000000] [id=3556]
  0x00000213e3a7d940 GCTaskThread "GC Thread#0" [stack: 0x000000eca5c00000,0x000000eca5d00000] [id=12684]
  0x000002138c351cd0 GCTaskThread "GC Thread#1" [stack: 0x000000eca7700000,0x000000eca7800000] [id=13512]
  0x000002138c2e2530 GCTaskThread "GC Thread#2" [stack: 0x000000eca7800000,0x000000eca7900000] [id=4196]
  0x000002138c296750 GCTaskThread "GC Thread#3" [stack: 0x000000eca7900000,0x000000eca7a00000] [id=4828]
  0x000002138c442860 GCTaskThread "GC Thread#4" [stack: 0x000000eca7a00000,0x000000eca7b00000] [id=2344]
  0x000002138c2f47d0 GCTaskThread "GC Thread#5" [stack: 0x000000eca7b00000,0x000000eca7c00000] [id=2384]
  0x000002138c395280 GCTaskThread "GC Thread#6" [stack: 0x000000eca7c00000,0x000000eca7d00000] [id=7272]
  0x000002138c395530 GCTaskThread "GC Thread#7" [stack: 0x000000eca7d00000,0x000000eca7e00000] [id=5916]
  0x00000213e3a8fb50 ConcurrentGCThread "G1 Main Marker" [stack: 0x000000eca5d00000,0x000000eca5e00000] [id=5436]
  0x00000213e3a90560 ConcurrentGCThread "G1 Conc#0" [stack: 0x000000eca5e00000,0x000000eca5f00000] [id=6836]
  0x000002138c71d460 ConcurrentGCThread "G1 Conc#1" [stack: 0x000000eca8000000,0x000000eca8100000] [id=4820]
  0x00000213866820c0 ConcurrentGCThread "G1 Refine#0" [stack: 0x000000eca5f00000,0x000000eca6000000] [id=12612]
  0x0000021386682ae0 ConcurrentGCThread "G1 Service" [stack: 0x000000eca6000000,0x000000eca6100000] [id=12368]

Threads with active compile tasks:

VM state: not at safepoint (normal execution)

VM Mutex/Monitor currently owned by a thread: None

Heap address: 0x0000000701400000, size: 4076 MB, Compressed Oops mode: Zero based, Oop shift amount: 3

CDS archive(s) mapped at: [0x0000000800000000-0x0000000800bc0000-0x0000000800bc0000), size 12320768, SharedBaseAddress: 0x0000000800000000, ArchiveRelocationMode: 0.
Compressed class space mapped at: 0x0000000800c00000-0x0000000840c00000, reserved size: 1073741824
Narrow klass base: 0x0000000800000000, Narrow klass shift: 0, Narrow klass range: 0x100000000

GC Precious Log:
 CPUs: 8 total, 8 available
 Memory: 16301M
 Large Page Support: Disabled
 NUMA Support: Disabled
 Compressed Oops: Enabled (Zero based)
 Heap Region Size: 2M
 Heap Min Capacity: 8M
 Heap Initial Capacity: 256M
 Heap Max Capacity: 4076M
 Pre-touch: Disabled
 Parallel Workers: 8
 Concurrent Workers: 2
 Concurrent Refinement Workers: 8
 Periodic GC: Disabled

Heap:
 garbage-first heap   total 204800K, used 38909K [0x0000000701400000, 0x0000000800000000)
  region size 2048K, 6 young (12288K), 4 survivors (8192K)
 Metaspace       used 30305K, committed 30592K, reserved 1081344K
  class space    used 3981K, committed 4160K, reserved 1048576K

Heap Regions: E=young(eden), S=young(survivor), O=old, HS=humongous(starts), HC=humongous(continues), CS=collection set, F=free, OA=open archive, CA=closed archive, TAMS=top-at-mark-start (previous, next)
|   0|0x0000000701400000, 0x0000000701600000, 0x0000000701600000|100%| O|  |TAMS 0x0000000701600000, 0x0000000701400000| Untracked 
|   1|0x0000000701600000, 0x0000000701800000, 0x0000000701800000|100%| O|  |TAMS 0x0000000701800000, 0x0000000701600000| Untracked 
|   2|0x0000000701800000, 0x0000000701a00000, 0x0000000701a00000|100%|HS|  |TAMS 0x0000000701a00000, 0x0000000701800000| Complete 
|   3|0x0000000701a00000, 0x0000000701c00000, 0x0000000701c00000|100%| O|  |TAMS 0x0000000701c00000, 0x0000000701a00000| Untracked 
|   4|0x0000000701c00000, 0x0000000701e00000, 0x0000000701e00000|100%| O|  |TAMS 0x0000000701c00000, 0x0000000701c00000| Untracked 
|   5|0x0000000701e00000, 0x0000000702000000, 0x0000000702000000|100%|HS|  |TAMS 0x0000000702000000, 0x0000000701e00000| Complete 
|   6|0x0000000702000000, 0x0000000702200000, 0x0000000702200000|100%|HC|  |TAMS 0x0000000702200000, 0x0000000702000000| Complete 
|   7|0x0000000702200000, 0x0000000702400000, 0x0000000702400000|100%| O|  |TAMS 0x0000000702400000, 0x0000000702200000| Untracked 
|   8|0x0000000702400000, 0x0000000702600000, 0x0000000702600000|100%| O|  |TAMS 0x0000000702600000, 0x0000000702400000| Untracked 
|   9|0x0000000702600000, 0x0000000702800000, 0x0000000702800000|100%| O|  |TAMS 0x0000000702800000, 0x0000000702600000| Untracked 
|  10|0x0000000702800000, 0x0000000702a00000, 0x0000000702a00000|100%| O|  |TAMS 0x0000000702a00000, 0x0000000702800000| Untracked 
|  11|0x0000000702a00000, 0x0000000702c00000, 0x0000000702c00000|100%|HS|  |TAMS 0x0000000702c00000, 0x0000000702a00000| Complete 
|  12|0x0000000702c00000, 0x0000000702e00000, 0x0000000702e00000|100%| O|  |TAMS 0x0000000702e00000, 0x0000000702c00000| Untracked 
|  13|0x0000000702e00000, 0x0000000702f02600, 0x0000000703000000| 50%| O|  |TAMS 0x0000000702e00000, 0x0000000702e00000| Untracked 
|  14|0x0000000703000000, 0x0000000703200000, 0x0000000703200000|100%| O|  |TAMS 0x0000000703000000, 0x0000000703000000| Untracked 
|  15|0x0000000703200000, 0x0000000703200000, 0x0000000703400000|  0%| F|  |TAMS 0x0000000703200000, 0x0000000703200000| Untracked 
|  16|0x0000000703400000, 0x0000000703400000, 0x0000000703600000|  0%| F|  |TAMS 0x0000000703400000, 0x0000000703400000| Untracked 
|  17|0x0000000703600000, 0x0000000703600000, 0x0000000703800000|  0%| F|  |TAMS 0x0000000703600000, 0x0000000703600000| Untracked 
|  18|0x0000000703800000, 0x0000000703800000, 0x0000000703a00000|  0%| F|  |TAMS 0x0000000703800000, 0x0000000703800000| Untracked 
|  19|0x0000000703a00000, 0x0000000703a00000, 0x0000000703c00000|  0%| F|  |TAMS 0x0000000703a00000, 0x0000000703a00000| Untracked 
|  20|0x0000000703c00000, 0x0000000703c00000, 0x0000000703e00000|  0%| F|  |TAMS 0x0000000703c00000, 0x0000000703c00000| Untracked 
|  21|0x0000000703e00000, 0x0000000703e00000, 0x0000000704000000|  0%| F|  |TAMS 0x0000000703e00000, 0x0000000703e00000| Untracked 
|  22|0x0000000704000000, 0x0000000704000000, 0x0000000704200000|  0%| F|  |TAMS 0x0000000704000000, 0x0000000704000000| Untracked 
|  23|0x0000000704200000, 0x0000000704200000, 0x0000000704400000|  0%| F|  |TAMS 0x0000000704200000, 0x0000000704200000| Untracked 
|  24|0x0000000704400000, 0x0000000704400000, 0x0000000704600000|  0%| F|  |TAMS 0x0000000704400000, 0x0000000704400000| Untracked 
|  25|0x0000000704600000, 0x0000000704600000, 0x0000000704800000|  0%| F|  |TAMS 0x0000000704600000, 0x0000000704600000| Untracked 
|  26|0x0000000704800000, 0x0000000704800000, 0x0000000704a00000|  0%| F|  |TAMS 0x0000000704800000, 0x0000000704800000| Untracked 
|  27|0x0000000704a00000, 0x0000000704a00000, 0x0000000704c00000|  0%| F|  |TAMS 0x0000000704a00000, 0x0000000704a00000| Untracked 
|  28|0x0000000704c00000, 0x0000000704c00000, 0x0000000704e00000|  0%| F|  |TAMS 0x0000000704c00000, 0x0000000704c00000| Untracked 
|  29|0x0000000704e00000, 0x0000000704e00000, 0x0000000705000000|  0%| F|  |TAMS 0x0000000704e00000, 0x0000000704e00000| Untracked 
|  30|0x0000000705000000, 0x0000000705000000, 0x0000000705200000|  0%| F|  |TAMS 0x0000000705000000, 0x0000000705000000| Untracked 
|  31|0x0000000705200000, 0x0000000705200000, 0x0000000705400000|  0%| F|  |TAMS 0x0000000705200000, 0x0000000705200000| Untracked 
|  32|0x0000000705400000, 0x0000000705400000, 0x0000000705600000|  0%| F|  |TAMS 0x0000000705400000, 0x0000000705400000| Untracked 
|  33|0x0000000705600000, 0x0000000705600000, 0x0000000705800000|  0%| F|  |TAMS 0x0000000705600000, 0x0000000705600000| Untracked 
|  34|0x0000000705800000, 0x0000000705800000, 0x0000000705a00000|  0%| F|  |TAMS 0x0000000705800000, 0x0000000705800000| Untracked 
|  35|0x0000000705a00000, 0x0000000705a00000, 0x0000000705c00000|  0%| F|  |TAMS 0x0000000705a00000, 0x0000000705a00000| Untracked 
|  36|0x0000000705c00000, 0x0000000705cfd110, 0x0000000705e00000| 49%| S|CS|TAMS 0x0000000705c00000, 0x0000000705c00000| Complete 
|  37|0x0000000705e00000, 0x0000000705e00000, 0x0000000706000000|  0%| F|  |TAMS 0x0000000705e00000, 0x0000000705e00000| Untracked 
|  38|0x0000000706000000, 0x0000000706000000, 0x0000000706200000|  0%| F|  |TAMS 0x0000000706000000, 0x0000000706000000| Untracked 
|  39|0x0000000706200000, 0x0000000706200000, 0x0000000706400000|  0%| F|  |TAMS 0x0000000706200000, 0x0000000706200000| Untracked 
|  40|0x0000000706400000, 0x0000000706600000, 0x0000000706600000|100%| S|CS|TAMS 0x0000000706400000, 0x0000000706400000| Complete 
|  41|0x0000000706600000, 0x0000000706800000, 0x0000000706800000|100%| S|CS|TAMS 0x0000000706600000, 0x0000000706600000| Complete 
|  42|0x0000000706800000, 0x0000000706a00000, 0x0000000706a00000|100%| S|CS|TAMS 0x0000000706800000, 0x0000000706800000| Complete 
|  43|0x0000000706a00000, 0x0000000706a00000, 0x0000000706c00000|  0%| F|  |TAMS 0x0000000706a00000, 0x0000000706a00000| Untracked 
|  44|0x0000000706c00000, 0x0000000706c00000, 0x0000000706e00000|  0%| F|  |TAMS 0x0000000706c00000, 0x0000000706c00000| Untracked 
|  45|0x0000000706e00000, 0x0000000706e00000, 0x0000000707000000|  0%| F|  |TAMS 0x0000000706e00000, 0x0000000706e00000| Untracked 
|  46|0x0000000707000000, 0x0000000707000000, 0x0000000707200000|  0%| F|  |TAMS 0x0000000707000000, 0x0000000707000000| Untracked 
|  47|0x0000000707200000, 0x0000000707200000, 0x0000000707400000|  0%| F|  |TAMS 0x0000000707200000, 0x0000000707200000| Untracked 
|  48|0x0000000707400000, 0x0000000707400000, 0x0000000707600000|  0%| F|  |TAMS 0x0000000707400000, 0x0000000707400000| Untracked 
|  49|0x0000000707600000, 0x0000000707600000, 0x0000000707800000|  0%| F|  |TAMS 0x0000000707600000, 0x0000000707600000| Untracked 
|  50|0x0000000707800000, 0x0000000707800000, 0x0000000707a00000|  0%| F|  |TAMS 0x0000000707800000, 0x0000000707800000| Untracked 
|  51|0x0000000707a00000, 0x0000000707a00000, 0x0000000707c00000|  0%| F|  |TAMS 0x0000000707a00000, 0x0000000707a00000| Untracked 
|  52|0x0000000707c00000, 0x0000000707c00000, 0x0000000707e00000|  0%| F|  |TAMS 0x0000000707c00000, 0x0000000707c00000| Untracked 
|  53|0x0000000707e00000, 0x0000000707e00000, 0x0000000708000000|  0%| F|  |TAMS 0x0000000707e00000, 0x0000000707e00000| Untracked 
|  54|0x0000000708000000, 0x0000000708000000, 0x0000000708200000|  0%| F|  |TAMS 0x0000000708000000, 0x0000000708000000| Untracked 
|  55|0x0000000708200000, 0x0000000708200000, 0x0000000708400000|  0%| F|  |TAMS 0x0000000708200000, 0x0000000708200000| Untracked 
|  56|0x0000000708400000, 0x0000000708400000, 0x0000000708600000|  0%| F|  |TAMS 0x0000000708400000, 0x0000000708400000| Untracked 
|  57|0x0000000708600000, 0x0000000708600000, 0x0000000708800000|  0%| F|  |TAMS 0x0000000708600000, 0x0000000708600000| Untracked 
|  58|0x0000000708800000, 0x0000000708800000, 0x0000000708a00000|  0%| F|  |TAMS 0x0000000708800000, 0x0000000708800000| Untracked 
|  59|0x0000000708a00000, 0x0000000708a00000, 0x0000000708c00000|  0%| F|  |TAMS 0x0000000708a00000, 0x0000000708a00000| Untracked 
|  60|0x0000000708c00000, 0x0000000708c00000, 0x0000000708e00000|  0%| F|  |TAMS 0x0000000708c00000, 0x0000000708c00000| Untracked 
|  61|0x0000000708e00000, 0x0000000708e00000, 0x0000000709000000|  0%| F|  |TAMS 0x0000000708e00000, 0x0000000708e00000| Untracked 
|  62|0x0000000709000000, 0x0000000709000000, 0x0000000709200000|  0%| F|  |TAMS 0x0000000709000000, 0x0000000709000000| Untracked 
|  63|0x0000000709200000, 0x0000000709200000, 0x0000000709400000|  0%| F|  |TAMS 0x0000000709200000, 0x0000000709200000| Untracked 
|  64|0x0000000709400000, 0x0000000709400000, 0x0000000709600000|  0%| F|  |TAMS 0x0000000709400000, 0x0000000709400000| Untracked 
|  65|0x0000000709600000, 0x0000000709600000, 0x0000000709800000|  0%| F|  |TAMS 0x0000000709600000, 0x0000000709600000| Untracked 
|  66|0x0000000709800000, 0x0000000709800000, 0x0000000709a00000|  0%| F|  |TAMS 0x0000000709800000, 0x0000000709800000| Untracked 
|  67|0x0000000709a00000, 0x0000000709a00000, 0x0000000709c00000|  0%| F|  |TAMS 0x0000000709a00000, 0x0000000709a00000| Untracked 
|  68|0x0000000709c00000, 0x0000000709c00000, 0x0000000709e00000|  0%| F|  |TAMS 0x0000000709c00000, 0x0000000709c00000| Untracked 
|  69|0x0000000709e00000, 0x0000000709e00000, 0x000000070a000000|  0%| F|  |TAMS 0x0000000709e00000, 0x0000000709e00000| Untracked 
|  70|0x000000070a000000, 0x000000070a000000, 0x000000070a200000|  0%| F|  |TAMS 0x000000070a000000, 0x000000070a000000| Untracked 
|  71|0x000000070a200000, 0x000000070a200000, 0x000000070a400000|  0%| F|  |TAMS 0x000000070a200000, 0x000000070a200000| Untracked 
|  72|0x000000070a400000, 0x000000070a400000, 0x000000070a600000|  0%| F|  |TAMS 0x000000070a400000, 0x000000070a400000| Untracked 
|  73|0x000000070a600000, 0x000000070a600000, 0x000000070a800000|  0%| F|  |TAMS 0x000000070a600000, 0x000000070a600000| Untracked 
|  74|0x000000070a800000, 0x000000070a800000, 0x000000070aa00000|  0%| F|  |TAMS 0x000000070a800000, 0x000000070a800000| Untracked 
|  75|0x000000070aa00000, 0x000000070aa00000, 0x000000070ac00000|  0%| F|  |TAMS 0x000000070aa00000, 0x000000070aa00000| Untracked 
|  76|0x000000070ac00000, 0x000000070ac00000, 0x000000070ae00000|  0%| F|  |TAMS 0x000000070ac00000, 0x000000070ac00000| Untracked 
|  77|0x000000070ae00000, 0x000000070ae00000, 0x000000070b000000|  0%| F|  |TAMS 0x000000070ae00000, 0x000000070ae00000| Untracked 
|  78|0x000000070b000000, 0x000000070b000000, 0x000000070b200000|  0%| F|  |TAMS 0x000000070b000000, 0x000000070b000000| Untracked 
|  79|0x000000070b200000, 0x000000070b200000, 0x000000070b400000|  0%| F|  |TAMS 0x000000070b200000, 0x000000070b200000| Untracked 
|  80|0x000000070b400000, 0x000000070b400000, 0x000000070b600000|  0%| F|  |TAMS 0x000000070b400000, 0x000000070b400000| Untracked 
|  81|0x000000070b600000, 0x000000070b600000, 0x000000070b800000|  0%| F|  |TAMS 0x000000070b600000, 0x000000070b600000| Untracked 
|  82|0x000000070b800000, 0x000000070b800000, 0x000000070ba00000|  0%| F|  |TAMS 0x000000070b800000, 0x000000070b800000| Untracked 
|  83|0x000000070ba00000, 0x000000070ba00000, 0x000000070bc00000|  0%| F|  |TAMS 0x000000070ba00000, 0x000000070ba00000| Untracked 
|  84|0x000000070bc00000, 0x000000070bc00000, 0x000000070be00000|  0%| F|  |TAMS 0x000000070bc00000, 0x000000070bc00000| Untracked 
|  85|0x000000070be00000, 0x000000070be00000, 0x000000070c000000|  0%| F|  |TAMS 0x000000070be00000, 0x000000070be00000| Untracked 
|  86|0x000000070c000000, 0x000000070c000000, 0x000000070c200000|  0%| F|  |TAMS 0x000000070c000000, 0x000000070c000000| Untracked 
|  87|0x000000070c200000, 0x000000070c200000, 0x000000070c400000|  0%| F|  |TAMS 0x000000070c200000, 0x000000070c200000| Untracked 
|  88|0x000000070c400000, 0x000000070c400000, 0x000000070c600000|  0%| F|  |TAMS 0x000000070c400000, 0x000000070c400000| Untracked 
|  89|0x000000070c600000, 0x000000070c600000, 0x000000070c800000|  0%| F|  |TAMS 0x000000070c600000, 0x000000070c600000| Untracked 
|  90|0x000000070c800000, 0x000000070c800000, 0x000000070ca00000|  0%| F|  |TAMS 0x000000070c800000, 0x000000070c800000| Untracked 
|  91|0x000000070ca00000, 0x000000070ca00000, 0x000000070cc00000|  0%| F|  |TAMS 0x000000070ca00000, 0x000000070ca00000| Untracked 
|  92|0x000000070cc00000, 0x000000070cc00000, 0x000000070ce00000|  0%| F|  |TAMS 0x000000070cc00000, 0x000000070cc00000| Untracked 
|  93|0x000000070ce00000, 0x000000070ce00000, 0x000000070d000000|  0%| F|  |TAMS 0x000000070ce00000, 0x000000070ce00000| Untracked 
|  94|0x000000070d000000, 0x000000070d000000, 0x000000070d200000|  0%| F|  |TAMS 0x000000070d000000, 0x000000070d000000| Untracked 
|  95|0x000000070d200000, 0x000000070d200000, 0x000000070d400000|  0%| F|  |TAMS 0x000000070d200000, 0x000000070d200000| Untracked 
|  96|0x000000070d400000, 0x000000070d400000, 0x000000070d600000|  0%| F|  |TAMS 0x000000070d400000, 0x000000070d400000| Untracked 
| 121|0x0000000710600000, 0x0000000710600000, 0x0000000710800000|  0%| F|  |TAMS 0x0000000710600000, 0x0000000710600000| Untracked 
| 122|0x0000000710800000, 0x0000000710a00000, 0x0000000710a00000|100%| E|  |TAMS 0x0000000710800000, 0x0000000710800000| Complete 
| 127|0x0000000711200000, 0x0000000711400000, 0x0000000711400000|100%| E|CS|TAMS 0x0000000711200000, 0x0000000711200000| Complete 

Card table byte_map: [0x00000213fadb0000,0x00000213fb5b0000] _byte_map_base: 0x00000213f75a6000

Marking Bits (Prev, Next): (CMBitMap*) 0x00000213e3a7df90, (CMBitMap*) 0x00000213e3a7df50
 Prev Bits: [0x0000021380000000, 0x0000021383fb0000)
 Next Bits: [0x00000213fbdb0000, 0x00000213ffd60000)

Polling page: 0x00000213e19b0000

Metaspace:

Usage:
  Non-class:     25.71 MB used.
      Class:      3.89 MB used.
       Both:     29.60 MB used.

Virtual space:
  Non-class space:       32.00 MB reserved,      25.81 MB ( 81%) committed,  4 nodes.
      Class space:        1.00 GB reserved,       4.06 MB ( <1%) committed,  1 nodes.
             Both:        1.03 GB reserved,      29.88 MB (  3%) committed. 

Chunk freelists:
   Non-Class:  1.75 MB
       Class:  3.92 MB
        Both:  5.67 MB

MaxMetaspaceSize: unlimited
CompressedClassSpaceSize: 1.00 GB
Initial GC threshold: 21.00 MB
Current GC threshold: 48.06 MB
CDS: on
MetaspaceReclaimPolicy: balanced
 - commit_granule_bytes: 65536.
 - commit_granule_words: 8192.
 - virtual_space_node_default_size: 1048576.
 - enlarge_chunks_in_place: 1.
 - new_chunks_are_fully_committed: 0.
 - uncommit_free_chunks: 1.
 - use_allocation_guard: 0.
 - handle_deallocations: 1.


Internal statistics:

num_allocs_failed_limit: 3.
num_arena_births: 276.
num_arena_deaths: 0.
num_vsnodes_births: 5.
num_vsnodes_deaths: 0.
num_space_committed: 478.
num_space_uncommitted: 0.
num_chunks_returned_to_freelist: 3.
num_chunks_taken_from_freelist: 1175.
num_chunk_merges: 3.
num_chunk_splits: 815.
num_chunks_enlarged: 637.
num_purges: 0.
num_inconsistent_stats: 0.

CodeHeap 'non-profiled nmethods': size=120000Kb used=6017Kb max_used=6017Kb free=113982Kb
 bounds [0x00000213f2d50000, 0x00000213f3340000, 0x00000213fa280000]
CodeHeap 'profiled nmethods': size=120000Kb used=13234Kb max_used=13846Kb free=106765Kb
 bounds [0x00000213eb820000, 0x00000213ec5e0000, 0x00000213f2d50000]
CodeHeap 'non-nmethods': size=5760Kb used=1529Kb max_used=1647Kb free=4230Kb
 bounds [0x00000213eb280000, 0x00000213eb4f0000, 0x00000213eb820000]
 total_blobs=7271 nmethods=6357 adapters=826
 compilation: enabled
              stopped_count=0, restarted_count=0
 full_count=0

Compilation events (20 events):
Event: 45.617 Thread 0x0000021386807610 7657       3       com.sun.javafx.stage.WindowCloseRequestHandler::dispatchBubblingEvent (23 bytes)
Event: 45.618 Thread 0x0000021386807610 nmethod 7657 0x00000213ec23b910 code [0x00000213ec23bae0, 0x00000213ec23beb8]
Event: 45.629 Thread 0x0000021386807610 7658       3       com.sun.javafx.event.BasicEventDispatcher::dispatchBubblingEvent (2 bytes)
Event: 45.629 Thread 0x0000021386807610 nmethod 7658 0x00000213ec23b410 code [0x00000213ec23b5a0, 0x00000213ec23b6b8]
Event: 45.732 Thread 0x0000021386807610 7659       3       com.mysql.cj.jdbc.StatementImpl::createStreamingResultSet (45 bytes)
Event: 45.733 Thread 0x0000021386807610 nmethod 7659 0x00000213ec58dc90 code [0x00000213ec58de40, 0x00000213ec58e1d8]
Event: 45.752 Thread 0x0000021386807610 7660       3       com.sun.javafx.application.PlatformImpl$$Lambda$102/0x0000000800c85d00::run (12 bytes)
Event: 45.752 Thread 0x0000021386807610 nmethod 7660 0x00000213ec58d910 code [0x00000213ec58daa0, 0x00000213ec58dbe8]
Event: 45.793 Thread 0x0000021386807610 7661   !   3       com.sun.javafx.application.PlatformImpl::checkIdle (154 bytes)
Event: 45.795 Thread 0x0000021386807610 nmethod 7661 0x00000213ec38dc90 code [0x00000213ec38e020, 0x00000213ec38f708]
Event: 45.806 Thread 0x0000021386807610 7662   !   3       com.sun.glass.ui.InvokeLaterDispatcher$Future::run (91 bytes)
Event: 45.806 Thread 0x0000021386807610 nmethod 7662 0x00000213ec58cf10 code [0x00000213ec58d100, 0x00000213ec58d5c8]
Event: 46.002 Thread 0x0000021386807610 7663       3       java.io.BufferedReader::fill (170 bytes)
Event: 46.003 Thread 0x0000021386807610 nmethod 7663 0x00000213ec58c490 code [0x00000213ec58c680, 0x00000213ec58cd48]
Event: 46.027 Thread 0x00000213868063d0 7664       4       java.util.Collections$UnmodifiableCollection::isEmpty (10 bytes)
Event: 46.029 Thread 0x00000213868063d0 nmethod 7664 0x00000213f332da10 code [0x00000213f332db80, 0x00000213f332dc18]
Event: 46.272 Thread 0x00000213868063d0 7665       4       com.mysql.cj.protocol.a.NativePacketPayload::readString (162 bytes)
Event: 46.304 Thread 0x00000213868063d0 nmethod 7665 0x00000213f332dd10 code [0x00000213f332df40, 0x00000213f332ef48]
Event: 46.605 Thread 0x0000021386807610 7666       1       java.util.logging.LogManager$LoggerContext::getOwner (5 bytes)
Event: 46.606 Thread 0x0000021386807610 nmethod 7666 0x00000213f332fa10 code [0x00000213f332fba0, 0x00000213f332fc78]

GC Heap History (20 events):
Event: 40.792 GC heap before
{Heap before GC invocations=42 (full 0):
 garbage-first heap   total 204800K, used 150751K [0x0000000701400000, 0x0000000800000000)
  region size 2048K, 60 young (122880K), 3 survivors (6144K)
 Metaspace       used 30259K, committed 30592K, reserved 1081344K
  class space    used 3978K, committed 4160K, reserved 1048576K
}
Event: 40.796 GC heap after
{Heap after GC invocations=43 (full 0):
 garbage-first heap   total 204800K, used 34812K [0x0000000701400000, 0x0000000800000000)
  region size 2048K, 3 young (6144K), 3 survivors (6144K)
 Metaspace       used 30259K, committed 30592K, reserved 1081344K
  class space    used 3978K, committed 4160K, reserved 1048576K
}
Event: 41.791 GC heap before
{Heap before GC invocations=43 (full 0):
 garbage-first heap   total 204800K, used 151548K [0x0000000701400000, 0x0000000800000000)
  region size 2048K, 60 young (122880K), 3 survivors (6144K)
 Metaspace       used 30266K, committed 30592K, reserved 1081344K
  class space    used 3978K, committed 4160K, reserved 1048576K
}
Event: 41.795 GC heap after
{Heap after GC invocations=44 (full 0):
 garbage-first heap   total 204800K, used 35013K [0x0000000701400000, 0x0000000800000000)
  region size 2048K, 3 young (6144K), 3 survivors (6144K)
 Metaspace       used 30266K, committed 30592K, reserved 1081344K
  class space    used 3978K, committed 4160K, reserved 1048576K
}
Event: 42.425 GC heap before
{Heap before GC invocations=44 (full 0):
 garbage-first heap   total 204800K, used 151749K [0x0000000701400000, 0x0000000800000000)
  region size 2048K, 60 young (122880K), 3 survivors (6144K)
 Metaspace       used 30271K, committed 30592K, reserved 1081344K
  class space    used 3978K, committed 4160K, reserved 1048576K
}
Event: 42.430 GC heap after
{Heap after GC invocations=45 (full 0):
 garbage-first heap   total 204800K, used 35288K [0x0000000701400000, 0x0000000800000000)
  region size 2048K, 3 young (6144K), 3 survivors (6144K)
 Metaspace       used 30271K, committed 30592K, reserved 1081344K
  class space    used 3978K, committed 4160K, reserved 1048576K
}
Event: 43.166 GC heap before
{Heap before GC invocations=45 (full 0):
 garbage-first heap   total 204800K, used 152024K [0x0000000701400000, 0x0000000800000000)
  region size 2048K, 60 young (122880K), 3 survivors (6144K)
 Metaspace       used 30274K, committed 30592K, reserved 1081344K
  class space    used 3978K, committed 4160K, reserved 1048576K
}
Event: 43.171 GC heap after
{Heap after GC invocations=46 (full 0):
 garbage-first heap   total 204800K, used 35845K [0x0000000701400000, 0x0000000800000000)
  region size 2048K, 4 young (8192K), 4 survivors (8192K)
 Metaspace       used 30274K, committed 30592K, reserved 1081344K
  class space    used 3978K, committed 4160K, reserved 1048576K
}
Event: 43.883 GC heap before
{Heap before GC invocations=46 (full 0):
 garbage-first heap   total 204800K, used 150533K [0x0000000701400000, 0x0000000800000000)
  region size 2048K, 60 young (122880K), 4 survivors (8192K)
 Metaspace       used 30280K, committed 30592K, reserved 1081344K
  class space    used 3978K, committed 4160K, reserved 1048576K
}
Event: 43.888 GC heap after
{Heap after GC invocations=47 (full 0):
 garbage-first heap   total 204800K, used 36230K [0x0000000701400000, 0x0000000800000000)
  region size 2048K, 4 young (8192K), 4 survivors (8192K)
 Metaspace       used 30280K, committed 30592K, reserved 1081344K
  class space    used 3978K, committed 4160K, reserved 1048576K
}
Event: 44.508 GC heap before
{Heap before GC invocations=47 (full 0):
 garbage-first heap   total 204800K, used 150918K [0x0000000701400000, 0x0000000800000000)
  region size 2048K, 60 young (122880K), 4 survivors (8192K)
 Metaspace       used 30290K, committed 30592K, reserved 1081344K
  class space    used 3978K, committed 4160K, reserved 1048576K
}
Event: 44.514 GC heap after
{Heap after GC invocations=48 (full 0):
 garbage-first heap   total 204800K, used 36173K [0x0000000701400000, 0x0000000800000000)
  region size 2048K, 4 young (8192K), 4 survivors (8192K)
 Metaspace       used 30290K, committed 30592K, reserved 1081344K
  class space    used 3978K, committed 4160K, reserved 1048576K
}
Event: 45.102 GC heap before
{Heap before GC invocations=48 (full 0):
 garbage-first heap   total 204800K, used 150861K [0x0000000701400000, 0x0000000800000000)
  region size 2048K, 60 young (122880K), 4 survivors (8192K)
 Metaspace       used 30292K, committed 30592K, reserved 1081344K
  class space    used 3978K, committed 4160K, reserved 1048576K
}
Event: 45.109 GC heap after
{Heap after GC invocations=49 (full 0):
 garbage-first heap   total 204800K, used 36548K [0x0000000701400000, 0x0000000800000000)
  region size 2048K, 4 young (8192K), 4 survivors (8192K)
 Metaspace       used 30292K, committed 30592K, reserved 1081344K
  class space    used 3978K, committed 4160K, reserved 1048576K
}
Event: 45.896 GC heap before
{Heap before GC invocations=49 (full 0):
 garbage-first heap   total 204800K, used 151236K [0x0000000701400000, 0x0000000800000000)
  region size 2048K, 60 young (122880K), 4 survivors (8192K)
 Metaspace       used 30293K, committed 30592K, reserved 1081344K
  class space    used 3978K, committed 4160K, reserved 1048576K
}
Event: 45.902 GC heap after
{Heap after GC invocations=50 (full 0):
 garbage-first heap   total 204800K, used 36827K [0x0000000701400000, 0x0000000800000000)
  region size 2048K, 4 young (8192K), 4 survivors (8192K)
 Metaspace       used 30293K, committed 30592K, reserved 1081344K
  class space    used 3978K, committed 4160K, reserved 1048576K
}
Event: 46.257 GC heap before
{Heap before GC invocations=50 (full 0):
 garbage-first heap   total 204800K, used 151515K [0x0000000701400000, 0x0000000800000000)
  region size 2048K, 60 young (122880K), 4 survivors (8192K)
 Metaspace       used 30293K, committed 30592K, reserved 1081344K
  class space    used 3978K, committed 4160K, reserved 1048576K
}
Event: 46.263 GC heap after
{Heap after GC invocations=51 (full 0):
 garbage-first heap   total 204800K, used 37083K [0x0000000701400000, 0x0000000800000000)
  region size 2048K, 4 young (8192K), 4 survivors (8192K)
 Metaspace       used 30293K, committed 30592K, reserved 1081344K
  class space    used 3978K, committed 4160K, reserved 1048576K
}
Event: 46.598 GC heap before
{Heap before GC invocations=51 (full 0):
 garbage-first heap   total 204800K, used 151771K [0x0000000701400000, 0x0000000800000000)
  region size 2048K, 60 young (122880K), 4 survivors (8192K)
 Metaspace       used 30294K, committed 30592K, reserved 1081344K
  class space    used 3979K, committed 4160K, reserved 1048576K
}
Event: 46.604 GC heap after
{Heap after GC invocations=52 (full 0):
 garbage-first heap   total 204800K, used 36861K [0x0000000701400000, 0x0000000800000000)
  region size 2048K, 4 young (8192K), 4 survivors (8192K)
 Metaspace       used 30294K, committed 30592K, reserved 1081344K
  class space    used 3979K, committed 4160K, reserved 1048576K
}

Deoptimization events (20 events):
Event: 46.606 Thread 0x000002138f5e4f10 Uncommon trap: trap_request=0xffffff76 fr.pc=0x00000213f3153888 relative=0x0000000000000208
Event: 46.606 Thread 0x000002138f5e4f10 Uncommon trap: reason=predicate action=maybe_recompile pc=0x00000213f3153888 method=java.util.concurrent.CopyOnWriteArrayList.indexOfRange(Ljava/lang/Object;[Ljava/lang/Object;II)I @ 38 c2
Event: 46.606 Thread 0x000002138f5e4f10 DEOPT PACKING pc=0x00000213f3153888 sp=0x000000eca85ff390
Event: 46.606 Thread 0x000002138f5e4f10 DEOPT UNPACKING pc=0x00000213eb2d23a3 sp=0x000000eca85ff310 mode 2
Event: 46.606 Thread 0x000002138c596ba0 Uncommon trap: trap_request=0xffffff45 fr.pc=0x00000213f31f148c relative=0x0000000000000bcc
Event: 46.606 Thread 0x000002138c596ba0 Uncommon trap: reason=unstable_if action=reinterpret pc=0x00000213f31f148c method=com.sun.javafx.tk.quantum.QuantumToolkit.defer(Ljava/lang/Runnable;)V @ 7 c2
Event: 46.606 Thread 0x000002138c596ba0 DEOPT PACKING pc=0x00000213f31f148c sp=0x000000eca87ff540
Event: 46.606 Thread 0x000002138c596ba0 DEOPT UNPACKING pc=0x00000213eb2d23a3 sp=0x000000eca87ff4d0 mode 2
Event: 46.606 Thread 0x000002138c5983b0 Uncommon trap: trap_request=0xffffff45 fr.pc=0x00000213f31fc404 relative=0x0000000000000c04
Event: 46.606 Thread 0x000002138c5983b0 Uncommon trap: reason=unstable_if action=reinterpret pc=0x00000213f31fc404 method=java.io.BufferedReader.readLine(Z[Z)Ljava/lang/String; @ 63 c2
Event: 46.606 Thread 0x000002138c5983b0 DEOPT PACKING pc=0x00000213f31fc404 sp=0x000000eca86ff5a0
Event: 46.606 Thread 0x000002138c5983b0 DEOPT UNPACKING pc=0x00000213eb2d23a3 sp=0x000000eca86ff538 mode 2
Event: 46.606 Thread 0x000002138f5e4570 Uncommon trap: trap_request=0xffffff45 fr.pc=0x00000213f2f56254 relative=0x00000000000000d4
Event: 46.606 Thread 0x000002138f5e4570 Uncommon trap: reason=unstable_if action=reinterpret pc=0x00000213f2f56254 method=java.util.concurrent.locks.ReentrantLock$Sync.tryRelease(I)Z @ 26 c2
Event: 46.606 Thread 0x000002138f5e4570 DEOPT PACKING pc=0x00000213f2f56254 sp=0x000000eca8dfef90
Event: 46.606 Thread 0x000002138f5e4570 DEOPT UNPACKING pc=0x00000213eb2d23a3 sp=0x000000eca8dfef30 mode 2
Event: 46.606 Thread 0x000002138c5983b0 Uncommon trap: trap_request=0xffffff45 fr.pc=0x00000213f31db970 relative=0x0000000000000890
Event: 46.606 Thread 0x000002138c5983b0 Uncommon trap: reason=unstable_if action=reinterpret pc=0x00000213f31db970 method=java.lang.Integer.parseInt(Ljava/lang/String;I)I @ 1 c2
Event: 46.606 Thread 0x000002138c5983b0 DEOPT PACKING pc=0x00000213f31db970 sp=0x000000eca86ff5f0
Event: 46.606 Thread 0x000002138c5983b0 DEOPT UNPACKING pc=0x00000213eb2d23a3 sp=0x000000eca86ff560 mode 2

Classes unloaded (0 events):
No events

Classes redefined (0 events):
No events

Internal exceptions (20 events):
Event: 4.580 Thread 0x0000021387ec67e0 Exception <a 'java/lang/NoSuchMethodError'{0x000000070f4228b8}: 'java.lang.Object java.lang.invoke.DirectMethodHandle$Holder.invokeInterface(java.lang.Object, java.lang.Object, java.lang.Object)'> (0x000000070f4228b8) 
thrown [t:\workspace\open\src\hotspot\share\interpreter\linkResolver.cpp, line 766]
Event: 4.581 Thread 0x0000021387ec67e0 Exception <a 'java/lang/IncompatibleClassChangeError'{0x000000070f425f80}: Found class java.lang.Object, but interface was expected> (0x000000070f425f80) 
thrown [t:\workspace\open\src\hotspot\share\interpreter\linkResolver.cpp, line 833]
Event: 4.931 Thread 0x0000021387ec67e0 Exception <a 'java/lang/NoSuchMethodError'{0x0000000710ee87f8}: 'java.lang.Object java.lang.invoke.DirectMethodHandle$Holder.newInvokeSpecial(java.lang.Object, java.lang.Object, int)'> (0x0000000710ee87f8) 
thrown [t:\workspace\open\src\hotspot\share\interpreter\linkResolver.cpp, line 766]
Event: 4.994 Thread 0x0000021387ec67e0 Exception <a 'java/lang/NoSuchMethodError'{0x0000000710c40f98}: 'long java.lang.invoke.DirectMethodHandle$Holder.invokeStatic(java.lang.Object, java.lang.Object, java.lang.Object)'> (0x0000000710c40f98) 
thrown [t:\workspace\open\src\hotspot\share\interpreter\linkResolver.cpp, line 766]
Event: 4.994 Thread 0x0000021387ec67e0 Exception <a 'java/lang/NoSuchMethodError'{0x0000000710c44740}: 'long java.lang.invoke.DirectMethodHandle$Holder.invokeStaticInit(java.lang.Object, java.lang.Object, java.lang.Object)'> (0x0000000710c44740) 
thrown [t:\workspace\open\src\hotspot\share\interpreter\linkResolver.cpp, line 766]
Event: 5.004 Thread 0x0000021387ec67e0 Exception <a 'java/lang/NoSuchMethodError'{0x0000000710c5c348}: 'java.lang.Object java.lang.invoke.DirectMethodHandle$Holder.newInvokeSpecial(java.lang.Object, java.lang.Object, long)'> (0x0000000710c5c348) 
thrown [t:\workspace\open\src\hotspot\share\interpreter\linkResolver.cpp, line 766]
Event: 5.007 Thread 0x0000021387ec67e0 Exception <a 'java/lang/NoSuchMethodError'{0x0000000710c5feb8}: 'java.lang.Object java.lang.invoke.Invokers$Holder.linkToTargetMethod(java.lang.Object, long, java.lang.Object)'> (0x0000000710c5feb8) 
thrown [t:\workspace\open\src\hotspot\share\interpreter\linkResolver.cpp, line 766]
Event: 9.624 Thread 0x0000021387ec67e0 Exception <a 'java/io/FileNotFoundException'{0x000000070375fcc0}> (0x000000070375fcc0) 
thrown [t:\workspace\open\src\hotspot\share\prims\jni.cpp, line 516]
Event: 10.203 Thread 0x0000021387ec67e0 Exception <a 'java/lang/NoSuchMethodError'{0x0000000702fbde60}: 'void java.lang.invoke.DirectMethodHandle$Holder.invokeSpecialIFC(java.lang.Object, java.lang.Object, java.lang.Object, java.lang.Object)'> (0x0000000702fbde60) 
thrown [t:\workspace\open\src\hotspot\share\interpreter\linkResolver.cpp, line 766]
Event: 11.065 Thread 0x0000021387a75f80 Exception <a 'java/lang/NoSuchMethodError'{0x0000000703a3d618}: 'java.lang.Object java.lang.invoke.DirectMethodHandle$Holder.invokeStaticInit(java.lang.Object, int)'> (0x0000000703a3d618) 
thrown [t:\workspace\open\src\hotspot\share\interpreter\linkResolver.cpp, line 766]
Event: 16.568 Thread 0x0000021387ec67e0 Implicit null exception at 0x00000213f2f4dd20 to 0x00000213f2f59874
Event: 16.604 Thread 0x0000021387ec67e0 Implicit null exception at 0x00000213f2f32a11 to 0x00000213f2f33678
Event: 19.157 Thread 0x000002138c596ba0 Implicit null exception at 0x00000213f2f2fd60 to 0x00000213f2f2fdf0
Event: 19.184 Thread 0x000002138c596ba0 Exception <a 'java/lang/NoSuchMethodError'{0x00000007108665c8}: 'void java.lang.invoke.DirectMethodHandle$Holder.invokeInterface(java.lang.Object, java.lang.Object, java.lang.Object)'> (0x00000007108665c8) 
thrown [t:\workspace\open\src\hotspot\share\interpreter\linkResolver.cpp, line 766]
Event: 19.218 Thread 0x000002138c596ba0 Exception <a 'java/lang/NoSuchMethodError'{0x0000000710896120}: 'java.lang.Object java.lang.invoke.DirectMethodHandle$Holder.invokeSpecial(java.lang.Object, java.lang.Object, int, long)'> (0x0000000710896120) 
thrown [t:\workspace\open\src\hotspot\share\interpreter\linkResolver.cpp, line 766]
Event: 19.836 Thread 0x0000021387ec67e0 Implicit null exception at 0x00000213f2ef7120 to 0x00000213f2ef7174
Event: 21.875 Thread 0x000002138c596ba0 Exception <a 'java/lang/NoSuchMethodError'{0x0000000707901820}: 'void java.lang.invoke.DirectMethodHandle$Holder.invokeSpecial(java.lang.Object, java.lang.Object, int)'> (0x0000000707901820) 
thrown [t:\workspace\open\src\hotspot\share\interpreter\linkResolver.cpp, line 766]
Event: 25.137 Thread 0x0000021387ec67e0 Exception <a 'java/lang/NoSuchMethodError'{0x0000000705bc28e0}: 'java.lang.Object java.lang.invoke.DirectMethodHandle$Holder.newInvokeSpecial(java.lang.Object, java.lang.Object, int, int, int, int)'> (0x0000000705bc28e0) 
thrown [t:\workspace\open\src\hotspot\share\interpreter\linkResolver.cpp, line 766]
Event: 26.978 Thread 0x0000021387ec67e0 Implicit null exception at 0x00000213f314d906 to 0x00000213f3153850
Event: 46.606 Thread 0x000002138c5983b0 Implicit null exception at 0x00000213f31db0ef to 0x00000213f31db95c

VM Operations (20 events):
Event: 40.792 Executing VM operation: G1CollectForAllocation
Event: 40.796 Executing VM operation: G1CollectForAllocation done
Event: 41.791 Executing VM operation: G1CollectForAllocation
Event: 41.795 Executing VM operation: G1CollectForAllocation done
Event: 42.425 Executing VM operation: G1CollectForAllocation
Event: 42.430 Executing VM operation: G1CollectForAllocation done
Event: 43.166 Executing VM operation: G1CollectForAllocation
Event: 43.171 Executing VM operation: G1CollectForAllocation done
Event: 43.883 Executing VM operation: G1CollectForAllocation
Event: 43.888 Executing VM operation: G1CollectForAllocation done
Event: 44.508 Executing VM operation: G1CollectForAllocation
Event: 44.514 Executing VM operation: G1CollectForAllocation done
Event: 45.102 Executing VM operation: G1CollectForAllocation
Event: 45.109 Executing VM operation: G1CollectForAllocation done
Event: 45.896 Executing VM operation: G1CollectForAllocation
Event: 45.902 Executing VM operation: G1CollectForAllocation done
Event: 46.257 Executing VM operation: G1CollectForAllocation
Event: 46.264 Executing VM operation: G1CollectForAllocation done
Event: 46.598 Executing VM operation: G1CollectForAllocation
Event: 46.604 Executing VM operation: G1CollectForAllocation done

Events (20 events):
Event: 33.564 Thread 0x0000021387fa94a0 Thread added: 0x0000021387fa94a0
Event: 34.673 Thread 0x0000021387fa94a0 Thread exited: 0x0000021387fa94a0
Event: 34.989 Thread 0x0000021387fa8570 Thread exited: 0x0000021387fa8570
Event: 36.394 Thread 0x0000021387fa8570 Thread added: 0x0000021387fa8570
Event: 36.798 Thread 0x0000021387fa8570 Thread exited: 0x0000021387fa8570
Event: 37.405 Thread 0x0000021387fa8570 Thread added: 0x0000021387fa8570
Event: 37.521 Thread 0x0000021387fa8570 Thread exited: 0x0000021387fa8570
Event: 38.288 Thread 0x0000021387fa8570 Thread added: 0x0000021387fa8570
Event: 38.663 Thread 0x0000021386810f70 flushing nmethod 0x00000213ec351310
Event: 38.663 Thread 0x0000021386810f70 flushing nmethod 0x00000213ec38f010
Event: 39.359 Thread 0x0000021387fa94a0 Thread added: 0x0000021387fa94a0
Event: 39.725 Thread 0x0000021387fa94a0 Thread exited: 0x0000021387fa94a0
Event: 39.725 Thread 0x0000021387fa8570 Thread exited: 0x0000021387fa8570
Event: 46.605 Thread 0x000002138f5e4f10 Thread added: 0x000002138f5e4f10
Event: 46.605 Thread 0x000002138f5e4570 Thread added: 0x000002138f5e4570
Event: 46.605 Thread 0x000002138f5e0bb0 Thread added: 0x000002138f5e0bb0
Event: 46.606 Thread 0x000002138f5e4f10 Thread exited: 0x000002138f5e4f10
Event: 46.606 Thread 0x000002138f5deed0 Thread exited: 0x000002138f5deed0
Event: 46.606 Thread 0x000002138f5e0bb0 Thread exited: 0x000002138f5e0bb0
Event: 46.607 Thread 0x000002138f5e4570 Thread exited: 0x000002138f5e4570


Dynamic libraries:
0x00007ff7d5970000 - 0x00007ff7d597e000 	C:\Users\Alaa Mahdi\.jdks\openjdk-17.0.2\bin\java.exe
0x00007fff6d8f0000 - 0x00007fff6dae7000 	C:\WINDOWS\SYSTEM32\ntdll.dll
0x00007fff6cf50000 - 0x00007fff6d00d000 	C:\WINDOWS\System32\KERNEL32.DLL
0x00007fff6b580000 - 0x00007fff6b84d000 	C:\WINDOWS\System32\KERNELBASE.dll
0x00007fff6b410000 - 0x00007fff6b510000 	C:\WINDOWS\System32\ucrtbase.dll
0x00007fff627b0000 - 0x00007fff627c8000 	C:\Users\Alaa Mahdi\.jdks\openjdk-17.0.2\bin\jli.dll
0x00007fff622e0000 - 0x00007fff622fa000 	C:\Users\Alaa Mahdi\.jdks\openjdk-17.0.2\bin\VCRUNTIME140.dll
0x00007fff6d010000 - 0x00007fff6d1b0000 	C:\WINDOWS\System32\USER32.dll
0x00007fff5e340000 - 0x00007fff5e5da000 	C:\WINDOWS\WinSxS\amd64_microsoft.windows.common-controls_6595b64144ccf1df_6.0.19041.1110_none_60b5254171f9507e\COMCTL32.dll
0x00007fff6b170000 - 0x00007fff6b192000 	C:\WINDOWS\System32\win32u.dll
0x00007fff6c720000 - 0x00007fff6c7be000 	C:\WINDOWS\System32\msvcrt.dll
0x00007fff6c960000 - 0x00007fff6c98a000 	C:\WINDOWS\System32\GDI32.dll
0x00007fff6b1a0000 - 0x00007fff6b2ab000 	C:\WINDOWS\System32\gdi32full.dll
0x00007fff6b2e0000 - 0x00007fff6b37d000 	C:\WINDOWS\System32\msvcp_win.dll
0x00007fff6d480000 - 0x00007fff6d4b0000 	C:\WINDOWS\System32\IMM32.DLL
0x00007fff627a0000 - 0x00007fff627ac000 	C:\Users\Alaa Mahdi\.jdks\openjdk-17.0.2\bin\vcruntime140_1.dll
0x00007fff5f590000 - 0x00007fff5f61d000 	C:\Users\Alaa Mahdi\.jdks\openjdk-17.0.2\bin\msvcp140.dll
0x00007fff4b120000 - 0x00007fff4bce1000 	C:\Users\Alaa Mahdi\.jdks\openjdk-17.0.2\bin\server\jvm.dll
0x00007fff6d3d0000 - 0x00007fff6d47e000 	C:\WINDOWS\System32\ADVAPI32.dll
0x00007fff6ba80000 - 0x00007fff6bb1c000 	C:\WINDOWS\System32\sechost.dll
0x00007fff6c7c0000 - 0x00007fff6c8e5000 	C:\WINDOWS\System32\RPCRT4.dll
0x00007fff6c710000 - 0x00007fff6c718000 	C:\WINDOWS\System32\PSAPI.DLL
0x00007fff3fdc0000 - 0x00007fff3fdc9000 	C:\WINDOWS\SYSTEM32\WSOCK32.dll
0x00007fff4ccb0000 - 0x00007fff4ccd7000 	C:\WINDOWS\SYSTEM32\WINMM.dll
0x00007fff605a0000 - 0x00007fff605aa000 	C:\WINDOWS\SYSTEM32\VERSION.dll
0x00007fff6c8f0000 - 0x00007fff6c95b000 	C:\WINDOWS\System32\WS2_32.dll
0x00007fff68f60000 - 0x00007fff68f72000 	C:\WINDOWS\SYSTEM32\kernel.appcore.dll
0x00007fff622d0000 - 0x00007fff622da000 	C:\Users\Alaa Mahdi\.jdks\openjdk-17.0.2\bin\jimage.dll
0x00007fff687a0000 - 0x00007fff68984000 	C:\WINDOWS\SYSTEM32\DBGHELP.DLL
0x00007fff60a90000 - 0x00007fff60abc000 	C:\WINDOWS\SYSTEM32\dbgcore.DLL
0x00007fff6b380000 - 0x00007fff6b402000 	C:\WINDOWS\System32\bcryptPrimitives.dll
0x00007fff5f8d0000 - 0x00007fff5f8de000 	C:\Users\Alaa Mahdi\.jdks\openjdk-17.0.2\bin\instrument.dll
0x00007fff5f100000 - 0x00007fff5f125000 	C:\Users\Alaa Mahdi\.jdks\openjdk-17.0.2\bin\java.dll
0x00007fff596f0000 - 0x00007fff597c6000 	C:\Users\Alaa Mahdi\.jdks\openjdk-17.0.2\bin\jsvml.dll
0x00007fff6be80000 - 0x00007fff6c5c4000 	C:\WINDOWS\System32\SHELL32.dll
0x00007fff69110000 - 0x00007fff698a4000 	C:\WINDOWS\SYSTEM32\windows.storage.dll
0x00007fff6bb20000 - 0x00007fff6be74000 	C:\WINDOWS\System32\combase.dll
0x00007fff6aa00000 - 0x00007fff6aa2c000 	C:\WINDOWS\SYSTEM32\Wldp.dll
0x00007fff6d5f0000 - 0x00007fff6d69d000 	C:\WINDOWS\System32\SHCORE.dll
0x00007fff6c6b0000 - 0x00007fff6c705000 	C:\WINDOWS\System32\shlwapi.dll
0x00007fff6af50000 - 0x00007fff6af6f000 	C:\WINDOWS\SYSTEM32\profapi.dll
0x00007fff59650000 - 0x00007fff59668000 	C:\Users\Alaa Mahdi\.jdks\openjdk-17.0.2\bin\zip.dll
0x00007fff5f320000 - 0x00007fff5f339000 	C:\Users\Alaa Mahdi\.jdks\openjdk-17.0.2\bin\net.dll
0x00007fff633f0000 - 0x00007fff634fa000 	C:\WINDOWS\SYSTEM32\WINHTTP.dll
0x00007fff6a760000 - 0x00007fff6a7ca000 	C:\WINDOWS\system32\mswsock.dll
0x00007fff5f150000 - 0x00007fff5f166000 	C:\Users\Alaa Mahdi\.jdks\openjdk-17.0.2\bin\nio.dll
0x00007fff57de0000 - 0x00007fff57dfa000 	C:\Program Files\JetBrains\IntelliJ IDEA 2021.3.1\bin\breakgen64.dll
0x0000021386950000 - 0x0000021386953000 	C:\Users\Alaa Mahdi\.openjfx\cache\18.0.1+2\api-ms-win-core-console-l1-1-0.dll
0x0000021386960000 - 0x0000021386963000 	C:\Users\Alaa Mahdi\.openjfx\cache\18.0.1+2\api-ms-win-core-console-l1-2-0.dll
0x0000021386970000 - 0x0000021386973000 	C:\Users\Alaa Mahdi\.openjfx\cache\18.0.1+2\api-ms-win-core-datetime-l1-1-0.dll
0x0000021386980000 - 0x0000021386983000 	C:\Users\Alaa Mahdi\.openjfx\cache\18.0.1+2\api-ms-win-core-debug-l1-1-0.dll
0x0000021386990000 - 0x0000021386993000 	C:\Users\Alaa Mahdi\.openjfx\cache\18.0.1+2\api-ms-win-core-errorhandling-l1-1-0.dll
0x00000213869a0000 - 0x00000213869a4000 	C:\Users\Alaa Mahdi\.openjfx\cache\18.0.1+2\api-ms-win-core-file-l1-1-0.dll
0x00000213869b0000 - 0x00000213869b3000 	C:\Users\Alaa Mahdi\.openjfx\cache\18.0.1+2\api-ms-win-core-file-l1-2-0.dll
0x00000213869c0000 - 0x00000213869c3000 	C:\Users\Alaa Mahdi\.openjfx\cache\18.0.1+2\api-ms-win-core-file-l2-1-0.dll
0x00000213869d0000 - 0x00000213869d3000 	C:\Users\Alaa Mahdi\.openjfx\cache\18.0.1+2\api-ms-win-core-handle-l1-1-0.dll
0x00000213869e0000 - 0x00000213869e3000 	C:\Users\Alaa Mahdi\.openjfx\cache\18.0.1+2\api-ms-win-core-heap-l1-1-0.dll
0x00000213869f0000 - 0x00000213869f3000 	C:\Users\Alaa Mahdi\.openjfx\cache\18.0.1+2\api-ms-win-core-interlocked-l1-1-0.dll
0x0000021386a00000 - 0x0000021386a03000 	C:\Users\Alaa Mahdi\.openjfx\cache\18.0.1+2\api-ms-win-core-libraryloader-l1-1-0.dll
0x0000021386a10000 - 0x0000021386a13000 	C:\Users\Alaa Mahdi\.openjfx\cache\18.0.1+2\api-ms-win-core-localization-l1-2-0.dll
0x0000021386a20000 - 0x0000021386a23000 	C:\Users\Alaa Mahdi\.openjfx\cache\18.0.1+2\api-ms-win-core-memory-l1-1-0.dll
0x0000021386a30000 - 0x0000021386a33000 	C:\Users\Alaa Mahdi\.openjfx\cache\18.0.1+2\api-ms-win-core-namedpipe-l1-1-0.dll
0x0000021386a40000 - 0x0000021386a43000 	C:\Users\Alaa Mahdi\.openjfx\cache\18.0.1+2\api-ms-win-core-processenvironment-l1-1-0.dll
0x0000021386a50000 - 0x0000021386a53000 	C:\Users\Alaa Mahdi\.openjfx\cache\18.0.1+2\api-ms-win-core-processthreads-l1-1-0.dll
0x0000021386a60000 - 0x0000021386a63000 	C:\Users\Alaa Mahdi\.openjfx\cache\18.0.1+2\api-ms-win-core-processthreads-l1-1-1.dll
0x0000021386a70000 - 0x0000021386a73000 	C:\Users\Alaa Mahdi\.openjfx\cache\18.0.1+2\api-ms-win-core-profile-l1-1-0.dll
0x0000021386a80000 - 0x0000021386a83000 	C:\Users\Alaa Mahdi\.openjfx\cache\18.0.1+2\api-ms-win-core-rtlsupport-l1-1-0.dll
0x0000021386a90000 - 0x0000021386a93000 	C:\Users\Alaa Mahdi\.openjfx\cache\18.0.1+2\api-ms-win-core-string-l1-1-0.dll
0x0000021386aa0000 - 0x0000021386aa3000 	C:\Users\Alaa Mahdi\.openjfx\cache\18.0.1+2\api-ms-win-core-synch-l1-1-0.dll
0x0000021386ab0000 - 0x0000021386ab3000 	C:\Users\Alaa Mahdi\.openjfx\cache\18.0.1+2\api-ms-win-core-synch-l1-2-0.dll
0x0000021386ac0000 - 0x0000021386ac3000 	C:\Users\Alaa Mahdi\.openjfx\cache\18.0.1+2\api-ms-win-core-sysinfo-l1-1-0.dll
0x0000021386ad0000 - 0x0000021386ad3000 	C:\Users\Alaa Mahdi\.openjfx\cache\18.0.1+2\api-ms-win-core-timezone-l1-1-0.dll
0x0000021386ae0000 - 0x0000021386ae3000 	C:\Users\Alaa Mahdi\.openjfx\cache\18.0.1+2\api-ms-win-core-util-l1-1-0.dll
0x0000021386af0000 - 0x0000021386af3000 	C:\Users\Alaa Mahdi\.openjfx\cache\18.0.1+2\api-ms-win-crt-conio-l1-1-0.dll
0x0000021386b00000 - 0x0000021386b04000 	C:\Users\Alaa Mahdi\.openjfx\cache\18.0.1+2\api-ms-win-crt-convert-l1-1-0.dll
0x0000021386b10000 - 0x0000021386b13000 	C:\Users\Alaa Mahdi\.openjfx\cache\18.0.1+2\api-ms-win-crt-environment-l1-1-0.dll
0x0000021386b20000 - 0x0000021386b23000 	C:\Users\Alaa Mahdi\.openjfx\cache\18.0.1+2\api-ms-win-crt-filesystem-l1-1-0.dll
0x0000021386b30000 - 0x0000021386b33000 	C:\Users\Alaa Mahdi\.openjfx\cache\18.0.1+2\api-ms-win-crt-heap-l1-1-0.dll
0x0000021386b40000 - 0x0000021386b43000 	C:\Users\Alaa Mahdi\.openjfx\cache\18.0.1+2\api-ms-win-crt-locale-l1-1-0.dll
0x0000021386b50000 - 0x0000021386b55000 	C:\Users\Alaa Mahdi\.openjfx\cache\18.0.1+2\api-ms-win-crt-math-l1-1-0.dll
0x0000021386b60000 - 0x0000021386b65000 	C:\Users\Alaa Mahdi\.openjfx\cache\18.0.1+2\api-ms-win-crt-multibyte-l1-1-0.dll
0x0000021386b70000 - 0x0000021386b80000 	C:\Users\Alaa Mahdi\.openjfx\cache\18.0.1+2\api-ms-win-crt-private-l1-1-0.dll
0x0000021386b80000 - 0x0000021386b83000 	C:\Users\Alaa Mahdi\.openjfx\cache\18.0.1+2\api-ms-win-crt-process-l1-1-0.dll
0x0000021386b90000 - 0x0000021386b94000 	C:\Users\Alaa Mahdi\.openjfx\cache\18.0.1+2\api-ms-win-crt-runtime-l1-1-0.dll
0x0000021386ba0000 - 0x0000021386ba4000 	C:\Users\Alaa Mahdi\.openjfx\cache\18.0.1+2\api-ms-win-crt-stdio-l1-1-0.dll
0x0000021386bb0000 - 0x0000021386bb4000 	C:\Users\Alaa Mahdi\.openjfx\cache\18.0.1+2\api-ms-win-crt-string-l1-1-0.dll
0x0000021386bc0000 - 0x0000021386bc3000 	C:\Users\Alaa Mahdi\.openjfx\cache\18.0.1+2\api-ms-win-crt-time-l1-1-0.dll
0x0000021386bd0000 - 0x0000021386bd3000 	C:\Users\Alaa Mahdi\.openjfx\cache\18.0.1+2\api-ms-win-crt-utility-l1-1-0.dll
0x00007fff394d0000 - 0x00007fff395cc000 	C:\Users\Alaa Mahdi\.openjfx\cache\18.0.1+2\ucrtbase.dll
0x00007fff57d60000 - 0x00007fff57d7a000 	C:\Users\Alaa Mahdi\.openjfx\cache\18.0.1+2\vcruntime140.dll
0x00007fff59690000 - 0x00007fff5969c000 	C:\Users\Alaa Mahdi\.openjfx\cache\18.0.1+2\vcruntime140_1.dll
0x00007fff39440000 - 0x00007fff394cd000 	C:\Users\Alaa Mahdi\.openjfx\cache\18.0.1+2\msvcp140.dll
0x00007fff4d0c0000 - 0x00007fff4d0ec000 	C:\Users\Alaa Mahdi\.openjfx\cache\18.0.1+2\prism_d3d.dll
0x00007fff25a60000 - 0x00007fff25c2f000 	C:\WINDOWS\system32\d3d9.dll
0x00007fff68990000 - 0x00007fff689bf000 	C:\WINDOWS\SYSTEM32\dwmapi.dll
0x00007fff68570000 - 0x00007fff6860e000 	C:\WINDOWS\system32\uxtheme.dll
0x00007fff6d4c0000 - 0x00007fff6d5ea000 	C:\WINDOWS\System32\ole32.dll
0x00007fff6b950000 - 0x00007fff6ba1d000 	C:\WINDOWS\System32\OLEAUT32.dll
0x00007fff6c990000 - 0x00007fff6cdff000 	C:\WINDOWS\System32\SETUPAPI.dll
0x00007fff6b850000 - 0x00007fff6b89e000 	C:\WINDOWS\System32\cfgmgr32.dll
0x00007fff6b2b0000 - 0x00007fff6b2d7000 	C:\WINDOWS\System32\bcrypt.dll
0x00007fff4ce80000 - 0x00007fff4cec2000 	C:\Users\Alaa Mahdi\.openjfx\cache\18.0.1+2\glass.dll
0x00007fff6c5d0000 - 0x00007fff6c6ab000 	C:\WINDOWS\System32\COMDLG32.dll
0x00007fff6d230000 - 0x00007fff6d345000 	C:\WINDOWS\System32\MSCTF.dll
0x00007fff4e990000 - 0x00007fff4e9cb000 	C:\WINDOWS\SYSTEM32\dxcore.dll
0x00007fff4d0a0000 - 0x00007fff4d0b4000 	C:\Users\Alaa Mahdi\.openjfx\cache\18.0.1+2\javafx_font.dll
0x00007fff51a90000 - 0x00007fff51d0f000 	C:\WINDOWS\SYSTEM32\dwrite.dll
0x00007fff6a430000 - 0x00007fff6a4fb000 	C:\WINDOWS\SYSTEM32\DNSAPI.dll
0x00007fff6a3f0000 - 0x00007fff6a42b000 	C:\WINDOWS\SYSTEM32\IPHLPAPI.DLL
0x00007fff6d4b0000 - 0x00007fff6d4b8000 	C:\WINDOWS\System32\NSI.dll
0x00007fff60f30000 - 0x00007fff60f3a000 	C:\Windows\System32\rasadhlp.dll
0x00007fff60600000 - 0x00007fff60680000 	C:\WINDOWS\System32\fwpuclnt.dll
0x00007fff5cc60000 - 0x00007fff5cc6e000 	C:\Users\Alaa Mahdi\.jdks\openjdk-17.0.2\bin\sunmscapi.dll
0x00007fff6b010000 - 0x00007fff6b166000 	C:\WINDOWS\System32\CRYPT32.dll
0x00007fff6aa70000 - 0x00007fff6aa97000 	C:\WINDOWS\SYSTEM32\ncrypt.dll
0x00007fff6aa30000 - 0x00007fff6aa6b000 	C:\WINDOWS\SYSTEM32\NTASN1.dll
0x00007fff6a950000 - 0x00007fff6a968000 	C:\WINDOWS\SYSTEM32\CRYPTSP.dll
0x00007fff6a080000 - 0x00007fff6a0b4000 	C:\WINDOWS\system32\rsaenh.dll
0x00007fff6af10000 - 0x00007fff6af3e000 	C:\WINDOWS\SYSTEM32\USERENV.dll
0x00007fff6a970000 - 0x00007fff6a97c000 	C:\WINDOWS\SYSTEM32\CRYPTBASE.dll
0x00007fff60f60000 - 0x00007fff60f77000 	C:\WINDOWS\SYSTEM32\dhcpcsvc6.DLL
0x00007fff61770000 - 0x00007fff6178d000 	C:\WINDOWS\SYSTEM32\dhcpcsvc.DLL
0x00007fff6cea0000 - 0x00007fff6cf49000 	C:\WINDOWS\System32\clbcatq.dll
0x00007fff55ae0000 - 0x00007fff55c94000 	C:\WINDOWS\SYSTEM32\WindowsCodecs.dll
0x00007fff41ce0000 - 0x00007fff41d1e000 	C:\WINDOWS\system32\dataexchange.dll
0x00007fff66bc0000 - 0x00007fff66e23000 	C:\WINDOWS\system32\d3d11.dll
0x00007fff67290000 - 0x00007fff67474000 	C:\WINDOWS\system32\dcomp.dll
0x00007fff69910000 - 0x00007fff69a03000 	C:\WINDOWS\system32\dxgi.dll

dbghelp: loaded successfully - version: 4.0.5 - missing functions: none
symbol engine: initialized successfully - sym options: 0x614 - pdb path: .;C:\Users\Alaa Mahdi\.jdks\openjdk-17.0.2\bin;C:\WINDOWS\SYSTEM32;C:\WINDOWS\WinSxS\amd64_microsoft.windows.common-controls_6595b64144ccf1df_6.0.19041.1110_none_60b5254171f9507e;C:\Users\Alaa Mahdi\.jdks\openjdk-17.0.2\bin\server;C:\Program Files\JetBrains\IntelliJ IDEA 2021.3.1\bin;C:\Users\Alaa Mahdi\.openjfx\cache\18.0.1+2;C:\WINDOWS\System32\DriverStore\FileRepository\iigd_dch.inf_amd64_dc16e5f1dbf8051f;C:\Program Files\Common Files\Microsoft Shared\Ink;C:\Users\Alaa Mahdi\AppData\Local\Temp\jSerialComm

VM Arguments:
jvm_args: -javaagent:C:\Program Files\JetBrains\IntelliJ IDEA 2021.3.1\lib\idea_rt.jar=55609:C:\Program Files\JetBrains\IntelliJ IDEA 2021.3.1\bin -Dfile.encoding=UTF-8 
java_command: com.hmaar.sundhed.Runner
java_class_path (initial): C:\Users\Alaa Mahdi\IdeaProjects\untitled6\sundhed\target\classes;C:\Users\Alaa Mahdi\IdeaProjects\untitled6\sundhed\lib\mysql-connector-java-8.0.27.jar;C:\Users\Alaa Mahdi\IdeaProjects\untitled6\sundhed\lib\protobuf-java-3.11.4.jar;C:\Users\Alaa Mahdi\.m2\repository\org\openjfx\javafx-controls\18.0.1\javafx-controls-18.0.1.jar;C:\Users\Alaa Mahdi\.m2\repository\org\openjfx\javafx-controls\18.0.1\javafx-controls-18.0.1-win.jar;C:\Users\Alaa Mahdi\.m2\repository\org\openjfx\javafx-graphics\18.0.1\javafx-graphics-18.0.1.jar;C:\Users\Alaa Mahdi\.m2\repository\org\openjfx\javafx-graphics\18.0.1\javafx-graphics-18.0.1-win.jar;C:\Users\Alaa Mahdi\.m2\repository\org\openjfx\javafx-base\18.0.1\javafx-base-18.0.1.jar;C:\Users\Alaa Mahdi\.m2\repository\org\openjfx\javafx-base\18.0.1\javafx-base-18.0.1-win.jar;C:\Users\Alaa Mahdi\.m2\repository\org\openjfx\javafx-fxml\18.0.1\javafx-fxml-18.0.1.jar;C:\Users\Alaa Mahdi\.m2\repository\org\openjfx\javafx-fxml\18.0.1\javafx-fxml-18.0.1-win.jar;C:\Users\Alaa Mahdi\.m2\repository\org\openjfx\javafx-web\18.0.1\javafx-web-18.0.1.jar;C:\Users\Alaa Mahdi\.m2\repository\org\openjfx\javafx-web\18.0.1\javafx-web-18.0.1-win.jar;C:\Users\Alaa Mahdi\.m2\repository\org\openjfx\javafx-media\18.0.1\javafx-media-18.0.1.jar;C:\Users\Alaa Mahdi\.m2\repository\org\openjfx\javafx-media\18.0.1\javafx-media-18.0.1-win.jar;C:\Users\Alaa Mahdi\.m2\repository\org\kordamp\ikonli\ikonli-javafx\12.3.1\ikonli-javafx-12.3.1.jar;C:\Users\Alaa Mahdi\.m2\repository\org\kordamp\ikonli\ikonli-core\12.3.1\ikonli-core-12.3.1.jar;C:\Users\Alaa Mahdi\.m2\repository\org\apiguardian\apiguardian-api\1.1.2\apiguardian-api-1.1.2.jar;C:\Users\Alaa Mahdi\.m2\repository\org\junit\jupiter\junit-jupiter-api\5.8.2\junit-jupiter-api-5.8.2.jar;C:\Users\Alaa Mahdi\.m2\repository\org\opentest4j\opentest4j\1.2.0\opentest4j-1.2.0.jar;C:\Users\Alaa Mahdi\.m2\repository\org\junit\platform\junit-platform-commons\1.8.2\junit-platform-commons-1.8.2.jar;C:\Users\A
Launcher Type: SUN_STANDARD

[Global flags]
     intx CICompilerCount                          = 4                                         {product} {ergonomic}
     uint ConcGCThreads                            = 2                                         {product} {ergonomic}
     uint G1ConcRefinementThreads                  = 8                                         {product} {ergonomic}
   size_t G1HeapRegionSize                         = 2097152                                   {product} {ergonomic}
    uintx GCDrainStackTargetSize                   = 64                                        {product} {ergonomic}
   size_t InitialHeapSize                          = 268435456                                 {product} {ergonomic}
   size_t MarkStackSize                            = 4194304                                   {product} {ergonomic}
   size_t MaxHeapSize                              = 4273995776                                {product} {ergonomic}
   size_t MaxNewSize                               = 2562719744                                {product} {ergonomic}
   size_t MinHeapDeltaBytes                        = 2097152                                   {product} {ergonomic}
   size_t MinHeapSize                              = 8388608                                   {product} {ergonomic}
    uintx NonNMethodCodeHeapSize                   = 5839372                                {pd product} {ergonomic}
    uintx NonProfiledCodeHeapSize                  = 122909434                              {pd product} {ergonomic}
    uintx ProfiledCodeHeapSize                     = 122909434                              {pd product} {ergonomic}
    uintx ReservedCodeCacheSize                    = 251658240                              {pd product} {ergonomic}
     bool SegmentedCodeCache                       = true                                      {product} {ergonomic}
   size_t SoftMaxHeapSize                          = 4273995776                             {manageable} {ergonomic}
     bool UseCompressedClassPointers               = true                           {product lp64_product} {ergonomic}
     bool UseCompressedOops                        = true                           {product lp64_product} {ergonomic}
     bool UseG1GC                                  = true                                      {product} {ergonomic}
     bool UseLargePagesIndividualAllocation        = false                                  {pd product} {ergonomic}

Logging:
Log output configuration:
 #0: stdout all=warning uptime,level,tags
 #1: stderr all=off uptime,level,tags

Environment Variables:
PATH=C:\Program Files\Common Files\Oracle\Java\javapath;C:\Program Files (x86)\Common Files\Oracle\Java\javapath;C:\WINDOWS\system32;C:\WINDOWS;C:\WINDOWS\System32\Wbem;C:\WINDOWS\System32\WindowsPowerShell\v1.0\;C:\WINDOWS\System32\OpenSSH\;C:\Program Files (x86)\Git\cmd;C:\Users\Alaa Mahdi\AppData\Local\Microsoft\WindowsApps;C:\Users\Alaa Mahdi\AppData\Local\GitHubDesktop\bin
USERNAME=Alaa Mahdi
OS=Windows_NT
PROCESSOR_IDENTIFIER=Intel64 Family 6 Model 142 Stepping 10, GenuineIntel



---------------  S Y S T E M  ---------------

OS:
 Windows 10 , 64 bit Build 19041 (10.0.19041.1741)
OS uptime: 1 days 0:53 hours

CPU: total 8 (initial active 8) (4 cores per cpu, 2 threads per core) family 6 model 142 stepping 10 microcode 0xec, cx8, cmov, fxsr, ht, mmx, 3dnowpref, sse, sse2, sse3, ssse3, sse4.1, sse4.2, popcnt, lzcnt, tsc, tscinvbit, avx, avx2, aes, erms, clmul, bmi1, bmi2, rtm, adx, fma, vzeroupper, clflush, clflushopt

Memory: 4k page, system-wide physical 16301M (5848M free)
TotalPageFile size 18733M (AvailPageFile size 4747M)
current process WorkingSet (physical memory assigned to process): 384M, peak: 480M
current process commit charge ("private bytes"): 421M, peak: 518M

vm_info: OpenJDK 64-Bit Server VM (17.0.2+8-86) for windows-amd64 JRE (17.0.2+8-86), built on Dec  7 2021 21:49:10 by "mach5one" with MS VC++ 16.8 / 16.9 (VS2019)

END.
